[ 2016-10-25T02:44:25+08:00 ] ::1 /ot/Public/Test/css/base.css
INFO: [ app_init ] --START--
INFO: Run Behavior\BuildLiteBehavior [ RunTime:0.000022s ]
INFO: Run Common\Behavior\InitHookBehavior [ RunTime:0.002598s ]
INFO: [ app_init ] --END-- [ RunTime:0.003322s ]
ERR: 无法加载模块:Public

[ 2016-10-25T02:44:25+08:00 ] ::1 /ot/Public/Test/css/default_color.css
INFO: [ app_init ] --START--
INFO: Run Behavior\BuildLiteBehavior [ RunTime:0.000023s ]
INFO: Run Common\Behavior\InitHookBehavior [ RunTime:0.003036s ]
INFO: [ app_init ] --END-- [ RunTime:0.003721s ]
ERR: 无法加载模块:Public

[ 2016-10-25T02:44:25+08:00 ] ::1 /ot/Public/Test/js/jquery.mousewheel.js
INFO: [ app_init ] --START--
INFO: Run Behavior\BuildLiteBehavior [ RunTime:0.000026s ]
INFO: Run Common\Behavior\InitHookBehavior [ RunTime:0.002448s ]
INFO: [ app_init ] --END-- [ RunTime:0.003122s ]
ERR: 无法加载模块:Public

[ 2016-10-25T02:44:25+08:00 ] ::1 /ot/Public/Test/css/style.css
INFO: [ app_init ] --START--
INFO: Run Behavior\BuildLiteBehavior [ RunTime:0.000025s ]
INFO: Run Common\Behavior\InitHookBehavior [ RunTime:0.003807s ]
INFO: [ app_init ] --END-- [ RunTime:0.004537s ]
ERR: 无法加载模块:Public

[ 2016-10-25T02:44:25+08:00 ] ::1 /ot/Public/Test/css/common.css
INFO: [ app_init ] --START--
INFO: Run Behavior\BuildLiteBehavior [ RunTime:0.000025s ]
INFO: Run Common\Behavior\InitHookBehavior [ RunTime:0.003294s ]
INFO: [ app_init ] --END-- [ RunTime:0.004178s ]
ERR: 无法加载模块:Public

[ 2016-10-25T02:44:25+08:00 ] ::1 /ot/Public/Test/css/module.css
INFO: [ app_init ] --START--
INFO: Run Behavior\BuildLiteBehavior [ RunTime:0.000020s ]
INFO: Run Common\Behavior\InitHookBehavior [ RunTime:0.002415s ]
INFO: [ app_init ] --END-- [ RunTime:0.003236s ]
ERR: 无法加载模块:Public

[ 2016-10-25T02:44:25+08:00 ] ::1 /ot/Public/Test/js/common.js
INFO: [ app_init ] --START--
INFO: Run Behavior\BuildLiteBehavior [ RunTime:0.000020s ]
INFO: Run Common\Behavior\InitHookBehavior [ RunTime:0.001832s ]
INFO: [ app_init ] --END-- [ RunTime:0.002441s ]
ERR: 无法加载模块:Public

[ 2016-10-25T02:44:25+08:00 ] ::1 /ot/Public/Test/js/jquery.mousewheel.js
INFO: [ app_init ] --START--
INFO: Run Behavior\BuildLiteBehavior [ RunTime:0.000015s ]
INFO: Run Common\Behavior\InitHookBehavior [ RunTime:0.001632s ]
INFO: [ app_init ] --END-- [ RunTime:0.002061s ]
ERR: 无法加载模块:Public

[ 2016-10-25T02:44:25+08:00 ] ::1 /ot/Public/Test/js/common.js
INFO: [ app_init ] --START--
INFO: Run Behavior\BuildLiteBehavior [ RunTime:0.000017s ]
INFO: Run Common\Behavior\InitHookBehavior [ RunTime:0.002109s ]
INFO: [ app_init ] --END-- [ RunTime:0.002697s ]
ERR: 无法加载模块:Public

[ 2016-10-25T02:52:56+08:00 ] ::1 /ot/Public/Seqdb/css/base.css
INFO: [ app_init ] --START--
INFO: Run Behavior\BuildLiteBehavior [ RunTime:0.000032s ]
INFO: Run Common\Behavior\InitHookBehavior [ RunTime:0.003780s ]
INFO: [ app_init ] --END-- [ RunTime:0.004594s ]
ERR: 无法加载模块:Public

[ 2016-10-25T02:52:56+08:00 ] ::1 /ot/Public/Seqdb/css/default_color.css
INFO: [ app_init ] --START--
INFO: Run Behavior\BuildLiteBehavior [ RunTime:0.000028s ]
INFO: Run Common\Behavior\InitHookBehavior [ RunTime:0.005418s ]
INFO: [ app_init ] --END-- [ RunTime:0.006285s ]
ERR: 无法加载模块:Public

[ 2016-10-25T02:52:56+08:00 ] ::1 /ot/Public/Seqdb/css/module.css
INFO: [ app_init ] --START--
INFO: Run Behavior\BuildLiteBehavior [ RunTime:0.000024s ]
INFO: Run Common\Behavior\InitHookBehavior [ RunTime:0.006186s ]
INFO: [ app_init ] --END-- [ RunTime:0.008341s ]
ERR: 无法加载模块:Public

[ 2016-10-25T02:52:56+08:00 ] ::1 /ot/Public/Seqdb/css/style.css
INFO: [ app_init ] --START--
INFO: Run Behavior\BuildLiteBehavior [ RunTime:0.000028s ]
INFO: Run Common\Behavior\InitHookBehavior [ RunTime:0.021365s ]
INFO: [ app_init ] --END-- [ RunTime:0.022635s ]
ERR: 无法加载模块:Public

[ 2016-10-25T02:52:56+08:00 ] ::1 /ot/Public/Seqdb/js/common.js
INFO: [ app_init ] --START--
INFO: Run Behavior\BuildLiteBehavior [ RunTime:0.000024s ]
INFO: Run Common\Behavior\InitHookBehavior [ RunTime:0.002479s ]
INFO: [ app_init ] --END-- [ RunTime:0.003114s ]
ERR: 无法加载模块:Public

[ 2016-10-25T02:52:56+08:00 ] ::1 /ot/Public/Seqdb/js/jquery.mousewheel.js
INFO: [ app_init ] --START--
INFO: Run Behavior\BuildLiteBehavior [ RunTime:0.000025s ]
INFO: Run Common\Behavior\InitHookBehavior [ RunTime:0.002762s ]
INFO: [ app_init ] --END-- [ RunTime:0.003473s ]
ERR: 无法加载模块:Public

[ 2016-10-25T02:52:56+08:00 ] ::1 /ot/Public/Seqdb/css/common.css
INFO: [ app_init ] --START--
INFO: Run Behavior\BuildLiteBehavior [ RunTime:0.000023s ]
INFO: Run Common\Behavior\InitHookBehavior [ RunTime:0.003284s ]
INFO: [ app_init ] --END-- [ RunTime:0.003991s ]
ERR: 无法加载模块:Public

[ 2016-10-25T02:52:56+08:00 ] ::1 /ot/Public/Seqdb/js/common.js
INFO: [ app_init ] --START--
INFO: Run Behavior\BuildLiteBehavior [ RunTime:0.000016s ]
INFO: Run Common\Behavior\InitHookBehavior [ RunTime:0.002090s ]
INFO: [ app_init ] --END-- [ RunTime:0.002622s ]
ERR: 无法加载模块:Public

[ 2016-10-25T02:54:32+08:00 ] ::1 /ot/Public/Seqdb/css/base.css
INFO: [ app_init ] --START--
INFO: Run Behavior\BuildLiteBehavior [ RunTime:0.000027s ]
INFO: Run Common\Behavior\InitHookBehavior [ RunTime:0.002724s ]
INFO: [ app_init ] --END-- [ RunTime:0.003431s ]
ERR: 无法加载模块:Public

[ 2016-10-25T02:54:32+08:00 ] ::1 /ot/Public/Seqdb/css/style.css
INFO: [ app_init ] --START--
INFO: Run Behavior\BuildLiteBehavior [ RunTime:0.000023s ]
INFO: Run Common\Behavior\InitHookBehavior [ RunTime:0.002585s ]
INFO: [ app_init ] --END-- [ RunTime:0.003237s ]
ERR: 无法加载模块:Public

[ 2016-10-25T02:54:32+08:00 ] ::1 /ot/Public/Seqdb/js/jquery.mousewheel.js
INFO: [ app_init ] --START--
INFO: Run Behavior\BuildLiteBehavior [ RunTime:0.000030s ]
INFO: Run Common\Behavior\InitHookBehavior [ RunTime:0.002580s ]
INFO: [ app_init ] --END-- [ RunTime:0.003497s ]
ERR: 无法加载模块:Public

[ 2016-10-25T02:54:32+08:00 ] ::1 /ot/Public/Seqdb/css/default_color.css
INFO: [ app_init ] --START--
INFO: Run Behavior\BuildLiteBehavior [ RunTime:0.000023s ]
INFO: Run Common\Behavior\InitHookBehavior [ RunTime:0.003693s ]
INFO: [ app_init ] --END-- [ RunTime:0.004420s ]
ERR: 无法加载模块:Public

[ 2016-10-25T02:54:32+08:00 ] ::1 /ot/Public/Seqdb/css/module.css
INFO: [ app_init ] --START--
INFO: Run Behavior\BuildLiteBehavior [ RunTime:0.000015s ]
INFO: Run Common\Behavior\InitHookBehavior [ RunTime:0.001752s ]
INFO: [ app_init ] --END-- [ RunTime:0.002236s ]
ERR: 无法加载模块:Public

[ 2016-10-25T02:54:32+08:00 ] ::1 /ot/Public/Seqdb/css/common.css
INFO: [ app_init ] --START--
INFO: Run Behavior\BuildLiteBehavior [ RunTime:0.000015s ]
INFO: Run Common\Behavior\InitHookBehavior [ RunTime:0.002105s ]
INFO: [ app_init ] --END-- [ RunTime:0.002554s ]
ERR: 无法加载模块:Public

[ 2016-10-25T02:54:32+08:00 ] ::1 /ot/Public/Seqdb/js/common.js
INFO: [ app_init ] --START--
INFO: Run Behavior\BuildLiteBehavior [ RunTime:0.000025s ]
INFO: Run Common\Behavior\InitHookBehavior [ RunTime:0.001793s ]
INFO: [ app_init ] --END-- [ RunTime:0.002315s ]
ERR: 无法加载模块:Public

[ 2016-10-25T02:54:32+08:00 ] ::1 /ot/Public/Seqdb/js/jquery.mousewheel.js
INFO: [ app_init ] --START--
INFO: Run Behavior\BuildLiteBehavior [ RunTime:0.000017s ]
INFO: Run Common\Behavior\InitHookBehavior [ RunTime:0.002251s ]
INFO: [ app_init ] --END-- [ RunTime:0.002812s ]
ERR: 无法加载模块:Public

[ 2016-10-25T02:54:32+08:00 ] ::1 /ot/Public/Seqdb/js/common.js
INFO: [ app_init ] --START--
INFO: Run Behavior\BuildLiteBehavior [ RunTime:0.000015s ]
INFO: Run Common\Behavior\InitHookBehavior [ RunTime:0.003243s ]
INFO: [ app_init ] --END-- [ RunTime:0.003786s ]
ERR: 无法加载模块:Public

[ 2016-10-25T03:01:30+08:00 ] ::1 /ot/Public/Seqdb/css/login.css
INFO: [ app_init ] --START--
INFO: Run Behavior\BuildLiteBehavior [ RunTime:0.000023s ]
INFO: Run Common\Behavior\InitHookBehavior [ RunTime:0.002421s ]
INFO: [ app_init ] --END-- [ RunTime:0.003090s ]
ERR: 无法加载模块:Public

[ 2016-10-25T03:01:30+08:00 ] ::1 /ot/Public/Seqdb/css/default_color.css
INFO: [ app_init ] --START--
INFO: Run Behavior\BuildLiteBehavior [ RunTime:0.000025s ]
INFO: Run Common\Behavior\InitHookBehavior [ RunTime:0.003335s ]
INFO: [ app_init ] --END-- [ RunTime:0.004093s ]
ERR: 无法加载模块:Public

[ 2016-10-25T03:01:39+08:00 ] ::1 /ot/Public/Seqdb/css/login.css
INFO: [ app_init ] --START--
INFO: Run Behavior\BuildLiteBehavior [ RunTime:0.000025s ]
INFO: Run Common\Behavior\InitHookBehavior [ RunTime:0.002153s ]
INFO: [ app_init ] --END-- [ RunTime:0.002862s ]
ERR: 无法加载模块:Public

[ 2016-10-25T03:01:39+08:00 ] ::1 /ot/Public/Seqdb/css/default_color.css
INFO: [ app_init ] --START--
INFO: Run Behavior\BuildLiteBehavior [ RunTime:0.000023s ]
INFO: Run Common\Behavior\InitHookBehavior [ RunTime:0.003524s ]
INFO: [ app_init ] --END-- [ RunTime:0.004305s ]
ERR: 无法加载模块:Public

[ 2016-10-25T03:03:01+08:00 ] ::1 /ot/Public/Seqdb/css/default_color.css
INFO: [ app_init ] --START--
INFO: Run Behavior\BuildLiteBehavior [ RunTime:0.000017s ]
INFO: Run Common\Behavior\InitHookBehavior [ RunTime:0.003148s ]
INFO: [ app_init ] --END-- [ RunTime:0.003651s ]
ERR: 无法加载模块:Public

[ 2016-10-25T03:03:01+08:00 ] ::1 /ot/Public/Seqdb/css/login.css
INFO: [ app_init ] --START--
INFO: Run Behavior\BuildLiteBehavior [ RunTime:0.000024s ]
INFO: Run Common\Behavior\InitHookBehavior [ RunTime:0.001908s ]
INFO: [ app_init ] --END-- [ RunTime:0.002652s ]
ERR: 无法加载模块:Public

[ 2016-10-25T03:03:02+08:00 ] ::1 /ot/Public/Seqdb/css/default_color.css
INFO: [ app_init ] --START--
INFO: Run Behavior\BuildLiteBehavior [ RunTime:0.000029s ]
INFO: Run Common\Behavior\InitHookBehavior [ RunTime:0.004080s ]
INFO: [ app_init ] --END-- [ RunTime:0.004772s ]
ERR: 无法加载模块:Public

[ 2016-10-25T03:03:02+08:00 ] ::1 /ot/Public/Seqdb/css/login.css
INFO: [ app_init ] --START--
INFO: Run Behavior\BuildLiteBehavior [ RunTime:0.000025s ]
INFO: Run Common\Behavior\InitHookBehavior [ RunTime:0.003454s ]
INFO: [ app_init ] --END-- [ RunTime:0.004325s ]
ERR: 无法加载模块:Public

[ 2016-10-25T03:03:06+08:00 ] ::1 /ot/Public/Seqdb/css/login.css
INFO: [ app_init ] --START--
INFO: Run Behavior\BuildLiteBehavior [ RunTime:0.000025s ]
INFO: Run Common\Behavior\InitHookBehavior [ RunTime:0.002449s ]
INFO: [ app_init ] --END-- [ RunTime:0.003072s ]
ERR: 无法加载模块:Public

[ 2016-10-25T03:03:06+08:00 ] ::1 /ot/Public/Seqdb/css/default_color.css
INFO: [ app_init ] --START--
INFO: Run Behavior\BuildLiteBehavior [ RunTime:0.000025s ]
INFO: Run Common\Behavior\InitHookBehavior [ RunTime:0.002743s ]
INFO: [ app_init ] --END-- [ RunTime:0.003443s ]
ERR: 无法加载模块:Public

[ 2016-10-25T03:03:19+08:00 ] ::1 /ot/Public/Seqdb/css/login.css
INFO: [ app_init ] --START--
INFO: Run Behavior\BuildLiteBehavior [ RunTime:0.000022s ]
INFO: Run Common\Behavior\InitHookBehavior [ RunTime:0.001726s ]
INFO: [ app_init ] --END-- [ RunTime:0.002253s ]
ERR: 无法加载模块:Public

[ 2016-10-25T03:03:19+08:00 ] ::1 /ot/Public/Seqdb/css/default_color.css
INFO: [ app_init ] --START--
INFO: Run Behavior\BuildLiteBehavior [ RunTime:0.000016s ]
INFO: Run Common\Behavior\InitHookBehavior [ RunTime:0.002261s ]
INFO: [ app_init ] --END-- [ RunTime:0.002765s ]
ERR: 无法加载模块:Public

[ 2016-10-25T03:05:04+08:00 ] ::1 /ot/Public/Seqdb/css/login.css
INFO: [ app_init ] --START--
INFO: Run Behavior\BuildLiteBehavior [ RunTime:0.000020s ]
INFO: Run Common\Behavior\InitHookBehavior [ RunTime:0.003204s ]
INFO: [ app_init ] --END-- [ RunTime:0.003892s ]
ERR: 无法加载模块:Public

[ 2016-10-25T03:14:37+08:00 ] ::1 /ot/Public/Seqdb/css/.css
INFO: [ app_init ] --START--
INFO: Run Behavior\BuildLiteBehavior [ RunTime:0.000016s ]
INFO: Run Common\Behavior\InitHookBehavior [ RunTime:0.002252s ]
INFO: [ app_init ] --END-- [ RunTime:0.002791s ]
ERR: 无法加载模块:Public

[ 2016-10-25T03:14:37+08:00 ] ::1 /ot/Public/Seqdb/images/bg/bg.png
INFO: [ app_init ] --START--
INFO: Run Behavior\BuildLiteBehavior [ RunTime:0.000016s ]
INFO: Run Common\Behavior\InitHookBehavior [ RunTime:0.002025s ]
INFO: [ app_init ] --END-- [ RunTime:0.002493s ]

