[ 2016-10-31T02:26:03+08:00 ] ::1 /ot/index
INFO: [ app_init ] --START--
INFO: Run Behavior\BuildLiteBehavior [ RunTime:0.000027s ]
INFO: Run Common\Behavior\InitHookBehavior [ RunTime:0.006461s ]
INFO: [ app_init ] --END-- [ RunTime:0.007284s ]
ERR: 无法加载模块:Index

[ 2016-10-31T02:26:23+08:00 ] ::1 /ot/index
INFO: [ app_init ] --START--
INFO: Run Behavior\BuildLiteBehavior [ RunTime:0.000011s ]
INFO: Run Common\Behavior\InitHookBehavior [ RunTime:0.003726s ]
INFO: [ app_init ] --END-- [ RunTime:0.004267s ]
ERR: 无法加载模块:Index

[ 2016-10-31T02:26:40+08:00 ] ::1 /ot/sample/index
INFO: [ app_init ] --START--
INFO: Run Behavior\BuildLiteBehavior [ RunTime:0.000011s ]
INFO: Run Common\Behavior\InitHookBehavior [ RunTime:0.002542s ]
INFO: [ app_init ] --END-- [ RunTime:0.003081s ]
ERR: 无法加载模块:Sample

[ 2016-10-31T02:29:09+08:00 ] ::1 /ot/__URL__/
INFO: [ app_init ] --START--
INFO: Run Behavior\BuildLiteBehavior [ RunTime:0.000021s ]
INFO: Run Common\Behavior\InitHookBehavior [ RunTime:0.002956s ]
INFO: [ app_init ] --END-- [ RunTime:0.003791s ]
ERR: 无法加载模块:__URL__

[ 2016-10-31T02:30:20+08:00 ] ::1 /ot/__URL__/
INFO: [ app_init ] --START--
INFO: Run Behavior\BuildLiteBehavior [ RunTime:0.000029s ]
INFO: Run Common\Behavior\InitHookBehavior [ RunTime:0.004581s ]
INFO: [ app_init ] --END-- [ RunTime:0.005624s ]
ERR: 无法加载模块:__URL__

