[ 2016-11-18T16:37:14+08:00 ] ::1 /ot/admin.php
INFO: [ app_init ] --START--
INFO: Run Behavior\BuildLiteBehavior [ RunTime:0.000011s ]
INFO: Run Common\Behavior\InitHookBehavior [ RunTime:0.002607s ]
INFO: [ app_init ] --END-- [ RunTime:0.003124s ]
INFO: [ app_begin ] --START--
INFO: Run Behavior\ReadHtmlCacheBehavior [ RunTime:0.000889s ]
INFO: [ app_begin ] --END-- [ RunTime:0.000971s ]
SQL: SHOW COLUMNS FROM `onethink_menu` [ RunTime:0.0068s ]
SQL: SELECT `id`,`title`,`url` FROM `onethink_menu` WHERE `pid` = 0 AND `hide` = 0 ORDER BY `sort` asc  [ RunTime:0.0006s ]
SQL: SELECT `pid` FROM `onethink_menu` WHERE ( pid !=0 AND url like '%Index/index%' ) LIMIT 1   [ RunTime:0.0009s ]
INFO: [ view_parse ] --START--
INFO: [ template_filter ] --START--
INFO: Run Behavior\ContentReplaceBehavior [ RunTime:0.000103s ]
INFO: [ template_filter ] --END-- [ RunTime:0.000142s ]
INFO: [ AdminIndex ] --START--
SQL: SHOW COLUMNS FROM `onethink_addons` [ RunTime:0.0057s ]
SQL: SELECT `config` FROM `onethink_addons` WHERE `name` = 'SiteStat' AND `status` = 1 LIMIT 1   [ RunTime:0.0122s ]
SQL: SHOW COLUMNS FROM `onethink_member` [ RunTime:0.0060s ]
SQL: SELECT COUNT(*) AS tp_count FROM `onethink_member` LIMIT 1   [ RunTime:0.0003s ]
SQL: SHOW COLUMNS FROM `onethink_action_log` [ RunTime:0.0056s ]
SQL: SELECT COUNT(*) AS tp_count FROM `onethink_action_log` LIMIT 1   [ RunTime:0.0003s ]
SQL: SHOW COLUMNS FROM `onethink_document` [ RunTime:0.0066s ]
SQL: SELECT COUNT(*) AS tp_count FROM `onethink_document` LIMIT 1   [ RunTime:0.0003s ]
SQL: SHOW COLUMNS FROM `onethink_category` [ RunTime:0.0054s ]
SQL: SELECT COUNT(*) AS tp_count FROM `onethink_category` LIMIT 1   [ RunTime:0.0003s ]
SQL: SHOW COLUMNS FROM `onethink_model` [ RunTime:0.0060s ]
SQL: SELECT COUNT(*) AS tp_count FROM `onethink_model` LIMIT 1   [ RunTime:0.0003s ]
INFO: [ view_parse ] --START--
INFO: [ template_filter ] --START--
INFO: Run Behavior\ContentReplaceBehavior [ RunTime:0.000061s ]
INFO: [ template_filter ] --END-- [ RunTime:-0.074441s ]
INFO: Run Behavior\ParseTemplateBehavior [ RunTime:0.003490s ]
INFO: [ view_parse ] --END-- [ RunTime:0.003561s ]
INFO: [ view_filter ] --START--
INFO: Run Behavior\WriteHtmlCacheBehavior [ RunTime:0.000496s ]
INFO: [ view_filter ] --END-- [ RunTime:0.000543s ]
INFO: Run Addons\SiteStat\SiteStatAddon [ RunTime:0.074693s ]
SQL: SELECT `config` FROM `onethink_addons` WHERE `name` = 'SystemInfo' AND `status` = 1 LIMIT 1   [ RunTime:0.0004s ]
INFO: [ view_parse ] --START--
INFO: [ template_filter ] --START--
INFO: Run Behavior\ContentReplaceBehavior [ RunTime:0.000046s ]
INFO: [ template_filter ] --END-- [ RunTime:-0.398780s ]
SQL: select version() as v; [ RunTime:0.0315s ]
INFO: Run Behavior\ParseTemplateBehavior [ RunTime:0.035150s ]
INFO: [ view_parse ] --END-- [ RunTime:-0.320684s ]
INFO: [ view_filter ] --START--
INFO: Run Behavior\WriteHtmlCacheBehavior [ RunTime:0.000011s ]
INFO: [ view_filter ] --END-- [ RunTime:-0.355342s ]
INFO: Run Addons\SystemInfo\SystemInfoAddon [ RunTime:0.355354s ]
SQL: SELECT `config` FROM `onethink_addons` WHERE `name` = 'DevTeam' AND `status` = 1 LIMIT 1   [ RunTime:0.0004s ]
INFO: [ view_parse ] --START--
INFO: [ template_filter ] --START--
INFO: Run Behavior\ContentReplaceBehavior [ RunTime:0.000043s ]
INFO: [ template_filter ] --END-- [ RunTime:-0.451643s ]
INFO: Run Behavior\ParseTemplateBehavior [ RunTime:0.009500s ]
INFO: [ view_parse ] --END-- [ RunTime:-0.367215s ]
INFO: [ view_filter ] --START--
INFO: Run Behavior\WriteHtmlCacheBehavior [ RunTime:0.000010s ]
INFO: [ view_filter ] --END-- [ RunTime:-0.376236s ]
INFO: Run Addons\DevTeam\DevTeamAddon [ RunTime:0.020875s ]
INFO: [ AdminIndex ] --END-- [ RunTime:0.450983s ]
INFO: Run Behavior\ParseTemplateBehavior [ RunTime:0.009675s ]
INFO: [ view_parse ] --END-- [ RunTime:-0.367215s ]
INFO: [ view_filter ] --START--
INFO: Run Behavior\WriteHtmlCacheBehavior [ RunTime:0.000007s ]
INFO: [ view_filter ] --END-- [ RunTime:-0.376372s ]
INFO: [ app_end ] --START--
INFO: Run Behavior\ShowPageTraceBehavior [ RunTime:0.000940s ]
INFO: [ app_end ] --END-- [ RunTime:0.001002s ]

[ 2016-11-18T16:37:20+08:00 ] ::1 /ot/admin.php?s=/Config/group.html
INFO: [ app_init ] --START--
INFO: Run Behavior\BuildLiteBehavior [ RunTime:0.000014s ]
INFO: Run Common\Behavior\InitHookBehavior [ RunTime:0.003117s ]
INFO: [ app_init ] --END-- [ RunTime:0.003646s ]
INFO: [ app_begin ] --START--
INFO: Run Behavior\ReadHtmlCacheBehavior [ RunTime:0.000943s ]
INFO: [ app_begin ] --END-- [ RunTime:0.001018s ]
SQL: SHOW COLUMNS FROM `onethink_menu` [ RunTime:0.0059s ]
SQL: SELECT `id`,`title`,`url` FROM `onethink_menu` WHERE `pid` = 0 AND `hide` = 0 ORDER BY `sort` asc  [ RunTime:0.0006s ]
SQL: SELECT `pid` FROM `onethink_menu` WHERE ( pid !=0 AND url like '%Config/group%' ) LIMIT 1   [ RunTime:0.0007s ]
SQL: SELECT * FROM `onethink_menu` WHERE `id` = 68 LIMIT 1   [ RunTime:0.0004s ]
SQL: SELECT DISTINCT  `group` FROM `onethink_menu` WHERE `group` <> '' AND `pid` = 68  [ RunTime:0.0007s ]
SQL: SELECT `id`,`url` FROM `onethink_menu` WHERE `pid` = 68 AND `hide` = 0  [ RunTime:0.0005s ]
SQL: SELECT `id`,`pid`,`title`,`url`,`tip` FROM `onethink_menu` WHERE `group` = '系统设置' AND `pid` = 68 AND `hide` = 0 ORDER BY `sort` asc  [ RunTime:0.0006s ]
SQL: SELECT `id`,`pid`,`title`,`url`,`tip` FROM `onethink_menu` WHERE `group` = '数据备份' AND `pid` = 68 AND `hide` = 0 ORDER BY `sort` asc  [ RunTime:0.0005s ]
SQL: SHOW COLUMNS FROM `onethink_config` [ RunTime:0.0056s ]
SQL: SELECT `id`,`name`,`title`,`extra`,`value`,`remark`,`type` FROM `onethink_config` WHERE `status` = 1 AND `group` = 1 ORDER BY `sort`  [ RunTime:0.0010s ]
INFO: [ view_parse ] --START--
INFO: [ template_filter ] --START--
INFO: Run Behavior\ContentReplaceBehavior [ RunTime:0.000156s ]
INFO: [ template_filter ] --END-- [ RunTime:0.000204s ]
INFO: Run Behavior\ParseTemplateBehavior [ RunTime:0.030847s ]
INFO: [ view_parse ] --END-- [ RunTime:0.030914s ]
INFO: [ view_filter ] --START--
INFO: Run Behavior\WriteHtmlCacheBehavior [ RunTime:0.000562s ]
INFO: [ view_filter ] --END-- [ RunTime:0.000596s ]
INFO: [ app_end ] --START--
INFO: Run Behavior\ShowPageTraceBehavior [ RunTime:0.001120s ]
INFO: [ app_end ] --END-- [ RunTime:0.001185s ]

[ 2016-11-18T16:37:21+08:00 ] ::1 /ot/admin.php?s=/User/index.html
INFO: [ app_init ] --START--
INFO: Run Behavior\BuildLiteBehavior [ RunTime:0.000013s ]
INFO: Run Common\Behavior\InitHookBehavior [ RunTime:0.002707s ]
INFO: [ app_init ] --END-- [ RunTime:0.003444s ]
INFO: [ app_begin ] --START--
INFO: Run Behavior\ReadHtmlCacheBehavior [ RunTime:0.000568s ]
INFO: [ app_begin ] --END-- [ RunTime:0.000616s ]
SQL: SHOW COLUMNS FROM `onethink_menu` [ RunTime:0.0054s ]
SQL: SELECT `id`,`title`,`url` FROM `onethink_menu` WHERE `pid` = 0 AND `hide` = 0 ORDER BY `sort` asc  [ RunTime:0.0005s ]
SQL: SELECT `pid` FROM `onethink_menu` WHERE ( pid !=0 AND url like '%User/index%' ) LIMIT 1   [ RunTime:0.0004s ]
SQL: SELECT * FROM `onethink_menu` WHERE `id` = 16 LIMIT 1   [ RunTime:0.0003s ]
SQL: SELECT DISTINCT  `group` FROM `onethink_menu` WHERE `group` <> '' AND `pid` = 16  [ RunTime:0.0005s ]
SQL: SELECT `id`,`url` FROM `onethink_menu` WHERE `pid` = 16 AND `hide` = 0  [ RunTime:0.0004s ]
SQL: SELECT `id`,`pid`,`title`,`url`,`tip` FROM `onethink_menu` WHERE `group` = '用户管理' AND `pid` = 16 AND `hide` = 0 ORDER BY `sort` asc  [ RunTime:0.0006s ]
SQL: SELECT `id`,`pid`,`title`,`url`,`tip` FROM `onethink_menu` WHERE `group` = '行为管理' AND `pid` = 16 AND `hide` = 0 ORDER BY `sort` asc  [ RunTime:0.0008s ]
SQL: SHOW COLUMNS FROM `onethink_member` [ RunTime:0.0048s ]
SQL: SELECT COUNT(*) AS tp_count FROM `onethink_member` WHERE `status` >= 0 AND `nickname` LIKE '%%' LIMIT 1   [ RunTime:0.0005s ]
SQL: SELECT `uid`,`nickname`,`sex`,`birthday`,`qq`,`score`,`login`,`reg_ip`,`reg_time`,`last_login_ip`,`last_login_time`,`status` FROM `onethink_member` WHERE `status` >= 0 AND `nickname` LIKE '%%' ORDER BY `uid` desc LIMIT 0,10   [ RunTime:0.0005s ]
INFO: [ view_parse ] --START--
INFO: [ template_filter ] --START--
INFO: Run Behavior\ContentReplaceBehavior [ RunTime:0.000229s ]
INFO: [ template_filter ] --END-- [ RunTime:0.000353s ]
INFO: Run Behavior\ParseTemplateBehavior [ RunTime:0.018611s ]
INFO: [ view_parse ] --END-- [ RunTime:0.018656s ]
INFO: [ view_filter ] --START--
INFO: Run Behavior\WriteHtmlCacheBehavior [ RunTime:0.000711s ]
INFO: [ view_filter ] --END-- [ RunTime:0.000747s ]
INFO: [ app_end ] --START--
INFO: Run Behavior\ShowPageTraceBehavior [ RunTime:0.001673s ]
INFO: [ app_end ] --END-- [ RunTime:0.001758s ]

[ 2016-11-18T16:37:26+08:00 ] ::1 /ot/admin.php?s=/Public/logout.html
INFO: [ app_init ] --START--
INFO: Run Behavior\BuildLiteBehavior [ RunTime:0.000011s ]
INFO: Run Common\Behavior\InitHookBehavior [ RunTime:0.002544s ]
INFO: [ app_init ] --END-- [ RunTime:0.003077s ]
INFO: [ app_begin ] --START--
INFO: Run Behavior\ReadHtmlCacheBehavior [ RunTime:0.000683s ]
INFO: [ app_begin ] --END-- [ RunTime:0.000732s ]
SQL: SHOW COLUMNS FROM `onethink_member` [ RunTime:0.1141s ]
INFO: [ view_parse ] --START--
INFO: [ template_filter ] --START--
INFO: Run Behavior\ContentReplaceBehavior [ RunTime:0.000074s ]
INFO: [ template_filter ] --END-- [ RunTime:0.000147s ]
INFO: Run Behavior\ParseTemplateBehavior [ RunTime:0.020964s ]
INFO: [ view_parse ] --END-- [ RunTime:0.021064s ]
INFO: [ view_filter ] --START--
INFO: Run Behavior\WriteHtmlCacheBehavior [ RunTime:0.000743s ]
INFO: [ view_filter ] --END-- [ RunTime:0.000817s ]
INFO: [ app_end ] --START--
INFO: Run Behavior\ShowPageTraceBehavior [ RunTime:0.000878s ]
INFO: [ app_end ] --END-- [ RunTime:0.000940s ]

[ 2016-11-18T16:37:27+08:00 ] ::1 /ot/admin.php?s=/Public/login.html
INFO: [ app_init ] --START--
INFO: Run Behavior\BuildLiteBehavior [ RunTime:0.000011s ]
INFO: Run Common\Behavior\InitHookBehavior [ RunTime:0.002457s ]
INFO: [ app_init ] --END-- [ RunTime:0.002920s ]
INFO: [ app_begin ] --START--
INFO: Run Behavior\ReadHtmlCacheBehavior [ RunTime:0.000952s ]
INFO: [ app_begin ] --END-- [ RunTime:0.001084s ]
INFO: [ view_parse ] --START--
INFO: [ template_filter ] --START--
INFO: Run Behavior\ContentReplaceBehavior [ RunTime:0.000069s ]
INFO: [ template_filter ] --END-- [ RunTime:0.000111s ]
INFO: Run Behavior\ParseTemplateBehavior [ RunTime:0.009938s ]
INFO: [ view_parse ] --END-- [ RunTime:0.009986s ]
INFO: [ view_filter ] --START--
INFO: Run Behavior\WriteHtmlCacheBehavior [ RunTime:0.000427s ]
INFO: [ view_filter ] --END-- [ RunTime:0.000458s ]
INFO: [ app_end ] --START--
INFO: Run Behavior\ShowPageTraceBehavior [ RunTime:0.000590s ]
INFO: [ app_end ] --END-- [ RunTime:0.000628s ]

[ 2016-11-18T16:37:27+08:00 ] ::1 /ot/admin.php?s=/Public/verify.html
INFO: [ app_init ] --START--
INFO: Run Behavior\BuildLiteBehavior [ RunTime:0.000027s ]
INFO: Run Common\Behavior\InitHookBehavior [ RunTime:0.004803s ]
INFO: [ app_init ] --END-- [ RunTime:0.005799s ]
INFO: [ app_begin ] --START--
INFO: Run Behavior\ReadHtmlCacheBehavior [ RunTime:0.001285s ]
INFO: [ app_begin ] --END-- [ RunTime:0.001368s ]
INFO: [ app_end ] --START--
INFO: Run Behavior\ShowPageTraceBehavior [ RunTime:0.001183s ]
INFO: [ app_end ] --END-- [ RunTime:0.001277s ]

[ 2016-11-18T16:37:34+08:00 ] ::1 /ot/admin.php?s=/Public/verify.html&random=0.9648301093718006
INFO: [ app_init ] --START--
INFO: Run Behavior\BuildLiteBehavior [ RunTime:0.000012s ]
INFO: Run Common\Behavior\InitHookBehavior [ RunTime:0.003160s ]
INFO: [ app_init ] --END-- [ RunTime:0.003756s ]
INFO: [ app_begin ] --START--
INFO: Run Behavior\ReadHtmlCacheBehavior [ RunTime:0.000828s ]
INFO: [ app_begin ] --END-- [ RunTime:0.000896s ]
INFO: [ app_end ] --START--
INFO: Run Behavior\ShowPageTraceBehavior [ RunTime:0.000885s ]
INFO: [ app_end ] --END-- [ RunTime:0.000943s ]

[ 2016-11-18T16:37:41+08:00 ] ::1 /ot/admin.php?s=/Public/login.html
INFO: [ app_init ] --START--
INFO: Run Behavior\BuildLiteBehavior [ RunTime:0.000012s ]
INFO: Run Common\Behavior\InitHookBehavior [ RunTime:0.003936s ]
INFO: [ app_init ] --END-- [ RunTime:0.004460s ]
INFO: [ app_begin ] --START--
INFO: Run Behavior\ReadHtmlCacheBehavior [ RunTime:0.000714s ]
INFO: [ app_begin ] --END-- [ RunTime:0.000764s ]
SQL: SHOW COLUMNS FROM `onethink_member` [ RunTime:0.0051s ]
SQL: SELECT `uid`,`nickname`,`sex`,`birthday`,`qq`,`score`,`login`,`reg_ip`,`reg_time`,`last_login_ip`,`last_login_time`,`status` FROM `onethink_member` WHERE `uid` = 3 LIMIT 1   [ RunTime:0.0004s ]
SQL: SHOW COLUMNS FROM `onethink_action` [ RunTime:0.0053s ]
SQL: SELECT * FROM `onethink_action` WHERE `name` = 'user_login' LIMIT 1   [ RunTime:0.0004s ]
SQL: SHOW COLUMNS FROM `onethink_action_log` [ RunTime:0.0050s ]
SQL: INSERT INTO `onethink_action_log` (`action_id`,`user_id`,`action_ip`,`model`,`record_id`,`create_time`,`remark`) VALUES ('1','3','0','member','3','1479458261','lyhonk在2016-11-18 16:37登录了后台') [ RunTime:0.0004s ]
SQL: SELECT * FROM `onethink_action` WHERE `name` = 'user_login' LIMIT 1   [ RunTime:0.0003s ]
NOTIC: [8] Undefined offset: 1 D:\phpStudy\WWW\ot\Application\Common\Common\function.php 第 679 行.
NOTIC: [2] array_key_exists() expects parameter 2 to be array, null given D:\phpStudy\WWW\ot\Application\Common\Common\function.php 第 679 行.
SQL: SELECT COUNT(*) AS tp_count FROM `onethink_action_log` WHERE `action_id` = 1 AND `user_id` = 3 AND `create_time` > 1479371861 LIMIT 1   [ RunTime:0.0012s ]
SQL: SHOW COLUMNS FROM `onethink_member` [ RunTime:0.0048s ]
SQL: UPDATE `onethink_member` SET `score`=score+10 WHERE ( uid=3 AND status>-1 ) [ RunTime:0.0004s ]
SQL: UPDATE `onethink_member` SET `login`=`login`+1,`last_login_time`='1479458261',`last_login_ip`='0' WHERE `uid` = 3 [ RunTime:0.0003s ]

[ 2016-11-18T16:37:42+08:00 ] ::1 /ot/admin.php?s=/Index/index.html
INFO: [ app_init ] --START--
INFO: Run Behavior\BuildLiteBehavior [ RunTime:0.000011s ]
INFO: Run Common\Behavior\InitHookBehavior [ RunTime:0.002649s ]
INFO: [ app_init ] --END-- [ RunTime:0.003176s ]
INFO: [ app_begin ] --START--
INFO: Run Behavior\ReadHtmlCacheBehavior [ RunTime:0.000731s ]
INFO: [ app_begin ] --END-- [ RunTime:0.000782s ]
SQL: SHOW COLUMNS FROM `onethink_auth_group_access` [ RunTime:0.0055s ]
SQL: SELECT `uid`,`group_id`,`title`,`rules` FROM onethink_auth_group_access a INNER JOIN onethink_auth_group g on a.group_id=g.id  WHERE ( a.uid='3' and g.status='1' )  [ RunTime:0.0116s ]
SQL: SHOW COLUMNS FROM `onethink_auth_rule` [ RunTime:0.0059s ]
SQL: SELECT `condition`,`name` FROM `onethink_auth_rule` WHERE `id` IN ('1','2','7','8','9','10','11','12','13','14','17','79','107','108','109','110','211','217','219') AND `type` IN ('1','2') AND `status` = 1  [ RunTime:0.0107s ]
SQL: SHOW COLUMNS FROM `onethink_menu` [ RunTime:0.0054s ]
SQL: SELECT `id`,`title`,`url` FROM `onethink_menu` WHERE `pid` = 0 AND `hide` = 0 ORDER BY `sort` asc  [ RunTime:0.0005s ]
SQL: SHOW COLUMNS FROM `onethink_auth_rule` [ RunTime:0.0050s ]
SQL: SELECT `condition`,`name` FROM `onethink_auth_rule` WHERE `id` IN ('1','2','7','8','9','10','11','12','13','14','17','79','107','108','109','110','211','217','219') AND `type` = 2 AND `status` = 1  [ RunTime:0.0005s ]
SQL: SELECT `pid` FROM `onethink_menu` WHERE ( pid !=0 AND url like '%Index/index%' ) LIMIT 1   [ RunTime:0.0012s ]
INFO: [ view_parse ] --START--
INFO: [ template_filter ] --START--
INFO: Run Behavior\ContentReplaceBehavior [ RunTime:0.000102s ]
INFO: [ template_filter ] --END-- [ RunTime:0.000144s ]
INFO: [ AdminIndex ] --START--
SQL: SHOW COLUMNS FROM `onethink_addons` [ RunTime:0.0054s ]
SQL: SELECT `config` FROM `onethink_addons` WHERE `name` = 'SiteStat' AND `status` = 1 LIMIT 1   [ RunTime:0.0005s ]
SQL: SHOW COLUMNS FROM `onethink_member` [ RunTime:0.0052s ]
SQL: SELECT COUNT(*) AS tp_count FROM `onethink_member` LIMIT 1   [ RunTime:0.0003s ]
SQL: SHOW COLUMNS FROM `onethink_action_log` [ RunTime:0.0046s ]
SQL: SELECT COUNT(*) AS tp_count FROM `onethink_action_log` LIMIT 1   [ RunTime:0.0003s ]
SQL: SHOW COLUMNS FROM `onethink_document` [ RunTime:0.0052s ]
SQL: SELECT COUNT(*) AS tp_count FROM `onethink_document` LIMIT 1   [ RunTime:0.0003s ]
SQL: SHOW COLUMNS FROM `onethink_category` [ RunTime:0.0059s ]
SQL: SELECT COUNT(*) AS tp_count FROM `onethink_category` LIMIT 1   [ RunTime:0.0003s ]
SQL: SHOW COLUMNS FROM `onethink_model` [ RunTime:0.0052s ]
SQL: SELECT COUNT(*) AS tp_count FROM `onethink_model` LIMIT 1   [ RunTime:0.0003s ]
INFO: [ view_parse ] --START--
INFO: [ template_filter ] --START--
INFO: Run Behavior\ContentReplaceBehavior [ RunTime:0.000038s ]
INFO: [ template_filter ] --END-- [ RunTime:-0.041297s ]
INFO: Run Behavior\ParseTemplateBehavior [ RunTime:0.002768s ]
INFO: [ view_parse ] --END-- [ RunTime:0.002828s ]
INFO: [ view_filter ] --START--
INFO: Run Behavior\WriteHtmlCacheBehavior [ RunTime:0.000594s ]
INFO: [ view_filter ] --END-- [ RunTime:0.000639s ]
INFO: Run Addons\SiteStat\SiteStatAddon [ RunTime:0.040938s ]
SQL: SELECT `config` FROM `onethink_addons` WHERE `name` = 'SystemInfo' AND `status` = 1 LIMIT 1   [ RunTime:0.0004s ]
INFO: [ view_parse ] --START--
INFO: [ template_filter ] --START--
INFO: Run Behavior\ContentReplaceBehavior [ RunTime:0.000042s ]
INFO: [ template_filter ] --END-- [ RunTime:-0.165811s ]
SQL: select version() as v; [ RunTime:0.0003s ]
INFO: Run Behavior\ParseTemplateBehavior [ RunTime:0.003334s ]
INFO: [ view_parse ] --END-- [ RunTime:-0.121539s ]
INFO: [ view_filter ] --START--
INFO: Run Behavior\WriteHtmlCacheBehavior [ RunTime:0.000011s ]
INFO: [ view_filter ] --END-- [ RunTime:-0.124291s ]
INFO: Run Addons\SystemInfo\SystemInfoAddon [ RunTime:0.124323s ]
SQL: SELECT `config` FROM `onethink_addons` WHERE `name` = 'DevTeam' AND `status` = 1 LIMIT 1   [ RunTime:0.0004s ]
INFO: [ view_parse ] --START--
INFO: [ template_filter ] --START--
INFO: Run Behavior\ContentReplaceBehavior [ RunTime:0.000051s ]
INFO: [ template_filter ] --END-- [ RunTime:-0.170454s ]
INFO: Run Behavior\ParseTemplateBehavior [ RunTime:0.002425s ]
INFO: [ view_parse ] --END-- [ RunTime:-0.126588s ]
INFO: [ view_filter ] --START--
INFO: Run Behavior\WriteHtmlCacheBehavior [ RunTime:0.000010s ]
INFO: [ view_filter ] --END-- [ RunTime:-0.128423s ]
INFO: Run Addons\DevTeam\DevTeamAddon [ RunTime:0.004100s ]
INFO: [ AdminIndex ] --END-- [ RunTime:0.169421s ]
INFO: Run Behavior\ParseTemplateBehavior [ RunTime:0.002567s ]
INFO: [ view_parse ] --END-- [ RunTime:-0.126588s ]
INFO: [ view_filter ] --START--
INFO: Run Behavior\WriteHtmlCacheBehavior [ RunTime:0.000006s ]
INFO: [ view_filter ] --END-- [ RunTime:-0.128542s ]
INFO: [ app_end ] --START--
INFO: Run Behavior\ShowPageTraceBehavior [ RunTime:0.000981s ]
INFO: [ app_end ] --END-- [ RunTime:0.001045s ]

[ 2016-11-18T16:39:09+08:00 ] ::1 /ot/admin.php?s=/Index/index.html
INFO: [ app_init ] --START--
INFO: Run Behavior\BuildLiteBehavior [ RunTime:0.000013s ]
INFO: Run Common\Behavior\InitHookBehavior [ RunTime:0.003589s ]
INFO: [ app_init ] --END-- [ RunTime:0.004203s ]
INFO: [ app_begin ] --START--
INFO: Run Behavior\ReadHtmlCacheBehavior [ RunTime:0.001006s ]
INFO: [ app_begin ] --END-- [ RunTime:0.001105s ]
INFO: [ view_parse ] --START--
INFO: [ template_filter ] --START--
INFO: Run Behavior\ContentReplaceBehavior [ RunTime:0.000108s ]
INFO: [ template_filter ] --END-- [ RunTime:0.000151s ]
INFO: [ AdminIndex ] --START--
SQL: SHOW COLUMNS FROM `onethink_addons` [ RunTime:0.0053s ]
SQL: SELECT `config` FROM `onethink_addons` WHERE `name` = 'SiteStat' AND `status` = 1 LIMIT 1   [ RunTime:0.0004s ]
SQL: SHOW COLUMNS FROM `onethink_member` [ RunTime:0.0057s ]
SQL: SELECT COUNT(*) AS tp_count FROM `onethink_member` LIMIT 1   [ RunTime:0.0004s ]
SQL: SHOW COLUMNS FROM `onethink_action_log` [ RunTime:0.0054s ]
SQL: SELECT COUNT(*) AS tp_count FROM `onethink_action_log` LIMIT 1   [ RunTime:0.0003s ]
SQL: SHOW COLUMNS FROM `onethink_document` [ RunTime:0.0056s ]
SQL: SELECT COUNT(*) AS tp_count FROM `onethink_document` LIMIT 1   [ RunTime:0.0003s ]
SQL: SHOW COLUMNS FROM `onethink_category` [ RunTime:0.0060s ]
SQL: SELECT COUNT(*) AS tp_count FROM `onethink_category` LIMIT 1   [ RunTime:0.0004s ]
SQL: SHOW COLUMNS FROM `onethink_model` [ RunTime:0.0051s ]
SQL: SELECT COUNT(*) AS tp_count FROM `onethink_model` LIMIT 1   [ RunTime:0.0003s ]
INFO: [ view_parse ] --START--
INFO: [ template_filter ] --START--
INFO: Run Behavior\ContentReplaceBehavior [ RunTime:0.000035s ]
INFO: [ template_filter ] --END-- [ RunTime:-0.051592s ]
INFO: Run Behavior\ParseTemplateBehavior [ RunTime:0.002345s ]
INFO: [ view_parse ] --END-- [ RunTime:0.002397s ]
INFO: [ view_filter ] --START--
INFO: Run Behavior\WriteHtmlCacheBehavior [ RunTime:0.000647s ]
INFO: [ view_filter ] --END-- [ RunTime:0.000682s ]
INFO: Run Addons\SiteStat\SiteStatAddon [ RunTime:0.051425s ]
SQL: SELECT `config` FROM `onethink_addons` WHERE `name` = 'SystemInfo' AND `status` = 1 LIMIT 1   [ RunTime:0.0004s ]
INFO: [ view_parse ] --START--
INFO: [ template_filter ] --START--
INFO: Run Behavior\ContentReplaceBehavior [ RunTime:0.000041s ]
INFO: [ template_filter ] --END-- [ RunTime:-0.183545s ]
SQL: select version() as v; [ RunTime:0.0003s ]
INFO: Run Behavior\ParseTemplateBehavior [ RunTime:0.004207s ]
INFO: [ view_parse ] --END-- [ RunTime:-0.128884s ]
INFO: [ view_filter ] --START--
INFO: Run Behavior\WriteHtmlCacheBehavior [ RunTime:0.000019s ]
INFO: [ view_filter ] --END-- [ RunTime:-0.132450s ]
INFO: Run Addons\SystemInfo\SystemInfoAddon [ RunTime:0.132465s ]
SQL: SELECT `config` FROM `onethink_addons` WHERE `name` = 'DevTeam' AND `status` = 1 LIMIT 1   [ RunTime:0.0004s ]
INFO: [ view_parse ] --START--
INFO: [ template_filter ] --START--
INFO: Run Behavior\ContentReplaceBehavior [ RunTime:0.000038s ]
INFO: [ template_filter ] --END-- [ RunTime:-0.188891s ]
INFO: Run Behavior\ParseTemplateBehavior [ RunTime:0.002623s ]
INFO: [ view_parse ] --END-- [ RunTime:-0.134844s ]
INFO: [ view_filter ] --START--
INFO: Run Behavior\WriteHtmlCacheBehavior [ RunTime:0.000010s ]
INFO: [ view_filter ] --END-- [ RunTime:-0.136873s ]
INFO: Run Addons\DevTeam\DevTeamAddon [ RunTime:0.004405s ]
INFO: [ AdminIndex ] --END-- [ RunTime:0.188369s ]
INFO: Run Behavior\ParseTemplateBehavior [ RunTime:0.002819s ]
INFO: [ view_parse ] --END-- [ RunTime:-0.134844s ]
INFO: [ view_filter ] --START--
INFO: Run Behavior\WriteHtmlCacheBehavior [ RunTime:0.000008s ]
INFO: [ view_filter ] --END-- [ RunTime:-0.137015s ]
INFO: [ app_end ] --START--
INFO: Run Behavior\ShowPageTraceBehavior [ RunTime:0.001541s ]
INFO: [ app_end ] --END-- [ RunTime:0.001613s ]

[ 2016-11-18T16:39:11+08:00 ] ::1 /ot/admin.php?s=/Index/index.html
INFO: [ app_init ] --START--
INFO: Run Behavior\BuildLiteBehavior [ RunTime:0.000012s ]
INFO: Run Common\Behavior\InitHookBehavior [ RunTime:0.002378s ]
INFO: [ app_init ] --END-- [ RunTime:0.002961s ]
INFO: [ app_begin ] --START--
INFO: Run Behavior\ReadHtmlCacheBehavior [ RunTime:0.000806s ]
INFO: [ app_begin ] --END-- [ RunTime:0.000871s ]
INFO: [ view_parse ] --START--
INFO: [ template_filter ] --START--
INFO: Run Behavior\ContentReplaceBehavior [ RunTime:0.000103s ]
INFO: [ template_filter ] --END-- [ RunTime:0.000145s ]
INFO: [ AdminIndex ] --START--
SQL: SHOW COLUMNS FROM `onethink_addons` [ RunTime:0.0055s ]
SQL: SELECT `config` FROM `onethink_addons` WHERE `name` = 'SiteStat' AND `status` = 1 LIMIT 1   [ RunTime:0.0004s ]
SQL: SHOW COLUMNS FROM `onethink_member` [ RunTime:0.0068s ]
SQL: SELECT COUNT(*) AS tp_count FROM `onethink_member` LIMIT 1   [ RunTime:0.0003s ]
SQL: SHOW COLUMNS FROM `onethink_action_log` [ RunTime:0.0054s ]
SQL: SELECT COUNT(*) AS tp_count FROM `onethink_action_log` LIMIT 1   [ RunTime:0.0003s ]
SQL: SHOW COLUMNS FROM `onethink_document` [ RunTime:0.0057s ]
SQL: SELECT COUNT(*) AS tp_count FROM `onethink_document` LIMIT 1   [ RunTime:0.0003s ]
SQL: SHOW COLUMNS FROM `onethink_category` [ RunTime:0.0056s ]
SQL: SELECT COUNT(*) AS tp_count FROM `onethink_category` LIMIT 1   [ RunTime:0.0003s ]
SQL: SHOW COLUMNS FROM `onethink_model` [ RunTime:0.0055s ]
SQL: SELECT COUNT(*) AS tp_count FROM `onethink_model` LIMIT 1   [ RunTime:0.0003s ]
INFO: [ view_parse ] --START--
INFO: [ template_filter ] --START--
INFO: Run Behavior\ContentReplaceBehavior [ RunTime:0.000066s ]
INFO: [ template_filter ] --END-- [ RunTime:-0.052345s ]
INFO: Run Behavior\ParseTemplateBehavior [ RunTime:0.003388s ]
INFO: [ view_parse ] --END-- [ RunTime:0.003440s ]
INFO: [ view_filter ] --START--
INFO: Run Behavior\WriteHtmlCacheBehavior [ RunTime:0.000556s ]
INFO: [ view_filter ] --END-- [ RunTime:0.000590s ]
INFO: Run Addons\SiteStat\SiteStatAddon [ RunTime:0.052720s ]
SQL: SELECT `config` FROM `onethink_addons` WHERE `name` = 'SystemInfo' AND `status` = 1 LIMIT 1   [ RunTime:0.0004s ]
INFO: [ view_parse ] --START--
INFO: [ template_filter ] --START--
INFO: Run Behavior\ContentReplaceBehavior [ RunTime:0.000040s ]
INFO: [ template_filter ] --END-- [ RunTime:-0.175647s ]
SQL: select version() as v; [ RunTime:0.0003s ]
INFO: Run Behavior\ParseTemplateBehavior [ RunTime:0.003573s ]
INFO: [ view_parse ] --END-- [ RunTime:-0.120229s ]
INFO: [ view_filter ] --START--
INFO: Run Behavior\WriteHtmlCacheBehavior [ RunTime:0.000009s ]
INFO: [ view_filter ] --END-- [ RunTime:-0.123254s ]
INFO: Run Addons\SystemInfo\SystemInfoAddon [ RunTime:0.123266s ]
SQL: SELECT `config` FROM `onethink_addons` WHERE `name` = 'DevTeam' AND `status` = 1 LIMIT 1   [ RunTime:0.0005s ]
INFO: [ view_parse ] --START--
INFO: [ template_filter ] --START--
INFO: Run Behavior\ContentReplaceBehavior [ RunTime:0.000036s ]
INFO: [ template_filter ] --END-- [ RunTime:-0.181499s ]
INFO: Run Behavior\ParseTemplateBehavior [ RunTime:0.002870s ]
INFO: [ view_parse ] --END-- [ RunTime:-0.125804s ]
INFO: [ view_filter ] --START--
INFO: Run Behavior\WriteHtmlCacheBehavior [ RunTime:0.000010s ]
INFO: [ view_filter ] --END-- [ RunTime:-0.128155s ]
INFO: Run Addons\DevTeam\DevTeamAddon [ RunTime:0.004890s ]
INFO: [ AdminIndex ] --END-- [ RunTime:0.180938s ]
INFO: Run Behavior\ParseTemplateBehavior [ RunTime:0.003033s ]
INFO: [ view_parse ] --END-- [ RunTime:-0.125804s ]
INFO: [ view_filter ] --START--
INFO: Run Behavior\WriteHtmlCacheBehavior [ RunTime:0.000006s ]
INFO: [ view_filter ] --END-- [ RunTime:-0.128278s ]
INFO: [ app_end ] --START--
INFO: Run Behavior\ShowPageTraceBehavior [ RunTime:0.001054s ]
INFO: [ app_end ] --END-- [ RunTime:0.001134s ]

[ 2016-11-18T16:39:16+08:00 ] ::1 /ot/admin.php?s=/Article/index.html
INFO: [ app_init ] --START--
INFO: Run Behavior\BuildLiteBehavior [ RunTime:0.000012s ]
INFO: Run Common\Behavior\InitHookBehavior [ RunTime:0.002861s ]
INFO: [ app_init ] --END-- [ RunTime:0.003414s ]
INFO: [ app_begin ] --START--
INFO: Run Behavior\ReadHtmlCacheBehavior [ RunTime:0.000744s ]
INFO: [ app_begin ] --END-- [ RunTime:0.000792s ]
SQL: SHOW COLUMNS FROM `onethink_menu` [ RunTime:0.0047s ]
SQL: SELECT `id`,`title`,`url` FROM `onethink_menu` WHERE `pid` = 0 AND `hide` = 0 ORDER BY `sort` asc  [ RunTime:0.0005s ]
SQL: SELECT `pid` FROM `onethink_menu` WHERE ( pid !=0 AND url like '%Article/index%' ) LIMIT 1   [ RunTime:0.0003s ]
SQL: SELECT * FROM `onethink_menu` WHERE `id` = 2 LIMIT 1   [ RunTime:0.0004s ]
SQL: SELECT DISTINCT  `group` FROM `onethink_menu` WHERE `group` <> '' AND `pid` = 2  [ RunTime:0.0005s ]
SQL: SELECT `id`,`url` FROM `onethink_menu` WHERE `pid` = 2 AND `hide` = 0  [ RunTime:0.0003s ]
SQL: SELECT `id`,`pid`,`title`,`url`,`tip` FROM `onethink_menu` WHERE `group` = '内容' AND `pid` = 2 AND `hide` = 0 ORDER BY `sort` asc  [ RunTime:0.0004s ]
SQL: SHOW COLUMNS FROM `onethink_auth_group_access` [ RunTime:0.0047s ]
SQL: SELECT `extend_id` FROM onethink_auth_group_access g INNER JOIN onethink_auth_extend c on g.group_id=c.group_id  WHERE ( g.uid='1' and c.type='1' and !isnull(extend_id) )  [ RunTime:0.0011s ]
SQL: SHOW COLUMNS FROM `onethink_category` [ RunTime:0.0051s ]
SQL: SELECT `id`,`title`,`pid`,`allow_publish` FROM `onethink_category` WHERE `status` = 1 ORDER BY `pid`,`sort`  [ RunTime:0.0006s ]
SQL: SHOW COLUMNS FROM `onethink_model` [ RunTime:0.0059s ]
SQL: SELECT * FROM `onethink_model` WHERE `name` = 'document' LIMIT 1   [ RunTime:0.0142s ]
SQL: SHOW COLUMNS FROM `onethink_document` [ RunTime:0.0052s ]
SQL: SELECT COUNT(*) AS tp_count FROM onethink_document DOCUMENT WHERE `status` IN ('0','1','2') AND `pid` = 0 LIMIT 1   [ RunTime:0.0004s ]
SQL: SELECT `id`,`title`,`type`,`update_time`,`status`,`view`,`category_id`,`model_id`,`pid` FROM onethink_document DOCUMENT WHERE `status` IN ('0','1','2') AND `pid` = 0 ORDER BY `level` DESC,DOCUMENT.id DESC LIMIT 0,10   [ RunTime:0.0158s ]
SQL: SELECT `extend` FROM `onethink_model` WHERE `id` = 1 LIMIT 1   [ RunTime:0.0003s ]
SQL: SHOW COLUMNS FROM `onethink_attribute` [ RunTime:0.0058s ]
SQL: SELECT `id`,`name`,`type`,`extra` FROM `onethink_attribute` WHERE `model_id` = 1  [ RunTime:0.0149s ]
NOTIC: [8] Undefined variable: groups D:\phpStudy\WWW\ot\Application\Admin\Controller\ArticleController.class.php 第 231 行.
INFO: [ view_parse ] --START--
INFO: [ template_filter ] --START--
INFO: Run Behavior\ContentReplaceBehavior [ RunTime:0.000287s ]
INFO: [ template_filter ] --END-- [ RunTime:0.000332s ]
INFO: Run Behavior\ParseTemplateBehavior [ RunTime:0.055217s ]
INFO: [ view_parse ] --END-- [ RunTime:0.055279s ]
INFO: [ view_filter ] --START--
INFO: Run Behavior\WriteHtmlCacheBehavior [ RunTime:0.000586s ]
INFO: [ view_filter ] --END-- [ RunTime:0.000619s ]
INFO: [ app_end ] --START--
INFO: Run Behavior\ShowPageTraceBehavior [ RunTime:0.001063s ]
INFO: [ app_end ] --END-- [ RunTime:0.001116s ]

[ 2016-11-18T16:39:20+08:00 ] ::1 /ot/admin.php?s=/Config/group.html
INFO: [ app_init ] --START--
INFO: Run Behavior\BuildLiteBehavior [ RunTime:0.000022s ]
INFO: Run Common\Behavior\InitHookBehavior [ RunTime:0.003377s ]
INFO: [ app_init ] --END-- [ RunTime:0.004157s ]
INFO: [ app_begin ] --START--
INFO: Run Behavior\ReadHtmlCacheBehavior [ RunTime:0.000694s ]
INFO: [ app_begin ] --END-- [ RunTime:0.000751s ]
SQL: SHOW COLUMNS FROM `onethink_menu` [ RunTime:0.0058s ]
SQL: SELECT `id`,`title`,`url` FROM `onethink_menu` WHERE `pid` = 0 AND `hide` = 0 ORDER BY `sort` asc  [ RunTime:0.0005s ]
SQL: SELECT `pid` FROM `onethink_menu` WHERE ( pid !=0 AND url like '%Config/group%' ) LIMIT 1   [ RunTime:0.0007s ]
SQL: SELECT * FROM `onethink_menu` WHERE `id` = 68 LIMIT 1   [ RunTime:0.0004s ]
SQL: SELECT DISTINCT  `group` FROM `onethink_menu` WHERE `group` <> '' AND `pid` = 68  [ RunTime:0.0005s ]
SQL: SELECT `id`,`url` FROM `onethink_menu` WHERE `pid` = 68 AND `hide` = 0  [ RunTime:0.0003s ]
SQL: SELECT `id`,`pid`,`title`,`url`,`tip` FROM `onethink_menu` WHERE `group` = '系统设置' AND `pid` = 68 AND `hide` = 0 ORDER BY `sort` asc  [ RunTime:0.0004s ]
SQL: SELECT `id`,`pid`,`title`,`url`,`tip` FROM `onethink_menu` WHERE `group` = '数据备份' AND `pid` = 68 AND `hide` = 0 ORDER BY `sort` asc  [ RunTime:0.0004s ]
SQL: SHOW COLUMNS FROM `onethink_config` [ RunTime:0.0052s ]
SQL: SELECT `id`,`name`,`title`,`extra`,`value`,`remark`,`type` FROM `onethink_config` WHERE `status` = 1 AND `group` = 1 ORDER BY `sort`  [ RunTime:0.0006s ]
INFO: [ view_parse ] --START--
INFO: [ template_filter ] --START--
INFO: Run Behavior\ContentReplaceBehavior [ RunTime:0.000224s ]
INFO: [ template_filter ] --END-- [ RunTime:0.000311s ]
INFO: Run Behavior\ParseTemplateBehavior [ RunTime:0.019286s ]
INFO: [ view_parse ] --END-- [ RunTime:0.019359s ]
INFO: [ view_filter ] --START--
INFO: Run Behavior\WriteHtmlCacheBehavior [ RunTime:0.000448s ]
INFO: [ view_filter ] --END-- [ RunTime:0.000489s ]
INFO: [ app_end ] --START--
INFO: Run Behavior\ShowPageTraceBehavior [ RunTime:0.001323s ]
INFO: [ app_end ] --END-- [ RunTime:0.001395s ]

[ 2016-11-18T16:39:24+08:00 ] ::1 /ot/admin.php?s=/Config/group/id/2.html
INFO: [ app_init ] --START--
INFO: Run Behavior\BuildLiteBehavior [ RunTime:0.000014s ]
INFO: Run Common\Behavior\InitHookBehavior [ RunTime:0.002221s ]
INFO: [ app_init ] --END-- [ RunTime:0.002793s ]
INFO: [ app_begin ] --START--
INFO: Run Behavior\ReadHtmlCacheBehavior [ RunTime:0.000784s ]
INFO: [ app_begin ] --END-- [ RunTime:0.000873s ]
SQL: SHOW COLUMNS FROM `onethink_config` [ RunTime:0.0049s ]
SQL: SELECT `id`,`name`,`title`,`extra`,`value`,`remark`,`type` FROM `onethink_config` WHERE `status` = 1 AND `group` = 2 ORDER BY `sort`  [ RunTime:0.0007s ]
INFO: [ view_parse ] --START--
INFO: [ template_filter ] --START--
INFO: Run Behavior\ContentReplaceBehavior [ RunTime:0.000167s ]
INFO: [ template_filter ] --END-- [ RunTime:0.000209s ]
INFO: Run Behavior\ParseTemplateBehavior [ RunTime:0.014639s ]
INFO: [ view_parse ] --END-- [ RunTime:0.014691s ]
INFO: [ view_filter ] --START--
INFO: Run Behavior\WriteHtmlCacheBehavior [ RunTime:0.000446s ]
INFO: [ view_filter ] --END-- [ RunTime:0.000480s ]
INFO: [ app_end ] --START--
INFO: Run Behavior\ShowPageTraceBehavior [ RunTime:0.000763s ]
INFO: [ app_end ] --END-- [ RunTime:0.000811s ]

[ 2016-11-18T16:39:28+08:00 ] ::1 /ot/admin.php?s=/Config/group/id/3.html
INFO: [ app_init ] --START--
INFO: Run Behavior\BuildLiteBehavior [ RunTime:0.000011s ]
INFO: Run Common\Behavior\InitHookBehavior [ RunTime:0.001656s ]
INFO: [ app_init ] --END-- [ RunTime:0.002034s ]
INFO: [ app_begin ] --START--
INFO: Run Behavior\ReadHtmlCacheBehavior [ RunTime:0.000537s ]
INFO: [ app_begin ] --END-- [ RunTime:0.000599s ]
SQL: SHOW COLUMNS FROM `onethink_config` [ RunTime:0.0056s ]
SQL: SELECT `id`,`name`,`title`,`extra`,`value`,`remark`,`type` FROM `onethink_config` WHERE `status` = 1 AND `group` = 3 ORDER BY `sort`  [ RunTime:0.0005s ]
INFO: [ view_parse ] --START--
INFO: [ template_filter ] --START--
INFO: Run Behavior\ContentReplaceBehavior [ RunTime:0.000143s ]
INFO: [ template_filter ] --END-- [ RunTime:0.000186s ]
INFO: Run Behavior\ParseTemplateBehavior [ RunTime:0.015565s ]
INFO: [ view_parse ] --END-- [ RunTime:0.015610s ]
INFO: [ view_filter ] --START--
INFO: Run Behavior\WriteHtmlCacheBehavior [ RunTime:0.000423s ]
INFO: [ view_filter ] --END-- [ RunTime:0.000457s ]
INFO: [ app_end ] --START--
INFO: Run Behavior\ShowPageTraceBehavior [ RunTime:0.001409s ]
INFO: [ app_end ] --END-- [ RunTime:0.001475s ]

[ 2016-11-18T16:39:32+08:00 ] ::1 /ot/admin.php?s=/Model/index.html
INFO: [ app_init ] --START--
INFO: Run Behavior\BuildLiteBehavior [ RunTime:0.000011s ]
INFO: Run Common\Behavior\InitHookBehavior [ RunTime:0.001899s ]
INFO: [ app_init ] --END-- [ RunTime:0.002398s ]
INFO: [ app_begin ] --START--
INFO: Run Behavior\ReadHtmlCacheBehavior [ RunTime:0.000668s ]
INFO: [ app_begin ] --END-- [ RunTime:0.000717s ]
SQL: SHOW COLUMNS FROM `onethink_menu` [ RunTime:0.0051s ]
SQL: SELECT `id`,`title`,`url` FROM `onethink_menu` WHERE `pid` = 0 AND `hide` = 0 ORDER BY `sort` asc  [ RunTime:0.0006s ]
SQL: SELECT `pid` FROM `onethink_menu` WHERE ( pid !=0 AND url like '%Model/index%' ) LIMIT 1   [ RunTime:0.0008s ]
SQL: SELECT * FROM `onethink_menu` WHERE `id` = 68 LIMIT 1   [ RunTime:0.0008s ]
SQL: SELECT DISTINCT  `group` FROM `onethink_menu` WHERE `group` <> '' AND `pid` = 68  [ RunTime:0.0007s ]
SQL: SELECT `id`,`url` FROM `onethink_menu` WHERE `pid` = 68 AND `hide` = 0  [ RunTime:0.0004s ]
SQL: SELECT `id`,`pid`,`title`,`url`,`tip` FROM `onethink_menu` WHERE `group` = '系统设置' AND `pid` = 68 AND `hide` = 0 ORDER BY `sort` asc  [ RunTime:0.0005s ]
SQL: SELECT `id`,`pid`,`title`,`url`,`tip` FROM `onethink_menu` WHERE `group` = '数据备份' AND `pid` = 68 AND `hide` = 0 ORDER BY `sort` asc  [ RunTime:0.0004s ]
SQL: SHOW COLUMNS FROM `onethink_model` [ RunTime:0.0052s ]
SQL: SELECT COUNT(*) AS tp_count FROM `onethink_model` WHERE `status` > -1 LIMIT 1   [ RunTime:0.0004s ]
SQL: SELECT `id`,`name`,`title`,`extend`,`relation`,`need_pk`,`field_sort`,`field_group`,`attribute_list`,`attribute_alias`,`template_list`,`template_add`,`template_edit`,`list_grid`,`list_row`,`search_key`,`search_list`,`create_time`,`update_time`,`status`,`engine_type` FROM `onethink_model` WHERE `status` > -1 ORDER BY `id` desc LIMIT 0,10   [ RunTime:0.0007s ]
INFO: [ view_parse ] --START--
INFO: [ template_filter ] --START--
INFO: Run Behavior\ContentReplaceBehavior [ RunTime:0.000154s ]
INFO: [ template_filter ] --END-- [ RunTime:0.000199s ]
INFO: Run Behavior\ParseTemplateBehavior [ RunTime:0.015058s ]
INFO: [ view_parse ] --END-- [ RunTime:0.015105s ]
INFO: [ view_filter ] --START--
INFO: Run Behavior\WriteHtmlCacheBehavior [ RunTime:0.000449s ]
INFO: [ view_filter ] --END-- [ RunTime:0.000484s ]
INFO: [ app_end ] --START--
INFO: Run Behavior\ShowPageTraceBehavior [ RunTime:0.000778s ]
INFO: [ app_end ] --END-- [ RunTime:0.000876s ]

[ 2016-11-18T16:40:49+08:00 ] ::1 /ot/admin.php?s=/model/edit/id/9.html
INFO: [ app_init ] --START--
INFO: Run Behavior\BuildLiteBehavior [ RunTime:0.000011s ]
INFO: Run Common\Behavior\InitHookBehavior [ RunTime:0.001744s ]
INFO: [ app_init ] --END-- [ RunTime:0.002142s ]
INFO: [ app_begin ] --START--
INFO: Run Behavior\ReadHtmlCacheBehavior [ RunTime:0.000503s ]
INFO: [ app_begin ] --END-- [ RunTime:0.000549s ]
SQL: SHOW COLUMNS FROM `onethink_model` [ RunTime:0.0056s ]
SQL: SELECT `id`,`name`,`title`,`extend`,`relation`,`need_pk`,`field_sort`,`field_group`,`attribute_list`,`attribute_alias`,`template_list`,`template_add`,`template_edit`,`list_grid`,`list_row`,`search_key`,`search_list`,`create_time`,`update_time`,`status`,`engine_type` FROM `onethink_model` WHERE `id` = 9 LIMIT 1   [ RunTime:0.0006s ]
SQL: SHOW COLUMNS FROM `onethink_attribute` [ RunTime:0.0048s ]
SQL: SELECT `id`,`name`,`title`,`is_show` FROM `onethink_attribute` WHERE `model_id` = 9  [ RunTime:0.0008s ]
INFO: [ view_parse ] --START--
INFO: [ template_filter ] --START--
INFO: Run Behavior\ContentReplaceBehavior [ RunTime:0.000205s ]
INFO: [ template_filter ] --END-- [ RunTime:0.000256s ]
NOTIC: [2] in_array() expects parameter 2 to be array, string given D:\phpStudy\WWW\ot\Runtime\Cache\Admin\4bc4913b407324fb4d494724d5710d65.php 第 137 行.
NOTIC: [2] in_array() expects parameter 2 to be array, string given D:\phpStudy\WWW\ot\Runtime\Cache\Admin\4bc4913b407324fb4d494724d5710d65.php 第 137 行.
NOTIC: [2] in_array() expects parameter 2 to be array, string given D:\phpStudy\WWW\ot\Runtime\Cache\Admin\4bc4913b407324fb4d494724d5710d65.php 第 137 行.
NOTIC: [2] in_array() expects parameter 2 to be array, string given D:\phpStudy\WWW\ot\Runtime\Cache\Admin\4bc4913b407324fb4d494724d5710d65.php 第 137 行.
NOTIC: [2] in_array() expects parameter 2 to be array, string given D:\phpStudy\WWW\ot\Runtime\Cache\Admin\4bc4913b407324fb4d494724d5710d65.php 第 137 行.
NOTIC: [2] in_array() expects parameter 2 to be array, string given D:\phpStudy\WWW\ot\Runtime\Cache\Admin\4bc4913b407324fb4d494724d5710d65.php 第 137 行.
NOTIC: [2] in_array() expects parameter 2 to be array, string given D:\phpStudy\WWW\ot\Runtime\Cache\Admin\4bc4913b407324fb4d494724d5710d65.php 第 137 行.
NOTIC: [2] in_array() expects parameter 2 to be array, string given D:\phpStudy\WWW\ot\Runtime\Cache\Admin\4bc4913b407324fb4d494724d5710d65.php 第 137 行.
NOTIC: [2] in_array() expects parameter 2 to be array, string given D:\phpStudy\WWW\ot\Runtime\Cache\Admin\4bc4913b407324fb4d494724d5710d65.php 第 137 行.
NOTIC: [2] in_array() expects parameter 2 to be array, string given D:\phpStudy\WWW\ot\Runtime\Cache\Admin\4bc4913b407324fb4d494724d5710d65.php 第 137 行.
NOTIC: [2] in_array() expects parameter 2 to be array, string given D:\phpStudy\WWW\ot\Runtime\Cache\Admin\4bc4913b407324fb4d494724d5710d65.php 第 137 行.
NOTIC: [8] Undefined index: group D:\phpStudy\WWW\ot\Runtime\Cache\Admin\4bc4913b407324fb4d494724d5710d65.php 第 163 行.
NOTIC: [8] Undefined index: group D:\phpStudy\WWW\ot\Runtime\Cache\Admin\4bc4913b407324fb4d494724d5710d65.php 第 163 行.
NOTIC: [8] Undefined index: group D:\phpStudy\WWW\ot\Runtime\Cache\Admin\4bc4913b407324fb4d494724d5710d65.php 第 163 行.
NOTIC: [8] Undefined index: group D:\phpStudy\WWW\ot\Runtime\Cache\Admin\4bc4913b407324fb4d494724d5710d65.php 第 163 行.
NOTIC: [8] Undefined index: group D:\phpStudy\WWW\ot\Runtime\Cache\Admin\4bc4913b407324fb4d494724d5710d65.php 第 163 行.
NOTIC: [8] Undefined index: group D:\phpStudy\WWW\ot\Runtime\Cache\Admin\4bc4913b407324fb4d494724d5710d65.php 第 163 行.
NOTIC: [8] Undefined index: group D:\phpStudy\WWW\ot\Runtime\Cache\Admin\4bc4913b407324fb4d494724d5710d65.php 第 163 行.
NOTIC: [8] Undefined index: group D:\phpStudy\WWW\ot\Runtime\Cache\Admin\4bc4913b407324fb4d494724d5710d65.php 第 163 行.
NOTIC: [8] Undefined index: group D:\phpStudy\WWW\ot\Runtime\Cache\Admin\4bc4913b407324fb4d494724d5710d65.php 第 163 行.
NOTIC: [8] Undefined index: group D:\phpStudy\WWW\ot\Runtime\Cache\Admin\4bc4913b407324fb4d494724d5710d65.php 第 163 行.
NOTIC: [8] Undefined index: group D:\phpStudy\WWW\ot\Runtime\Cache\Admin\4bc4913b407324fb4d494724d5710d65.php 第 163 行.
INFO: Run Behavior\ParseTemplateBehavior [ RunTime:0.109308s ]
INFO: [ view_parse ] --END-- [ RunTime:0.109405s ]
INFO: [ view_filter ] --START--
INFO: Run Behavior\WriteHtmlCacheBehavior [ RunTime:0.000393s ]
INFO: [ view_filter ] --END-- [ RunTime:0.000423s ]
INFO: [ app_end ] --START--
INFO: Run Behavior\ShowPageTraceBehavior [ RunTime:0.000731s ]
INFO: [ app_end ] --END-- [ RunTime:0.000778s ]

[ 2016-11-18T16:41:15+08:00 ] ::1 /ot/admin.php?s=/Attribute/index/model_id/9.html
INFO: [ app_init ] --START--
INFO: Run Behavior\BuildLiteBehavior [ RunTime:0.000012s ]
INFO: Run Common\Behavior\InitHookBehavior [ RunTime:0.002264s ]
INFO: [ app_init ] --END-- [ RunTime:0.002715s ]
INFO: [ app_begin ] --START--
INFO: Run Behavior\ReadHtmlCacheBehavior [ RunTime:0.001034s ]
INFO: [ app_begin ] --END-- [ RunTime:0.001087s ]
SQL: SHOW COLUMNS FROM `onethink_menu` [ RunTime:0.0055s ]
SQL: SELECT `id`,`title`,`url` FROM `onethink_menu` WHERE `pid` = 0 AND `hide` = 0 ORDER BY `sort` asc  [ RunTime:0.0005s ]
SQL: SELECT `pid` FROM `onethink_menu` WHERE ( pid !=0 AND url like '%Attribute/index%' ) LIMIT 1   [ RunTime:0.0010s ]
SQL: SELECT * FROM `onethink_menu` WHERE `id` = 68 LIMIT 1   [ RunTime:0.0004s ]
SQL: SELECT DISTINCT  `group` FROM `onethink_menu` WHERE `group` <> '' AND `pid` = 68  [ RunTime:0.0008s ]
SQL: SELECT `id`,`url` FROM `onethink_menu` WHERE `pid` = 68 AND `hide` = 0  [ RunTime:0.0004s ]
SQL: SELECT `id`,`pid`,`title`,`url`,`tip` FROM `onethink_menu` WHERE `group` = '系统设置' AND `pid` = 68 AND `hide` = 0 ORDER BY `sort` asc  [ RunTime:0.0006s ]
SQL: SELECT `id`,`pid`,`title`,`url`,`tip` FROM `onethink_menu` WHERE `group` = '数据备份' AND `pid` = 68 AND `hide` = 0 ORDER BY `sort` asc  [ RunTime:0.0007s ]
SQL: SHOW COLUMNS FROM `onethink_attribute` [ RunTime:0.0092s ]
SQL: SELECT COUNT(*) AS tp_count FROM `onethink_attribute` WHERE `model_id` = 9 LIMIT 1   [ RunTime:0.0004s ]
SQL: SELECT `id`,`name`,`title`,`field`,`type`,`value`,`remark`,`is_show`,`extra`,`model_id`,`is_must`,`status`,`update_time`,`create_time`,`validate_rule`,`validate_time`,`error_info`,`validate_type`,`auto_rule`,`auto_time`,`auto_type` FROM `onethink_attribute` WHERE `model_id` = 9 ORDER BY `id` desc LIMIT 0,10   [ RunTime:0.0008s ]
INFO: [ view_parse ] --START--
INFO: [ template_filter ] --START--
INFO: Run Behavior\ContentReplaceBehavior [ RunTime:0.000246s ]
INFO: [ template_filter ] --END-- [ RunTime:0.000325s ]
SQL: SHOW COLUMNS FROM `onethink_model` [ RunTime:0.0044s ]
SQL: SELECT `title` FROM `onethink_model` WHERE `id` = 9 LIMIT 1   [ RunTime:0.0003s ]
INFO: Run Behavior\ParseTemplateBehavior [ RunTime:0.026745s ]
INFO: [ view_parse ] --END-- [ RunTime:0.026809s ]
INFO: [ view_filter ] --START--
INFO: Run Behavior\WriteHtmlCacheBehavior [ RunTime:0.000836s ]
INFO: [ view_filter ] --END-- [ RunTime:0.000957s ]
INFO: [ app_end ] --START--
INFO: Run Behavior\ShowPageTraceBehavior [ RunTime:0.001029s ]
INFO: [ app_end ] --END-- [ RunTime:0.001105s ]

[ 2016-11-18T16:43:29+08:00 ] ::1 /ot/admin.php?s=/Attribute/index/model_id/9/p/2.html
INFO: [ app_init ] --START--
INFO: Run Behavior\BuildLiteBehavior [ RunTime:0.000013s ]
INFO: Run Common\Behavior\InitHookBehavior [ RunTime:0.002803s ]
INFO: [ app_init ] --END-- [ RunTime:0.003395s ]
INFO: [ app_begin ] --START--
INFO: Run Behavior\ReadHtmlCacheBehavior [ RunTime:0.001014s ]
INFO: [ app_begin ] --END-- [ RunTime:0.001113s ]
SQL: SHOW COLUMNS FROM `onethink_attribute` [ RunTime:0.0051s ]
SQL: SELECT COUNT(*) AS tp_count FROM `onethink_attribute` WHERE `model_id` = 9 LIMIT 1   [ RunTime:0.0004s ]
SQL: SELECT `id`,`name`,`title`,`field`,`type`,`value`,`remark`,`is_show`,`extra`,`model_id`,`is_must`,`status`,`update_time`,`create_time`,`validate_rule`,`validate_time`,`error_info`,`validate_type`,`auto_rule`,`auto_time`,`auto_type` FROM `onethink_attribute` WHERE `model_id` = 9 ORDER BY `id` desc LIMIT 10,10   [ RunTime:0.0007s ]
INFO: [ view_parse ] --START--
INFO: [ template_filter ] --START--
INFO: Run Behavior\ContentReplaceBehavior [ RunTime:0.000139s ]
INFO: [ template_filter ] --END-- [ RunTime:0.000181s ]
SQL: SHOW COLUMNS FROM `onethink_model` [ RunTime:0.0052s ]
SQL: SELECT `title` FROM `onethink_model` WHERE `id` = 9 LIMIT 1   [ RunTime:0.0004s ]
INFO: Run Behavior\ParseTemplateBehavior [ RunTime:0.019616s ]
INFO: [ view_parse ] --END-- [ RunTime:0.019660s ]
INFO: [ view_filter ] --START--
INFO: Run Behavior\WriteHtmlCacheBehavior [ RunTime:0.000677s ]
INFO: [ view_filter ] --END-- [ RunTime:0.000715s ]
INFO: [ app_end ] --START--
INFO: Run Behavior\ShowPageTraceBehavior [ RunTime:0.000790s ]
INFO: [ app_end ] --END-- [ RunTime:0.000848s ]

[ 2016-11-18T16:43:33+08:00 ] ::1 /ot/admin.php?s=/Attribute/index/model_id/9/p/1.html
INFO: [ app_init ] --START--
INFO: Run Behavior\BuildLiteBehavior [ RunTime:0.000012s ]
INFO: Run Common\Behavior\InitHookBehavior [ RunTime:0.001940s ]
INFO: [ app_init ] --END-- [ RunTime:0.002464s ]
INFO: [ app_begin ] --START--
INFO: Run Behavior\ReadHtmlCacheBehavior [ RunTime:0.000485s ]
INFO: [ app_begin ] --END-- [ RunTime:0.000531s ]
SQL: SHOW COLUMNS FROM `onethink_attribute` [ RunTime:0.0061s ]
SQL: SELECT COUNT(*) AS tp_count FROM `onethink_attribute` WHERE `model_id` = 9 LIMIT 1   [ RunTime:0.0005s ]
SQL: SELECT `id`,`name`,`title`,`field`,`type`,`value`,`remark`,`is_show`,`extra`,`model_id`,`is_must`,`status`,`update_time`,`create_time`,`validate_rule`,`validate_time`,`error_info`,`validate_type`,`auto_rule`,`auto_time`,`auto_type` FROM `onethink_attribute` WHERE `model_id` = 9 ORDER BY `id` desc LIMIT 0,10   [ RunTime:0.0010s ]
INFO: [ view_parse ] --START--
INFO: [ template_filter ] --START--
INFO: Run Behavior\ContentReplaceBehavior [ RunTime:0.000259s ]
INFO: [ template_filter ] --END-- [ RunTime:0.000334s ]
SQL: SHOW COLUMNS FROM `onethink_model` [ RunTime:0.0054s ]
SQL: SELECT `title` FROM `onethink_model` WHERE `id` = 9 LIMIT 1   [ RunTime:0.0005s ]
INFO: Run Behavior\ParseTemplateBehavior [ RunTime:0.020566s ]
INFO: [ view_parse ] --END-- [ RunTime:0.020623s ]
INFO: [ view_filter ] --START--
INFO: Run Behavior\WriteHtmlCacheBehavior [ RunTime:0.000466s ]
INFO: [ view_filter ] --END-- [ RunTime:0.000502s ]
INFO: [ app_end ] --START--
INFO: Run Behavior\ShowPageTraceBehavior [ RunTime:0.000827s ]
INFO: [ app_end ] --END-- [ RunTime:0.000889s ]

[ 2016-11-18T16:49:09+08:00 ] ::1 /ot/admin.php?s=/Attribute/add/model_id/9.html
INFO: [ app_init ] --START--
INFO: Run Behavior\BuildLiteBehavior [ RunTime:0.000011s ]
INFO: Run Common\Behavior\InitHookBehavior [ RunTime:0.003869s ]
INFO: [ app_init ] --END-- [ RunTime:0.004301s ]
INFO: [ app_begin ] --START--
INFO: Run Behavior\ReadHtmlCacheBehavior [ RunTime:0.000654s ]
INFO: [ app_begin ] --END-- [ RunTime:0.000702s ]
SQL: SHOW COLUMNS FROM `onethink_model` [ RunTime:0.0059s ]
SQL: SELECT `title`,`name`,`field_group` FROM `onethink_model` WHERE `id` = 9 LIMIT 1   [ RunTime:0.0004s ]
INFO: [ view_parse ] --START--
INFO: [ template_filter ] --START--
INFO: Run Behavior\ContentReplaceBehavior [ RunTime:0.000185s ]
INFO: [ template_filter ] --END-- [ RunTime:0.000225s ]
NOTIC: [8] Undefined index: id D:\phpStudy\WWW\ot\Runtime\Cache\Admin\5de3ad3cb2669b692ef5954e1c687884.php 第 89 行.
SQL: SELECT `title` FROM `onethink_model` WHERE `id` = 9 LIMIT 1   [ RunTime:0.0004s ]
NOTIC: [8] Undefined index: name D:\phpStudy\WWW\ot\Runtime\Cache\Admin\5de3ad3cb2669b692ef5954e1c687884.php 第 106 行.
NOTIC: [8] Undefined index: title D:\phpStudy\WWW\ot\Runtime\Cache\Admin\5de3ad3cb2669b692ef5954e1c687884.php 第 112 行.
NOTIC: [8] Undefined index: field D:\phpStudy\WWW\ot\Runtime\Cache\Admin\5de3ad3cb2669b692ef5954e1c687884.php 第 127 行.
NOTIC: [8] Undefined index: extra D:\phpStudy\WWW\ot\Runtime\Cache\Admin\5de3ad3cb2669b692ef5954e1c687884.php 第 134 行.
NOTIC: [8] Undefined index: value D:\phpStudy\WWW\ot\Runtime\Cache\Admin\5de3ad3cb2669b692ef5954e1c687884.php 第 141 行.
NOTIC: [8] Undefined index: remark D:\phpStudy\WWW\ot\Runtime\Cache\Admin\5de3ad3cb2669b692ef5954e1c687884.php 第 147 行.
NOTIC: [8] Undefined index: validate_rule D:\phpStudy\WWW\ot\Runtime\Cache\Admin\5de3ad3cb2669b692ef5954e1c687884.php 第 190 行.
NOTIC: [8] Undefined index: error_info D:\phpStudy\WWW\ot\Runtime\Cache\Admin\5de3ad3cb2669b692ef5954e1c687884.php 第 196 行.
NOTIC: [8] Undefined index: auto_rule D:\phpStudy\WWW\ot\Runtime\Cache\Admin\5de3ad3cb2669b692ef5954e1c687884.php 第 222 行.
NOTIC: [8] Undefined index: id D:\phpStudy\WWW\ot\Runtime\Cache\Admin\5de3ad3cb2669b692ef5954e1c687884.php 第 241 行.
INFO: Run Behavior\ParseTemplateBehavior [ RunTime:0.054781s ]
INFO: [ view_parse ] --END-- [ RunTime:0.054823s ]
INFO: [ view_filter ] --START--
INFO: Run Behavior\WriteHtmlCacheBehavior [ RunTime:0.000633s ]
INFO: [ view_filter ] --END-- [ RunTime:0.000670s ]
INFO: [ app_end ] --START--
INFO: Run Behavior\ShowPageTraceBehavior [ RunTime:0.001313s ]
INFO: [ app_end ] --END-- [ RunTime:0.001429s ]

[ 2016-11-18T17:15:07+08:00 ] ::1 /ot/admin.php?s=/Attribute/update.html
INFO: [ app_init ] --START--
INFO: Run Behavior\BuildLiteBehavior [ RunTime:0.000019s ]
INFO: Run Common\Behavior\InitHookBehavior [ RunTime:0.002860s ]
INFO: [ app_init ] --END-- [ RunTime:0.003433s ]
INFO: [ app_begin ] --START--
INFO: Run Behavior\ReadHtmlCacheBehavior [ RunTime:0.000855s ]
INFO: [ app_begin ] --END-- [ RunTime:0.000913s ]
SQL: SHOW COLUMNS FROM `onethink_attribute` [ RunTime:0.0074s ]
SQL: SELECT * FROM `onethink_attribute` WHERE `name` = 'read_length' AND `model_id` = 9 LIMIT 1   [ RunTime:0.0006s ]
SQL: INSERT INTO `onethink_attribute` (`name`,`title`,`type`,`field`,`extra`,`value`,`remark`,`is_show`,`is_must`,`validate_type`,`validate_rule`,`error_info`,`validate_time`,`auto_type`,`auto_rule`,`auto_time`,`id`,`model_id`,`status`,`create_time`,`update_time`) VALUES ('read_length','读长','string','varchar(255) NOT NULL','','','','1','0','regex','','','3','function','','3','0','9','1','1479460507','1479460507') [ RunTime:0.0005s ]
SQL: SHOW COLUMNS FROM `onethink_model` [ RunTime:0.0067s ]
SQL: SELECT `name`,`extend` FROM `onethink_model` WHERE `id` = 9 LIMIT 1   [ RunTime:0.0005s ]
SQL:                 SHOW TABLES LIKE 'onethink_data'; [ RunTime:0.0007s ]
SQL:                 ALTER TABLE `onethink_data`
ADD COLUMN `read_length`  varchar(255) NOT NULL  COMMENT '读长'; [ RunTime:0.0769s ]
SQL: SELECT `name` FROM `onethink_model` WHERE `id` = 9 LIMIT 1   [ RunTime:0.0003s ]
SQL: SHOW COLUMNS FROM `onethink_action` [ RunTime:0.0059s ]
SQL: SELECT * FROM `onethink_action` WHERE `name` = 'update_attribute' LIMIT 1   [ RunTime:0.0005s ]
SQL: SHOW COLUMNS FROM `onethink_action_log` [ RunTime:0.0061s ]
SQL: INSERT INTO `onethink_action_log` (`action_id`,`user_id`,`action_ip`,`model`,`record_id`,`create_time`,`remark`) VALUES ('8','1','0','attribute','100','1479460507','操作url：/ot/admin.php?s=/Attribute/update.html') [ RunTime:0.0004s ]

[ 2016-11-18T17:15:09+08:00 ] ::1 /ot/admin.php?s=/Attribute/index/model_id/9/p/1.html
INFO: [ app_init ] --START--
INFO: Run Behavior\BuildLiteBehavior [ RunTime:0.000011s ]
INFO: Run Common\Behavior\InitHookBehavior [ RunTime:0.002746s ]
INFO: [ app_init ] --END-- [ RunTime:0.003276s ]
INFO: [ app_begin ] --START--
INFO: Run Behavior\ReadHtmlCacheBehavior [ RunTime:0.000675s ]
INFO: [ app_begin ] --END-- [ RunTime:0.000723s ]
SQL: SHOW COLUMNS FROM `onethink_attribute` [ RunTime:0.0045s ]
SQL: SELECT COUNT(*) AS tp_count FROM `onethink_attribute` WHERE `model_id` = 9 LIMIT 1   [ RunTime:0.0003s ]
SQL: SELECT `id`,`name`,`title`,`field`,`type`,`value`,`remark`,`is_show`,`extra`,`model_id`,`is_must`,`status`,`update_time`,`create_time`,`validate_rule`,`validate_time`,`error_info`,`validate_type`,`auto_rule`,`auto_time`,`auto_type` FROM `onethink_attribute` WHERE `model_id` = 9 ORDER BY `id` desc LIMIT 0,10   [ RunTime:0.0018s ]
INFO: [ view_parse ] --START--
INFO: [ template_filter ] --START--
INFO: Run Behavior\ContentReplaceBehavior [ RunTime:0.000136s ]
INFO: [ template_filter ] --END-- [ RunTime:0.000182s ]
SQL: SHOW COLUMNS FROM `onethink_model` [ RunTime:0.0066s ]
SQL: SELECT `title` FROM `onethink_model` WHERE `id` = 9 LIMIT 1   [ RunTime:0.0003s ]
INFO: Run Behavior\ParseTemplateBehavior [ RunTime:0.022503s ]
INFO: [ view_parse ] --END-- [ RunTime:0.022573s ]
INFO: [ view_filter ] --START--
INFO: Run Behavior\WriteHtmlCacheBehavior [ RunTime:0.000882s ]
INFO: [ view_filter ] --END-- [ RunTime:0.000926s ]
INFO: [ app_end ] --START--
INFO: Run Behavior\ShowPageTraceBehavior [ RunTime:0.001191s ]
INFO: [ app_end ] --END-- [ RunTime:0.001252s ]

[ 2016-11-18T17:15:20+08:00 ] ::1 /ot/admin.php?s=/Attribute/add/model_id/9.html
INFO: [ app_init ] --START--
INFO: Run Behavior\BuildLiteBehavior [ RunTime:0.000011s ]
INFO: Run Common\Behavior\InitHookBehavior [ RunTime:0.002334s ]
INFO: [ app_init ] --END-- [ RunTime:0.002796s ]
INFO: [ app_begin ] --START--
INFO: Run Behavior\ReadHtmlCacheBehavior [ RunTime:0.000972s ]
INFO: [ app_begin ] --END-- [ RunTime:0.001050s ]
SQL: SHOW COLUMNS FROM `onethink_model` [ RunTime:0.0067s ]
SQL: SELECT `title`,`name`,`field_group` FROM `onethink_model` WHERE `id` = 9 LIMIT 1   [ RunTime:0.0004s ]
INFO: [ view_parse ] --START--
INFO: [ template_filter ] --START--
INFO: Run Behavior\ContentReplaceBehavior [ RunTime:0.000193s ]
INFO: [ template_filter ] --END-- [ RunTime:0.000246s ]
NOTIC: [8] Undefined index: id D:\phpStudy\WWW\ot\Runtime\Cache\Admin\5de3ad3cb2669b692ef5954e1c687884.php 第 89 行.
SQL: SELECT `title` FROM `onethink_model` WHERE `id` = 9 LIMIT 1   [ RunTime:0.0004s ]
NOTIC: [8] Undefined index: name D:\phpStudy\WWW\ot\Runtime\Cache\Admin\5de3ad3cb2669b692ef5954e1c687884.php 第 106 行.
NOTIC: [8] Undefined index: title D:\phpStudy\WWW\ot\Runtime\Cache\Admin\5de3ad3cb2669b692ef5954e1c687884.php 第 112 行.
NOTIC: [8] Undefined index: field D:\phpStudy\WWW\ot\Runtime\Cache\Admin\5de3ad3cb2669b692ef5954e1c687884.php 第 127 行.
NOTIC: [8] Undefined index: extra D:\phpStudy\WWW\ot\Runtime\Cache\Admin\5de3ad3cb2669b692ef5954e1c687884.php 第 134 行.
NOTIC: [8] Undefined index: value D:\phpStudy\WWW\ot\Runtime\Cache\Admin\5de3ad3cb2669b692ef5954e1c687884.php 第 141 行.
NOTIC: [8] Undefined index: remark D:\phpStudy\WWW\ot\Runtime\Cache\Admin\5de3ad3cb2669b692ef5954e1c687884.php 第 147 行.
NOTIC: [8] Undefined index: validate_rule D:\phpStudy\WWW\ot\Runtime\Cache\Admin\5de3ad3cb2669b692ef5954e1c687884.php 第 190 行.
NOTIC: [8] Undefined index: error_info D:\phpStudy\WWW\ot\Runtime\Cache\Admin\5de3ad3cb2669b692ef5954e1c687884.php 第 196 行.
NOTIC: [8] Undefined index: auto_rule D:\phpStudy\WWW\ot\Runtime\Cache\Admin\5de3ad3cb2669b692ef5954e1c687884.php 第 222 行.
NOTIC: [8] Undefined index: id D:\phpStudy\WWW\ot\Runtime\Cache\Admin\5de3ad3cb2669b692ef5954e1c687884.php 第 241 行.
INFO: Run Behavior\ParseTemplateBehavior [ RunTime:0.016394s ]
INFO: [ view_parse ] --END-- [ RunTime:0.016443s ]
INFO: [ view_filter ] --START--
INFO: Run Behavior\WriteHtmlCacheBehavior [ RunTime:0.000563s ]
INFO: [ view_filter ] --END-- [ RunTime:0.000600s ]
INFO: [ app_end ] --START--
INFO: Run Behavior\ShowPageTraceBehavior [ RunTime:0.000881s ]
INFO: [ app_end ] --END-- [ RunTime:0.000933s ]

[ 2016-11-18T17:15:45+08:00 ] ::1 /ot/admin.php?s=/Attribute/update.html
INFO: [ app_init ] --START--
INFO: Run Behavior\BuildLiteBehavior [ RunTime:0.000014s ]
INFO: Run Common\Behavior\InitHookBehavior [ RunTime:0.003029s ]
INFO: [ app_init ] --END-- [ RunTime:0.003592s ]
INFO: [ app_begin ] --START--
INFO: Run Behavior\ReadHtmlCacheBehavior [ RunTime:0.001252s ]
INFO: [ app_begin ] --END-- [ RunTime:0.001356s ]
SQL: SHOW COLUMNS FROM `onethink_attribute` [ RunTime:0.0077s ]
SQL: SELECT * FROM `onethink_attribute` WHERE `name` = 'line_number' AND `model_id` = 9 LIMIT 1   [ RunTime:0.0007s ]
SQL: INSERT INTO `onethink_attribute` (`name`,`title`,`type`,`field`,`extra`,`value`,`remark`,`is_show`,`is_must`,`validate_type`,`validate_rule`,`error_info`,`validate_time`,`auto_type`,`auto_rule`,`auto_time`,`id`,`model_id`,`status`,`create_time`,`update_time`) VALUES ('line_number','文件行数','string','varchar(255) NOT NULL','','','','1','0','regex','','','3','function','','3','0','9','1','1479460545','1479460545') [ RunTime:0.0004s ]
SQL: SHOW COLUMNS FROM `onethink_model` [ RunTime:0.0049s ]
SQL: SELECT `name`,`extend` FROM `onethink_model` WHERE `id` = 9 LIMIT 1   [ RunTime:0.0003s ]
SQL:                 SHOW TABLES LIKE 'onethink_data'; [ RunTime:0.0006s ]
SQL:                 ALTER TABLE `onethink_data`
ADD COLUMN `line_number`  varchar(255) NOT NULL  COMMENT '文件行数'; [ RunTime:0.0644s ]
SQL: SELECT `name` FROM `onethink_model` WHERE `id` = 9 LIMIT 1   [ RunTime:0.0003s ]
SQL: SHOW COLUMNS FROM `onethink_action` [ RunTime:0.0069s ]
SQL: SELECT * FROM `onethink_action` WHERE `name` = 'update_attribute' LIMIT 1   [ RunTime:0.0005s ]
SQL: SHOW COLUMNS FROM `onethink_action_log` [ RunTime:0.0047s ]
SQL: INSERT INTO `onethink_action_log` (`action_id`,`user_id`,`action_ip`,`model`,`record_id`,`create_time`,`remark`) VALUES ('8','1','0','attribute','101','1479460545','操作url：/ot/admin.php?s=/Attribute/update.html') [ RunTime:0.0003s ]

[ 2016-11-18T17:15:46+08:00 ] ::1 /ot/admin.php?s=/Attribute/index/model_id/9/p/1.html
INFO: [ app_init ] --START--
INFO: Run Behavior\BuildLiteBehavior [ RunTime:0.000014s ]
INFO: Run Common\Behavior\InitHookBehavior [ RunTime:0.003787s ]
INFO: [ app_init ] --END-- [ RunTime:0.004311s ]
INFO: [ app_begin ] --START--
INFO: Run Behavior\ReadHtmlCacheBehavior [ RunTime:0.000662s ]
INFO: [ app_begin ] --END-- [ RunTime:0.000734s ]
SQL: SHOW COLUMNS FROM `onethink_attribute` [ RunTime:0.0064s ]
SQL: SELECT COUNT(*) AS tp_count FROM `onethink_attribute` WHERE `model_id` = 9 LIMIT 1   [ RunTime:0.0004s ]
SQL: SELECT `id`,`name`,`title`,`field`,`type`,`value`,`remark`,`is_show`,`extra`,`model_id`,`is_must`,`status`,`update_time`,`create_time`,`validate_rule`,`validate_time`,`error_info`,`validate_type`,`auto_rule`,`auto_time`,`auto_type` FROM `onethink_attribute` WHERE `model_id` = 9 ORDER BY `id` desc LIMIT 0,10   [ RunTime:0.0008s ]
INFO: [ view_parse ] --START--
INFO: [ template_filter ] --START--
INFO: Run Behavior\ContentReplaceBehavior [ RunTime:0.000155s ]
INFO: [ template_filter ] --END-- [ RunTime:0.000194s ]
SQL: SHOW COLUMNS FROM `onethink_model` [ RunTime:0.0061s ]
SQL: SELECT `title` FROM `onethink_model` WHERE `id` = 9 LIMIT 1   [ RunTime:0.0004s ]
INFO: Run Behavior\ParseTemplateBehavior [ RunTime:0.021331s ]
INFO: [ view_parse ] --END-- [ RunTime:0.021393s ]
INFO: [ view_filter ] --START--
INFO: Run Behavior\WriteHtmlCacheBehavior [ RunTime:0.000723s ]
INFO: [ view_filter ] --END-- [ RunTime:0.000770s ]
INFO: [ app_end ] --START--
INFO: Run Behavior\ShowPageTraceBehavior [ RunTime:0.000893s ]
INFO: [ app_end ] --END-- [ RunTime:0.000962s ]

[ 2016-11-18T17:15:51+08:00 ] ::1 /ot/admin.php?s=/Attribute/add/model_id/9.html
INFO: [ app_init ] --START--
INFO: Run Behavior\BuildLiteBehavior [ RunTime:0.000012s ]
INFO: Run Common\Behavior\InitHookBehavior [ RunTime:0.002275s ]
INFO: [ app_init ] --END-- [ RunTime:0.002824s ]
INFO: [ app_begin ] --START--
INFO: Run Behavior\ReadHtmlCacheBehavior [ RunTime:0.000739s ]
INFO: [ app_begin ] --END-- [ RunTime:0.000817s ]
SQL: SHOW COLUMNS FROM `onethink_model` [ RunTime:0.0054s ]
SQL: SELECT `title`,`name`,`field_group` FROM `onethink_model` WHERE `id` = 9 LIMIT 1   [ RunTime:0.0004s ]
INFO: [ view_parse ] --START--
INFO: [ template_filter ] --START--
INFO: Run Behavior\ContentReplaceBehavior [ RunTime:0.000186s ]
INFO: [ template_filter ] --END-- [ RunTime:0.000232s ]
NOTIC: [8] Undefined index: id D:\phpStudy\WWW\ot\Runtime\Cache\Admin\5de3ad3cb2669b692ef5954e1c687884.php 第 89 行.
SQL: SELECT `title` FROM `onethink_model` WHERE `id` = 9 LIMIT 1   [ RunTime:0.0004s ]
NOTIC: [8] Undefined index: name D:\phpStudy\WWW\ot\Runtime\Cache\Admin\5de3ad3cb2669b692ef5954e1c687884.php 第 106 行.
NOTIC: [8] Undefined index: title D:\phpStudy\WWW\ot\Runtime\Cache\Admin\5de3ad3cb2669b692ef5954e1c687884.php 第 112 行.
NOTIC: [8] Undefined index: field D:\phpStudy\WWW\ot\Runtime\Cache\Admin\5de3ad3cb2669b692ef5954e1c687884.php 第 127 行.
NOTIC: [8] Undefined index: extra D:\phpStudy\WWW\ot\Runtime\Cache\Admin\5de3ad3cb2669b692ef5954e1c687884.php 第 134 行.
NOTIC: [8] Undefined index: value D:\phpStudy\WWW\ot\Runtime\Cache\Admin\5de3ad3cb2669b692ef5954e1c687884.php 第 141 行.
NOTIC: [8] Undefined index: remark D:\phpStudy\WWW\ot\Runtime\Cache\Admin\5de3ad3cb2669b692ef5954e1c687884.php 第 147 行.
NOTIC: [8] Undefined index: validate_rule D:\phpStudy\WWW\ot\Runtime\Cache\Admin\5de3ad3cb2669b692ef5954e1c687884.php 第 190 行.
NOTIC: [8] Undefined index: error_info D:\phpStudy\WWW\ot\Runtime\Cache\Admin\5de3ad3cb2669b692ef5954e1c687884.php 第 196 行.
NOTIC: [8] Undefined index: auto_rule D:\phpStudy\WWW\ot\Runtime\Cache\Admin\5de3ad3cb2669b692ef5954e1c687884.php 第 222 行.
NOTIC: [8] Undefined index: id D:\phpStudy\WWW\ot\Runtime\Cache\Admin\5de3ad3cb2669b692ef5954e1c687884.php 第 241 行.
INFO: Run Behavior\ParseTemplateBehavior [ RunTime:0.015614s ]
INFO: [ view_parse ] --END-- [ RunTime:0.015657s ]
INFO: [ view_filter ] --START--
INFO: Run Behavior\WriteHtmlCacheBehavior [ RunTime:0.000655s ]
INFO: [ view_filter ] --END-- [ RunTime:0.000691s ]
INFO: [ app_end ] --START--
INFO: Run Behavior\ShowPageTraceBehavior [ RunTime:0.000885s ]
INFO: [ app_end ] --END-- [ RunTime:0.000946s ]

[ 2016-11-18T17:16:33+08:00 ] ::1 /ot/admin.php?s=/Attribute/update.html
INFO: [ app_init ] --START--
INFO: Run Behavior\BuildLiteBehavior [ RunTime:0.000011s ]
INFO: Run Common\Behavior\InitHookBehavior [ RunTime:0.002986s ]
INFO: [ app_init ] --END-- [ RunTime:0.003420s ]
INFO: [ app_begin ] --START--
INFO: Run Behavior\ReadHtmlCacheBehavior [ RunTime:0.000683s ]
INFO: [ app_begin ] --END-- [ RunTime:0.000729s ]
SQL: SHOW COLUMNS FROM `onethink_attribute` [ RunTime:0.0062s ]
SQL: SELECT * FROM `onethink_attribute` WHERE `name` = 'amount' AND `model_id` = 9 LIMIT 1   [ RunTime:0.0006s ]
SQL: INSERT INTO `onethink_attribute` (`name`,`title`,`type`,`field`,`extra`,`value`,`remark`,`is_show`,`is_must`,`validate_type`,`validate_rule`,`error_info`,`validate_time`,`auto_type`,`auto_rule`,`auto_time`,`id`,`model_id`,`status`,`create_time`,`update_time`) VALUES ('amount','数据量','string','varchar(255) NOT NULL','','','','1','0','regex','','','3','function','','3','0','9','1','1479460593','1479460593') [ RunTime:0.0003s ]
SQL: SHOW COLUMNS FROM `onethink_model` [ RunTime:0.0065s ]
SQL: SELECT `name`,`extend` FROM `onethink_model` WHERE `id` = 9 LIMIT 1   [ RunTime:0.0003s ]
SQL:                 SHOW TABLES LIKE 'onethink_data'; [ RunTime:0.0008s ]
SQL:                 ALTER TABLE `onethink_data`
ADD COLUMN `amount`  varchar(255) NOT NULL  COMMENT '数据量'; [ RunTime:0.0637s ]
SQL: SELECT `name` FROM `onethink_model` WHERE `id` = 9 LIMIT 1   [ RunTime:0.0003s ]
SQL: SHOW COLUMNS FROM `onethink_action` [ RunTime:0.0051s ]
SQL: SELECT * FROM `onethink_action` WHERE `name` = 'update_attribute' LIMIT 1   [ RunTime:0.0004s ]
SQL: SHOW COLUMNS FROM `onethink_action_log` [ RunTime:0.0050s ]
SQL: INSERT INTO `onethink_action_log` (`action_id`,`user_id`,`action_ip`,`model`,`record_id`,`create_time`,`remark`) VALUES ('8','1','0','attribute','102','1479460593','操作url：/ot/admin.php?s=/Attribute/update.html') [ RunTime:0.0006s ]

[ 2016-11-18T17:16:35+08:00 ] ::1 /ot/admin.php?s=/Attribute/index/model_id/9/p/1.html
INFO: [ app_init ] --START--
INFO: Run Behavior\BuildLiteBehavior [ RunTime:0.000011s ]
INFO: Run Common\Behavior\InitHookBehavior [ RunTime:0.002756s ]
INFO: [ app_init ] --END-- [ RunTime:0.003272s ]
INFO: [ app_begin ] --START--
INFO: Run Behavior\ReadHtmlCacheBehavior [ RunTime:0.000673s ]
INFO: [ app_begin ] --END-- [ RunTime:0.000728s ]
SQL: SHOW COLUMNS FROM `onethink_attribute` [ RunTime:0.0059s ]
SQL: SELECT COUNT(*) AS tp_count FROM `onethink_attribute` WHERE `model_id` = 9 LIMIT 1   [ RunTime:0.0003s ]
SQL: SELECT `id`,`name`,`title`,`field`,`type`,`value`,`remark`,`is_show`,`extra`,`model_id`,`is_must`,`status`,`update_time`,`create_time`,`validate_rule`,`validate_time`,`error_info`,`validate_type`,`auto_rule`,`auto_time`,`auto_type` FROM `onethink_attribute` WHERE `model_id` = 9 ORDER BY `id` desc LIMIT 0,10   [ RunTime:0.0007s ]
INFO: [ view_parse ] --START--
INFO: [ template_filter ] --START--
INFO: Run Behavior\ContentReplaceBehavior [ RunTime:0.000135s ]
INFO: [ template_filter ] --END-- [ RunTime:0.000178s ]
SQL: SHOW COLUMNS FROM `onethink_model` [ RunTime:0.0054s ]
SQL: SELECT `title` FROM `onethink_model` WHERE `id` = 9 LIMIT 1   [ RunTime:0.0003s ]
INFO: Run Behavior\ParseTemplateBehavior [ RunTime:0.020644s ]
INFO: [ view_parse ] --END-- [ RunTime:0.020684s ]
INFO: [ view_filter ] --START--
INFO: Run Behavior\WriteHtmlCacheBehavior [ RunTime:0.000798s ]
INFO: [ view_filter ] --END-- [ RunTime:0.000835s ]
INFO: [ app_end ] --START--
INFO: Run Behavior\ShowPageTraceBehavior [ RunTime:0.000930s ]
INFO: [ app_end ] --END-- [ RunTime:0.001005s ]

[ 2016-11-18T17:16:36+08:00 ] ::1 /ot/admin.php?s=/Attribute/add/model_id/9.html
INFO: [ app_init ] --START--
INFO: Run Behavior\BuildLiteBehavior [ RunTime:0.000012s ]
INFO: Run Common\Behavior\InitHookBehavior [ RunTime:0.002774s ]
INFO: [ app_init ] --END-- [ RunTime:0.003221s ]
INFO: [ app_begin ] --START--
INFO: Run Behavior\ReadHtmlCacheBehavior [ RunTime:0.000650s ]
INFO: [ app_begin ] --END-- [ RunTime:0.000699s ]
SQL: SHOW COLUMNS FROM `onethink_model` [ RunTime:0.0057s ]
SQL: SELECT `title`,`name`,`field_group` FROM `onethink_model` WHERE `id` = 9 LIMIT 1   [ RunTime:0.0004s ]
INFO: [ view_parse ] --START--
INFO: [ template_filter ] --START--
INFO: Run Behavior\ContentReplaceBehavior [ RunTime:0.000244s ]
INFO: [ template_filter ] --END-- [ RunTime:0.000306s ]
NOTIC: [8] Undefined index: id D:\phpStudy\WWW\ot\Runtime\Cache\Admin\5de3ad3cb2669b692ef5954e1c687884.php 第 89 行.
SQL: SELECT `title` FROM `onethink_model` WHERE `id` = 9 LIMIT 1   [ RunTime:0.0005s ]
NOTIC: [8] Undefined index: name D:\phpStudy\WWW\ot\Runtime\Cache\Admin\5de3ad3cb2669b692ef5954e1c687884.php 第 106 行.
NOTIC: [8] Undefined index: title D:\phpStudy\WWW\ot\Runtime\Cache\Admin\5de3ad3cb2669b692ef5954e1c687884.php 第 112 行.
NOTIC: [8] Undefined index: field D:\phpStudy\WWW\ot\Runtime\Cache\Admin\5de3ad3cb2669b692ef5954e1c687884.php 第 127 行.
NOTIC: [8] Undefined index: extra D:\phpStudy\WWW\ot\Runtime\Cache\Admin\5de3ad3cb2669b692ef5954e1c687884.php 第 134 行.
NOTIC: [8] Undefined index: value D:\phpStudy\WWW\ot\Runtime\Cache\Admin\5de3ad3cb2669b692ef5954e1c687884.php 第 141 行.
NOTIC: [8] Undefined index: remark D:\phpStudy\WWW\ot\Runtime\Cache\Admin\5de3ad3cb2669b692ef5954e1c687884.php 第 147 行.
NOTIC: [8] Undefined index: validate_rule D:\phpStudy\WWW\ot\Runtime\Cache\Admin\5de3ad3cb2669b692ef5954e1c687884.php 第 190 行.
NOTIC: [8] Undefined index: error_info D:\phpStudy\WWW\ot\Runtime\Cache\Admin\5de3ad3cb2669b692ef5954e1c687884.php 第 196 行.
NOTIC: [8] Undefined index: auto_rule D:\phpStudy\WWW\ot\Runtime\Cache\Admin\5de3ad3cb2669b692ef5954e1c687884.php 第 222 行.
NOTIC: [8] Undefined index: id D:\phpStudy\WWW\ot\Runtime\Cache\Admin\5de3ad3cb2669b692ef5954e1c687884.php 第 241 行.
INFO: Run Behavior\ParseTemplateBehavior [ RunTime:0.021440s ]
INFO: [ view_parse ] --END-- [ RunTime:0.021493s ]
INFO: [ view_filter ] --START--
INFO: Run Behavior\WriteHtmlCacheBehavior [ RunTime:0.001012s ]
INFO: [ view_filter ] --END-- [ RunTime:0.001080s ]
INFO: [ app_end ] --START--
INFO: Run Behavior\ShowPageTraceBehavior [ RunTime:0.001116s ]
INFO: [ app_end ] --END-- [ RunTime:0.001186s ]

[ 2016-11-18T17:32:51+08:00 ] ::1 /ot/admin.php?s=/Attribute/update.html
INFO: [ app_init ] --START--
INFO: Run Behavior\BuildLiteBehavior [ RunTime:0.000014s ]
INFO: Run Common\Behavior\InitHookBehavior [ RunTime:0.002884s ]
INFO: [ app_init ] --END-- [ RunTime:0.003485s ]
INFO: [ app_begin ] --START--
INFO: Run Behavior\ReadHtmlCacheBehavior [ RunTime:0.001208s ]
INFO: [ app_begin ] --END-- [ RunTime:0.001311s ]
SQL: SHOW COLUMNS FROM `onethink_attribute` [ RunTime:0.0087s ]
SQL: SELECT * FROM `onethink_attribute` WHERE `name` = 'is_row' AND `model_id` = 9 LIMIT 1   [ RunTime:0.0007s ]
SQL: INSERT INTO `onethink_attribute` (`name`,`title`,`type`,`field`,`extra`,`value`,`remark`,`is_show`,`is_must`,`validate_type`,`validate_rule`,`error_info`,`validate_time`,`auto_type`,`auto_rule`,`auto_time`,`id`,`model_id`,`status`,`create_time`,`update_time`) VALUES ('is_row','是否为原始数据','num','int(1) UNSIGNED NOT NULL','','','','1','0','regex','','','3','function','','3','0','9','1','1479461571','1479461571') [ RunTime:0.0004s ]
SQL: SHOW COLUMNS FROM `onethink_model` [ RunTime:0.0060s ]
SQL: SELECT `name`,`extend` FROM `onethink_model` WHERE `id` = 9 LIMIT 1   [ RunTime:0.0004s ]
SQL:                 SHOW TABLES LIKE 'onethink_data'; [ RunTime:0.0007s ]
SQL:                 ALTER TABLE `onethink_data`
ADD COLUMN `is_row`  int(1) UNSIGNED NOT NULL  COMMENT '是否为原始数据'; [ RunTime:0.0620s ]
SQL: SELECT `name` FROM `onethink_model` WHERE `id` = 9 LIMIT 1   [ RunTime:0.0003s ]
SQL: SHOW COLUMNS FROM `onethink_action` [ RunTime:0.0076s ]
SQL: SELECT * FROM `onethink_action` WHERE `name` = 'update_attribute' LIMIT 1   [ RunTime:0.0005s ]
SQL: SHOW COLUMNS FROM `onethink_action_log` [ RunTime:0.0060s ]
SQL: INSERT INTO `onethink_action_log` (`action_id`,`user_id`,`action_ip`,`model`,`record_id`,`create_time`,`remark`) VALUES ('8','1','0','attribute','103','1479461571','操作url：/ot/admin.php?s=/Attribute/update.html') [ RunTime:0.0005s ]

[ 2016-11-18T17:32:53+08:00 ] ::1 /ot/admin.php?s=/Attribute/index/model_id/9/p/1.html
INFO: [ app_init ] --START--
INFO: Run Behavior\BuildLiteBehavior [ RunTime:0.000011s ]
INFO: Run Common\Behavior\InitHookBehavior [ RunTime:0.002535s ]
INFO: [ app_init ] --END-- [ RunTime:0.003033s ]
INFO: [ app_begin ] --START--
INFO: Run Behavior\ReadHtmlCacheBehavior [ RunTime:0.001821s ]
INFO: [ app_begin ] --END-- [ RunTime:0.002023s ]
SQL: SHOW COLUMNS FROM `onethink_attribute` [ RunTime:0.0060s ]
SQL: SELECT COUNT(*) AS tp_count FROM `onethink_attribute` WHERE `model_id` = 9 LIMIT 1   [ RunTime:0.0005s ]
SQL: SELECT `id`,`name`,`title`,`field`,`type`,`value`,`remark`,`is_show`,`extra`,`model_id`,`is_must`,`status`,`update_time`,`create_time`,`validate_rule`,`validate_time`,`error_info`,`validate_type`,`auto_rule`,`auto_time`,`auto_type` FROM `onethink_attribute` WHERE `model_id` = 9 ORDER BY `id` desc LIMIT 0,10   [ RunTime:0.0009s ]
INFO: [ view_parse ] --START--
INFO: [ template_filter ] --START--
INFO: Run Behavior\ContentReplaceBehavior [ RunTime:0.000150s ]
INFO: [ template_filter ] --END-- [ RunTime:0.000206s ]
SQL: SHOW COLUMNS FROM `onethink_model` [ RunTime:0.0078s ]
SQL: SELECT `title` FROM `onethink_model` WHERE `id` = 9 LIMIT 1   [ RunTime:0.0005s ]
INFO: Run Behavior\ParseTemplateBehavior [ RunTime:0.026459s ]
INFO: [ view_parse ] --END-- [ RunTime:0.026541s ]
INFO: [ view_filter ] --START--
INFO: Run Behavior\WriteHtmlCacheBehavior [ RunTime:0.001001s ]
INFO: [ view_filter ] --END-- [ RunTime:0.001211s ]
INFO: [ app_end ] --START--
INFO: Run Behavior\ShowPageTraceBehavior [ RunTime:0.002057s ]
INFO: [ app_end ] --END-- [ RunTime:0.002155s ]

[ 2016-11-18T17:41:24+08:00 ] ::1 /ot/admin.php?s=/Attribute/add/model_id/9.html
INFO: [ app_init ] --START--
INFO: Run Behavior\BuildLiteBehavior [ RunTime:0.000013s ]
INFO: Run Common\Behavior\InitHookBehavior [ RunTime:0.003115s ]
INFO: [ app_init ] --END-- [ RunTime:0.003647s ]
INFO: [ app_begin ] --START--
INFO: Run Behavior\ReadHtmlCacheBehavior [ RunTime:0.001066s ]
INFO: [ app_begin ] --END-- [ RunTime:0.001152s ]
SQL: SHOW COLUMNS FROM `onethink_model` [ RunTime:0.0070s ]
SQL: SELECT `title`,`name`,`field_group` FROM `onethink_model` WHERE `id` = 9 LIMIT 1   [ RunTime:0.0005s ]
INFO: [ view_parse ] --START--
INFO: [ template_filter ] --START--
INFO: Run Behavior\ContentReplaceBehavior [ RunTime:0.000178s ]
INFO: [ template_filter ] --END-- [ RunTime:0.000218s ]
NOTIC: [8] Undefined index: id D:\phpStudy\WWW\ot\Runtime\Cache\Admin\5de3ad3cb2669b692ef5954e1c687884.php 第 89 行.
SQL: SELECT `title` FROM `onethink_model` WHERE `id` = 9 LIMIT 1   [ RunTime:0.0004s ]
NOTIC: [8] Undefined index: name D:\phpStudy\WWW\ot\Runtime\Cache\Admin\5de3ad3cb2669b692ef5954e1c687884.php 第 106 行.
NOTIC: [8] Undefined index: title D:\phpStudy\WWW\ot\Runtime\Cache\Admin\5de3ad3cb2669b692ef5954e1c687884.php 第 112 行.
NOTIC: [8] Undefined index: field D:\phpStudy\WWW\ot\Runtime\Cache\Admin\5de3ad3cb2669b692ef5954e1c687884.php 第 127 行.
NOTIC: [8] Undefined index: extra D:\phpStudy\WWW\ot\Runtime\Cache\Admin\5de3ad3cb2669b692ef5954e1c687884.php 第 134 行.
NOTIC: [8] Undefined index: value D:\phpStudy\WWW\ot\Runtime\Cache\Admin\5de3ad3cb2669b692ef5954e1c687884.php 第 141 行.
NOTIC: [8] Undefined index: remark D:\phpStudy\WWW\ot\Runtime\Cache\Admin\5de3ad3cb2669b692ef5954e1c687884.php 第 147 行.
NOTIC: [8] Undefined index: validate_rule D:\phpStudy\WWW\ot\Runtime\Cache\Admin\5de3ad3cb2669b692ef5954e1c687884.php 第 190 行.
NOTIC: [8] Undefined index: error_info D:\phpStudy\WWW\ot\Runtime\Cache\Admin\5de3ad3cb2669b692ef5954e1c687884.php 第 196 行.
NOTIC: [8] Undefined index: auto_rule D:\phpStudy\WWW\ot\Runtime\Cache\Admin\5de3ad3cb2669b692ef5954e1c687884.php 第 222 行.
NOTIC: [8] Undefined index: id D:\phpStudy\WWW\ot\Runtime\Cache\Admin\5de3ad3cb2669b692ef5954e1c687884.php 第 241 行.
INFO: Run Behavior\ParseTemplateBehavior [ RunTime:0.016732s ]
INFO: [ view_parse ] --END-- [ RunTime:0.016771s ]
INFO: [ view_filter ] --START--
INFO: Run Behavior\WriteHtmlCacheBehavior [ RunTime:0.000607s ]
INFO: [ view_filter ] --END-- [ RunTime:0.000638s ]
INFO: [ app_end ] --START--
INFO: Run Behavior\ShowPageTraceBehavior [ RunTime:0.000650s ]
INFO: [ app_end ] --END-- [ RunTime:0.000699s ]

[ 2016-11-18T17:43:24+08:00 ] ::1 /ot/admin.php?s=/Attribute/update.html
INFO: [ app_init ] --START--
INFO: Run Behavior\BuildLiteBehavior [ RunTime:0.000014s ]
INFO: Run Common\Behavior\InitHookBehavior [ RunTime:0.002969s ]
INFO: [ app_init ] --END-- [ RunTime:0.003609s ]
INFO: [ app_begin ] --START--
INFO: Run Behavior\ReadHtmlCacheBehavior [ RunTime:0.000742s ]
INFO: [ app_begin ] --END-- [ RunTime:0.000810s ]
SQL: SHOW COLUMNS FROM `onethink_attribute` [ RunTime:0.0055s ]
SQL: SELECT * FROM `onethink_attribute` WHERE `name` = 'amount' AND `model_id` = 9 LIMIT 1   [ RunTime:0.0006s ]

[ 2016-11-18T17:43:37+08:00 ] ::1 /ot/admin.php?s=/model/edit/id/9.html
INFO: [ app_init ] --START--
INFO: Run Behavior\BuildLiteBehavior [ RunTime:0.000014s ]
INFO: Run Common\Behavior\InitHookBehavior [ RunTime:0.002745s ]
INFO: [ app_init ] --END-- [ RunTime:0.003254s ]
INFO: [ app_begin ] --START--
INFO: Run Behavior\ReadHtmlCacheBehavior [ RunTime:0.000686s ]
INFO: [ app_begin ] --END-- [ RunTime:0.000733s ]
SQL: SHOW COLUMNS FROM `onethink_model` [ RunTime:0.0055s ]
SQL: SELECT `id`,`name`,`title`,`extend`,`relation`,`need_pk`,`field_sort`,`field_group`,`attribute_list`,`attribute_alias`,`template_list`,`template_add`,`template_edit`,`list_grid`,`list_row`,`search_key`,`search_list`,`create_time`,`update_time`,`status`,`engine_type` FROM `onethink_model` WHERE `id` = 9 LIMIT 1   [ RunTime:0.0006s ]
SQL: SHOW COLUMNS FROM `onethink_attribute` [ RunTime:0.0057s ]
SQL: SELECT `id`,`name`,`title`,`is_show` FROM `onethink_attribute` WHERE `model_id` = 9  [ RunTime:0.0008s ]
INFO: [ view_parse ] --START--
INFO: [ template_filter ] --START--
INFO: Run Behavior\ContentReplaceBehavior [ RunTime:0.000211s ]
INFO: [ template_filter ] --END-- [ RunTime:0.000261s ]
NOTIC: [2] in_array() expects parameter 2 to be array, string given D:\phpStudy\WWW\ot\Runtime\Cache\Admin\4bc4913b407324fb4d494724d5710d65.php 第 137 行.
NOTIC: [2] in_array() expects parameter 2 to be array, string given D:\phpStudy\WWW\ot\Runtime\Cache\Admin\4bc4913b407324fb4d494724d5710d65.php 第 137 行.
NOTIC: [2] in_array() expects parameter 2 to be array, string given D:\phpStudy\WWW\ot\Runtime\Cache\Admin\4bc4913b407324fb4d494724d5710d65.php 第 137 行.
NOTIC: [2] in_array() expects parameter 2 to be array, string given D:\phpStudy\WWW\ot\Runtime\Cache\Admin\4bc4913b407324fb4d494724d5710d65.php 第 137 行.
NOTIC: [2] in_array() expects parameter 2 to be array, string given D:\phpStudy\WWW\ot\Runtime\Cache\Admin\4bc4913b407324fb4d494724d5710d65.php 第 137 行.
NOTIC: [2] in_array() expects parameter 2 to be array, string given D:\phpStudy\WWW\ot\Runtime\Cache\Admin\4bc4913b407324fb4d494724d5710d65.php 第 137 行.
NOTIC: [2] in_array() expects parameter 2 to be array, string given D:\phpStudy\WWW\ot\Runtime\Cache\Admin\4bc4913b407324fb4d494724d5710d65.php 第 137 行.
NOTIC: [2] in_array() expects parameter 2 to be array, string given D:\phpStudy\WWW\ot\Runtime\Cache\Admin\4bc4913b407324fb4d494724d5710d65.php 第 137 行.
NOTIC: [2] in_array() expects parameter 2 to be array, string given D:\phpStudy\WWW\ot\Runtime\Cache\Admin\4bc4913b407324fb4d494724d5710d65.php 第 137 行.
NOTIC: [2] in_array() expects parameter 2 to be array, string given D:\phpStudy\WWW\ot\Runtime\Cache\Admin\4bc4913b407324fb4d494724d5710d65.php 第 137 行.
NOTIC: [2] in_array() expects parameter 2 to be array, string given D:\phpStudy\WWW\ot\Runtime\Cache\Admin\4bc4913b407324fb4d494724d5710d65.php 第 137 行.
NOTIC: [2] in_array() expects parameter 2 to be array, string given D:\phpStudy\WWW\ot\Runtime\Cache\Admin\4bc4913b407324fb4d494724d5710d65.php 第 137 行.
NOTIC: [2] in_array() expects parameter 2 to be array, string given D:\phpStudy\WWW\ot\Runtime\Cache\Admin\4bc4913b407324fb4d494724d5710d65.php 第 137 行.
NOTIC: [2] in_array() expects parameter 2 to be array, string given D:\phpStudy\WWW\ot\Runtime\Cache\Admin\4bc4913b407324fb4d494724d5710d65.php 第 137 行.
NOTIC: [2] in_array() expects parameter 2 to be array, string given D:\phpStudy\WWW\ot\Runtime\Cache\Admin\4bc4913b407324fb4d494724d5710d65.php 第 137 行.
NOTIC: [8] Undefined index: group D:\phpStudy\WWW\ot\Runtime\Cache\Admin\4bc4913b407324fb4d494724d5710d65.php 第 163 行.
NOTIC: [8] Undefined index: group D:\phpStudy\WWW\ot\Runtime\Cache\Admin\4bc4913b407324fb4d494724d5710d65.php 第 163 行.
NOTIC: [8] Undefined index: group D:\phpStudy\WWW\ot\Runtime\Cache\Admin\4bc4913b407324fb4d494724d5710d65.php 第 163 行.
NOTIC: [8] Undefined index: group D:\phpStudy\WWW\ot\Runtime\Cache\Admin\4bc4913b407324fb4d494724d5710d65.php 第 163 行.
NOTIC: [8] Undefined index: group D:\phpStudy\WWW\ot\Runtime\Cache\Admin\4bc4913b407324fb4d494724d5710d65.php 第 163 行.
NOTIC: [8] Undefined index: group D:\phpStudy\WWW\ot\Runtime\Cache\Admin\4bc4913b407324fb4d494724d5710d65.php 第 163 行.
NOTIC: [8] Undefined index: group D:\phpStudy\WWW\ot\Runtime\Cache\Admin\4bc4913b407324fb4d494724d5710d65.php 第 163 行.
NOTIC: [8] Undefined index: group D:\phpStudy\WWW\ot\Runtime\Cache\Admin\4bc4913b407324fb4d494724d5710d65.php 第 163 行.
NOTIC: [8] Undefined index: group D:\phpStudy\WWW\ot\Runtime\Cache\Admin\4bc4913b407324fb4d494724d5710d65.php 第 163 行.
NOTIC: [8] Undefined index: group D:\phpStudy\WWW\ot\Runtime\Cache\Admin\4bc4913b407324fb4d494724d5710d65.php 第 163 行.
NOTIC: [8] Undefined index: group D:\phpStudy\WWW\ot\Runtime\Cache\Admin\4bc4913b407324fb4d494724d5710d65.php 第 163 行.
NOTIC: [8] Undefined index: group D:\phpStudy\WWW\ot\Runtime\Cache\Admin\4bc4913b407324fb4d494724d5710d65.php 第 163 行.
NOTIC: [8] Undefined index: group D:\phpStudy\WWW\ot\Runtime\Cache\Admin\4bc4913b407324fb4d494724d5710d65.php 第 163 行.
NOTIC: [8] Undefined index: group D:\phpStudy\WWW\ot\Runtime\Cache\Admin\4bc4913b407324fb4d494724d5710d65.php 第 163 行.
NOTIC: [8] Undefined index: group D:\phpStudy\WWW\ot\Runtime\Cache\Admin\4bc4913b407324fb4d494724d5710d65.php 第 163 行.
INFO: Run Behavior\ParseTemplateBehavior [ RunTime:0.016152s ]
INFO: [ view_parse ] --END-- [ RunTime:0.016204s ]
INFO: [ view_filter ] --START--
INFO: Run Behavior\WriteHtmlCacheBehavior [ RunTime:0.000519s ]
INFO: [ view_filter ] --END-- [ RunTime:0.000553s ]
INFO: [ app_end ] --START--
INFO: Run Behavior\ShowPageTraceBehavior [ RunTime:0.000807s ]
INFO: [ app_end ] --END-- [ RunTime:0.000860s ]

[ 2016-11-18T17:44:14+08:00 ] ::1 /ot/admin.php?s=/Attribute/update.html
INFO: [ app_init ] --START--
INFO: Run Behavior\BuildLiteBehavior [ RunTime:0.000011s ]
INFO: Run Common\Behavior\InitHookBehavior [ RunTime:0.002478s ]
INFO: [ app_init ] --END-- [ RunTime:0.002973s ]
INFO: [ app_begin ] --START--
INFO: Run Behavior\ReadHtmlCacheBehavior [ RunTime:0.000671s ]
INFO: [ app_begin ] --END-- [ RunTime:0.000717s ]
SQL: SHOW COLUMNS FROM `onethink_attribute` [ RunTime:0.0054s ]
SQL: SELECT * FROM `onethink_attribute` WHERE `name` = 'origin_name' AND `model_id` = 9 LIMIT 1   [ RunTime:0.0006s ]
SQL: INSERT INTO `onethink_attribute` (`name`,`title`,`type`,`field`,`extra`,`value`,`remark`,`is_show`,`is_must`,`validate_type`,`validate_rule`,`error_info`,`validate_time`,`auto_type`,`auto_rule`,`auto_time`,`id`,`model_id`,`status`,`create_time`,`update_time`) VALUES ('origin_name','原始文件名','string','varchar(255) NOT NULL','','','','1','0','regex','','','3','function','','3','0','9','1','1479462254','1479462254') [ RunTime:0.0004s ]
SQL: SHOW COLUMNS FROM `onethink_model` [ RunTime:0.0051s ]
SQL: SELECT `name`,`extend` FROM `onethink_model` WHERE `id` = 9 LIMIT 1   [ RunTime:0.0003s ]
SQL:                 SHOW TABLES LIKE 'onethink_data'; [ RunTime:0.0006s ]
SQL:                 ALTER TABLE `onethink_data`
ADD COLUMN `origin_name`  varchar(255) NOT NULL  COMMENT '原始文件名'; [ RunTime:0.1231s ]
SQL: SELECT `name` FROM `onethink_model` WHERE `id` = 9 LIMIT 1   [ RunTime:0.0005s ]
SQL: SHOW COLUMNS FROM `onethink_action` [ RunTime:0.0076s ]
SQL: SELECT * FROM `onethink_action` WHERE `name` = 'update_attribute' LIMIT 1   [ RunTime:0.0006s ]
SQL: SHOW COLUMNS FROM `onethink_action_log` [ RunTime:0.0078s ]
SQL: INSERT INTO `onethink_action_log` (`action_id`,`user_id`,`action_ip`,`model`,`record_id`,`create_time`,`remark`) VALUES ('8','1','0','attribute','104','1479462254','操作url：/ot/admin.php?s=/Attribute/update.html') [ RunTime:0.0005s ]

[ 2016-11-18T17:44:16+08:00 ] ::1 /ot/admin.php?s=/Attribute/index/model_id/9/p/1.html
INFO: [ app_init ] --START--
INFO: Run Behavior\BuildLiteBehavior [ RunTime:0.000035s ]
INFO: Run Common\Behavior\InitHookBehavior [ RunTime:0.003481s ]
INFO: [ app_init ] --END-- [ RunTime:0.005370s ]
INFO: [ app_begin ] --START--
INFO: Run Behavior\ReadHtmlCacheBehavior [ RunTime:0.000864s ]
INFO: [ app_begin ] --END-- [ RunTime:0.000944s ]
SQL: SHOW COLUMNS FROM `onethink_attribute` [ RunTime:0.0050s ]
SQL: SELECT COUNT(*) AS tp_count FROM `onethink_attribute` WHERE `model_id` = 9 LIMIT 1   [ RunTime:0.0004s ]
SQL: SELECT `id`,`name`,`title`,`field`,`type`,`value`,`remark`,`is_show`,`extra`,`model_id`,`is_must`,`status`,`update_time`,`create_time`,`validate_rule`,`validate_time`,`error_info`,`validate_type`,`auto_rule`,`auto_time`,`auto_type` FROM `onethink_attribute` WHERE `model_id` = 9 ORDER BY `id` desc LIMIT 0,10   [ RunTime:0.0008s ]
INFO: [ view_parse ] --START--
INFO: [ template_filter ] --START--
INFO: Run Behavior\ContentReplaceBehavior [ RunTime:0.000133s ]
INFO: [ template_filter ] --END-- [ RunTime:0.000182s ]
SQL: SHOW COLUMNS FROM `onethink_model` [ RunTime:0.0058s ]
SQL: SELECT `title` FROM `onethink_model` WHERE `id` = 9 LIMIT 1   [ RunTime:0.0003s ]
INFO: Run Behavior\ParseTemplateBehavior [ RunTime:0.021965s ]
INFO: [ view_parse ] --END-- [ RunTime:0.022008s ]
INFO: [ view_filter ] --START--
INFO: Run Behavior\WriteHtmlCacheBehavior [ RunTime:0.000655s ]
INFO: [ view_filter ] --END-- [ RunTime:0.000689s ]
INFO: [ app_end ] --START--
INFO: Run Behavior\ShowPageTraceBehavior [ RunTime:0.000872s ]
INFO: [ app_end ] --END-- [ RunTime:0.000944s ]

[ 2016-11-18T17:44:20+08:00 ] ::1 /ot/admin.php?s=/Attribute/add/model_id/9.html
INFO: [ app_init ] --START--
INFO: Run Behavior\BuildLiteBehavior [ RunTime:0.000014s ]
INFO: Run Common\Behavior\InitHookBehavior [ RunTime:0.003087s ]
INFO: [ app_init ] --END-- [ RunTime:0.003749s ]
INFO: [ app_begin ] --START--
INFO: Run Behavior\ReadHtmlCacheBehavior [ RunTime:0.000984s ]
INFO: [ app_begin ] --END-- [ RunTime:0.001158s ]
SQL: SHOW COLUMNS FROM `onethink_model` [ RunTime:0.0053s ]
SQL: SELECT `title`,`name`,`field_group` FROM `onethink_model` WHERE `id` = 9 LIMIT 1   [ RunTime:0.0004s ]
INFO: [ view_parse ] --START--
INFO: [ template_filter ] --START--
INFO: Run Behavior\ContentReplaceBehavior [ RunTime:0.000246s ]
INFO: [ template_filter ] --END-- [ RunTime:0.000309s ]
NOTIC: [8] Undefined index: id D:\phpStudy\WWW\ot\Runtime\Cache\Admin\5de3ad3cb2669b692ef5954e1c687884.php 第 89 行.
SQL: SELECT `title` FROM `onethink_model` WHERE `id` = 9 LIMIT 1   [ RunTime:0.0005s ]
NOTIC: [8] Undefined index: name D:\phpStudy\WWW\ot\Runtime\Cache\Admin\5de3ad3cb2669b692ef5954e1c687884.php 第 106 行.
NOTIC: [8] Undefined index: title D:\phpStudy\WWW\ot\Runtime\Cache\Admin\5de3ad3cb2669b692ef5954e1c687884.php 第 112 行.
NOTIC: [8] Undefined index: field D:\phpStudy\WWW\ot\Runtime\Cache\Admin\5de3ad3cb2669b692ef5954e1c687884.php 第 127 行.
NOTIC: [8] Undefined index: extra D:\phpStudy\WWW\ot\Runtime\Cache\Admin\5de3ad3cb2669b692ef5954e1c687884.php 第 134 行.
NOTIC: [8] Undefined index: value D:\phpStudy\WWW\ot\Runtime\Cache\Admin\5de3ad3cb2669b692ef5954e1c687884.php 第 141 行.
NOTIC: [8] Undefined index: remark D:\phpStudy\WWW\ot\Runtime\Cache\Admin\5de3ad3cb2669b692ef5954e1c687884.php 第 147 行.
NOTIC: [8] Undefined index: validate_rule D:\phpStudy\WWW\ot\Runtime\Cache\Admin\5de3ad3cb2669b692ef5954e1c687884.php 第 190 行.
NOTIC: [8] Undefined index: error_info D:\phpStudy\WWW\ot\Runtime\Cache\Admin\5de3ad3cb2669b692ef5954e1c687884.php 第 196 行.
NOTIC: [8] Undefined index: auto_rule D:\phpStudy\WWW\ot\Runtime\Cache\Admin\5de3ad3cb2669b692ef5954e1c687884.php 第 222 行.
NOTIC: [8] Undefined index: id D:\phpStudy\WWW\ot\Runtime\Cache\Admin\5de3ad3cb2669b692ef5954e1c687884.php 第 241 行.
INFO: Run Behavior\ParseTemplateBehavior [ RunTime:0.016563s ]
INFO: [ view_parse ] --END-- [ RunTime:0.016605s ]
INFO: [ view_filter ] --START--
INFO: Run Behavior\WriteHtmlCacheBehavior [ RunTime:0.000587s ]
INFO: [ view_filter ] --END-- [ RunTime:0.000623s ]
INFO: [ app_end ] --START--
INFO: Run Behavior\ShowPageTraceBehavior [ RunTime:0.000616s ]
INFO: [ app_end ] --END-- [ RunTime:0.000658s ]

[ 2016-11-18T17:44:43+08:00 ] ::1 /ot/admin.php?s=/Attribute/update.html
INFO: [ app_init ] --START--
INFO: Run Behavior\BuildLiteBehavior [ RunTime:0.000013s ]
INFO: Run Common\Behavior\InitHookBehavior [ RunTime:0.002845s ]
INFO: [ app_init ] --END-- [ RunTime:0.003433s ]
INFO: [ app_begin ] --START--
INFO: Run Behavior\ReadHtmlCacheBehavior [ RunTime:0.000803s ]
INFO: [ app_begin ] --END-- [ RunTime:0.000853s ]
SQL: SHOW COLUMNS FROM `onethink_attribute` [ RunTime:0.0049s ]
SQL: SELECT * FROM `onethink_attribute` WHERE `name` = 'new_name' AND `model_id` = 9 LIMIT 1   [ RunTime:0.0006s ]
SQL: INSERT INTO `onethink_attribute` (`name`,`title`,`type`,`field`,`extra`,`value`,`remark`,`is_show`,`is_must`,`validate_type`,`validate_rule`,`error_info`,`validate_time`,`auto_type`,`auto_rule`,`auto_time`,`id`,`model_id`,`status`,`create_time`,`update_time`) VALUES ('new_name','新文件名','string','varchar(255) NOT NULL','','','','1','0','regex','','','3','function','','3','0','9','1','1479462283','1479462283') [ RunTime:0.0004s ]
SQL: SHOW COLUMNS FROM `onethink_model` [ RunTime:0.0058s ]
SQL: SELECT `name`,`extend` FROM `onethink_model` WHERE `id` = 9 LIMIT 1   [ RunTime:0.0004s ]
SQL:                 SHOW TABLES LIKE 'onethink_data'; [ RunTime:0.0007s ]
SQL:                 ALTER TABLE `onethink_data`
ADD COLUMN `new_name`  varchar(255) NOT NULL  COMMENT '新文件名'; [ RunTime:0.1061s ]
SQL: SELECT `name` FROM `onethink_model` WHERE `id` = 9 LIMIT 1   [ RunTime:0.0011s ]
SQL: SHOW COLUMNS FROM `onethink_action` [ RunTime:0.0125s ]
SQL: SELECT * FROM `onethink_action` WHERE `name` = 'update_attribute' LIMIT 1   [ RunTime:0.0009s ]
SQL: SHOW COLUMNS FROM `onethink_action_log` [ RunTime:0.0081s ]
SQL: INSERT INTO `onethink_action_log` (`action_id`,`user_id`,`action_ip`,`model`,`record_id`,`create_time`,`remark`) VALUES ('8','1','0','attribute','105','1479462283','操作url：/ot/admin.php?s=/Attribute/update.html') [ RunTime:0.0005s ]

[ 2016-11-18T17:44:44+08:00 ] ::1 /ot/admin.php?s=/Attribute/index/model_id/9/p/1.html
INFO: [ app_init ] --START--
INFO: Run Behavior\BuildLiteBehavior [ RunTime:0.000015s ]
INFO: Run Common\Behavior\InitHookBehavior [ RunTime:0.003554s ]
INFO: [ app_init ] --END-- [ RunTime:0.004239s ]
INFO: [ app_begin ] --START--
INFO: Run Behavior\ReadHtmlCacheBehavior [ RunTime:0.000993s ]
INFO: [ app_begin ] --END-- [ RunTime:0.001066s ]
SQL: SHOW COLUMNS FROM `onethink_attribute` [ RunTime:0.0052s ]
SQL: SELECT COUNT(*) AS tp_count FROM `onethink_attribute` WHERE `model_id` = 9 LIMIT 1   [ RunTime:0.0004s ]
SQL: SELECT `id`,`name`,`title`,`field`,`type`,`value`,`remark`,`is_show`,`extra`,`model_id`,`is_must`,`status`,`update_time`,`create_time`,`validate_rule`,`validate_time`,`error_info`,`validate_type`,`auto_rule`,`auto_time`,`auto_type` FROM `onethink_attribute` WHERE `model_id` = 9 ORDER BY `id` desc LIMIT 0,10   [ RunTime:0.0008s ]
INFO: [ view_parse ] --START--
INFO: [ template_filter ] --START--
INFO: Run Behavior\ContentReplaceBehavior [ RunTime:0.000295s ]
INFO: [ template_filter ] --END-- [ RunTime:0.000350s ]
SQL: SHOW COLUMNS FROM `onethink_model` [ RunTime:0.0045s ]
SQL: SELECT `title` FROM `onethink_model` WHERE `id` = 9 LIMIT 1   [ RunTime:0.0003s ]
INFO: Run Behavior\ParseTemplateBehavior [ RunTime:0.020260s ]
INFO: [ view_parse ] --END-- [ RunTime:0.020309s ]
INFO: [ view_filter ] --START--
INFO: Run Behavior\WriteHtmlCacheBehavior [ RunTime:0.000599s ]
INFO: [ view_filter ] --END-- [ RunTime:0.000633s ]
INFO: [ app_end ] --START--
INFO: Run Behavior\ShowPageTraceBehavior [ RunTime:0.000869s ]
INFO: [ app_end ] --END-- [ RunTime:0.000939s ]

