[ 2016-11-19T19:39:04+08:00 ] ::1 /ot/admin.php
INFO: [ app_init ] --START--
INFO: Run Behavior\BuildLiteBehavior [ RunTime:0.000012s ]
INFO: Run Common\Behavior\InitHookBehavior [ RunTime:0.003054s ]
INFO: [ app_init ] --END-- [ RunTime:0.003582s ]
INFO: [ app_begin ] --START--
INFO: Run Behavior\ReadHtmlCacheBehavior [ RunTime:0.001113s ]
INFO: [ app_begin ] --END-- [ RunTime:0.001196s ]
SQL: SHOW COLUMNS FROM `onethink_menu` [ RunTime:0.0067s ]
SQL: SELECT `id`,`title`,`url` FROM `onethink_menu` WHERE `pid` = 0 AND `hide` = 0 ORDER BY `sort` asc  [ RunTime:0.0005s ]
SQL: SELECT `pid` FROM `onethink_menu` WHERE ( pid !=0 AND url like '%Index/index%' ) LIMIT 1   [ RunTime:0.0009s ]
INFO: [ view_parse ] --START--
INFO: [ template_filter ] --START--
INFO: Run Behavior\ContentReplaceBehavior [ RunTime:0.000119s ]
INFO: [ template_filter ] --END-- [ RunTime:0.000167s ]
INFO: [ AdminIndex ] --START--
SQL: SHOW COLUMNS FROM `onethink_addons` [ RunTime:0.0056s ]
SQL: SELECT `config` FROM `onethink_addons` WHERE `name` = 'SiteStat' AND `status` = 1 LIMIT 1   [ RunTime:0.0046s ]
SQL: SHOW COLUMNS FROM `onethink_member` [ RunTime:0.0062s ]
SQL: SELECT COUNT(*) AS tp_count FROM `onethink_member` LIMIT 1   [ RunTime:0.0004s ]
SQL: SHOW COLUMNS FROM `onethink_action_log` [ RunTime:0.0052s ]
SQL: SELECT COUNT(*) AS tp_count FROM `onethink_action_log` LIMIT 1   [ RunTime:0.0003s ]
SQL: SHOW COLUMNS FROM `onethink_document` [ RunTime:0.0061s ]
SQL: SELECT COUNT(*) AS tp_count FROM `onethink_document` LIMIT 1   [ RunTime:0.0003s ]
SQL: SHOW COLUMNS FROM `onethink_category` [ RunTime:0.0059s ]
SQL: SELECT COUNT(*) AS tp_count FROM `onethink_category` LIMIT 1   [ RunTime:0.0004s ]
SQL: SHOW COLUMNS FROM `onethink_model` [ RunTime:0.0051s ]
SQL: SELECT COUNT(*) AS tp_count FROM `onethink_model` LIMIT 1   [ RunTime:0.0003s ]
INFO: [ view_parse ] --START--
INFO: [ template_filter ] --START--
INFO: Run Behavior\ContentReplaceBehavior [ RunTime:0.000034s ]
INFO: [ template_filter ] --END-- [ RunTime:-0.050579s ]
INFO: Run Behavior\ParseTemplateBehavior [ RunTime:0.002940s ]
INFO: [ view_parse ] --END-- [ RunTime:0.003012s ]
INFO: [ view_filter ] --START--
INFO: Run Behavior\WriteHtmlCacheBehavior [ RunTime:0.000617s ]
INFO: [ view_filter ] --END-- [ RunTime:0.000678s ]
INFO: Run Addons\SiteStat\SiteStatAddon [ RunTime:0.050010s ]
SQL: SELECT `config` FROM `onethink_addons` WHERE `name` = 'SystemInfo' AND `status` = 1 LIMIT 1   [ RunTime:0.0004s ]
INFO: [ view_parse ] --START--
INFO: [ template_filter ] --START--
INFO: Run Behavior\ContentReplaceBehavior [ RunTime:0.000072s ]
INFO: [ template_filter ] --END-- [ RunTime:-0.484282s ]
SQL: select version() as v; [ RunTime:0.0004s ]
INFO: Run Behavior\ParseTemplateBehavior [ RunTime:0.004494s ]
INFO: [ view_parse ] --END-- [ RunTime:-0.430172s ]
INFO: [ view_filter ] --START--
INFO: Run Behavior\WriteHtmlCacheBehavior [ RunTime:0.000010s ]
INFO: [ view_filter ] --END-- [ RunTime:-0.434050s ]
INFO: Run Addons\SystemInfo\SystemInfoAddon [ RunTime:0.434032s ]
SQL: SELECT `config` FROM `onethink_addons` WHERE `name` = 'DevTeam' AND `status` = 1 LIMIT 1   [ RunTime:0.0004s ]
INFO: [ view_parse ] --START--
INFO: [ template_filter ] --START--
INFO: Run Behavior\ContentReplaceBehavior [ RunTime:0.000037s ]
INFO: [ template_filter ] --END-- [ RunTime:-0.490128s ]
INFO: Run Behavior\ParseTemplateBehavior [ RunTime:0.002568s ]
INFO: [ view_parse ] --END-- [ RunTime:-0.436707s ]
INFO: [ view_filter ] --START--
INFO: Run Behavior\WriteHtmlCacheBehavior [ RunTime:0.000015s ]
INFO: [ view_filter ] --END-- [ RunTime:-0.438660s ]
INFO: Run Addons\DevTeam\DevTeamAddon [ RunTime:0.004629s ]
INFO: [ AdminIndex ] --END-- [ RunTime:0.488774s ]
INFO: Run Behavior\ParseTemplateBehavior [ RunTime:0.002794s ]
INFO: [ view_parse ] --END-- [ RunTime:-0.436707s ]
INFO: [ view_filter ] --START--
INFO: Run Behavior\WriteHtmlCacheBehavior [ RunTime:0.000011s ]
INFO: [ view_filter ] --END-- [ RunTime:-0.438850s ]
INFO: [ app_end ] --START--
INFO: Run Behavior\ShowPageTraceBehavior [ RunTime:0.001654s ]
INFO: [ app_end ] --END-- [ RunTime:0.001726s ]

[ 2016-11-19T19:39:06+08:00 ] ::1 /ot/admin.php?s=/Config/group.html
INFO: [ app_init ] --START--
INFO: Run Behavior\BuildLiteBehavior [ RunTime:0.000024s ]
INFO: Run Common\Behavior\InitHookBehavior [ RunTime:0.004621s ]
INFO: [ app_init ] --END-- [ RunTime:0.005435s ]
INFO: [ app_begin ] --START--
INFO: Run Behavior\ReadHtmlCacheBehavior [ RunTime:0.001028s ]
INFO: [ app_begin ] --END-- [ RunTime:0.001119s ]
SQL: SHOW COLUMNS FROM `onethink_menu` [ RunTime:0.0065s ]
SQL: SELECT `id`,`title`,`url` FROM `onethink_menu` WHERE `pid` = 0 AND `hide` = 0 ORDER BY `sort` asc  [ RunTime:0.0007s ]
SQL: SELECT `pid` FROM `onethink_menu` WHERE ( pid !=0 AND url like '%Config/group%' ) LIMIT 1   [ RunTime:0.0012s ]
SQL: SELECT * FROM `onethink_menu` WHERE `id` = 68 LIMIT 1   [ RunTime:0.0006s ]
SQL: SELECT DISTINCT  `group` FROM `onethink_menu` WHERE `group` <> '' AND `pid` = 68  [ RunTime:0.0007s ]
SQL: SELECT `id`,`url` FROM `onethink_menu` WHERE `pid` = 68 AND `hide` = 0  [ RunTime:0.0005s ]
SQL: SELECT `id`,`pid`,`title`,`url`,`tip` FROM `onethink_menu` WHERE `group` = '系统设置' AND `pid` = 68 AND `hide` = 0 ORDER BY `sort` asc  [ RunTime:0.0007s ]
SQL: SELECT `id`,`pid`,`title`,`url`,`tip` FROM `onethink_menu` WHERE `group` = '数据备份' AND `pid` = 68 AND `hide` = 0 ORDER BY `sort` asc  [ RunTime:0.0006s ]
SQL: SHOW COLUMNS FROM `onethink_config` [ RunTime:0.0061s ]
SQL: SELECT `id`,`name`,`title`,`extra`,`value`,`remark`,`type` FROM `onethink_config` WHERE `status` = 1 AND `group` = 1 ORDER BY `sort`  [ RunTime:0.0011s ]
INFO: [ view_parse ] --START--
INFO: [ template_filter ] --START--
INFO: Run Behavior\ContentReplaceBehavior [ RunTime:0.000235s ]
INFO: [ template_filter ] --END-- [ RunTime:0.000320s ]
INFO: Run Behavior\ParseTemplateBehavior [ RunTime:0.023956s ]
INFO: [ view_parse ] --END-- [ RunTime:0.024010s ]
INFO: [ view_filter ] --START--
INFO: Run Behavior\WriteHtmlCacheBehavior [ RunTime:0.000752s ]
INFO: [ view_filter ] --END-- [ RunTime:0.000798s ]
INFO: [ app_end ] --START--
INFO: Run Behavior\ShowPageTraceBehavior [ RunTime:0.001085s ]
INFO: [ app_end ] --END-- [ RunTime:0.001220s ]

[ 2016-11-19T19:39:09+08:00 ] ::1 /ot/admin.php?s=/Model/index.html
INFO: [ app_init ] --START--
INFO: Run Behavior\BuildLiteBehavior [ RunTime:0.000011s ]
INFO: Run Common\Behavior\InitHookBehavior [ RunTime:0.003134s ]
INFO: [ app_init ] --END-- [ RunTime:0.003639s ]
INFO: [ app_begin ] --START--
INFO: Run Behavior\ReadHtmlCacheBehavior [ RunTime:0.000732s ]
INFO: [ app_begin ] --END-- [ RunTime:0.000790s ]
SQL: SHOW COLUMNS FROM `onethink_menu` [ RunTime:0.0061s ]
SQL: SELECT `id`,`title`,`url` FROM `onethink_menu` WHERE `pid` = 0 AND `hide` = 0 ORDER BY `sort` asc  [ RunTime:0.0006s ]
SQL: SELECT `pid` FROM `onethink_menu` WHERE ( pid !=0 AND url like '%Model/index%' ) LIMIT 1   [ RunTime:0.0006s ]
SQL: SELECT * FROM `onethink_menu` WHERE `id` = 68 LIMIT 1   [ RunTime:0.0005s ]
SQL: SELECT DISTINCT  `group` FROM `onethink_menu` WHERE `group` <> '' AND `pid` = 68  [ RunTime:0.0007s ]
SQL: SELECT `id`,`url` FROM `onethink_menu` WHERE `pid` = 68 AND `hide` = 0  [ RunTime:0.0004s ]
SQL: SELECT `id`,`pid`,`title`,`url`,`tip` FROM `onethink_menu` WHERE `group` = '系统设置' AND `pid` = 68 AND `hide` = 0 ORDER BY `sort` asc  [ RunTime:0.0005s ]
SQL: SELECT `id`,`pid`,`title`,`url`,`tip` FROM `onethink_menu` WHERE `group` = '数据备份' AND `pid` = 68 AND `hide` = 0 ORDER BY `sort` asc  [ RunTime:0.0005s ]
SQL: SHOW COLUMNS FROM `onethink_model` [ RunTime:0.0054s ]
SQL: SELECT COUNT(*) AS tp_count FROM `onethink_model` WHERE `status` > -1 LIMIT 1   [ RunTime:0.0098s ]
SQL: SELECT `id`,`name`,`title`,`extend`,`relation`,`need_pk`,`field_sort`,`field_group`,`attribute_list`,`attribute_alias`,`template_list`,`template_add`,`template_edit`,`list_grid`,`list_row`,`search_key`,`search_list`,`create_time`,`update_time`,`status`,`engine_type` FROM `onethink_model` WHERE `status` > -1 ORDER BY `id` desc LIMIT 0,10   [ RunTime:0.0009s ]
INFO: [ view_parse ] --START--
INFO: [ template_filter ] --START--
INFO: Run Behavior\ContentReplaceBehavior [ RunTime:0.000196s ]
INFO: [ template_filter ] --END-- [ RunTime:0.000270s ]
INFO: Run Behavior\ParseTemplateBehavior [ RunTime:0.018040s ]
INFO: [ view_parse ] --END-- [ RunTime:0.018116s ]
INFO: [ view_filter ] --START--
INFO: Run Behavior\WriteHtmlCacheBehavior [ RunTime:0.000777s ]
INFO: [ view_filter ] --END-- [ RunTime:0.000835s ]
INFO: [ app_end ] --START--
INFO: Run Behavior\ShowPageTraceBehavior [ RunTime:0.001034s ]
INFO: [ app_end ] --END-- [ RunTime:0.001165s ]

[ 2016-11-19T19:39:11+08:00 ] ::1 /ot/admin.php?s=/model/edit/id/9.html
INFO: [ app_init ] --START--
INFO: Run Behavior\BuildLiteBehavior [ RunTime:0.000028s ]
INFO: Run Common\Behavior\InitHookBehavior [ RunTime:0.003622s ]
INFO: [ app_init ] --END-- [ RunTime:0.004915s ]
INFO: [ app_begin ] --START--
INFO: Run Behavior\ReadHtmlCacheBehavior [ RunTime:0.000903s ]
INFO: [ app_begin ] --END-- [ RunTime:0.000980s ]
SQL: SHOW COLUMNS FROM `onethink_model` [ RunTime:0.0064s ]
SQL: SELECT `id`,`name`,`title`,`extend`,`relation`,`need_pk`,`field_sort`,`field_group`,`attribute_list`,`attribute_alias`,`template_list`,`template_add`,`template_edit`,`list_grid`,`list_row`,`search_key`,`search_list`,`create_time`,`update_time`,`status`,`engine_type` FROM `onethink_model` WHERE `id` = 9 LIMIT 1   [ RunTime:0.0008s ]
SQL: SHOW COLUMNS FROM `onethink_attribute` [ RunTime:0.0069s ]
SQL: SELECT `id`,`name`,`title`,`is_show` FROM `onethink_attribute` WHERE `model_id` = 9  [ RunTime:0.0209s ]
INFO: [ view_parse ] --START--
INFO: [ template_filter ] --START--
INFO: Run Behavior\ContentReplaceBehavior [ RunTime:0.000322s ]
INFO: [ template_filter ] --END-- [ RunTime:0.000403s ]
NOTIC: [2] in_array() expects parameter 2 to be array, string given D:\phpStudy\WWW\ot\Runtime\Cache\Admin\4bc4913b407324fb4d494724d5710d65.php 第 137 行.
NOTIC: [2] in_array() expects parameter 2 to be array, string given D:\phpStudy\WWW\ot\Runtime\Cache\Admin\4bc4913b407324fb4d494724d5710d65.php 第 137 行.
NOTIC: [2] in_array() expects parameter 2 to be array, string given D:\phpStudy\WWW\ot\Runtime\Cache\Admin\4bc4913b407324fb4d494724d5710d65.php 第 137 行.
NOTIC: [2] in_array() expects parameter 2 to be array, string given D:\phpStudy\WWW\ot\Runtime\Cache\Admin\4bc4913b407324fb4d494724d5710d65.php 第 137 行.
NOTIC: [2] in_array() expects parameter 2 to be array, string given D:\phpStudy\WWW\ot\Runtime\Cache\Admin\4bc4913b407324fb4d494724d5710d65.php 第 137 行.
NOTIC: [2] in_array() expects parameter 2 to be array, string given D:\phpStudy\WWW\ot\Runtime\Cache\Admin\4bc4913b407324fb4d494724d5710d65.php 第 137 行.
NOTIC: [2] in_array() expects parameter 2 to be array, string given D:\phpStudy\WWW\ot\Runtime\Cache\Admin\4bc4913b407324fb4d494724d5710d65.php 第 137 行.
NOTIC: [2] in_array() expects parameter 2 to be array, string given D:\phpStudy\WWW\ot\Runtime\Cache\Admin\4bc4913b407324fb4d494724d5710d65.php 第 137 行.
NOTIC: [2] in_array() expects parameter 2 to be array, string given D:\phpStudy\WWW\ot\Runtime\Cache\Admin\4bc4913b407324fb4d494724d5710d65.php 第 137 行.
NOTIC: [2] in_array() expects parameter 2 to be array, string given D:\phpStudy\WWW\ot\Runtime\Cache\Admin\4bc4913b407324fb4d494724d5710d65.php 第 137 行.
NOTIC: [2] in_array() expects parameter 2 to be array, string given D:\phpStudy\WWW\ot\Runtime\Cache\Admin\4bc4913b407324fb4d494724d5710d65.php 第 137 行.
NOTIC: [2] in_array() expects parameter 2 to be array, string given D:\phpStudy\WWW\ot\Runtime\Cache\Admin\4bc4913b407324fb4d494724d5710d65.php 第 137 行.
NOTIC: [2] in_array() expects parameter 2 to be array, string given D:\phpStudy\WWW\ot\Runtime\Cache\Admin\4bc4913b407324fb4d494724d5710d65.php 第 137 行.
NOTIC: [2] in_array() expects parameter 2 to be array, string given D:\phpStudy\WWW\ot\Runtime\Cache\Admin\4bc4913b407324fb4d494724d5710d65.php 第 137 行.
NOTIC: [2] in_array() expects parameter 2 to be array, string given D:\phpStudy\WWW\ot\Runtime\Cache\Admin\4bc4913b407324fb4d494724d5710d65.php 第 137 行.
NOTIC: [2] in_array() expects parameter 2 to be array, string given D:\phpStudy\WWW\ot\Runtime\Cache\Admin\4bc4913b407324fb4d494724d5710d65.php 第 137 行.
NOTIC: [2] in_array() expects parameter 2 to be array, string given D:\phpStudy\WWW\ot\Runtime\Cache\Admin\4bc4913b407324fb4d494724d5710d65.php 第 137 行.
NOTIC: [8] Undefined index: group D:\phpStudy\WWW\ot\Runtime\Cache\Admin\4bc4913b407324fb4d494724d5710d65.php 第 163 行.
NOTIC: [8] Undefined index: group D:\phpStudy\WWW\ot\Runtime\Cache\Admin\4bc4913b407324fb4d494724d5710d65.php 第 163 行.
NOTIC: [8] Undefined index: group D:\phpStudy\WWW\ot\Runtime\Cache\Admin\4bc4913b407324fb4d494724d5710d65.php 第 163 行.
NOTIC: [8] Undefined index: group D:\phpStudy\WWW\ot\Runtime\Cache\Admin\4bc4913b407324fb4d494724d5710d65.php 第 163 行.
NOTIC: [8] Undefined index: group D:\phpStudy\WWW\ot\Runtime\Cache\Admin\4bc4913b407324fb4d494724d5710d65.php 第 163 行.
NOTIC: [8] Undefined index: group D:\phpStudy\WWW\ot\Runtime\Cache\Admin\4bc4913b407324fb4d494724d5710d65.php 第 163 行.
NOTIC: [8] Undefined index: group D:\phpStudy\WWW\ot\Runtime\Cache\Admin\4bc4913b407324fb4d494724d5710d65.php 第 163 行.
NOTIC: [8] Undefined index: group D:\phpStudy\WWW\ot\Runtime\Cache\Admin\4bc4913b407324fb4d494724d5710d65.php 第 163 行.
NOTIC: [8] Undefined index: group D:\phpStudy\WWW\ot\Runtime\Cache\Admin\4bc4913b407324fb4d494724d5710d65.php 第 163 行.
NOTIC: [8] Undefined index: group D:\phpStudy\WWW\ot\Runtime\Cache\Admin\4bc4913b407324fb4d494724d5710d65.php 第 163 行.
NOTIC: [8] Undefined index: group D:\phpStudy\WWW\ot\Runtime\Cache\Admin\4bc4913b407324fb4d494724d5710d65.php 第 163 行.
NOTIC: [8] Undefined index: group D:\phpStudy\WWW\ot\Runtime\Cache\Admin\4bc4913b407324fb4d494724d5710d65.php 第 163 行.
NOTIC: [8] Undefined index: group D:\phpStudy\WWW\ot\Runtime\Cache\Admin\4bc4913b407324fb4d494724d5710d65.php 第 163 行.
NOTIC: [8] Undefined index: group D:\phpStudy\WWW\ot\Runtime\Cache\Admin\4bc4913b407324fb4d494724d5710d65.php 第 163 行.
NOTIC: [8] Undefined index: group D:\phpStudy\WWW\ot\Runtime\Cache\Admin\4bc4913b407324fb4d494724d5710d65.php 第 163 行.
NOTIC: [8] Undefined index: group D:\phpStudy\WWW\ot\Runtime\Cache\Admin\4bc4913b407324fb4d494724d5710d65.php 第 163 行.
NOTIC: [8] Undefined index: group D:\phpStudy\WWW\ot\Runtime\Cache\Admin\4bc4913b407324fb4d494724d5710d65.php 第 163 行.
INFO: Run Behavior\ParseTemplateBehavior [ RunTime:0.038209s ]
INFO: [ view_parse ] --END-- [ RunTime:0.038261s ]
INFO: [ view_filter ] --START--
INFO: Run Behavior\WriteHtmlCacheBehavior [ RunTime:0.000818s ]
INFO: [ view_filter ] --END-- [ RunTime:0.000879s ]
INFO: [ app_end ] --START--
INFO: Run Behavior\ShowPageTraceBehavior [ RunTime:0.001054s ]
INFO: [ app_end ] --END-- [ RunTime:0.001131s ]

[ 2016-11-19T19:39:15+08:00 ] ::1 /ot/admin.php?s=/Attribute/index/model_id/9.html
INFO: [ app_init ] --START--
INFO: Run Behavior\BuildLiteBehavior [ RunTime:0.000027s ]
INFO: Run Common\Behavior\InitHookBehavior [ RunTime:0.005680s ]
INFO: [ app_init ] --END-- [ RunTime:0.006666s ]
INFO: [ app_begin ] --START--
INFO: Run Behavior\ReadHtmlCacheBehavior [ RunTime:0.000704s ]
INFO: [ app_begin ] --END-- [ RunTime:0.000768s ]
SQL: SHOW COLUMNS FROM `onethink_menu` [ RunTime:0.0077s ]
SQL: SELECT `id`,`title`,`url` FROM `onethink_menu` WHERE `pid` = 0 AND `hide` = 0 ORDER BY `sort` asc  [ RunTime:0.0007s ]
SQL: SELECT `pid` FROM `onethink_menu` WHERE ( pid !=0 AND url like '%Attribute/index%' ) LIMIT 1   [ RunTime:0.0010s ]
SQL: SELECT * FROM `onethink_menu` WHERE `id` = 68 LIMIT 1   [ RunTime:0.0005s ]
SQL: SELECT DISTINCT  `group` FROM `onethink_menu` WHERE `group` <> '' AND `pid` = 68  [ RunTime:0.0007s ]
SQL: SELECT `id`,`url` FROM `onethink_menu` WHERE `pid` = 68 AND `hide` = 0  [ RunTime:0.0005s ]
SQL: SELECT `id`,`pid`,`title`,`url`,`tip` FROM `onethink_menu` WHERE `group` = '系统设置' AND `pid` = 68 AND `hide` = 0 ORDER BY `sort` asc  [ RunTime:0.0006s ]
SQL: SELECT `id`,`pid`,`title`,`url`,`tip` FROM `onethink_menu` WHERE `group` = '数据备份' AND `pid` = 68 AND `hide` = 0 ORDER BY `sort` asc  [ RunTime:0.0006s ]
SQL: SHOW COLUMNS FROM `onethink_attribute` [ RunTime:0.0063s ]
SQL: SELECT COUNT(*) AS tp_count FROM `onethink_attribute` WHERE `model_id` = 9 LIMIT 1   [ RunTime:0.0005s ]
SQL: SELECT `id`,`name`,`title`,`field`,`type`,`value`,`remark`,`is_show`,`extra`,`model_id`,`is_must`,`status`,`update_time`,`create_time`,`validate_rule`,`validate_time`,`error_info`,`validate_type`,`auto_rule`,`auto_time`,`auto_type` FROM `onethink_attribute` WHERE `model_id` = 9 ORDER BY `id` desc LIMIT 0,10   [ RunTime:0.0012s ]
INFO: [ view_parse ] --START--
INFO: [ template_filter ] --START--
INFO: Run Behavior\ContentReplaceBehavior [ RunTime:0.000212s ]
INFO: [ template_filter ] --END-- [ RunTime:0.000300s ]
SQL: SHOW COLUMNS FROM `onethink_model` [ RunTime:0.0062s ]
SQL: SELECT `title` FROM `onethink_model` WHERE `id` = 9 LIMIT 1   [ RunTime:0.0005s ]
INFO: Run Behavior\ParseTemplateBehavior [ RunTime:0.031594s ]
INFO: [ view_parse ] --END-- [ RunTime:0.031667s ]
INFO: [ view_filter ] --START--
INFO: Run Behavior\WriteHtmlCacheBehavior [ RunTime:0.000754s ]
INFO: [ view_filter ] --END-- [ RunTime:0.000804s ]
INFO: [ app_end ] --START--
INFO: Run Behavior\ShowPageTraceBehavior [ RunTime:0.001108s ]
INFO: [ app_end ] --END-- [ RunTime:0.001185s ]

[ 2016-11-19T19:51:53+08:00 ] ::1 /ot/admin.php?s=/Attribute/index/model_id/9/p/2.html
INFO: [ app_init ] --START--
INFO: Run Behavior\BuildLiteBehavior [ RunTime:0.000023s ]
INFO: Run Common\Behavior\InitHookBehavior [ RunTime:0.004716s ]
INFO: [ app_init ] --END-- [ RunTime:0.005393s ]
INFO: [ app_begin ] --START--
INFO: Run Behavior\ReadHtmlCacheBehavior [ RunTime:0.000872s ]
INFO: [ app_begin ] --END-- [ RunTime:0.000934s ]
SQL: SHOW COLUMNS FROM `onethink_attribute` [ RunTime:0.0076s ]
SQL: SELECT COUNT(*) AS tp_count FROM `onethink_attribute` WHERE `model_id` = 9 LIMIT 1   [ RunTime:0.0006s ]
SQL: SELECT `id`,`name`,`title`,`field`,`type`,`value`,`remark`,`is_show`,`extra`,`model_id`,`is_must`,`status`,`update_time`,`create_time`,`validate_rule`,`validate_time`,`error_info`,`validate_type`,`auto_rule`,`auto_time`,`auto_type` FROM `onethink_attribute` WHERE `model_id` = 9 ORDER BY `id` desc LIMIT 10,10   [ RunTime:0.0012s ]
INFO: [ view_parse ] --START--
INFO: [ template_filter ] --START--
INFO: Run Behavior\ContentReplaceBehavior [ RunTime:0.000172s ]
INFO: [ template_filter ] --END-- [ RunTime:0.000230s ]
SQL: SHOW COLUMNS FROM `onethink_model` [ RunTime:0.0061s ]
SQL: SELECT `title` FROM `onethink_model` WHERE `id` = 9 LIMIT 1   [ RunTime:0.0005s ]
INFO: Run Behavior\ParseTemplateBehavior [ RunTime:0.022312s ]
INFO: [ view_parse ] --END-- [ RunTime:0.022365s ]
INFO: [ view_filter ] --START--
INFO: Run Behavior\WriteHtmlCacheBehavior [ RunTime:0.000760s ]
INFO: [ view_filter ] --END-- [ RunTime:0.000807s ]
INFO: [ app_end ] --START--
INFO: Run Behavior\ShowPageTraceBehavior [ RunTime:0.000998s ]
INFO: [ app_end ] --END-- [ RunTime:0.001069s ]

[ 2016-11-19T19:51:56+08:00 ] ::1 /ot/admin.php?s=/Attribute/edit/id/54.html
INFO: [ app_init ] --START--
INFO: Run Behavior\BuildLiteBehavior [ RunTime:0.000020s ]
INFO: Run Common\Behavior\InitHookBehavior [ RunTime:0.005650s ]
INFO: [ app_init ] --END-- [ RunTime:0.006455s ]
INFO: [ app_begin ] --START--
INFO: Run Behavior\ReadHtmlCacheBehavior [ RunTime:0.000782s ]
INFO: [ app_begin ] --END-- [ RunTime:0.000843s ]
SQL: SHOW COLUMNS FROM `onethink_attribute` [ RunTime:0.0058s ]
SQL: SELECT `id`,`name`,`title`,`field`,`type`,`value`,`remark`,`is_show`,`extra`,`model_id`,`is_must`,`status`,`update_time`,`create_time`,`validate_rule`,`validate_time`,`error_info`,`validate_type`,`auto_rule`,`auto_time`,`auto_type` FROM `onethink_attribute` WHERE `id` = 54 LIMIT 1   [ RunTime:0.0006s ]
SQL: SHOW COLUMNS FROM `onethink_model` [ RunTime:0.0055s ]
SQL: SELECT `title`,`name`,`field_group` FROM `onethink_model` WHERE `id` = 9 LIMIT 1   [ RunTime:0.0004s ]
INFO: [ view_parse ] --START--
INFO: [ template_filter ] --START--
INFO: Run Behavior\ContentReplaceBehavior [ RunTime:0.000197s ]
INFO: [ template_filter ] --END-- [ RunTime:0.000240s ]
SQL: SELECT `title` FROM `onethink_model` WHERE `id` = 9 LIMIT 1   [ RunTime:0.0004s ]
INFO: Run Behavior\ParseTemplateBehavior [ RunTime:0.027786s ]
INFO: [ view_parse ] --END-- [ RunTime:0.027829s ]
INFO: [ view_filter ] --START--
INFO: Run Behavior\WriteHtmlCacheBehavior [ RunTime:0.000681s ]
INFO: [ view_filter ] --END-- [ RunTime:0.000724s ]
INFO: [ app_end ] --START--
INFO: Run Behavior\ShowPageTraceBehavior [ RunTime:0.001265s ]
INFO: [ app_end ] --END-- [ RunTime:0.001326s ]

[ 2016-11-19T19:52:04+08:00 ] ::1 /ot/admin.php?s=/Attribute/update.html
INFO: [ app_init ] --START--
INFO: Run Behavior\BuildLiteBehavior [ RunTime:0.000034s ]
INFO: Run Common\Behavior\InitHookBehavior [ RunTime:0.003531s ]
INFO: [ app_init ] --END-- [ RunTime:0.004427s ]
INFO: [ app_begin ] --START--
INFO: Run Behavior\ReadHtmlCacheBehavior [ RunTime:0.001510s ]
INFO: [ app_begin ] --END-- [ RunTime:0.001583s ]
SQL: SHOW COLUMNS FROM `onethink_attribute` [ RunTime:0.0063s ]
SQL: SELECT * FROM `onethink_attribute` WHERE `name` = 'data_id' AND `model_id` = 9 AND `id` <> '54' LIMIT 1   [ RunTime:0.0285s ]
SQL: SHOW COLUMNS FROM `onethink_model` [ RunTime:0.0060s ]
SQL: SELECT `name`,`extend` FROM `onethink_model` WHERE `id` = 9 LIMIT 1   [ RunTime:0.0005s ]
SQL:                 SHOW TABLES LIKE 'onethink_data'; [ RunTime:0.0010s ]
SQL: SELECT `name` FROM `onethink_attribute` WHERE `id` = 54 LIMIT 1   [ RunTime:0.0005s ]
SQL:             ALTER TABLE `onethink_data`
CHANGE COLUMN `dataid` `data_id`  varchar(255) NOT NULL  COMMENT '数据编号' ; [ RunTime:0.0576s ]
SQL: UPDATE `onethink_attribute` SET `name`='data_id',`title`='数据编号',`type`='string',`field`='varchar(255) NOT NULL',`extra`='',`value`='',`remark`='',`is_show`='1',`is_must`='1',`validate_type`='regex',`validate_rule`='',`error_info`='',`validate_time`='3',`auto_type`='function',`auto_rule`='',`auto_time`='3',`model_id`='9',`update_time`='1479556324' WHERE `id` = 54 [ RunTime:0.0005s ]
SQL: SELECT `name` FROM `onethink_model` WHERE `id` = 9 LIMIT 1   [ RunTime:0.0003s ]
SQL: SHOW COLUMNS FROM `onethink_action` [ RunTime:0.0055s ]
SQL: SELECT * FROM `onethink_action` WHERE `name` = 'update_attribute' LIMIT 1   [ RunTime:0.0005s ]
SQL: SHOW COLUMNS FROM `onethink_action_log` [ RunTime:0.0067s ]
SQL: INSERT INTO `onethink_action_log` (`action_id`,`user_id`,`action_ip`,`model`,`record_id`,`create_time`,`remark`) VALUES ('8','1','0','attribute','54','1479556324','操作url：/ot/admin.php?s=/Attribute/update.html') [ RunTime:0.0005s ]

[ 2016-11-19T19:52:06+08:00 ] ::1 /ot/admin.php?s=/Attribute/index/model_id/9/p/2.html
INFO: [ app_init ] --START--
INFO: Run Behavior\BuildLiteBehavior [ RunTime:0.000012s ]
INFO: Run Common\Behavior\InitHookBehavior [ RunTime:0.003364s ]
INFO: [ app_init ] --END-- [ RunTime:0.003842s ]
INFO: [ app_begin ] --START--
INFO: Run Behavior\ReadHtmlCacheBehavior [ RunTime:0.001175s ]
INFO: [ app_begin ] --END-- [ RunTime:0.001299s ]
SQL: SHOW COLUMNS FROM `onethink_attribute` [ RunTime:0.0053s ]
SQL: SELECT COUNT(*) AS tp_count FROM `onethink_attribute` WHERE `model_id` = 9 LIMIT 1   [ RunTime:0.0004s ]
SQL: SELECT `id`,`name`,`title`,`field`,`type`,`value`,`remark`,`is_show`,`extra`,`model_id`,`is_must`,`status`,`update_time`,`create_time`,`validate_rule`,`validate_time`,`error_info`,`validate_type`,`auto_rule`,`auto_time`,`auto_type` FROM `onethink_attribute` WHERE `model_id` = 9 ORDER BY `id` desc LIMIT 10,10   [ RunTime:0.0008s ]
INFO: [ view_parse ] --START--
INFO: [ template_filter ] --START--
INFO: Run Behavior\ContentReplaceBehavior [ RunTime:0.000191s ]
INFO: [ template_filter ] --END-- [ RunTime:0.000240s ]
SQL: SHOW COLUMNS FROM `onethink_model` [ RunTime:0.0054s ]
SQL: SELECT `title` FROM `onethink_model` WHERE `id` = 9 LIMIT 1   [ RunTime:0.0004s ]
INFO: Run Behavior\ParseTemplateBehavior [ RunTime:0.020096s ]
INFO: [ view_parse ] --END-- [ RunTime:0.020143s ]
INFO: [ view_filter ] --START--
INFO: Run Behavior\WriteHtmlCacheBehavior [ RunTime:0.000810s ]
INFO: [ view_filter ] --END-- [ RunTime:0.000849s ]
INFO: [ app_end ] --START--
INFO: Run Behavior\ShowPageTraceBehavior [ RunTime:0.000900s ]
INFO: [ app_end ] --END-- [ RunTime:0.000958s ]

