[ 2016-11-03T09:57:52+08:00 ] ::1 /ot/admin.php?s=/AuthManager/access/group_name/%E9%BB%98%E8%AE%A4%E7%94%A8%E6%88%B7%E7%BB%84/group_id/1.html
INFO: [ app_init ] --START--
INFO: Run Behavior\BuildLiteBehavior [ RunTime:0.000011s ]
INFO: Run Common\Behavior\InitHookBehavior [ RunTime:0.002664s ]
INFO: [ app_init ] --END-- [ RunTime:0.003124s ]
INFO: [ app_begin ] --START--
INFO: Run Behavior\ReadHtmlCacheBehavior [ RunTime:0.000792s ]
INFO: [ app_begin ] --END-- [ RunTime:0.000853s ]
SQL: SHOW COLUMNS FROM `onethink_menu` [ RunTime:0.0048s ]
SQL: SELECT `title`,`url`,`tip`,`pid` FROM `onethink_menu` ORDER BY `sort` asc  [ RunTime:0.0017s ]
SQL: SHOW COLUMNS FROM `onethink_auth_rule` [ RunTime:0.0073s ]
SQL: SELECT * FROM `onethink_auth_rule` WHERE `module` = 'admin' AND `type` IN ('1','2') ORDER BY `name`  [ RunTime:0.0041s ]
SQL: UPDATE `onethink_auth_rule` SET `name`='Admin/Action/actionlog',`title`='行为日志',`module`='admin',`type`='1',`status`='1',`id`='107' WHERE `id` = 107 [ RunTime:0.0006s ]
SQL: UPDATE `onethink_auth_rule` SET `name`='Admin/action/edit',`title`='查看行为日志',`module`='admin',`type`='1',`status`='1',`id`='110' WHERE `id` = 110 [ RunTime:0.0005s ]
SQL: UPDATE `onethink_auth_rule` SET `name`='Admin/Addons/addHook',`title`='新增钩子',`module`='admin',`type`='1',`status`='1',`id`='209' WHERE `id` = 209 [ RunTime:0.0005s ]
SQL: UPDATE `onethink_auth_rule` SET `name`='Admin/Addons/adminList',`title`='插件后台列表',`module`='admin',`type`='1',`status`='1',`id`='52' WHERE `id` = 52 [ RunTime:0.0004s ]
SQL: UPDATE `onethink_auth_rule` SET `name`='Admin/Addons/build',`title`='快速生成插件',`module`='admin',`type`='1',`status`='1',`id`='45' WHERE `id` = 45 [ RunTime:0.0004s ]
SQL: UPDATE `onethink_auth_rule` SET `name`='Admin/Addons/checkForm',`title`='检测创建',`module`='admin',`type`='1',`status`='1',`id`='43' WHERE `id` = 43 [ RunTime:0.0003s ]
SQL: UPDATE `onethink_auth_rule` SET `name`='Admin/Addons/config',`title`='设置',`module`='admin',`type`='1',`status`='1',`id`='46' WHERE `id` = 46 [ RunTime:0.0003s ]
SQL: UPDATE `onethink_auth_rule` SET `name`='Admin/Addons/create',`title`='创建',`module`='admin',`type`='1',`status`='1',`id`='42' WHERE `id` = 42 [ RunTime:0.0004s ]
SQL: UPDATE `onethink_auth_rule` SET `name`='Admin/Addons/disable',`title`='禁用',`module`='admin',`type`='1',`status`='1',`id`='47' WHERE `id` = 47 [ RunTime:0.0003s ]
SQL: UPDATE `onethink_auth_rule` SET `name`='Admin/Addons/edithook',`title`='编辑钩子',`module`='admin',`type`='1',`status`='1',`id`='210' WHERE `id` = 210 [ RunTime:0.0003s ]
SQL: UPDATE `onethink_auth_rule` SET `name`='Admin/Addons/enable',`title`='启用',`module`='admin',`type`='1',`status`='1',`id`='48' WHERE `id` = 48 [ RunTime:0.0003s ]
SQL: UPDATE `onethink_auth_rule` SET `name`='Admin/Addons/execute',`title`='URL方式访问插件',`module`='admin',`type`='1',`status`='1',`id`='53' WHERE `id` = 53 [ RunTime:0.0004s ]
SQL: UPDATE `onethink_auth_rule` SET `name`='Admin/Addons/hooks',`title`='钩子管理',`module`='admin',`type`='1',`status`='1',`id`='55' WHERE `id` = 55 [ RunTime:0.0003s ]
SQL: UPDATE `onethink_auth_rule` SET `name`='Admin/Addons/index',`title`='扩展',`module`='admin',`type`='2',`status`='1',`id`='4' WHERE `id` = 4 [ RunTime:0.0004s ]
SQL: UPDATE `onethink_auth_rule` SET `name`='Admin/Addons/index',`title`='插件管理',`module`='admin',`type`='1',`status`='1',`id`='54' WHERE `id` = 54 [ RunTime:0.0004s ]
SQL: UPDATE `onethink_auth_rule` SET `name`='Admin/Addons/install',`title`='安装',`module`='admin',`type`='1',`status`='1',`id`='49' WHERE `id` = 49 [ RunTime:0.0003s ]
SQL: UPDATE `onethink_auth_rule` SET `name`='Admin/Addons/preview',`title`='预览',`module`='admin',`type`='1',`status`='1',`id`='44' WHERE `id` = 44 [ RunTime:0.0004s ]
SQL: UPDATE `onethink_auth_rule` SET `name`='Admin/Addons/saveconfig',`title`='更新配置',`module`='admin',`type`='1',`status`='1',`id`='51' WHERE `id` = 51 [ RunTime:0.0004s ]
SQL: UPDATE `onethink_auth_rule` SET `name`='Admin/Addons/uninstall',`title`='卸载',`module`='admin',`type`='1',`status`='1',`id`='50' WHERE `id` = 50 [ RunTime:0.0003s ]
SQL: UPDATE `onethink_auth_rule` SET `name`='Admin/article/add',`title`='新增',`module`='admin',`type`='1',`status`='1',`id`='7' WHERE `id` = 7 [ RunTime:0.0005s ]
SQL: UPDATE `onethink_auth_rule` SET `name`='Admin/article/autoSave',`title`='保存草稿',`module`='admin',`type`='1',`status`='1',`id`='11' WHERE `id` = 11 [ RunTime:0.0003s ]
SQL: UPDATE `onethink_auth_rule` SET `name`='Admin/article/batchOperate',`title`='导入',`module`='admin',`type`='1',`status`='1',`id`='79' WHERE `id` = 79 [ RunTime:0.0003s ]
SQL: UPDATE `onethink_auth_rule` SET `name`='Admin/article/clear',`title`='清空',`module`='admin',`type`='1',`status`='1',`id`='16' WHERE `id` = 16 [ RunTime:0.0004s ]
SQL: UPDATE `onethink_auth_rule` SET `name`='Admin/article/copy',`title`='复制',`module`='admin',`type`='1',`status`='1',`id`='13' WHERE `id` = 13 [ RunTime:0.0003s ]
SQL: UPDATE `onethink_auth_rule` SET `name`='Admin/article/edit',`title`='编辑',`module`='admin',`type`='1',`status`='1',`id`='8' WHERE `id` = 8 [ RunTime:0.0004s ]
SQL: UPDATE `onethink_auth_rule` SET `name`='Admin/Article/examine',`title`='审核列表',`module`='admin',`type`='1',`status`='1',`id`='17' WHERE `id` = 17 [ RunTime:0.0003s ]
SQL: UPDATE `onethink_auth_rule` SET `name`='Admin/Article/index',`title`='内容',`module`='admin',`type`='2',`status`='1',`id`='2' WHERE `id` = 2 [ RunTime:0.0003s ]
SQL: UPDATE `onethink_auth_rule` SET `name`='Admin/article/index',`title`='文档列表',`module`='admin',`type`='1',`status`='1',`id`='217' WHERE `id` = 217 [ RunTime:0.0003s ]
SQL: UPDATE `onethink_auth_rule` SET `name`='Admin/article/move',`title`='移动',`module`='admin',`type`='1',`status`='1',`id`='12' WHERE `id` = 12 [ RunTime:0.0003s ]
SQL: UPDATE `onethink_auth_rule` SET `name`='Admin/article/paste',`title`='粘贴',`module`='admin',`type`='1',`status`='1',`id`='14' WHERE `id` = 14 [ RunTime:0.0003s ]
SQL: UPDATE `onethink_auth_rule` SET `name`='Admin/article/permit',`title`='还原',`module`='admin',`type`='1',`status`='1',`id`='15' WHERE `id` = 15 [ RunTime:0.0003s ]
SQL: UPDATE `onethink_auth_rule` SET `name`='Admin/article/recycle',`title`='回收站',`module`='admin',`type`='1',`status`='1',`id`='18' WHERE `id` = 18 [ RunTime:0.0004s ]
SQL: UPDATE `onethink_auth_rule` SET `name`='Admin/article/setStatus',`title`='改变状态',`module`='admin',`type`='1',`status`='1',`id`='9' WHERE `id` = 9 [ RunTime:0.0004s ]
SQL: UPDATE `onethink_auth_rule` SET `name`='Admin/Article/sort',`title`='文档排序',`module`='admin',`type`='1',`status`='1',`id`='211' WHERE `id` = 211 [ RunTime:0.0005s ]
SQL: UPDATE `onethink_auth_rule` SET `name`='Admin/article/update',`title`='保存',`module`='admin',`type`='1',`status`='1',`id`='10' WHERE `id` = 10 [ RunTime:0.0004s ]
SQL: UPDATE `onethink_auth_rule` SET `name`='Admin/Attribute/add',`title`='新增',`module`='admin',`type`='1',`status`='1',`id`='90' WHERE `id` = 90 [ RunTime:0.0003s ]
SQL: UPDATE `onethink_auth_rule` SET `name`='Admin/Attribute/edit',`title`='编辑',`module`='admin',`type`='1',`status`='1',`id`='91' WHERE `id` = 91 [ RunTime:0.0003s ]
SQL: UPDATE `onethink_auth_rule` SET `name`='Admin/Attribute/index',`title`='属性管理',`module`='admin',`type`='1',`status`='1',`id`='89' WHERE `id` = 89 [ RunTime:0.0003s ]
SQL: UPDATE `onethink_auth_rule` SET `name`='Admin/Attribute/setStatus',`title`='改变状态',`module`='admin',`type`='1',`status`='1',`id`='92' WHERE `id` = 92 [ RunTime:0.0003s ]
SQL: UPDATE `onethink_auth_rule` SET `name`='Admin/Attribute/update',`title`='保存数据',`module`='admin',`type`='1',`status`='1',`id`='93' WHERE `id` = 93 [ RunTime:0.0003s ]
SQL: UPDATE `onethink_auth_rule` SET `name`='Admin/AuthManager/access',`title`='访问授权',`module`='admin',`type`='1',`status`='1',`id`='35' WHERE `id` = 35 [ RunTime:0.0003s ]
SQL: UPDATE `onethink_auth_rule` SET `name`='Admin/AuthManager/addToCategory',`title`='保存分类授权',`module`='admin',`type`='1',`status`='1',`id`='40' WHERE `id` = 40 [ RunTime:0.0003s ]
SQL: UPDATE `onethink_auth_rule` SET `name`='Admin/AuthManager/addToGroup',`title`='保存成员授权',`module`='admin',`type`='1',`status`='1',`id`='38' WHERE `id` = 38 [ RunTime:0.0003s ]
SQL: UPDATE `onethink_auth_rule` SET `name`='Admin/AuthManager/addToModel',`title`='保存模型授权',`module`='admin',`type`='1',`status`='1',`id`='95' WHERE `id` = 95 [ RunTime:0.0004s ]
SQL: UPDATE `onethink_auth_rule` SET `name`='Admin/AuthManager/category',`title`='分类授权',`module`='admin',`type`='1',`status`='1',`id`='39' WHERE `id` = 39 [ RunTime:0.0004s ]
SQL: UPDATE `onethink_auth_rule` SET `name`='Admin/AuthManager/changeStatus?method=deleteGroup',`title`='删除',`module`='admin',`type`='1',`status`='1',`id`='28' WHERE `id` = 28 [ RunTime:0.0006s ]
SQL: UPDATE `onethink_auth_rule` SET `name`='Admin/AuthManager/changeStatus?method=forbidGroup',`title`='禁用',`module`='admin',`type`='1',`status`='1',`id`='29' WHERE `id` = 29 [ RunTime:0.0007s ]
SQL: UPDATE `onethink_auth_rule` SET `name`='Admin/AuthManager/changeStatus?method=resumeGroup',`title`='恢复',`module`='admin',`type`='1',`status`='1',`id`='30' WHERE `id` = 30 [ RunTime:0.0005s ]
SQL: UPDATE `onethink_auth_rule` SET `name`='Admin/AuthManager/createGroup',`title`='新增',`module`='admin',`type`='1',`status`='1',`id`='31' WHERE `id` = 31 [ RunTime:0.0004s ]
SQL: UPDATE `onethink_auth_rule` SET `name`='Admin/AuthManager/editGroup',`title`='编辑',`module`='admin',`type`='1',`status`='1',`id`='32' WHERE `id` = 32 [ RunTime:0.0003s ]
SQL: UPDATE `onethink_auth_rule` SET `name`='Admin/AuthManager/group',`title`='授权',`module`='admin',`type`='1',`status`='1',`id`='34' WHERE `id` = 34 [ RunTime:0.0003s ]
SQL: UPDATE `onethink_auth_rule` SET `name`='Admin/AuthManager/index',`title`='权限管理',`module`='admin',`type`='1',`status`='1',`id`='41' WHERE `id` = 41 [ RunTime:0.0003s ]
SQL: UPDATE `onethink_auth_rule` SET `name`='Admin/AuthManager/modelauth',`title`='模型授权',`module`='admin',`type`='1',`status`='1',`id`='94' WHERE `id` = 94 [ RunTime:0.0004s ]
SQL: UPDATE `onethink_auth_rule` SET `name`='Admin/AuthManager/removeFromGroup',`title`='解除授权',`module`='admin',`type`='1',`status`='1',`id`='37' WHERE `id` = 37 [ RunTime:0.0004s ]
SQL: UPDATE `onethink_auth_rule` SET `name`='Admin/AuthManager/user',`title`='成员授权',`module`='admin',`type`='1',`status`='1',`id`='36' WHERE `id` = 36 [ RunTime:0.0005s ]
SQL: UPDATE `onethink_auth_rule` SET `name`='Admin/AuthManager/writeGroup',`title`='保存用户组',`module`='admin',`type`='1',`status`='1',`id`='33' WHERE `id` = 33 [ RunTime:0.0006s ]
SQL: UPDATE `onethink_auth_rule` SET `name`='Admin/Category/add',`title`='新增',`module`='admin',`type`='1',`status`='1',`id`='72' WHERE `id` = 72 [ RunTime:0.0005s ]
SQL: UPDATE `onethink_auth_rule` SET `name`='Admin/Category/edit',`title`='编辑',`module`='admin',`type`='1',`status`='1',`id`='71' WHERE `id` = 71 [ RunTime:0.0005s ]
SQL: UPDATE `onethink_auth_rule` SET `name`='Admin/Category/index',`title`='分类管理',`module`='admin',`type`='1',`status`='1',`id`='74' WHERE `id` = 74 [ RunTime:0.0005s ]
SQL: UPDATE `onethink_auth_rule` SET `name`='Admin/Category/operate/type/merge',`title`='合并',`module`='admin',`type`='1',`status`='1',`id`='216' WHERE `id` = 216 [ RunTime:0.0004s ]
SQL: UPDATE `onethink_auth_rule` SET `name`='Admin/Category/operate/type/move',`title`='移动',`module`='admin',`type`='1',`status`='1',`id`='215' WHERE `id` = 215 [ RunTime:0.0005s ]
SQL: UPDATE `onethink_auth_rule` SET `name`='Admin/Category/remove',`title`='删除',`module`='admin',`type`='1',`status`='1',`id`='73' WHERE `id` = 73 [ RunTime:0.0004s ]
SQL: UPDATE `onethink_auth_rule` SET `name`='Admin/Channel/add',`title`='新增',`module`='admin',`type`='1',`status`='1',`id`='67' WHERE `id` = 67 [ RunTime:0.0004s ]
SQL: UPDATE `onethink_auth_rule` SET `name`='Admin/Channel/del',`title`='删除',`module`='admin',`type`='1',`status`='1',`id`='69' WHERE `id` = 69 [ RunTime:0.0003s ]
SQL: UPDATE `onethink_auth_rule` SET `name`='Admin/Channel/edit',`title`='编辑',`module`='admin',`type`='1',`status`='1',`id`='68' WHERE `id` = 68 [ RunTime:0.0004s ]
SQL: UPDATE `onethink_auth_rule` SET `name`='Admin/Channel/index',`title`='导航管理',`module`='admin',`type`='1',`status`='1',`id`='70' WHERE `id` = 70 [ RunTime:0.0003s ]
SQL: UPDATE `onethink_auth_rule` SET `name`='Admin/Channel/sort',`title`='排序',`module`='admin',`type`='1',`status`='1',`id`='214' WHERE `id` = 214 [ RunTime:0.0003s ]
SQL: UPDATE `onethink_auth_rule` SET `name`='Admin/Config/add',`title`='新增',`module`='admin',`type`='1',`status`='1',`id`='63' WHERE `id` = 63 [ RunTime:0.0003s ]
SQL: UPDATE `onethink_auth_rule` SET `name`='Admin/Config/del',`title`='删除',`module`='admin',`type`='1',`status`='1',`id`='62' WHERE `id` = 62 [ RunTime:0.0003s ]
SQL: UPDATE `onethink_auth_rule` SET `name`='Admin/Config/edit',`title`='编辑',`module`='admin',`type`='1',`status`='1',`id`='61' WHERE `id` = 61 [ RunTime:0.0003s ]
SQL: UPDATE `onethink_auth_rule` SET `name`='Admin/Config/group',`title`='系统',`module`='admin',`type`='2',`status`='1',`id`='5' WHERE `id` = 5 [ RunTime:0.0003s ]
SQL: UPDATE `onethink_auth_rule` SET `name`='Admin/Config/group',`title`='网站设置',`module`='admin',`type`='1',`status`='1',`id`='65' WHERE `id` = 65 [ RunTime:0.0003s ]
SQL: UPDATE `onethink_auth_rule` SET `name`='Admin/Config/index',`title`='配置管理',`module`='admin',`type`='1',`status`='1',`id`='66' WHERE `id` = 66 [ RunTime:0.0003s ]
SQL: UPDATE `onethink_auth_rule` SET `name`='Admin/Config/save',`title`='保存',`module`='admin',`type`='1',`status`='1',`id`='64' WHERE `id` = 64 [ RunTime:0.0003s ]
SQL: UPDATE `onethink_auth_rule` SET `name`='Admin/Config/sort',`title`='排序',`module`='admin',`type`='1',`status`='1',`id`='212' WHERE `id` = 212 [ RunTime:0.0003s ]
SQL: UPDATE `onethink_auth_rule` SET `name`='Admin/Database/del',`title`='删除',`module`='admin',`type`='1',`status`='1',`id`='87' WHERE `id` = 87 [ RunTime:0.0003s ]
SQL: UPDATE `onethink_auth_rule` SET `name`='Admin/Database/export',`title`='备份',`module`='admin',`type`='1',`status`='1',`id`='82' WHERE `id` = 82 [ RunTime:0.0003s ]
SQL: UPDATE `onethink_auth_rule` SET `name`='Admin/Database/import',`title`='恢复',`module`='admin',`type`='1',`status`='1',`id`='86' WHERE `id` = 86 [ RunTime:0.0003s ]
SQL: UPDATE `onethink_auth_rule` SET `name`='Admin/Database/index?type=export',`title`='备份数据库',`module`='admin',`type`='1',`status`='1',`id`='80' WHERE `id` = 80 [ RunTime:0.0004s ]
SQL: UPDATE `onethink_auth_rule` SET `name`='Admin/Database/index?type=import',`title`='还原数据库',`module`='admin',`type`='1',`status`='1',`id`='81' WHERE `id` = 81 [ RunTime:0.0003s ]
SQL: UPDATE `onethink_auth_rule` SET `name`='Admin/Database/optimize',`title`='优化表',`module`='admin',`type`='1',`status`='1',`id`='83' WHERE `id` = 83 [ RunTime:0.0003s ]
SQL: UPDATE `onethink_auth_rule` SET `name`='Admin/Database/repair',`title`='修复表',`module`='admin',`type`='1',`status`='1',`id`='84' WHERE `id` = 84 [ RunTime:0.0003s ]
SQL: UPDATE `onethink_auth_rule` SET `name`='Admin/Index/index',`title`='首页',`module`='admin',`type`='2',`status`='1',`id`='1' WHERE `id` = 1 [ RunTime:0.0003s ]
SQL: UPDATE `onethink_auth_rule` SET `name`='Admin/Menu/add',`title`='新增',`module`='admin',`type`='1',`status`='1',`id`='102' WHERE `id` = 102 [ RunTime:0.0003s ]
SQL: UPDATE `onethink_auth_rule` SET `name`='Admin/Menu/edit',`title`='编辑',`module`='admin',`type`='1',`status`='1',`id`='103' WHERE `id` = 103 [ RunTime:0.0005s ]
SQL: UPDATE `onethink_auth_rule` SET `name`='Admin/Menu/import',`title`='导入',`module`='admin',`type`='1',`status`='1',`id`='207' WHERE `id` = 207 [ RunTime:0.0004s ]
SQL: UPDATE `onethink_auth_rule` SET `name`='Admin/Menu/index',`title`='菜单管理',`module`='admin',`type`='1',`status`='1',`id`='100' WHERE `id` = 100 [ RunTime:0.0003s ]
SQL: UPDATE `onethink_auth_rule` SET `name`='Admin/Menu/sort',`title`='排序',`module`='admin',`type`='1',`status`='1',`id`='213' WHERE `id` = 213 [ RunTime:0.0003s ]
SQL: UPDATE `onethink_auth_rule` SET `name`='Admin/model/add',`title`='新增',`module`='admin',`type`='1',`status`='1',`id`='56' WHERE `id` = 56 [ RunTime:0.0006s ]
SQL: UPDATE `onethink_auth_rule` SET `name`='Admin/model/edit',`title`='编辑',`module`='admin',`type`='1',`status`='1',`id`='57' WHERE `id` = 57 [ RunTime:0.0004s ]
SQL: UPDATE `onethink_auth_rule` SET `name`='Admin/Model/generate',`title`='生成',`module`='admin',`type`='1',`status`='1',`id`='208' WHERE `id` = 208 [ RunTime:0.0003s ]
SQL: UPDATE `onethink_auth_rule` SET `name`='Admin/Model/index',`title`='模型管理',`module`='admin',`type`='1',`status`='1',`id`='60' WHERE `id` = 60 [ RunTime:0.0003s ]
SQL: UPDATE `onethink_auth_rule` SET `name`='Admin/model/setStatus',`title`='改变状态',`module`='admin',`type`='1',`status`='1',`id`='58' WHERE `id` = 58 [ RunTime:0.0003s ]
SQL: UPDATE `onethink_auth_rule` SET `name`='Admin/model/update',`title`='保存数据',`module`='admin',`type`='1',`status`='1',`id`='59' WHERE `id` = 59 [ RunTime:0.0003s ]
SQL: UPDATE `onethink_auth_rule` SET `name`='Admin/other',`title`='其他',`module`='admin',`type`='2',`status`='1',`id`='195' WHERE `id` = 195 [ RunTime:0.0003s ]
SQL: UPDATE `onethink_auth_rule` SET `name`='Admin/sample/add',`title`='添加样品',`module`='admin',`type`='1',`status`='1',`id`='222' WHERE `id` = 222 [ RunTime:0.0003s ]
SQL: UPDATE `onethink_auth_rule` SET `name`='Admin/Sample/index',`title`='样品',`module`='admin',`type`='2',`status`='1',`id`='220' WHERE `id` = 220 [ RunTime:0.0004s ]
SQL: UPDATE `onethink_auth_rule` SET `name`='Admin/think/add',`title`='新增数据',`module`='admin',`type`='1',`status`='1',`id`='205' WHERE `id` = 205 [ RunTime:0.0005s ]
SQL: UPDATE `onethink_auth_rule` SET `name`='Admin/think/edit',`title`='编辑数据',`module`='admin',`type`='1',`status`='1',`id`='206' WHERE `id` = 206 [ RunTime:0.0005s ]
SQL: UPDATE `onethink_auth_rule` SET `name`='Admin/think/lists',`title`='数据列表',`module`='admin',`type`='1',`status`='1',`id`='218' WHERE `id` = 218 [ RunTime:0.0004s ]
SQL: UPDATE `onethink_auth_rule` SET `name`='Admin/User/action',`title`='用户行为',`module`='admin',`type`='1',`status`='1',`id`='27' WHERE `id` = 27 [ RunTime:0.0003s ]
SQL: UPDATE `onethink_auth_rule` SET `name`='Admin/User/add',`title`='新增用户',`module`='admin',`type`='1',`status`='1',`id`='88' WHERE `id` = 88 [ RunTime:0.0003s ]
SQL: UPDATE `onethink_auth_rule` SET `name`='Admin/User/addaction',`title`='新增用户行为',`module`='admin',`type`='1',`status`='1',`id`='19' WHERE `id` = 19 [ RunTime:0.0003s ]
SQL: UPDATE `onethink_auth_rule` SET `name`='Admin/User/changeStatus?method=deleteUser',`title`='删除会员',`module`='admin',`type`='1',`status`='1',`id`='25' WHERE `id` = 25 [ RunTime:0.0003s ]
SQL: UPDATE `onethink_auth_rule` SET `name`='Admin/User/changeStatus?method=forbidUser',`title`='禁用会员',`module`='admin',`type`='1',`status`='1',`id`='23' WHERE `id` = 23 [ RunTime:0.0003s ]
SQL: UPDATE `onethink_auth_rule` SET `name`='Admin/User/changeStatus?method=resumeUser',`title`='启用会员',`module`='admin',`type`='1',`status`='1',`id`='24' WHERE `id` = 24 [ RunTime:0.0003s ]
SQL: UPDATE `onethink_auth_rule` SET `name`='Admin/User/editaction',`title`='编辑用户行为',`module`='admin',`type`='1',`status`='1',`id`='20' WHERE `id` = 20 [ RunTime:0.0002s ]
SQL: UPDATE `onethink_auth_rule` SET `name`='Admin/User/index',`title`='用户',`module`='admin',`type`='2',`status`='1',`id`='3' WHERE `id` = 3 [ RunTime:0.0003s ]
SQL: UPDATE `onethink_auth_rule` SET `name`='Admin/User/index',`title`='用户信息',`module`='admin',`type`='1',`status`='1',`id`='26' WHERE `id` = 26 [ RunTime:0.0003s ]
SQL: UPDATE `onethink_auth_rule` SET `name`='Admin/User/saveAction',`title`='保存用户行为',`module`='admin',`type`='1',`status`='1',`id`='21' WHERE `id` = 21 [ RunTime:0.0003s ]
SQL: UPDATE `onethink_auth_rule` SET `name`='Admin/User/setStatus',`title`='变更行为状态',`module`='admin',`type`='1',`status`='1',`id`='22' WHERE `id` = 22 [ RunTime:0.0003s ]
SQL: UPDATE `onethink_auth_rule` SET `name`='Admin/User/updateNickname',`title`='修改昵称',`module`='admin',`type`='1',`status`='1',`id`='109' WHERE `id` = 109 [ RunTime:0.0003s ]
SQL: UPDATE `onethink_auth_rule` SET `name`='Admin/User/updatePassword',`title`='修改密码',`module`='admin',`type`='1',`status`='1',`id`='108' WHERE `id` = 108 [ RunTime:0.0003s ]
SQL: UPDATE `onethink_auth_rule` SET `status`='-1' WHERE `id` IN ('304','307','312','272','265','263','266','262','267','313','268','273','324','321','333','269','264','271','270','224','228','232','235','230','225','319','223','323','229','231','234','233','226','314','227','279','280','278','281','282','254','259','257','261','258','247','248','249','250','251','253','246','260','256','255','252','291','290','325','294','293','292','287','289','288','332','317','285','284','283','322','328','329','286','315','301','296','300','295','299','297','298','320','302','303','310','330','316','274','275','311','327','276','277','331','221','219','308','309','318','238','237','239','245','243','244','240','236','326','241','242','306','305') [ RunTime:0.0090s ]
SQL: SHOW COLUMNS FROM `onethink_auth_group` [ RunTime:0.0055s ]
SQL: SELECT `id`,`id`,`title`,`rules` FROM `onethink_auth_group` WHERE `status` >= '0' AND `module` = 'admin' AND `type` = 1  [ RunTime:0.0005s ]
SQL: SELECT `id`,`pid`,`title`,`url`,`tip`,`hide` FROM `onethink_menu` ORDER BY `sort` asc  [ RunTime:0.0012s ]
SQL: SELECT `name`,`id` FROM `onethink_auth_rule` WHERE `module` = 'admin' AND `type` = 2 AND `status` = 1  [ RunTime:0.0006s ]
SQL: SELECT `name`,`id` FROM `onethink_auth_rule` WHERE `module` = 'admin' AND `type` = 1 AND `status` = 1  [ RunTime:0.0011s ]
INFO: [ view_parse ] --START--
INFO: [ template_filter ] --START--
INFO: Run Behavior\ContentReplaceBehavior [ RunTime:0.000194s ]
INFO: [ template_filter ] --END-- [ RunTime:0.000237s ]
INFO: Run Behavior\ParseTemplateBehavior [ RunTime:0.017817s ]
INFO: [ view_parse ] --END-- [ RunTime:0.017879s ]
INFO: [ view_filter ] --START--
INFO: Run Behavior\WriteHtmlCacheBehavior [ RunTime:0.000483s ]
INFO: [ view_filter ] --END-- [ RunTime:0.000520s ]
INFO: [ app_end ] --START--
INFO: Run Behavior\ShowPageTraceBehavior [ RunTime:0.000930s ]
INFO: [ app_end ] --END-- [ RunTime:0.001002s ]

[ 2016-11-03T10:00:07+08:00 ] ::1 /ot/admin.php?s=/AuthManager/access/group_name/%E9%BB%98%E8%AE%A4%E7%94%A8%E6%88%B7%E7%BB%84/group_id/1.html
INFO: [ app_init ] --START--
INFO: Run Behavior\BuildLiteBehavior [ RunTime:0.000012s ]
INFO: Run Common\Behavior\InitHookBehavior [ RunTime:0.002365s ]
INFO: [ app_init ] --END-- [ RunTime:0.002819s ]
INFO: [ app_begin ] --START--
INFO: Run Behavior\ReadHtmlCacheBehavior [ RunTime:0.001215s ]
INFO: [ app_begin ] --END-- [ RunTime:0.001292s ]
SQL: SHOW COLUMNS FROM `onethink_menu` [ RunTime:0.0048s ]
SQL: SELECT `title`,`url`,`tip`,`pid` FROM `onethink_menu` ORDER BY `sort` asc  [ RunTime:0.0013s ]
SQL: SHOW COLUMNS FROM `onethink_auth_rule` [ RunTime:0.0051s ]
SQL: SELECT * FROM `onethink_auth_rule` WHERE `module` = 'admin' AND `type` IN ('1','2') ORDER BY `name`  [ RunTime:0.0037s ]
SQL: SHOW COLUMNS FROM `onethink_auth_group` [ RunTime:0.0055s ]
SQL: SELECT `id`,`id`,`title`,`rules` FROM `onethink_auth_group` WHERE `status` >= '0' AND `module` = 'admin' AND `type` = 1  [ RunTime:0.0005s ]
SQL: SELECT `id`,`pid`,`title`,`url`,`tip`,`hide` FROM `onethink_menu` ORDER BY `sort` asc  [ RunTime:0.0014s ]
SQL: SELECT `name`,`id` FROM `onethink_auth_rule` WHERE `module` = 'admin' AND `type` = 2 AND `status` = 1  [ RunTime:0.0005s ]
SQL: SELECT `name`,`id` FROM `onethink_auth_rule` WHERE `module` = 'admin' AND `type` = 1 AND `status` = 1  [ RunTime:0.0016s ]
INFO: [ view_parse ] --START--
INFO: [ template_filter ] --START--
INFO: Run Behavior\ContentReplaceBehavior [ RunTime:0.000332s ]
INFO: [ template_filter ] --END-- [ RunTime:0.000421s ]
INFO: Run Behavior\ParseTemplateBehavior [ RunTime:0.021498s ]
INFO: [ view_parse ] --END-- [ RunTime:0.021554s ]
INFO: [ view_filter ] --START--
INFO: Run Behavior\WriteHtmlCacheBehavior [ RunTime:0.000573s ]
INFO: [ view_filter ] --END-- [ RunTime:0.000607s ]
INFO: [ app_end ] --START--
INFO: Run Behavior\ShowPageTraceBehavior [ RunTime:0.001148s ]
INFO: [ app_end ] --END-- [ RunTime:0.001225s ]

[ 2016-11-03T10:17:50+08:00 ] ::1 /ot/admin.php?s=/AuthManager/access/group_name/%E9%BB%98%E8%AE%A4%E7%94%A8%E6%88%B7%E7%BB%84/group_id/1.html
INFO: [ app_init ] --START--
INFO: Run Behavior\BuildLiteBehavior [ RunTime:0.000013s ]
INFO: Run Common\Behavior\InitHookBehavior [ RunTime:0.002370s ]
INFO: [ app_init ] --END-- [ RunTime:0.002923s ]
INFO: [ app_begin ] --START--
INFO: Run Behavior\ReadHtmlCacheBehavior [ RunTime:0.000655s ]
INFO: [ app_begin ] --END-- [ RunTime:0.000700s ]
SQL: SHOW COLUMNS FROM `onethink_menu` [ RunTime:0.0056s ]
SQL: SELECT `title`,`url`,`tip`,`pid` FROM `onethink_menu` ORDER BY `sort` asc  [ RunTime:0.0014s ]
SQL: SHOW COLUMNS FROM `onethink_auth_rule` [ RunTime:0.0053s ]
SQL: SELECT * FROM `onethink_auth_rule` WHERE `module` = 'admin' AND `type` IN ('1','2') ORDER BY `name`  [ RunTime:0.0040s ]
SQL: UPDATE `onethink_auth_rule` SET `name`='Admin/Action/actionlog',`title`='行为日志',`module`='admin',`type`='1',`status`='1',`id`='107' WHERE `id` = 107 [ RunTime:0.0006s ]
SQL: UPDATE `onethink_auth_rule` SET `name`='Admin/action/edit',`title`='查看行为日志',`module`='admin',`type`='1',`status`='1',`id`='110' WHERE `id` = 110 [ RunTime:0.0005s ]
SQL: UPDATE `onethink_auth_rule` SET `name`='Admin/Addons/addHook',`title`='新增钩子',`module`='admin',`type`='1',`status`='1',`id`='209' WHERE `id` = 209 [ RunTime:0.0004s ]
SQL: UPDATE `onethink_auth_rule` SET `name`='Admin/Addons/adminList',`title`='插件后台列表',`module`='admin',`type`='1',`status`='1',`id`='52' WHERE `id` = 52 [ RunTime:0.0010s ]
SQL: UPDATE `onethink_auth_rule` SET `name`='Admin/Addons/build',`title`='快速生成插件',`module`='admin',`type`='1',`status`='1',`id`='45' WHERE `id` = 45 [ RunTime:0.0006s ]
SQL: UPDATE `onethink_auth_rule` SET `name`='Admin/Addons/checkForm',`title`='检测创建',`module`='admin',`type`='1',`status`='1',`id`='43' WHERE `id` = 43 [ RunTime:0.0004s ]
SQL: UPDATE `onethink_auth_rule` SET `name`='Admin/Addons/config',`title`='设置',`module`='admin',`type`='1',`status`='1',`id`='46' WHERE `id` = 46 [ RunTime:0.0005s ]
SQL: UPDATE `onethink_auth_rule` SET `name`='Admin/Addons/create',`title`='创建',`module`='admin',`type`='1',`status`='1',`id`='42' WHERE `id` = 42 [ RunTime:0.0004s ]
SQL: UPDATE `onethink_auth_rule` SET `name`='Admin/Addons/disable',`title`='禁用',`module`='admin',`type`='1',`status`='1',`id`='47' WHERE `id` = 47 [ RunTime:0.0003s ]
SQL: UPDATE `onethink_auth_rule` SET `name`='Admin/Addons/edithook',`title`='编辑钩子',`module`='admin',`type`='1',`status`='1',`id`='210' WHERE `id` = 210 [ RunTime:0.0004s ]
SQL: UPDATE `onethink_auth_rule` SET `name`='Admin/Addons/enable',`title`='启用',`module`='admin',`type`='1',`status`='1',`id`='48' WHERE `id` = 48 [ RunTime:0.0004s ]
SQL: UPDATE `onethink_auth_rule` SET `name`='Admin/Addons/execute',`title`='URL方式访问插件',`module`='admin',`type`='1',`status`='1',`id`='53' WHERE `id` = 53 [ RunTime:0.0004s ]
SQL: UPDATE `onethink_auth_rule` SET `name`='Admin/Addons/hooks',`title`='钩子管理',`module`='admin',`type`='1',`status`='1',`id`='55' WHERE `id` = 55 [ RunTime:0.0003s ]
SQL: UPDATE `onethink_auth_rule` SET `name`='Admin/Addons/index',`title`='扩展',`module`='admin',`type`='2',`status`='1',`id`='4' WHERE `id` = 4 [ RunTime:0.0003s ]
SQL: UPDATE `onethink_auth_rule` SET `name`='Admin/Addons/index',`title`='插件管理',`module`='admin',`type`='1',`status`='1',`id`='54' WHERE `id` = 54 [ RunTime:0.0004s ]
SQL: UPDATE `onethink_auth_rule` SET `name`='Admin/Addons/install',`title`='安装',`module`='admin',`type`='1',`status`='1',`id`='49' WHERE `id` = 49 [ RunTime:0.0003s ]
SQL: UPDATE `onethink_auth_rule` SET `name`='Admin/Addons/preview',`title`='预览',`module`='admin',`type`='1',`status`='1',`id`='44' WHERE `id` = 44 [ RunTime:0.0003s ]
SQL: UPDATE `onethink_auth_rule` SET `name`='Admin/Addons/saveconfig',`title`='更新配置',`module`='admin',`type`='1',`status`='1',`id`='51' WHERE `id` = 51 [ RunTime:0.0003s ]
SQL: UPDATE `onethink_auth_rule` SET `name`='Admin/Addons/uninstall',`title`='卸载',`module`='admin',`type`='1',`status`='1',`id`='50' WHERE `id` = 50 [ RunTime:0.0004s ]
SQL: UPDATE `onethink_auth_rule` SET `name`='Admin/article/add',`title`='新增',`module`='admin',`type`='1',`status`='1',`id`='7' WHERE `id` = 7 [ RunTime:0.0004s ]
SQL: UPDATE `onethink_auth_rule` SET `name`='Admin/article/autoSave',`title`='保存草稿',`module`='admin',`type`='1',`status`='1',`id`='11' WHERE `id` = 11 [ RunTime:0.0004s ]
SQL: UPDATE `onethink_auth_rule` SET `name`='Admin/article/batchOperate',`title`='导入',`module`='admin',`type`='1',`status`='1',`id`='79' WHERE `id` = 79 [ RunTime:0.0004s ]
SQL: UPDATE `onethink_auth_rule` SET `name`='Admin/article/clear',`title`='清空',`module`='admin',`type`='1',`status`='1',`id`='16' WHERE `id` = 16 [ RunTime:0.0004s ]
SQL: UPDATE `onethink_auth_rule` SET `name`='Admin/article/copy',`title`='复制',`module`='admin',`type`='1',`status`='1',`id`='13' WHERE `id` = 13 [ RunTime:0.0005s ]
SQL: UPDATE `onethink_auth_rule` SET `name`='Admin/article/edit',`title`='编辑',`module`='admin',`type`='1',`status`='1',`id`='8' WHERE `id` = 8 [ RunTime:0.0005s ]
SQL: UPDATE `onethink_auth_rule` SET `name`='Admin/Article/examine',`title`='审核列表',`module`='admin',`type`='1',`status`='1',`id`='17' WHERE `id` = 17 [ RunTime:0.0004s ]
SQL: UPDATE `onethink_auth_rule` SET `name`='Admin/Article/index',`title`='内容',`module`='admin',`type`='2',`status`='1',`id`='2' WHERE `id` = 2 [ RunTime:0.0004s ]
SQL: UPDATE `onethink_auth_rule` SET `name`='Admin/article/index',`title`='文档列表',`module`='admin',`type`='1',`status`='1',`id`='217' WHERE `id` = 217 [ RunTime:0.0004s ]
SQL: UPDATE `onethink_auth_rule` SET `name`='Admin/article/move',`title`='移动',`module`='admin',`type`='1',`status`='1',`id`='12' WHERE `id` = 12 [ RunTime:0.0004s ]
SQL: UPDATE `onethink_auth_rule` SET `name`='Admin/article/paste',`title`='粘贴',`module`='admin',`type`='1',`status`='1',`id`='14' WHERE `id` = 14 [ RunTime:0.0005s ]
SQL: UPDATE `onethink_auth_rule` SET `name`='Admin/article/permit',`title`='还原',`module`='admin',`type`='1',`status`='1',`id`='15' WHERE `id` = 15 [ RunTime:0.0006s ]
SQL: UPDATE `onethink_auth_rule` SET `name`='Admin/article/recycle',`title`='回收站',`module`='admin',`type`='1',`status`='1',`id`='18' WHERE `id` = 18 [ RunTime:0.0008s ]
SQL: UPDATE `onethink_auth_rule` SET `name`='Admin/article/setStatus',`title`='改变状态',`module`='admin',`type`='1',`status`='1',`id`='9' WHERE `id` = 9 [ RunTime:0.0005s ]
SQL: UPDATE `onethink_auth_rule` SET `name`='Admin/Article/sort',`title`='文档排序',`module`='admin',`type`='1',`status`='1',`id`='211' WHERE `id` = 211 [ RunTime:0.0005s ]
SQL: UPDATE `onethink_auth_rule` SET `name`='Admin/article/update',`title`='保存',`module`='admin',`type`='1',`status`='1',`id`='10' WHERE `id` = 10 [ RunTime:0.0006s ]
SQL: UPDATE `onethink_auth_rule` SET `name`='Admin/Attribute/add',`title`='新增',`module`='admin',`type`='1',`status`='1',`id`='90' WHERE `id` = 90 [ RunTime:0.0005s ]
SQL: UPDATE `onethink_auth_rule` SET `name`='Admin/Attribute/edit',`title`='编辑',`module`='admin',`type`='1',`status`='1',`id`='91' WHERE `id` = 91 [ RunTime:0.0004s ]
SQL: UPDATE `onethink_auth_rule` SET `name`='Admin/Attribute/index',`title`='属性管理',`module`='admin',`type`='1',`status`='1',`id`='89' WHERE `id` = 89 [ RunTime:0.0004s ]
SQL: UPDATE `onethink_auth_rule` SET `name`='Admin/Attribute/setStatus',`title`='改变状态',`module`='admin',`type`='1',`status`='1',`id`='92' WHERE `id` = 92 [ RunTime:0.0004s ]
SQL: UPDATE `onethink_auth_rule` SET `name`='Admin/Attribute/update',`title`='保存数据',`module`='admin',`type`='1',`status`='1',`id`='93' WHERE `id` = 93 [ RunTime:0.0004s ]
SQL: UPDATE `onethink_auth_rule` SET `name`='Admin/AuthManager/access',`title`='访问授权',`module`='admin',`type`='1',`status`='1',`id`='35' WHERE `id` = 35 [ RunTime:0.0003s ]
SQL: UPDATE `onethink_auth_rule` SET `name`='Admin/AuthManager/addToCategory',`title`='保存分类授权',`module`='admin',`type`='1',`status`='1',`id`='40' WHERE `id` = 40 [ RunTime:0.0003s ]
SQL: UPDATE `onethink_auth_rule` SET `name`='Admin/AuthManager/addToGroup',`title`='保存成员授权',`module`='admin',`type`='1',`status`='1',`id`='38' WHERE `id` = 38 [ RunTime:0.0003s ]
SQL: UPDATE `onethink_auth_rule` SET `name`='Admin/AuthManager/addToModel',`title`='保存模型授权',`module`='admin',`type`='1',`status`='1',`id`='95' WHERE `id` = 95 [ RunTime:0.0004s ]
SQL: UPDATE `onethink_auth_rule` SET `name`='Admin/AuthManager/category',`title`='分类授权',`module`='admin',`type`='1',`status`='1',`id`='39' WHERE `id` = 39 [ RunTime:0.0004s ]
SQL: UPDATE `onethink_auth_rule` SET `name`='Admin/AuthManager/changeStatus?method=deleteGroup',`title`='删除',`module`='admin',`type`='1',`status`='1',`id`='28' WHERE `id` = 28 [ RunTime:0.0003s ]
SQL: UPDATE `onethink_auth_rule` SET `name`='Admin/AuthManager/changeStatus?method=forbidGroup',`title`='禁用',`module`='admin',`type`='1',`status`='1',`id`='29' WHERE `id` = 29 [ RunTime:0.0004s ]
SQL: UPDATE `onethink_auth_rule` SET `name`='Admin/AuthManager/changeStatus?method=resumeGroup',`title`='恢复',`module`='admin',`type`='1',`status`='1',`id`='30' WHERE `id` = 30 [ RunTime:0.0004s ]
SQL: UPDATE `onethink_auth_rule` SET `name`='Admin/AuthManager/createGroup',`title`='新增',`module`='admin',`type`='1',`status`='1',`id`='31' WHERE `id` = 31 [ RunTime:0.0006s ]
SQL: UPDATE `onethink_auth_rule` SET `name`='Admin/AuthManager/editGroup',`title`='编辑',`module`='admin',`type`='1',`status`='1',`id`='32' WHERE `id` = 32 [ RunTime:0.0007s ]
SQL: UPDATE `onethink_auth_rule` SET `name`='Admin/AuthManager/group',`title`='授权',`module`='admin',`type`='1',`status`='1',`id`='34' WHERE `id` = 34 [ RunTime:0.0004s ]
SQL: UPDATE `onethink_auth_rule` SET `name`='Admin/AuthManager/index',`title`='权限管理',`module`='admin',`type`='1',`status`='1',`id`='41' WHERE `id` = 41 [ RunTime:0.0004s ]
SQL: UPDATE `onethink_auth_rule` SET `name`='Admin/AuthManager/modelauth',`title`='模型授权',`module`='admin',`type`='1',`status`='1',`id`='94' WHERE `id` = 94 [ RunTime:0.0008s ]
SQL: UPDATE `onethink_auth_rule` SET `name`='Admin/AuthManager/removeFromGroup',`title`='解除授权',`module`='admin',`type`='1',`status`='1',`id`='37' WHERE `id` = 37 [ RunTime:0.0005s ]
SQL: UPDATE `onethink_auth_rule` SET `name`='Admin/AuthManager/user',`title`='成员授权',`module`='admin',`type`='1',`status`='1',`id`='36' WHERE `id` = 36 [ RunTime:0.0005s ]
SQL: UPDATE `onethink_auth_rule` SET `name`='Admin/AuthManager/writeGroup',`title`='保存用户组',`module`='admin',`type`='1',`status`='1',`id`='33' WHERE `id` = 33 [ RunTime:0.0005s ]
SQL: UPDATE `onethink_auth_rule` SET `name`='Admin/Category/add',`title`='新增',`module`='admin',`type`='1',`status`='1',`id`='72' WHERE `id` = 72 [ RunTime:0.0005s ]
SQL: UPDATE `onethink_auth_rule` SET `name`='Admin/Category/edit',`title`='编辑',`module`='admin',`type`='1',`status`='1',`id`='71' WHERE `id` = 71 [ RunTime:0.0006s ]
SQL: UPDATE `onethink_auth_rule` SET `name`='Admin/Category/index',`title`='分类管理',`module`='admin',`type`='1',`status`='1',`id`='74' WHERE `id` = 74 [ RunTime:0.0006s ]
SQL: UPDATE `onethink_auth_rule` SET `name`='Admin/Category/operate/type/merge',`title`='合并',`module`='admin',`type`='1',`status`='1',`id`='216' WHERE `id` = 216 [ RunTime:0.0006s ]
SQL: UPDATE `onethink_auth_rule` SET `name`='Admin/Category/operate/type/move',`title`='移动',`module`='admin',`type`='1',`status`='1',`id`='215' WHERE `id` = 215 [ RunTime:0.0005s ]
SQL: UPDATE `onethink_auth_rule` SET `name`='Admin/Category/remove',`title`='删除',`module`='admin',`type`='1',`status`='1',`id`='73' WHERE `id` = 73 [ RunTime:0.0005s ]
SQL: UPDATE `onethink_auth_rule` SET `name`='Admin/Channel/add',`title`='新增',`module`='admin',`type`='1',`status`='1',`id`='67' WHERE `id` = 67 [ RunTime:0.0004s ]
SQL: UPDATE `onethink_auth_rule` SET `name`='Admin/Channel/del',`title`='删除',`module`='admin',`type`='1',`status`='1',`id`='69' WHERE `id` = 69 [ RunTime:0.0004s ]
SQL: UPDATE `onethink_auth_rule` SET `name`='Admin/Channel/edit',`title`='编辑',`module`='admin',`type`='1',`status`='1',`id`='68' WHERE `id` = 68 [ RunTime:0.0004s ]
SQL: UPDATE `onethink_auth_rule` SET `name`='Admin/Channel/index',`title`='导航管理',`module`='admin',`type`='1',`status`='1',`id`='70' WHERE `id` = 70 [ RunTime:0.0004s ]
SQL: UPDATE `onethink_auth_rule` SET `name`='Admin/Channel/sort',`title`='排序',`module`='admin',`type`='1',`status`='1',`id`='214' WHERE `id` = 214 [ RunTime:0.0005s ]
SQL: UPDATE `onethink_auth_rule` SET `name`='Admin/Config/add',`title`='新增',`module`='admin',`type`='1',`status`='1',`id`='63' WHERE `id` = 63 [ RunTime:0.0005s ]
SQL: UPDATE `onethink_auth_rule` SET `name`='Admin/Config/del',`title`='删除',`module`='admin',`type`='1',`status`='1',`id`='62' WHERE `id` = 62 [ RunTime:0.0004s ]
SQL: UPDATE `onethink_auth_rule` SET `name`='Admin/Config/edit',`title`='编辑',`module`='admin',`type`='1',`status`='1',`id`='61' WHERE `id` = 61 [ RunTime:0.0004s ]
SQL: UPDATE `onethink_auth_rule` SET `name`='Admin/Config/group',`title`='系统',`module`='admin',`type`='2',`status`='1',`id`='5' WHERE `id` = 5 [ RunTime:0.0005s ]
SQL: UPDATE `onethink_auth_rule` SET `name`='Admin/Config/group',`title`='网站设置',`module`='admin',`type`='1',`status`='1',`id`='65' WHERE `id` = 65 [ RunTime:0.0005s ]
SQL: UPDATE `onethink_auth_rule` SET `name`='Admin/Config/index',`title`='配置管理',`module`='admin',`type`='1',`status`='1',`id`='66' WHERE `id` = 66 [ RunTime:0.0005s ]
SQL: UPDATE `onethink_auth_rule` SET `name`='Admin/Config/save',`title`='保存',`module`='admin',`type`='1',`status`='1',`id`='64' WHERE `id` = 64 [ RunTime:0.0004s ]
SQL: UPDATE `onethink_auth_rule` SET `name`='Admin/Config/sort',`title`='排序',`module`='admin',`type`='1',`status`='1',`id`='212' WHERE `id` = 212 [ RunTime:0.0005s ]
SQL: UPDATE `onethink_auth_rule` SET `name`='Admin/Database/del',`title`='删除',`module`='admin',`type`='1',`status`='1',`id`='87' WHERE `id` = 87 [ RunTime:0.0005s ]
SQL: UPDATE `onethink_auth_rule` SET `name`='Admin/Database/export',`title`='备份',`module`='admin',`type`='1',`status`='1',`id`='82' WHERE `id` = 82 [ RunTime:0.0005s ]
SQL: UPDATE `onethink_auth_rule` SET `name`='Admin/Database/import',`title`='恢复',`module`='admin',`type`='1',`status`='1',`id`='86' WHERE `id` = 86 [ RunTime:0.0004s ]
SQL: UPDATE `onethink_auth_rule` SET `name`='Admin/Database/index?type=export',`title`='备份数据库',`module`='admin',`type`='1',`status`='1',`id`='80' WHERE `id` = 80 [ RunTime:0.0004s ]
SQL: UPDATE `onethink_auth_rule` SET `name`='Admin/Database/index?type=import',`title`='还原数据库',`module`='admin',`type`='1',`status`='1',`id`='81' WHERE `id` = 81 [ RunTime:0.0004s ]
SQL: UPDATE `onethink_auth_rule` SET `name`='Admin/Database/optimize',`title`='优化表',`module`='admin',`type`='1',`status`='1',`id`='83' WHERE `id` = 83 [ RunTime:0.0004s ]
SQL: UPDATE `onethink_auth_rule` SET `name`='Admin/Database/repair',`title`='修复表',`module`='admin',`type`='1',`status`='1',`id`='84' WHERE `id` = 84 [ RunTime:0.0004s ]
SQL: UPDATE `onethink_auth_rule` SET `name`='Admin/Index/index',`title`='首页',`module`='admin',`type`='2',`status`='1',`id`='1' WHERE `id` = 1 [ RunTime:0.0004s ]
SQL: UPDATE `onethink_auth_rule` SET `name`='Admin/Menu/add',`title`='新增',`module`='admin',`type`='1',`status`='1',`id`='102' WHERE `id` = 102 [ RunTime:0.0004s ]
SQL: UPDATE `onethink_auth_rule` SET `name`='Admin/Menu/edit',`title`='编辑',`module`='admin',`type`='1',`status`='1',`id`='103' WHERE `id` = 103 [ RunTime:0.0005s ]
SQL: UPDATE `onethink_auth_rule` SET `name`='Admin/Menu/import',`title`='导入',`module`='admin',`type`='1',`status`='1',`id`='207' WHERE `id` = 207 [ RunTime:0.0005s ]
SQL: UPDATE `onethink_auth_rule` SET `name`='Admin/Menu/index',`title`='菜单管理',`module`='admin',`type`='1',`status`='1',`id`='100' WHERE `id` = 100 [ RunTime:0.0004s ]
SQL: UPDATE `onethink_auth_rule` SET `name`='Admin/Menu/sort',`title`='排序',`module`='admin',`type`='1',`status`='1',`id`='213' WHERE `id` = 213 [ RunTime:0.0005s ]
SQL: UPDATE `onethink_auth_rule` SET `name`='Admin/model/add',`title`='新增',`module`='admin',`type`='1',`status`='1',`id`='56' WHERE `id` = 56 [ RunTime:0.0005s ]
SQL: UPDATE `onethink_auth_rule` SET `name`='Admin/model/edit',`title`='编辑',`module`='admin',`type`='1',`status`='1',`id`='57' WHERE `id` = 57 [ RunTime:0.0005s ]
SQL: UPDATE `onethink_auth_rule` SET `name`='Admin/Model/generate',`title`='生成',`module`='admin',`type`='1',`status`='1',`id`='208' WHERE `id` = 208 [ RunTime:0.0006s ]
SQL: UPDATE `onethink_auth_rule` SET `name`='Admin/Model/index',`title`='模型管理',`module`='admin',`type`='1',`status`='1',`id`='60' WHERE `id` = 60 [ RunTime:0.0006s ]
SQL: UPDATE `onethink_auth_rule` SET `name`='Admin/model/setStatus',`title`='改变状态',`module`='admin',`type`='1',`status`='1',`id`='58' WHERE `id` = 58 [ RunTime:0.0004s ]
SQL: UPDATE `onethink_auth_rule` SET `name`='Admin/model/update',`title`='保存数据',`module`='admin',`type`='1',`status`='1',`id`='59' WHERE `id` = 59 [ RunTime:0.0003s ]
SQL: UPDATE `onethink_auth_rule` SET `name`='Admin/other',`title`='其他',`module`='admin',`type`='2',`status`='1',`id`='195' WHERE `id` = 195 [ RunTime:0.0003s ]
SQL: UPDATE `onethink_auth_rule` SET `name`='Admin/sample/add',`title`='添加样品',`module`='admin',`type`='1',`status`='1',`id`='222' WHERE `id` = 222 [ RunTime:0.0004s ]
SQL: UPDATE `onethink_auth_rule` SET `name`='Admin/Sample/index',`title`='样品',`module`='admin',`type`='2',`status`='1',`id`='220' WHERE `id` = 220 [ RunTime:0.0004s ]
SQL: UPDATE `onethink_auth_rule` SET `name`='Admin/think/add',`title`='新增数据',`module`='admin',`type`='1',`status`='1',`id`='205' WHERE `id` = 205 [ RunTime:0.0004s ]
SQL: UPDATE `onethink_auth_rule` SET `name`='Admin/think/edit',`title`='编辑数据',`module`='admin',`type`='1',`status`='1',`id`='206' WHERE `id` = 206 [ RunTime:0.0004s ]
SQL: UPDATE `onethink_auth_rule` SET `name`='Admin/think/lists',`title`='数据列表',`module`='admin',`type`='1',`status`='1',`id`='218' WHERE `id` = 218 [ RunTime:0.0004s ]
SQL: UPDATE `onethink_auth_rule` SET `name`='Admin/User/action',`title`='用户行为',`module`='admin',`type`='1',`status`='1',`id`='27' WHERE `id` = 27 [ RunTime:0.0004s ]
SQL: UPDATE `onethink_auth_rule` SET `name`='Admin/User/add',`title`='新增用户',`module`='admin',`type`='1',`status`='1',`id`='88' WHERE `id` = 88 [ RunTime:0.0004s ]
SQL: UPDATE `onethink_auth_rule` SET `name`='Admin/User/addaction',`title`='新增用户行为',`module`='admin',`type`='1',`status`='1',`id`='19' WHERE `id` = 19 [ RunTime:0.0004s ]
SQL: UPDATE `onethink_auth_rule` SET `name`='Admin/User/changeStatus?method=deleteUser',`title`='删除会员',`module`='admin',`type`='1',`status`='1',`id`='25' WHERE `id` = 25 [ RunTime:0.0003s ]
SQL: UPDATE `onethink_auth_rule` SET `name`='Admin/User/changeStatus?method=forbidUser',`title`='禁用会员',`module`='admin',`type`='1',`status`='1',`id`='23' WHERE `id` = 23 [ RunTime:0.0003s ]
SQL: UPDATE `onethink_auth_rule` SET `name`='Admin/User/changeStatus?method=resumeUser',`title`='启用会员',`module`='admin',`type`='1',`status`='1',`id`='24' WHERE `id` = 24 [ RunTime:0.0004s ]
SQL: UPDATE `onethink_auth_rule` SET `name`='Admin/User/editaction',`title`='编辑用户行为',`module`='admin',`type`='1',`status`='1',`id`='20' WHERE `id` = 20 [ RunTime:0.0004s ]
SQL: UPDATE `onethink_auth_rule` SET `name`='Admin/User/index',`title`='用户',`module`='admin',`type`='2',`status`='1',`id`='3' WHERE `id` = 3 [ RunTime:0.0004s ]
SQL: UPDATE `onethink_auth_rule` SET `name`='Admin/User/index',`title`='用户信息',`module`='admin',`type`='1',`status`='1',`id`='26' WHERE `id` = 26 [ RunTime:0.0003s ]
SQL: UPDATE `onethink_auth_rule` SET `name`='Admin/User/saveAction',`title`='保存用户行为',`module`='admin',`type`='1',`status`='1',`id`='21' WHERE `id` = 21 [ RunTime:0.0003s ]
SQL: UPDATE `onethink_auth_rule` SET `name`='Admin/User/setStatus',`title`='变更行为状态',`module`='admin',`type`='1',`status`='1',`id`='22' WHERE `id` = 22 [ RunTime:0.0003s ]
SQL: UPDATE `onethink_auth_rule` SET `name`='Admin/User/updateNickname',`title`='修改昵称',`module`='admin',`type`='1',`status`='1',`id`='109' WHERE `id` = 109 [ RunTime:0.0004s ]
SQL: UPDATE `onethink_auth_rule` SET `name`='Admin/User/updatePassword',`title`='修改密码',`module`='admin',`type`='1',`status`='1',`id`='108' WHERE `id` = 108 [ RunTime:0.0003s ]
SQL: UPDATE `onethink_auth_rule` SET `status`='-1' WHERE `id` IN ('304','307','312','272','265','263','266','262','267','313','268','273','324','321','333','269','264','271','270','224','228','232','235','230','225','319','223','323','229','231','234','233','226','314','227','279','280','278','281','282','254','259','257','261','258','247','248','249','250','251','253','246','260','256','255','252','291','290','325','294','293','292','287','289','288','332','317','285','284','283','322','328','329','286','315','301','296','300','295','299','297','298','320','302','303','310','330','316','274','275','311','327','276','277','331','221','219','308','309','318','238','237','239','245','243','244','240','236','326','241','242','306','305') [ RunTime:0.0124s ]
SQL: SHOW COLUMNS FROM `onethink_auth_group` [ RunTime:0.0062s ]
SQL: SELECT `id`,`id`,`title`,`rules` FROM `onethink_auth_group` WHERE `status` >= '0' AND `module` = 'admin' AND `type` = 1  [ RunTime:0.0006s ]
SQL: SELECT `id`,`pid`,`title`,`url`,`tip`,`hide` FROM `onethink_menu` ORDER BY `sort` asc  [ RunTime:0.0017s ]
SQL: SELECT `name`,`id` FROM `onethink_auth_rule` WHERE `module` = 'admin' AND `type` = 2 AND `status` = 1  [ RunTime:0.0007s ]
SQL: SELECT `name`,`id` FROM `onethink_auth_rule` WHERE `module` = 'admin' AND `type` = 1 AND `status` = 1  [ RunTime:0.0016s ]
INFO: [ view_parse ] --START--
INFO: [ template_filter ] --START--
INFO: Run Behavior\ContentReplaceBehavior [ RunTime:0.000062s ]
INFO: [ template_filter ] --END-- [ RunTime:0.000135s ]
INFO: Run Behavior\ParseTemplateBehavior [ RunTime:0.009181s ]
INFO: [ view_parse ] --END-- [ RunTime:0.009321s ]
INFO: [ view_filter ] --START--
INFO: Run Behavior\WriteHtmlCacheBehavior [ RunTime:0.000790s ]
INFO: [ view_filter ] --END-- [ RunTime:0.000845s ]
INFO: [ app_end ] --START--
INFO: Run Behavior\ShowPageTraceBehavior [ RunTime:0.001017s ]
INFO: [ app_end ] --END-- [ RunTime:0.001074s ]

[ 2016-11-03T10:19:59+08:00 ] ::1 /ot/admin.php?s=/AuthManager/access/group_name/%E9%BB%98%E8%AE%A4%E7%94%A8%E6%88%B7%E7%BB%84/group_id/1.html
INFO: [ app_init ] --START--
INFO: Run Behavior\BuildLiteBehavior [ RunTime:0.000024s ]
INFO: Run Common\Behavior\InitHookBehavior [ RunTime:0.004316s ]
INFO: [ app_init ] --END-- [ RunTime:0.005090s ]
INFO: [ app_begin ] --START--
INFO: Run Behavior\ReadHtmlCacheBehavior [ RunTime:0.001133s ]
INFO: [ app_begin ] --END-- [ RunTime:0.001234s ]
SQL: SHOW COLUMNS FROM `onethink_menu` [ RunTime:0.0055s ]
SQL: SELECT `title`,`url`,`tip`,`pid` FROM `onethink_menu` ORDER BY `sort` asc  [ RunTime:0.0023s ]
SQL: SHOW COLUMNS FROM `onethink_auth_rule` [ RunTime:0.0053s ]
SQL: SELECT * FROM `onethink_auth_rule` WHERE `module` = 'admin' AND `type` IN ('1','2') ORDER BY `name`  [ RunTime:0.0057s ]
SQL: SHOW COLUMNS FROM `onethink_auth_group` [ RunTime:0.0062s ]
SQL: SELECT `id`,`id`,`title`,`rules` FROM `onethink_auth_group` WHERE `status` >= '0' AND `module` = 'admin' AND `type` = 1  [ RunTime:0.0004s ]
SQL: SELECT `id`,`pid`,`title`,`url`,`tip`,`hide` FROM `onethink_menu` ORDER BY `sort` asc  [ RunTime:0.0013s ]
SQL: SELECT `name`,`id` FROM `onethink_auth_rule` WHERE `module` = 'admin' AND `type` = 2 AND `status` = 1  [ RunTime:0.0009s ]
SQL: SELECT `name`,`id` FROM `onethink_auth_rule` WHERE `module` = 'admin' AND `type` = 1 AND `status` = 1  [ RunTime:0.0017s ]
INFO: [ view_parse ] --START--
INFO: [ template_filter ] --START--
INFO: Run Behavior\ContentReplaceBehavior [ RunTime:0.000287s ]
INFO: [ template_filter ] --END-- [ RunTime:0.000370s ]
INFO: Run Behavior\ParseTemplateBehavior [ RunTime:0.021068s ]
INFO: [ view_parse ] --END-- [ RunTime:0.021123s ]
INFO: [ view_filter ] --START--
INFO: Run Behavior\WriteHtmlCacheBehavior [ RunTime:0.000534s ]
INFO: [ view_filter ] --END-- [ RunTime:0.000572s ]
INFO: [ app_end ] --START--
INFO: Run Behavior\ShowPageTraceBehavior [ RunTime:0.000905s ]
INFO: [ app_end ] --END-- [ RunTime:0.000980s ]

[ 2016-11-03T10:20:05+08:00 ] ::1 /ot/admin.php?s=/AuthManager/access/group_name/%E9%BB%98%E8%AE%A4%E7%94%A8%E6%88%B7%E7%BB%84/group_id/1.html
INFO: [ app_init ] --START--
INFO: Run Behavior\BuildLiteBehavior [ RunTime:0.000015s ]
INFO: Run Common\Behavior\InitHookBehavior [ RunTime:0.003856s ]
INFO: [ app_init ] --END-- [ RunTime:0.004552s ]
INFO: [ app_begin ] --START--
INFO: Run Behavior\ReadHtmlCacheBehavior [ RunTime:0.000687s ]
INFO: [ app_begin ] --END-- [ RunTime:0.000742s ]
SQL: SHOW COLUMNS FROM `onethink_menu` [ RunTime:0.0060s ]
SQL: SELECT `title`,`url`,`tip`,`pid` FROM `onethink_menu` ORDER BY `sort` asc  [ RunTime:0.0014s ]
SQL: SHOW COLUMNS FROM `onethink_auth_rule` [ RunTime:0.0079s ]
SQL: SELECT * FROM `onethink_auth_rule` WHERE `module` = 'admin' AND `type` IN ('1','2') ORDER BY `name`  [ RunTime:0.0043s ]
SQL: SHOW COLUMNS FROM `onethink_auth_group` [ RunTime:0.0050s ]
SQL: SELECT `id`,`id`,`title`,`rules` FROM `onethink_auth_group` WHERE `status` >= '0' AND `module` = 'admin' AND `type` = 1  [ RunTime:0.0004s ]
SQL: SELECT `id`,`pid`,`title`,`url`,`tip`,`hide` FROM `onethink_menu` ORDER BY `sort` asc  [ RunTime:0.0014s ]
SQL: SELECT `name`,`id` FROM `onethink_auth_rule` WHERE `module` = 'admin' AND `type` = 2 AND `status` = 1  [ RunTime:0.0006s ]
SQL: SELECT `name`,`id` FROM `onethink_auth_rule` WHERE `module` = 'admin' AND `type` = 1 AND `status` = 1  [ RunTime:0.0010s ]
INFO: [ view_parse ] --START--
INFO: [ template_filter ] --START--
INFO: Run Behavior\ContentReplaceBehavior [ RunTime:0.000293s ]
INFO: [ template_filter ] --END-- [ RunTime:0.000390s ]
INFO: Run Behavior\ParseTemplateBehavior [ RunTime:0.023007s ]
INFO: [ view_parse ] --END-- [ RunTime:0.023070s ]
INFO: [ view_filter ] --START--
INFO: Run Behavior\WriteHtmlCacheBehavior [ RunTime:0.000846s ]
INFO: [ view_filter ] --END-- [ RunTime:0.000896s ]
INFO: [ app_end ] --START--
INFO: Run Behavior\ShowPageTraceBehavior [ RunTime:0.001115s ]
INFO: [ app_end ] --END-- [ RunTime:0.001198s ]

[ 2016-11-03T10:24:06+08:00 ] ::1 /ot/admin.php?s=/User/index.html
INFO: [ app_init ] --START--
INFO: Run Behavior\BuildLiteBehavior [ RunTime:0.000017s ]
INFO: Run Common\Behavior\InitHookBehavior [ RunTime:0.004405s ]
INFO: [ app_init ] --END-- [ RunTime:0.004960s ]
INFO: [ app_begin ] --START--
INFO: Run Behavior\ReadHtmlCacheBehavior [ RunTime:0.001199s ]
INFO: [ app_begin ] --END-- [ RunTime:0.001256s ]
SQL: SHOW COLUMNS FROM `onethink_member` [ RunTime:0.0604s ]
SQL: SELECT COUNT(*) AS tp_count FROM `onethink_member` WHERE `status` >= 0 AND `nickname` LIKE '%%' LIMIT 1   [ RunTime:0.0005s ]
SQL: SELECT `uid`,`nickname`,`sex`,`birthday`,`qq`,`score`,`login`,`reg_ip`,`reg_time`,`last_login_ip`,`last_login_time`,`status` FROM `onethink_member` WHERE `status` >= 0 AND `nickname` LIKE '%%' ORDER BY `uid` desc LIMIT 0,10   [ RunTime:0.0008s ]
INFO: [ view_parse ] --START--
INFO: [ template_filter ] --START--
INFO: Run Behavior\ContentReplaceBehavior [ RunTime:0.000215s ]
INFO: [ template_filter ] --END-- [ RunTime:0.000272s ]
INFO: Run Behavior\ParseTemplateBehavior [ RunTime:0.017918s ]
INFO: [ view_parse ] --END-- [ RunTime:0.017985s ]
INFO: [ view_filter ] --START--
INFO: Run Behavior\WriteHtmlCacheBehavior [ RunTime:0.000833s ]
INFO: [ view_filter ] --END-- [ RunTime:0.000891s ]
INFO: [ app_end ] --START--
INFO: Run Behavior\ShowPageTraceBehavior [ RunTime:0.001167s ]
INFO: [ app_end ] --END-- [ RunTime:0.001242s ]

[ 2016-11-03T10:24:07+08:00 ] ::1 /ot/admin.php?s=/Config/group.html
INFO: [ app_init ] --START--
INFO: Run Behavior\BuildLiteBehavior [ RunTime:0.000032s ]
INFO: Run Common\Behavior\InitHookBehavior [ RunTime:0.003618s ]
INFO: [ app_init ] --END-- [ RunTime:0.004343s ]
INFO: [ app_begin ] --START--
INFO: Run Behavior\ReadHtmlCacheBehavior [ RunTime:0.001155s ]
INFO: [ app_begin ] --END-- [ RunTime:0.001253s ]
SQL: SHOW COLUMNS FROM `onethink_config` [ RunTime:0.0898s ]
SQL: SELECT `id`,`name`,`title`,`extra`,`value`,`remark`,`type` FROM `onethink_config` WHERE `status` = 1 AND `group` = 1 ORDER BY `sort`  [ RunTime:0.0009s ]
INFO: [ view_parse ] --START--
INFO: [ template_filter ] --START--
INFO: Run Behavior\ContentReplaceBehavior [ RunTime:0.000149s ]
INFO: [ template_filter ] --END-- [ RunTime:0.000196s ]
INFO: Run Behavior\ParseTemplateBehavior [ RunTime:0.018119s ]
INFO: [ view_parse ] --END-- [ RunTime:0.018175s ]
INFO: [ view_filter ] --START--
INFO: Run Behavior\WriteHtmlCacheBehavior [ RunTime:0.000532s ]
INFO: [ view_filter ] --END-- [ RunTime:0.000564s ]
INFO: [ app_end ] --START--
INFO: Run Behavior\ShowPageTraceBehavior [ RunTime:0.001353s ]
INFO: [ app_end ] --END-- [ RunTime:0.001422s ]

