[ 2016-11-21T00:59:55+08:00 ] ::1 /ot/admin.php?s=/Attribute/index/model_id/9.html
INFO: [ app_init ] --START--
INFO: Run Behavior\BuildLiteBehavior [ RunTime:0.000018s ]
INFO: Run Common\Behavior\InitHookBehavior [ RunTime:0.002786s ]
INFO: [ app_init ] --END-- [ RunTime:0.003327s ]
INFO: [ app_begin ] --START--
INFO: Run Behavior\ReadHtmlCacheBehavior [ RunTime:0.000768s ]
INFO: [ app_begin ] --END-- [ RunTime:0.000821s ]
SQL: SHOW COLUMNS FROM `onethink_attribute` [ RunTime:0.0205s ]
SQL: SELECT COUNT(*) AS tp_count FROM `onethink_attribute` WHERE `model_id` = 9 LIMIT 1   [ RunTime:0.0017s ]
SQL: SELECT `id`,`name`,`title`,`field`,`type`,`value`,`remark`,`is_show`,`extra`,`model_id`,`is_must`,`status`,`update_time`,`create_time`,`validate_rule`,`validate_time`,`error_info`,`validate_type`,`auto_rule`,`auto_time`,`auto_type` FROM `onethink_attribute` WHERE `model_id` = 9 ORDER BY `id` desc LIMIT 0,10   [ RunTime:0.0099s ]
INFO: [ view_parse ] --START--
INFO: [ template_filter ] --START--
INFO: Run Behavior\ContentReplaceBehavior [ RunTime:0.000160s ]
INFO: [ template_filter ] --END-- [ RunTime:0.000203s ]
SQL: SHOW COLUMNS FROM `onethink_model` [ RunTime:0.0073s ]
SQL: SELECT `title` FROM `onethink_model` WHERE `id` = 9 LIMIT 1   [ RunTime:0.0008s ]
INFO: Run Behavior\ParseTemplateBehavior [ RunTime:0.043614s ]
INFO: [ view_parse ] --END-- [ RunTime:0.043657s ]
INFO: [ view_filter ] --START--
INFO: Run Behavior\WriteHtmlCacheBehavior [ RunTime:0.000584s ]
INFO: [ view_filter ] --END-- [ RunTime:0.000621s ]
INFO: [ app_end ] --START--
INFO: Run Behavior\ShowPageTraceBehavior [ RunTime:0.000680s ]
INFO: [ app_end ] --END-- [ RunTime:0.000727s ]

[ 2016-11-21T00:59:56+08:00 ] ::1 /ot/admin.php?s=/Attribute/add/model_id/9.html
INFO: [ app_init ] --START--
INFO: Run Behavior\BuildLiteBehavior [ RunTime:0.000011s ]
INFO: Run Common\Behavior\InitHookBehavior [ RunTime:0.002552s ]
INFO: [ app_init ] --END-- [ RunTime:0.002997s ]
INFO: [ app_begin ] --START--
INFO: Run Behavior\ReadHtmlCacheBehavior [ RunTime:0.000571s ]
INFO: [ app_begin ] --END-- [ RunTime:0.000647s ]
SQL: SHOW COLUMNS FROM `onethink_model` [ RunTime:0.0053s ]
SQL: SELECT `title`,`name`,`field_group` FROM `onethink_model` WHERE `id` = 9 LIMIT 1   [ RunTime:0.0005s ]
INFO: [ view_parse ] --START--
INFO: [ template_filter ] --START--
INFO: Run Behavior\ContentReplaceBehavior [ RunTime:0.000301s ]
INFO: [ template_filter ] --END-- [ RunTime:0.000363s ]
NOTIC: [8] Undefined index: id D:\phpStudy\WWW\ot\Runtime\Cache\Admin\5de3ad3cb2669b692ef5954e1c687884.php 第 89 行.
SQL: SELECT `title` FROM `onethink_model` WHERE `id` = 9 LIMIT 1   [ RunTime:0.0004s ]
NOTIC: [8] Undefined index: name D:\phpStudy\WWW\ot\Runtime\Cache\Admin\5de3ad3cb2669b692ef5954e1c687884.php 第 106 行.
NOTIC: [8] Undefined index: title D:\phpStudy\WWW\ot\Runtime\Cache\Admin\5de3ad3cb2669b692ef5954e1c687884.php 第 112 行.
NOTIC: [8] Undefined index: field D:\phpStudy\WWW\ot\Runtime\Cache\Admin\5de3ad3cb2669b692ef5954e1c687884.php 第 127 行.
NOTIC: [8] Undefined index: extra D:\phpStudy\WWW\ot\Runtime\Cache\Admin\5de3ad3cb2669b692ef5954e1c687884.php 第 134 行.
NOTIC: [8] Undefined index: value D:\phpStudy\WWW\ot\Runtime\Cache\Admin\5de3ad3cb2669b692ef5954e1c687884.php 第 141 行.
NOTIC: [8] Undefined index: remark D:\phpStudy\WWW\ot\Runtime\Cache\Admin\5de3ad3cb2669b692ef5954e1c687884.php 第 147 行.
NOTIC: [8] Undefined index: validate_rule D:\phpStudy\WWW\ot\Runtime\Cache\Admin\5de3ad3cb2669b692ef5954e1c687884.php 第 190 行.
NOTIC: [8] Undefined index: error_info D:\phpStudy\WWW\ot\Runtime\Cache\Admin\5de3ad3cb2669b692ef5954e1c687884.php 第 196 行.
NOTIC: [8] Undefined index: auto_rule D:\phpStudy\WWW\ot\Runtime\Cache\Admin\5de3ad3cb2669b692ef5954e1c687884.php 第 222 行.
NOTIC: [8] Undefined index: id D:\phpStudy\WWW\ot\Runtime\Cache\Admin\5de3ad3cb2669b692ef5954e1c687884.php 第 241 行.
INFO: Run Behavior\ParseTemplateBehavior [ RunTime:0.022162s ]
INFO: [ view_parse ] --END-- [ RunTime:0.022223s ]
INFO: [ view_filter ] --START--
INFO: Run Behavior\WriteHtmlCacheBehavior [ RunTime:0.000506s ]
INFO: [ view_filter ] --END-- [ RunTime:0.000540s ]
INFO: [ app_end ] --START--
INFO: Run Behavior\ShowPageTraceBehavior [ RunTime:0.000827s ]
INFO: [ app_end ] --END-- [ RunTime:0.000885s ]

[ 2016-11-21T01:01:55+08:00 ] ::1 /ot/admin.php?s=/Attribute/update.html
INFO: [ app_init ] --START--
INFO: Run Behavior\BuildLiteBehavior [ RunTime:0.000012s ]
INFO: Run Common\Behavior\InitHookBehavior [ RunTime:0.002647s ]
INFO: [ app_init ] --END-- [ RunTime:0.003148s ]
INFO: [ app_begin ] --START--
INFO: Run Behavior\ReadHtmlCacheBehavior [ RunTime:0.000749s ]
INFO: [ app_begin ] --END-- [ RunTime:0.000810s ]
SQL: SHOW COLUMNS FROM `onethink_attribute` [ RunTime:0.0056s ]
SQL: SELECT * FROM `onethink_attribute` WHERE `name` = 'read_oredr' AND `model_id` = 9 LIMIT 1   [ RunTime:0.0006s ]
SQL: INSERT INTO `onethink_attribute` (`name`,`title`,`type`,`field`,`extra`,`value`,`remark`,`is_show`,`is_must`,`validate_type`,`validate_rule`,`error_info`,`validate_time`,`auto_type`,`auto_rule`,`auto_time`,`id`,`model_id`,`status`,`create_time`,`update_time`) VALUES ('read_oredr','read次序','num','int(1) UNSIGNED NOT NULL','','','','1','0','regex','','','3','function','','3','0','9','1','1479661315','1479661315') [ RunTime:0.0005s ]
SQL: SHOW COLUMNS FROM `onethink_model` [ RunTime:0.0054s ]
SQL: SELECT `name`,`extend` FROM `onethink_model` WHERE `id` = 9 LIMIT 1   [ RunTime:0.0005s ]
SQL:                 SHOW TABLES LIKE 'onethink_data'; [ RunTime:0.0009s ]
SQL:                 ALTER TABLE `onethink_data`
ADD COLUMN `read_oredr`  int(1) UNSIGNED NOT NULL  COMMENT 'read次序'; [ RunTime:0.1080s ]
SQL: SELECT `name` FROM `onethink_model` WHERE `id` = 9 LIMIT 1   [ RunTime:0.0005s ]
SQL: SHOW COLUMNS FROM `onethink_action` [ RunTime:0.0187s ]
SQL: SELECT * FROM `onethink_action` WHERE `name` = 'update_attribute' LIMIT 1   [ RunTime:0.0012s ]
SQL: SHOW COLUMNS FROM `onethink_action_log` [ RunTime:0.0174s ]
SQL: INSERT INTO `onethink_action_log` (`action_id`,`user_id`,`action_ip`,`model`,`record_id`,`create_time`,`remark`) VALUES ('8','1','0','attribute','110','1479661315','操作url：/ot/admin.php?s=/Attribute/update.html') [ RunTime:0.0008s ]

[ 2016-11-21T01:01:57+08:00 ] ::1 /ot/admin.php?s=/Attribute/index/model_id/9.html
INFO: [ app_init ] --START--
INFO: Run Behavior\BuildLiteBehavior [ RunTime:0.000016s ]
INFO: Run Common\Behavior\InitHookBehavior [ RunTime:0.003536s ]
INFO: [ app_init ] --END-- [ RunTime:0.004240s ]
INFO: [ app_begin ] --START--
INFO: Run Behavior\ReadHtmlCacheBehavior [ RunTime:0.000865s ]
INFO: [ app_begin ] --END-- [ RunTime:0.000969s ]
SQL: SHOW COLUMNS FROM `onethink_attribute` [ RunTime:0.0070s ]
SQL: SELECT COUNT(*) AS tp_count FROM `onethink_attribute` WHERE `model_id` = 9 LIMIT 1   [ RunTime:0.0007s ]
SQL: SELECT `id`,`name`,`title`,`field`,`type`,`value`,`remark`,`is_show`,`extra`,`model_id`,`is_must`,`status`,`update_time`,`create_time`,`validate_rule`,`validate_time`,`error_info`,`validate_type`,`auto_rule`,`auto_time`,`auto_type` FROM `onethink_attribute` WHERE `model_id` = 9 ORDER BY `id` desc LIMIT 0,10   [ RunTime:0.0011s ]
INFO: [ view_parse ] --START--
INFO: [ template_filter ] --START--
INFO: Run Behavior\ContentReplaceBehavior [ RunTime:0.000148s ]
INFO: [ template_filter ] --END-- [ RunTime:0.000193s ]
SQL: SHOW COLUMNS FROM `onethink_model` [ RunTime:0.0052s ]
SQL: SELECT `title` FROM `onethink_model` WHERE `id` = 9 LIMIT 1   [ RunTime:0.0003s ]
INFO: Run Behavior\ParseTemplateBehavior [ RunTime:0.020983s ]
INFO: [ view_parse ] --END-- [ RunTime:0.021047s ]
INFO: [ view_filter ] --START--
INFO: Run Behavior\WriteHtmlCacheBehavior [ RunTime:0.000688s ]
INFO: [ view_filter ] --END-- [ RunTime:0.000747s ]
INFO: [ app_end ] --START--
INFO: Run Behavior\ShowPageTraceBehavior [ RunTime:0.001034s ]
INFO: [ app_end ] --END-- [ RunTime:0.001108s ]

[ 2016-11-21T01:09:58+08:00 ] ::1 /ot/admin.php?s=/Attribute/edit/id/110.html
INFO: [ app_init ] --START--
INFO: Run Behavior\BuildLiteBehavior [ RunTime:0.000014s ]
INFO: Run Common\Behavior\InitHookBehavior [ RunTime:0.003337s ]
INFO: [ app_init ] --END-- [ RunTime:0.003970s ]
INFO: [ app_begin ] --START--
INFO: Run Behavior\ReadHtmlCacheBehavior [ RunTime:0.000974s ]
INFO: [ app_begin ] --END-- [ RunTime:0.001037s ]
SQL: SHOW COLUMNS FROM `onethink_attribute` [ RunTime:0.0068s ]
SQL: SELECT `id`,`name`,`title`,`field`,`type`,`value`,`remark`,`is_show`,`extra`,`model_id`,`is_must`,`status`,`update_time`,`create_time`,`validate_rule`,`validate_time`,`error_info`,`validate_type`,`auto_rule`,`auto_time`,`auto_type` FROM `onethink_attribute` WHERE `id` = 110 LIMIT 1   [ RunTime:0.0006s ]
SQL: SHOW COLUMNS FROM `onethink_model` [ RunTime:0.0065s ]
SQL: SELECT `title`,`name`,`field_group` FROM `onethink_model` WHERE `id` = 9 LIMIT 1   [ RunTime:0.0006s ]
INFO: [ view_parse ] --START--
INFO: [ template_filter ] --START--
INFO: Run Behavior\ContentReplaceBehavior [ RunTime:0.000224s ]
INFO: [ template_filter ] --END-- [ RunTime:0.000274s ]
SQL: SELECT `title` FROM `onethink_model` WHERE `id` = 9 LIMIT 1   [ RunTime:0.0004s ]
INFO: Run Behavior\ParseTemplateBehavior [ RunTime:0.018431s ]
INFO: [ view_parse ] --END-- [ RunTime:0.018475s ]
INFO: [ view_filter ] --START--
INFO: Run Behavior\WriteHtmlCacheBehavior [ RunTime:0.000640s ]
INFO: [ view_filter ] --END-- [ RunTime:0.000682s ]
INFO: [ app_end ] --START--
INFO: Run Behavior\ShowPageTraceBehavior [ RunTime:0.001129s ]
INFO: [ app_end ] --END-- [ RunTime:0.001197s ]

[ 2016-11-21T01:10:05+08:00 ] ::1 /ot/admin.php?s=/Attribute/update.html
INFO: [ app_init ] --START--
INFO: Run Behavior\BuildLiteBehavior [ RunTime:0.000012s ]
INFO: Run Common\Behavior\InitHookBehavior [ RunTime:0.003024s ]
INFO: [ app_init ] --END-- [ RunTime:0.003594s ]
INFO: [ app_begin ] --START--
INFO: Run Behavior\ReadHtmlCacheBehavior [ RunTime:0.000753s ]
INFO: [ app_begin ] --END-- [ RunTime:0.000801s ]
SQL: SHOW COLUMNS FROM `onethink_attribute` [ RunTime:0.0052s ]
SQL: SELECT * FROM `onethink_attribute` WHERE `name` = 'read_order' AND `model_id` = 9 AND `id` <> '110' LIMIT 1   [ RunTime:0.0008s ]
SQL: SHOW COLUMNS FROM `onethink_model` [ RunTime:0.0075s ]
SQL: SELECT `name`,`extend` FROM `onethink_model` WHERE `id` = 9 LIMIT 1   [ RunTime:0.0004s ]
SQL:                 SHOW TABLES LIKE 'onethink_data'; [ RunTime:0.0009s ]
SQL: SELECT `name` FROM `onethink_attribute` WHERE `id` = 110 LIMIT 1   [ RunTime:0.0004s ]
SQL:             ALTER TABLE `onethink_data`
CHANGE COLUMN `read_oredr` `read_order`  int(1) UNSIGNED NOT NULL  COMMENT 'read次序' ; [ RunTime:0.0855s ]
SQL: UPDATE `onethink_attribute` SET `name`='read_order',`title`='read次序',`type`='num',`field`='int(1) UNSIGNED NOT NULL',`extra`='',`value`='',`remark`='',`is_show`='1',`is_must`='0',`validate_type`='regex',`validate_rule`='',`error_info`='',`validate_time`='3',`auto_type`='function',`auto_rule`='',`auto_time`='3',`model_id`='9',`update_time`='1479661805' WHERE `id` = 110 [ RunTime:0.0006s ]
SQL: SELECT `name` FROM `onethink_model` WHERE `id` = 9 LIMIT 1   [ RunTime:0.0004s ]
SQL: SHOW COLUMNS FROM `onethink_action` [ RunTime:0.0074s ]
SQL: SELECT * FROM `onethink_action` WHERE `name` = 'update_attribute' LIMIT 1   [ RunTime:0.0006s ]
SQL: SHOW COLUMNS FROM `onethink_action_log` [ RunTime:0.0065s ]
SQL: INSERT INTO `onethink_action_log` (`action_id`,`user_id`,`action_ip`,`model`,`record_id`,`create_time`,`remark`) VALUES ('8','1','0','attribute','110','1479661805','操作url：/ot/admin.php?s=/Attribute/update.html') [ RunTime:0.0005s ]

[ 2016-11-21T01:10:07+08:00 ] ::1 /ot/admin.php?s=/Attribute/index/model_id/9.html
INFO: [ app_init ] --START--
INFO: Run Behavior\BuildLiteBehavior [ RunTime:0.000013s ]
INFO: Run Common\Behavior\InitHookBehavior [ RunTime:0.002606s ]
INFO: [ app_init ] --END-- [ RunTime:0.003225s ]
INFO: [ app_begin ] --START--
INFO: Run Behavior\ReadHtmlCacheBehavior [ RunTime:0.000727s ]
INFO: [ app_begin ] --END-- [ RunTime:0.000783s ]
SQL: SHOW COLUMNS FROM `onethink_attribute` [ RunTime:0.0048s ]
SQL: SELECT COUNT(*) AS tp_count FROM `onethink_attribute` WHERE `model_id` = 9 LIMIT 1   [ RunTime:0.0004s ]
SQL: SELECT `id`,`name`,`title`,`field`,`type`,`value`,`remark`,`is_show`,`extra`,`model_id`,`is_must`,`status`,`update_time`,`create_time`,`validate_rule`,`validate_time`,`error_info`,`validate_type`,`auto_rule`,`auto_time`,`auto_type` FROM `onethink_attribute` WHERE `model_id` = 9 ORDER BY `id` desc LIMIT 0,10   [ RunTime:0.0008s ]
INFO: [ view_parse ] --START--
INFO: [ template_filter ] --START--
INFO: Run Behavior\ContentReplaceBehavior [ RunTime:0.000158s ]
INFO: [ template_filter ] --END-- [ RunTime:0.000220s ]
SQL: SHOW COLUMNS FROM `onethink_model` [ RunTime:0.0051s ]
SQL: SELECT `title` FROM `onethink_model` WHERE `id` = 9 LIMIT 1   [ RunTime:0.0005s ]
INFO: Run Behavior\ParseTemplateBehavior [ RunTime:0.022681s ]
INFO: [ view_parse ] --END-- [ RunTime:0.022762s ]
INFO: [ view_filter ] --START--
INFO: Run Behavior\WriteHtmlCacheBehavior [ RunTime:0.001112s ]
INFO: [ view_filter ] --END-- [ RunTime:0.001172s ]
INFO: [ app_end ] --START--
INFO: Run Behavior\ShowPageTraceBehavior [ RunTime:0.001016s ]
INFO: [ app_end ] --END-- [ RunTime:0.001087s ]

[ 2016-11-21T02:23:24+08:00 ] ::1 /ot/admin.php?s=/Attribute/edit/id/103.html
INFO: [ app_init ] --START--
INFO: Run Behavior\BuildLiteBehavior [ RunTime:0.000013s ]
INFO: Run Common\Behavior\InitHookBehavior [ RunTime:0.003199s ]
INFO: [ app_init ] --END-- [ RunTime:0.003710s ]
INFO: [ app_begin ] --START--
INFO: Run Behavior\ReadHtmlCacheBehavior [ RunTime:0.000645s ]
INFO: [ app_begin ] --END-- [ RunTime:0.000690s ]
SQL: SHOW COLUMNS FROM `onethink_attribute` [ RunTime:0.0064s ]
SQL: SELECT `id`,`name`,`title`,`field`,`type`,`value`,`remark`,`is_show`,`extra`,`model_id`,`is_must`,`status`,`update_time`,`create_time`,`validate_rule`,`validate_time`,`error_info`,`validate_type`,`auto_rule`,`auto_time`,`auto_type` FROM `onethink_attribute` WHERE `id` = 103 LIMIT 1   [ RunTime:0.0009s ]
SQL: SHOW COLUMNS FROM `onethink_model` [ RunTime:0.0068s ]
SQL: SELECT `title`,`name`,`field_group` FROM `onethink_model` WHERE `id` = 9 LIMIT 1   [ RunTime:0.0004s ]
INFO: [ view_parse ] --START--
INFO: [ template_filter ] --START--
INFO: Run Behavior\ContentReplaceBehavior [ RunTime:0.000179s ]
INFO: [ template_filter ] --END-- [ RunTime:0.000261s ]
SQL: SELECT `title` FROM `onethink_model` WHERE `id` = 9 LIMIT 1   [ RunTime:0.0004s ]
INFO: Run Behavior\ParseTemplateBehavior [ RunTime:0.015996s ]
INFO: [ view_parse ] --END-- [ RunTime:0.016032s ]
INFO: [ view_filter ] --START--
INFO: Run Behavior\WriteHtmlCacheBehavior [ RunTime:0.000520s ]
INFO: [ view_filter ] --END-- [ RunTime:0.000554s ]
INFO: [ app_end ] --START--
INFO: Run Behavior\ShowPageTraceBehavior [ RunTime:0.000797s ]
INFO: [ app_end ] --END-- [ RunTime:0.000856s ]

[ 2016-11-21T02:23:30+08:00 ] ::1 /ot/admin.php?s=/Attribute/update.html
INFO: [ app_init ] --START--
INFO: Run Behavior\BuildLiteBehavior [ RunTime:0.000013s ]
INFO: Run Common\Behavior\InitHookBehavior [ RunTime:0.003608s ]
INFO: [ app_init ] --END-- [ RunTime:0.004212s ]
INFO: [ app_begin ] --START--
INFO: Run Behavior\ReadHtmlCacheBehavior [ RunTime:0.000736s ]
INFO: [ app_begin ] --END-- [ RunTime:0.000789s ]
SQL: SHOW COLUMNS FROM `onethink_attribute` [ RunTime:0.0072s ]
SQL: SELECT * FROM `onethink_attribute` WHERE `name` = 'is_raw' AND `model_id` = 9 AND `id` <> '103' LIMIT 1   [ RunTime:0.0012s ]
SQL: SHOW COLUMNS FROM `onethink_model` [ RunTime:0.0055s ]
SQL: SELECT `name`,`extend` FROM `onethink_model` WHERE `id` = 9 LIMIT 1   [ RunTime:0.0004s ]
SQL:                 SHOW TABLES LIKE 'onethink_data'; [ RunTime:0.0008s ]
SQL: SELECT `name` FROM `onethink_attribute` WHERE `id` = 103 LIMIT 1   [ RunTime:0.0003s ]
SQL:             ALTER TABLE `onethink_data`
CHANGE COLUMN `is_row` `is_raw`  int(1) UNSIGNED NOT NULL  COMMENT '是否为原始数据' ; [ RunTime:0.0837s ]
SQL: UPDATE `onethink_attribute` SET `name`='is_raw',`title`='是否为原始数据',`type`='num',`field`='int(1) UNSIGNED NOT NULL',`extra`='',`value`='',`remark`='',`is_show`='1',`is_must`='0',`validate_type`='regex',`validate_rule`='',`error_info`='',`validate_time`='3',`auto_type`='function',`auto_rule`='',`auto_time`='3',`model_id`='9',`update_time`='1479666209' WHERE `id` = 103 [ RunTime:0.0007s ]
SQL: SELECT `name` FROM `onethink_model` WHERE `id` = 9 LIMIT 1   [ RunTime:0.0007s ]
SQL: SHOW COLUMNS FROM `onethink_action` [ RunTime:0.0060s ]
SQL: SELECT * FROM `onethink_action` WHERE `name` = 'update_attribute' LIMIT 1   [ RunTime:0.0004s ]
SQL: SHOW COLUMNS FROM `onethink_action_log` [ RunTime:0.0056s ]
SQL: INSERT INTO `onethink_action_log` (`action_id`,`user_id`,`action_ip`,`model`,`record_id`,`create_time`,`remark`) VALUES ('8','1','0','attribute','103','1479666209','操作url：/ot/admin.php?s=/Attribute/update.html') [ RunTime:0.0007s ]

[ 2016-11-21T02:23:31+08:00 ] ::1 /ot/admin.php?s=/Attribute/index/model_id/9.html
INFO: [ app_init ] --START--
INFO: Run Behavior\BuildLiteBehavior [ RunTime:0.000078s ]
INFO: Run Common\Behavior\InitHookBehavior [ RunTime:0.010474s ]
INFO: [ app_init ] --END-- [ RunTime:0.012221s ]
INFO: [ app_begin ] --START--
INFO: Run Behavior\ReadHtmlCacheBehavior [ RunTime:0.002605s ]
INFO: [ app_begin ] --END-- [ RunTime:0.002833s ]
SQL: SHOW COLUMNS FROM `onethink_attribute` [ RunTime:0.0189s ]
SQL: SELECT COUNT(*) AS tp_count FROM `onethink_attribute` WHERE `model_id` = 9 LIMIT 1   [ RunTime:0.0011s ]
SQL: SELECT `id`,`name`,`title`,`field`,`type`,`value`,`remark`,`is_show`,`extra`,`model_id`,`is_must`,`status`,`update_time`,`create_time`,`validate_rule`,`validate_time`,`error_info`,`validate_type`,`auto_rule`,`auto_time`,`auto_type` FROM `onethink_attribute` WHERE `model_id` = 9 ORDER BY `id` desc LIMIT 0,10   [ RunTime:0.0031s ]
INFO: [ view_parse ] --START--
INFO: [ template_filter ] --START--
INFO: Run Behavior\ContentReplaceBehavior [ RunTime:0.000503s ]
INFO: [ template_filter ] --END-- [ RunTime:0.000648s ]
SQL: SHOW COLUMNS FROM `onethink_model` [ RunTime:0.0175s ]
SQL: SELECT `title` FROM `onethink_model` WHERE `id` = 9 LIMIT 1   [ RunTime:0.0010s ]
INFO: Run Behavior\ParseTemplateBehavior [ RunTime:0.079792s ]
INFO: [ view_parse ] --END-- [ RunTime:0.079958s ]
INFO: [ view_filter ] --START--
INFO: Run Behavior\WriteHtmlCacheBehavior [ RunTime:0.002184s ]
INFO: [ view_filter ] --END-- [ RunTime:0.002353s ]
INFO: [ app_end ] --START--
INFO: Run Behavior\ShowPageTraceBehavior [ RunTime:0.004561s ]
INFO: [ app_end ] --END-- [ RunTime:0.004757s ]

[ 2016-11-21T03:52:24+08:00 ] ::1 /ot/admin.php?s=/User/index.html
INFO: [ app_init ] --START--
INFO: Run Behavior\BuildLiteBehavior [ RunTime:0.000012s ]
INFO: Run Common\Behavior\InitHookBehavior [ RunTime:0.003862s ]
INFO: [ app_init ] --END-- [ RunTime:0.004478s ]
INFO: [ app_begin ] --START--
INFO: Run Behavior\ReadHtmlCacheBehavior [ RunTime:0.001389s ]
INFO: [ app_begin ] --END-- [ RunTime:0.001464s ]
SQL: SHOW COLUMNS FROM `onethink_menu` [ RunTime:0.0113s ]
SQL: SELECT `id`,`title`,`url` FROM `onethink_menu` WHERE `pid` = 0 AND `hide` = 0 ORDER BY `sort` asc  [ RunTime:0.0013s ]
SQL: SELECT `pid` FROM `onethink_menu` WHERE ( pid !=0 AND url like '%User/index%' ) LIMIT 1   [ RunTime:0.0012s ]
SQL: SELECT * FROM `onethink_menu` WHERE `id` = 16 LIMIT 1   [ RunTime:0.0015s ]
SQL: SELECT DISTINCT  `group` FROM `onethink_menu` WHERE `group` <> '' AND `pid` = 16  [ RunTime:0.0013s ]
SQL: SELECT `id`,`url` FROM `onethink_menu` WHERE `pid` = 16 AND `hide` = 0  [ RunTime:0.0010s ]
SQL: SELECT `id`,`pid`,`title`,`url`,`tip` FROM `onethink_menu` WHERE `group` = '用户管理' AND `pid` = 16 AND `hide` = 0 ORDER BY `sort` asc  [ RunTime:0.0010s ]
SQL: SELECT `id`,`pid`,`title`,`url`,`tip` FROM `onethink_menu` WHERE `group` = '行为管理' AND `pid` = 16 AND `hide` = 0 ORDER BY `sort` asc  [ RunTime:0.0009s ]
SQL: SHOW COLUMNS FROM `onethink_member` [ RunTime:0.0112s ]
SQL: SELECT COUNT(*) AS tp_count FROM `onethink_member` WHERE `status` >= 0 AND `nickname` LIKE '%%' LIMIT 1   [ RunTime:0.0010s ]
SQL: SELECT `uid`,`nickname`,`sex`,`birthday`,`qq`,`score`,`login`,`reg_ip`,`reg_time`,`last_login_ip`,`last_login_time`,`status` FROM `onethink_member` WHERE `status` >= 0 AND `nickname` LIKE '%%' ORDER BY `uid` desc LIMIT 0,10   [ RunTime:0.0018s ]
INFO: [ view_parse ] --START--
INFO: [ template_filter ] --START--
INFO: Run Behavior\ContentReplaceBehavior [ RunTime:0.000466s ]
INFO: [ template_filter ] --END-- [ RunTime:0.000610s ]
INFO: Run Behavior\ParseTemplateBehavior [ RunTime:0.039294s ]
INFO: [ view_parse ] --END-- [ RunTime:0.039415s ]
INFO: [ view_filter ] --START--
INFO: Run Behavior\WriteHtmlCacheBehavior [ RunTime:0.001582s ]
INFO: [ view_filter ] --END-- [ RunTime:0.001672s ]
INFO: [ app_end ] --START--
INFO: Run Behavior\ShowPageTraceBehavior [ RunTime:0.002836s ]
INFO: [ app_end ] --END-- [ RunTime:0.003009s ]

[ 2016-11-21T03:52:58+08:00 ] ::1 /ot/admin.php?s=/User/index.html
INFO: [ app_init ] --START--
INFO: Run Behavior\BuildLiteBehavior [ RunTime:0.000013s ]
INFO: Run Common\Behavior\InitHookBehavior [ RunTime:0.002914s ]
INFO: [ app_init ] --END-- [ RunTime:0.003472s ]
INFO: [ app_begin ] --START--
INFO: Run Behavior\ReadHtmlCacheBehavior [ RunTime:0.001254s ]
INFO: [ app_begin ] --END-- [ RunTime:0.001319s ]
SQL: SHOW COLUMNS FROM `onethink_member` [ RunTime:0.0055s ]
SQL: SELECT COUNT(*) AS tp_count FROM `onethink_member` WHERE `status` >= 0 AND `nickname` LIKE '%%' LIMIT 1   [ RunTime:0.0004s ]
SQL: SELECT `uid`,`nickname`,`sex`,`birthday`,`qq`,`score`,`login`,`reg_ip`,`reg_time`,`last_login_ip`,`last_login_time`,`status` FROM `onethink_member` WHERE `status` >= 0 AND `nickname` LIKE '%%' ORDER BY `uid` desc LIMIT 0,10   [ RunTime:0.0005s ]
INFO: [ view_parse ] --START--
INFO: [ template_filter ] --START--
INFO: Run Behavior\ContentReplaceBehavior [ RunTime:0.000201s ]
INFO: [ template_filter ] --END-- [ RunTime:0.000258s ]
INFO: Run Behavior\ParseTemplateBehavior [ RunTime:0.017688s ]
INFO: [ view_parse ] --END-- [ RunTime:0.017798s ]
INFO: [ view_filter ] --START--
INFO: Run Behavior\WriteHtmlCacheBehavior [ RunTime:0.000707s ]
INFO: [ view_filter ] --END-- [ RunTime:0.000751s ]
INFO: [ app_end ] --START--
INFO: Run Behavior\ShowPageTraceBehavior [ RunTime:0.001204s ]
INFO: [ app_end ] --END-- [ RunTime:0.001275s ]

[ 2016-11-21T03:52:59+08:00 ] ::1 /ot/admin.php?s=/AuthManager/index.html
INFO: [ app_init ] --START--
INFO: Run Behavior\BuildLiteBehavior [ RunTime:0.000013s ]
INFO: Run Common\Behavior\InitHookBehavior [ RunTime:0.002825s ]
INFO: [ app_init ] --END-- [ RunTime:0.003418s ]
INFO: [ app_begin ] --START--
INFO: Run Behavior\ReadHtmlCacheBehavior [ RunTime:0.000980s ]
INFO: [ app_begin ] --END-- [ RunTime:0.001060s ]
SQL: SHOW COLUMNS FROM `onethink_menu` [ RunTime:0.0136s ]
SQL: SELECT `id`,`title`,`url` FROM `onethink_menu` WHERE `pid` = 0 AND `hide` = 0 ORDER BY `sort` asc  [ RunTime:0.0019s ]
SQL: SELECT `pid` FROM `onethink_menu` WHERE ( pid !=0 AND url like '%AuthManager/index%' ) LIMIT 1   [ RunTime:0.0017s ]
SQL: SELECT * FROM `onethink_menu` WHERE `id` = 16 LIMIT 1   [ RunTime:0.0010s ]
SQL: SELECT DISTINCT  `group` FROM `onethink_menu` WHERE `group` <> '' AND `pid` = 16  [ RunTime:0.0012s ]
SQL: SELECT `id`,`url` FROM `onethink_menu` WHERE `pid` = 16 AND `hide` = 0  [ RunTime:0.0009s ]
SQL: SELECT `id`,`pid`,`title`,`url`,`tip` FROM `onethink_menu` WHERE `group` = '用户管理' AND `pid` = 16 AND `hide` = 0 ORDER BY `sort` asc  [ RunTime:0.0011s ]
SQL: SELECT `id`,`pid`,`title`,`url`,`tip` FROM `onethink_menu` WHERE `group` = '行为管理' AND `pid` = 16 AND `hide` = 0 ORDER BY `sort` asc  [ RunTime:0.0012s ]
SQL: SHOW COLUMNS FROM `onethink_auth_group` [ RunTime:0.0134s ]
SQL: SELECT COUNT(*) AS tp_count FROM `onethink_auth_group` WHERE `module` = 'admin' LIMIT 1   [ RunTime:0.0234s ]
SQL: SELECT `id`,`module`,`type`,`title`,`description`,`status`,`rules` FROM `onethink_auth_group` WHERE `module` = 'admin' ORDER BY `id` asc LIMIT 0,10   [ RunTime:0.0013s ]
INFO: [ view_parse ] --START--
INFO: [ template_filter ] --START--
INFO: Run Behavior\ContentReplaceBehavior [ RunTime:0.000402s ]
INFO: [ template_filter ] --END-- [ RunTime:0.000521s ]
INFO: Run Behavior\ParseTemplateBehavior [ RunTime:0.042115s ]
INFO: [ view_parse ] --END-- [ RunTime:0.042254s ]
INFO: [ view_filter ] --START--
INFO: Run Behavior\WriteHtmlCacheBehavior [ RunTime:0.002305s ]
INFO: [ view_filter ] --END-- [ RunTime:0.002492s ]
INFO: [ app_end ] --START--
INFO: Run Behavior\ShowPageTraceBehavior [ RunTime:0.003520s ]
INFO: [ app_end ] --END-- [ RunTime:0.003770s ]

[ 2016-11-21T03:53:10+08:00 ] ::1 /ot/admin.php?s=/AuthManager/createGroup.html
INFO: [ app_init ] --START--
INFO: Run Behavior\BuildLiteBehavior [ RunTime:0.000014s ]
INFO: Run Common\Behavior\InitHookBehavior [ RunTime:0.003318s ]
INFO: [ app_init ] --END-- [ RunTime:0.003825s ]
INFO: [ app_begin ] --START--
INFO: Run Behavior\ReadHtmlCacheBehavior [ RunTime:0.001236s ]
INFO: [ app_begin ] --END-- [ RunTime:0.001367s ]
INFO: [ view_parse ] --START--
INFO: [ template_filter ] --START--
INFO: Run Behavior\ContentReplaceBehavior [ RunTime:0.000156s ]
INFO: [ template_filter ] --END-- [ RunTime:0.000207s ]
INFO: Run Behavior\ParseTemplateBehavior [ RunTime:0.017330s ]
INFO: [ view_parse ] --END-- [ RunTime:0.017433s ]
INFO: [ view_filter ] --START--
INFO: Run Behavior\WriteHtmlCacheBehavior [ RunTime:0.000683s ]
INFO: [ view_filter ] --END-- [ RunTime:0.000722s ]
INFO: [ app_end ] --START--
INFO: Run Behavior\ShowPageTraceBehavior [ RunTime:0.000955s ]
INFO: [ app_end ] --END-- [ RunTime:0.001025s ]

[ 2016-11-21T03:53:14+08:00 ] ::1 /ot/admin.php?s=/AuthManager/index.html
INFO: [ app_init ] --START--
INFO: Run Behavior\BuildLiteBehavior [ RunTime:0.000019s ]
INFO: Run Common\Behavior\InitHookBehavior [ RunTime:0.003124s ]
INFO: [ app_init ] --END-- [ RunTime:0.003821s ]
INFO: [ app_begin ] --START--
INFO: Run Behavior\ReadHtmlCacheBehavior [ RunTime:0.001030s ]
INFO: [ app_begin ] --END-- [ RunTime:0.001116s ]
SQL: SHOW COLUMNS FROM `onethink_auth_group` [ RunTime:0.0065s ]
SQL: SELECT COUNT(*) AS tp_count FROM `onethink_auth_group` WHERE `module` = 'admin' LIMIT 1   [ RunTime:0.0004s ]
SQL: SELECT `id`,`module`,`type`,`title`,`description`,`status`,`rules` FROM `onethink_auth_group` WHERE `module` = 'admin' ORDER BY `id` asc LIMIT 0,10   [ RunTime:0.0006s ]
INFO: [ view_parse ] --START--
INFO: [ template_filter ] --START--
INFO: Run Behavior\ContentReplaceBehavior [ RunTime:0.000228s ]
INFO: [ template_filter ] --END-- [ RunTime:0.000306s ]
INFO: Run Behavior\ParseTemplateBehavior [ RunTime:0.020906s ]
INFO: [ view_parse ] --END-- [ RunTime:0.020965s ]
INFO: [ view_filter ] --START--
INFO: Run Behavior\WriteHtmlCacheBehavior [ RunTime:0.000950s ]
INFO: [ view_filter ] --END-- [ RunTime:0.001061s ]
INFO: [ app_end ] --START--
INFO: Run Behavior\ShowPageTraceBehavior [ RunTime:0.001169s ]
INFO: [ app_end ] --END-- [ RunTime:0.001239s ]

[ 2016-11-21T03:53:21+08:00 ] ::1 /ot/admin.php?s=/AuthManager/user/group_name/%E6%B5%8B%E8%AF%95%E7%94%A8%E6%88%B7/group_id/2.html
INFO: [ app_init ] --START--
INFO: Run Behavior\BuildLiteBehavior [ RunTime:0.000012s ]
INFO: Run Common\Behavior\InitHookBehavior [ RunTime:0.002860s ]
INFO: [ app_init ] --END-- [ RunTime:0.003448s ]
INFO: [ app_begin ] --START--
INFO: Run Behavior\ReadHtmlCacheBehavior [ RunTime:0.000832s ]
INFO: [ app_begin ] --END-- [ RunTime:0.000891s ]
SQL: SHOW COLUMNS FROM `onethink_auth_group` [ RunTime:0.0055s ]
SQL: SELECT `id`,`id`,`title`,`rules` FROM `onethink_auth_group` WHERE `status` >= '0' AND `module` = 'admin' AND `type` = 1  [ RunTime:0.0009s ]
SQL: SHOW COLUMNS FROM `onethink_member` [ RunTime:0.0102s ]
SQL: SELECT COUNT(*) AS tp_count FROM onethink_member m INNER JOIN onethink_auth_group_access a ON m.uid=a.uid  WHERE a.group_id = '2' AND m.status >= 0 LIMIT 1   [ RunTime:0.0011s ]
SQL: SHOW COLUMNS FROM `onethink_member` [ RunTime:0.0117s ]
SQL: SELECT m.uid,m.nickname,m.last_login_time,m.last_login_ip,m.status FROM onethink_member m INNER JOIN onethink_auth_group_access a ON m.uid=a.uid  WHERE a.group_id = '2' AND m.status >= 0 ORDER BY m.uid asc LIMIT 0,10   [ RunTime:0.0014s ]
INFO: [ view_parse ] --START--
INFO: [ template_filter ] --START--
INFO: Run Behavior\ContentReplaceBehavior [ RunTime:0.000631s ]
INFO: [ template_filter ] --END-- [ RunTime:0.000794s ]
INFO: Run Behavior\ParseTemplateBehavior [ RunTime:0.043269s ]
INFO: [ view_parse ] --END-- [ RunTime:0.043508s ]
INFO: [ view_filter ] --START--
INFO: Run Behavior\WriteHtmlCacheBehavior [ RunTime:0.001458s ]
INFO: [ view_filter ] --END-- [ RunTime:0.001562s ]
INFO: [ app_end ] --START--
INFO: Run Behavior\ShowPageTraceBehavior [ RunTime:0.003853s ]
INFO: [ app_end ] --END-- [ RunTime:0.004005s ]

[ 2016-11-21T03:53:27+08:00 ] ::1 /ot/admin.php?s=/AuthManager/index.html
INFO: [ app_init ] --START--
INFO: Run Behavior\BuildLiteBehavior [ RunTime:0.000013s ]
INFO: Run Common\Behavior\InitHookBehavior [ RunTime:0.003009s ]
INFO: [ app_init ] --END-- [ RunTime:0.003625s ]
INFO: [ app_begin ] --START--
INFO: Run Behavior\ReadHtmlCacheBehavior [ RunTime:0.001103s ]
INFO: [ app_begin ] --END-- [ RunTime:0.001199s ]
SQL: SHOW COLUMNS FROM `onethink_auth_group` [ RunTime:0.0059s ]
SQL: SELECT COUNT(*) AS tp_count FROM `onethink_auth_group` WHERE `module` = 'admin' LIMIT 1   [ RunTime:0.0004s ]
SQL: SELECT `id`,`module`,`type`,`title`,`description`,`status`,`rules` FROM `onethink_auth_group` WHERE `module` = 'admin' ORDER BY `id` asc LIMIT 0,10   [ RunTime:0.0005s ]
INFO: [ view_parse ] --START--
INFO: [ template_filter ] --START--
INFO: Run Behavior\ContentReplaceBehavior [ RunTime:0.000248s ]
INFO: [ template_filter ] --END-- [ RunTime:0.000329s ]
INFO: Run Behavior\ParseTemplateBehavior [ RunTime:0.016091s ]
INFO: [ view_parse ] --END-- [ RunTime:0.016160s ]
INFO: [ view_filter ] --START--
INFO: Run Behavior\WriteHtmlCacheBehavior [ RunTime:0.000848s ]
INFO: [ view_filter ] --END-- [ RunTime:0.000904s ]
INFO: [ app_end ] --START--
INFO: Run Behavior\ShowPageTraceBehavior [ RunTime:0.001180s ]
INFO: [ app_end ] --END-- [ RunTime:0.001258s ]

[ 2016-11-21T03:53:29+08:00 ] ::1 /ot/admin.php?s=/User/index.html
INFO: [ app_init ] --START--
INFO: Run Behavior\BuildLiteBehavior [ RunTime:0.000014s ]
INFO: Run Common\Behavior\InitHookBehavior [ RunTime:0.002684s ]
INFO: [ app_init ] --END-- [ RunTime:0.003335s ]
INFO: [ app_begin ] --START--
INFO: Run Behavior\ReadHtmlCacheBehavior [ RunTime:0.001145s ]
INFO: [ app_begin ] --END-- [ RunTime:0.001239s ]
SQL: SHOW COLUMNS FROM `onethink_member` [ RunTime:0.0078s ]
SQL: SELECT COUNT(*) AS tp_count FROM `onethink_member` WHERE `status` >= 0 AND `nickname` LIKE '%%' LIMIT 1   [ RunTime:0.0006s ]
SQL: SELECT `uid`,`nickname`,`sex`,`birthday`,`qq`,`score`,`login`,`reg_ip`,`reg_time`,`last_login_ip`,`last_login_time`,`status` FROM `onethink_member` WHERE `status` >= 0 AND `nickname` LIKE '%%' ORDER BY `uid` desc LIMIT 0,10   [ RunTime:0.0008s ]
INFO: [ view_parse ] --START--
INFO: [ template_filter ] --START--
INFO: Run Behavior\ContentReplaceBehavior [ RunTime:0.000146s ]
INFO: [ template_filter ] --END-- [ RunTime:0.000191s ]
INFO: Run Behavior\ParseTemplateBehavior [ RunTime:0.016700s ]
INFO: [ view_parse ] --END-- [ RunTime:0.016771s ]
INFO: [ view_filter ] --START--
INFO: Run Behavior\WriteHtmlCacheBehavior [ RunTime:0.000606s ]
INFO: [ view_filter ] --END-- [ RunTime:0.000646s ]
INFO: [ app_end ] --START--
INFO: Run Behavior\ShowPageTraceBehavior [ RunTime:0.001020s ]
INFO: [ app_end ] --END-- [ RunTime:0.001088s ]

[ 2016-11-21T03:53:45+08:00 ] ::1 /ot/admin.php?s=/User/changeStatus/method/deleteUser/id/3.html
INFO: [ app_init ] --START--
INFO: Run Behavior\BuildLiteBehavior [ RunTime:0.000018s ]
INFO: Run Common\Behavior\InitHookBehavior [ RunTime:0.004207s ]
INFO: [ app_init ] --END-- [ RunTime:0.004770s ]
INFO: [ app_begin ] --START--
INFO: Run Behavior\ReadHtmlCacheBehavior [ RunTime:0.001006s ]
INFO: [ app_begin ] --END-- [ RunTime:0.001303s ]
SQL: SHOW COLUMNS FROM `onethink_member` [ RunTime:0.0064s ]
SQL: UPDATE `onethink_member` SET `status`='-1' WHERE `uid` IN ('3') [ RunTime:0.0005s ]

[ 2016-11-21T03:53:46+08:00 ] ::1 /ot/admin.php?s=/User/index.html
INFO: [ app_init ] --START--
INFO: Run Behavior\BuildLiteBehavior [ RunTime:0.000036s ]
INFO: Run Common\Behavior\InitHookBehavior [ RunTime:0.009962s ]
INFO: [ app_init ] --END-- [ RunTime:0.011761s ]
INFO: [ app_begin ] --START--
INFO: Run Behavior\ReadHtmlCacheBehavior [ RunTime:0.002407s ]
INFO: [ app_begin ] --END-- [ RunTime:0.002577s ]
SQL: SHOW COLUMNS FROM `onethink_member` [ RunTime:0.0154s ]
SQL: SELECT COUNT(*) AS tp_count FROM `onethink_member` WHERE `status` >= 0 AND `nickname` LIKE '%%' LIMIT 1   [ RunTime:0.0013s ]
SQL: SELECT `uid`,`nickname`,`sex`,`birthday`,`qq`,`score`,`login`,`reg_ip`,`reg_time`,`last_login_ip`,`last_login_time`,`status` FROM `onethink_member` WHERE `status` >= 0 AND `nickname` LIKE '%%' ORDER BY `uid` desc LIMIT 0,10   [ RunTime:0.0016s ]
INFO: [ view_parse ] --START--
INFO: [ template_filter ] --START--
INFO: Run Behavior\ContentReplaceBehavior [ RunTime:0.000520s ]
INFO: [ template_filter ] --END-- [ RunTime:0.000669s ]
INFO: Run Behavior\ParseTemplateBehavior [ RunTime:0.054756s ]
INFO: [ view_parse ] --END-- [ RunTime:0.054909s ]
INFO: [ view_filter ] --START--
INFO: Run Behavior\WriteHtmlCacheBehavior [ RunTime:0.002183s ]
INFO: [ view_filter ] --END-- [ RunTime:0.002313s ]
INFO: [ app_end ] --START--
INFO: Run Behavior\ShowPageTraceBehavior [ RunTime:0.003778s ]
INFO: [ app_end ] --END-- [ RunTime:0.003921s ]

[ 2016-11-21T03:53:50+08:00 ] ::1 /ot/admin.php?s=/User/changeStatus/method/deleteUser/id/2.html
INFO: [ app_init ] --START--
INFO: Run Behavior\BuildLiteBehavior [ RunTime:0.000015s ]
INFO: Run Common\Behavior\InitHookBehavior [ RunTime:0.004830s ]
INFO: [ app_init ] --END-- [ RunTime:0.005485s ]
INFO: [ app_begin ] --START--
INFO: Run Behavior\ReadHtmlCacheBehavior [ RunTime:0.001148s ]
INFO: [ app_begin ] --END-- [ RunTime:0.001212s ]
SQL: SHOW COLUMNS FROM `onethink_member` [ RunTime:0.0067s ]
SQL: UPDATE `onethink_member` SET `status`='-1' WHERE `uid` IN ('2') [ RunTime:0.0004s ]

[ 2016-11-21T03:53:51+08:00 ] ::1 /ot/admin.php?s=/User/index.html
INFO: [ app_init ] --START--
INFO: Run Behavior\BuildLiteBehavior [ RunTime:0.000037s ]
INFO: Run Common\Behavior\InitHookBehavior [ RunTime:0.012432s ]
INFO: [ app_init ] --END-- [ RunTime:0.014274s ]
INFO: [ app_begin ] --START--
INFO: Run Behavior\ReadHtmlCacheBehavior [ RunTime:0.004062s ]
INFO: [ app_begin ] --END-- [ RunTime:0.004314s ]
SQL: SHOW COLUMNS FROM `onethink_member` [ RunTime:0.0189s ]
SQL: SELECT COUNT(*) AS tp_count FROM `onethink_member` WHERE `status` >= 0 AND `nickname` LIKE '%%' LIMIT 1   [ RunTime:0.0011s ]
SQL: SELECT `uid`,`nickname`,`sex`,`birthday`,`qq`,`score`,`login`,`reg_ip`,`reg_time`,`last_login_ip`,`last_login_time`,`status` FROM `onethink_member` WHERE `status` >= 0 AND `nickname` LIKE '%%' ORDER BY `uid` desc LIMIT 0,10   [ RunTime:0.0018s ]
INFO: [ view_parse ] --START--
INFO: [ template_filter ] --START--
INFO: Run Behavior\ContentReplaceBehavior [ RunTime:0.000638s ]
INFO: [ template_filter ] --END-- [ RunTime:0.000802s ]
INFO: Run Behavior\ParseTemplateBehavior [ RunTime:0.072890s ]
INFO: [ view_parse ] --END-- [ RunTime:0.073136s ]
INFO: [ view_filter ] --START--
INFO: Run Behavior\WriteHtmlCacheBehavior [ RunTime:0.002250s ]
INFO: [ view_filter ] --END-- [ RunTime:0.002407s ]
INFO: [ app_end ] --START--
INFO: Run Behavior\ShowPageTraceBehavior [ RunTime:0.004936s ]
INFO: [ app_end ] --END-- [ RunTime:0.005136s ]

[ 2016-11-21T03:53:53+08:00 ] ::1 /ot/admin.php?s=/User/add.html
INFO: [ app_init ] --START--
INFO: Run Behavior\BuildLiteBehavior [ RunTime:0.000013s ]
INFO: Run Common\Behavior\InitHookBehavior [ RunTime:0.002704s ]
INFO: [ app_init ] --END-- [ RunTime:0.003204s ]
INFO: [ app_begin ] --START--
INFO: Run Behavior\ReadHtmlCacheBehavior [ RunTime:0.000699s ]
INFO: [ app_begin ] --END-- [ RunTime:0.000755s ]
INFO: [ view_parse ] --START--
INFO: [ template_filter ] --START--
INFO: Run Behavior\ContentReplaceBehavior [ RunTime:0.000180s ]
INFO: [ template_filter ] --END-- [ RunTime:0.000241s ]
INFO: Run Behavior\ParseTemplateBehavior [ RunTime:0.110875s ]
INFO: [ view_parse ] --END-- [ RunTime:0.110932s ]
INFO: [ view_filter ] --START--
INFO: Run Behavior\WriteHtmlCacheBehavior [ RunTime:0.000538s ]
INFO: [ view_filter ] --END-- [ RunTime:0.000576s ]
INFO: [ app_end ] --START--
INFO: Run Behavior\ShowPageTraceBehavior [ RunTime:0.001257s ]
INFO: [ app_end ] --END-- [ RunTime:0.001335s ]

[ 2016-11-21T03:54:25+08:00 ] ::1 /ot/admin.php?s=/User/add.html
INFO: [ app_init ] --START--
INFO: Run Behavior\BuildLiteBehavior [ RunTime:0.000020s ]
INFO: Run Common\Behavior\InitHookBehavior [ RunTime:0.003235s ]
INFO: [ app_init ] --END-- [ RunTime:0.004135s ]
INFO: [ app_begin ] --START--
INFO: Run Behavior\ReadHtmlCacheBehavior [ RunTime:0.000720s ]
INFO: [ app_begin ] --END-- [ RunTime:0.000770s ]

[ 2016-11-21T03:54:41+08:00 ] ::1 /ot/admin.php?s=/User/add.html
INFO: [ app_init ] --START--
INFO: Run Behavior\BuildLiteBehavior [ RunTime:0.000019s ]
INFO: Run Common\Behavior\InitHookBehavior [ RunTime:0.004861s ]
INFO: [ app_init ] --END-- [ RunTime:0.005603s ]
INFO: [ app_begin ] --START--
INFO: Run Behavior\ReadHtmlCacheBehavior [ RunTime:0.000736s ]
INFO: [ app_begin ] --END-- [ RunTime:0.000791s ]
SQL: SHOW COLUMNS FROM `onethink_member` [ RunTime:0.0052s ]
SQL: INSERT INTO `onethink_member` (`uid`,`nickname`,`status`) VALUES ('4','Jimmy','1') [ RunTime:0.0007s ]

[ 2016-11-21T03:54:42+08:00 ] ::1 /ot/admin.php?s=/User/index.html
INFO: [ app_init ] --START--
INFO: Run Behavior\BuildLiteBehavior [ RunTime:0.000026s ]
INFO: Run Common\Behavior\InitHookBehavior [ RunTime:0.004834s ]
INFO: [ app_init ] --END-- [ RunTime:0.005841s ]
INFO: [ app_begin ] --START--
INFO: Run Behavior\ReadHtmlCacheBehavior [ RunTime:0.002623s ]
INFO: [ app_begin ] --END-- [ RunTime:0.002734s ]
SQL: SHOW COLUMNS FROM `onethink_member` [ RunTime:0.0094s ]
SQL: SELECT COUNT(*) AS tp_count FROM `onethink_member` WHERE `status` >= 0 AND `nickname` LIKE '%%' LIMIT 1   [ RunTime:0.0007s ]
SQL: SELECT `uid`,`nickname`,`sex`,`birthday`,`qq`,`score`,`login`,`reg_ip`,`reg_time`,`last_login_ip`,`last_login_time`,`status` FROM `onethink_member` WHERE `status` >= 0 AND `nickname` LIKE '%%' ORDER BY `uid` desc LIMIT 0,10   [ RunTime:0.0009s ]
INFO: [ view_parse ] --START--
INFO: [ template_filter ] --START--
INFO: Run Behavior\ContentReplaceBehavior [ RunTime:0.000299s ]
INFO: [ template_filter ] --END-- [ RunTime:0.000384s ]
INFO: Run Behavior\ParseTemplateBehavior [ RunTime:0.029003s ]
INFO: [ view_parse ] --END-- [ RunTime:0.029087s ]
INFO: [ view_filter ] --START--
INFO: Run Behavior\WriteHtmlCacheBehavior [ RunTime:0.000950s ]
INFO: [ view_filter ] --END-- [ RunTime:0.001020s ]
INFO: [ app_end ] --START--
INFO: Run Behavior\ShowPageTraceBehavior [ RunTime:0.001512s ]
INFO: [ app_end ] --END-- [ RunTime:0.001622s ]

[ 2016-11-21T03:57:31+08:00 ] ::1 /ot/admin.php?s=/AuthManager/index.html
INFO: [ app_init ] --START--
INFO: Run Behavior\BuildLiteBehavior [ RunTime:0.000020s ]
INFO: Run Common\Behavior\InitHookBehavior [ RunTime:0.003232s ]
INFO: [ app_init ] --END-- [ RunTime:0.003818s ]
INFO: [ app_begin ] --START--
INFO: Run Behavior\ReadHtmlCacheBehavior [ RunTime:0.000775s ]
INFO: [ app_begin ] --END-- [ RunTime:0.000831s ]
SQL: SHOW COLUMNS FROM `onethink_auth_group` [ RunTime:0.0062s ]
SQL: SELECT COUNT(*) AS tp_count FROM `onethink_auth_group` WHERE `module` = 'admin' LIMIT 1   [ RunTime:0.0004s ]
SQL: SELECT `id`,`module`,`type`,`title`,`description`,`status`,`rules` FROM `onethink_auth_group` WHERE `module` = 'admin' ORDER BY `id` asc LIMIT 0,10   [ RunTime:0.0006s ]
INFO: [ view_parse ] --START--
INFO: [ template_filter ] --START--
INFO: Run Behavior\ContentReplaceBehavior [ RunTime:0.000178s ]
INFO: [ template_filter ] --END-- [ RunTime:0.000232s ]
INFO: Run Behavior\ParseTemplateBehavior [ RunTime:0.018745s ]
INFO: [ view_parse ] --END-- [ RunTime:0.018799s ]
INFO: [ view_filter ] --START--
INFO: Run Behavior\WriteHtmlCacheBehavior [ RunTime:0.000590s ]
INFO: [ view_filter ] --END-- [ RunTime:0.000632s ]
INFO: [ app_end ] --START--
INFO: Run Behavior\ShowPageTraceBehavior [ RunTime:0.000870s ]
INFO: [ app_end ] --END-- [ RunTime:0.000937s ]

[ 2016-11-21T03:57:43+08:00 ] ::1 /ot/admin.php?s=/AuthManager/changeStatus/method/deleteGroup/id/4.html
INFO: [ app_init ] --START--
INFO: Run Behavior\BuildLiteBehavior [ RunTime:0.000014s ]
INFO: Run Common\Behavior\InitHookBehavior [ RunTime:0.005628s ]
INFO: [ app_init ] --END-- [ RunTime:0.006302s ]
INFO: [ app_begin ] --START--
INFO: Run Behavior\ReadHtmlCacheBehavior [ RunTime:0.001061s ]
INFO: [ app_begin ] --END-- [ RunTime:0.001219s ]
SQL: SHOW COLUMNS FROM `onethink_auth_group` [ RunTime:0.0093s ]
SQL: UPDATE `onethink_auth_group` SET `status`='-1' WHERE `id` IN ('4') [ RunTime:0.0007s ]

[ 2016-11-21T03:57:45+08:00 ] ::1 /ot/admin.php?s=/AuthManager/index.html
INFO: [ app_init ] --START--
INFO: Run Behavior\BuildLiteBehavior [ RunTime:0.000040s ]
INFO: Run Common\Behavior\InitHookBehavior [ RunTime:0.009922s ]
INFO: [ app_init ] --END-- [ RunTime:0.011408s ]
INFO: [ app_begin ] --START--
INFO: Run Behavior\ReadHtmlCacheBehavior [ RunTime:0.001462s ]
INFO: [ app_begin ] --END-- [ RunTime:0.001572s ]
SQL: SHOW COLUMNS FROM `onethink_auth_group` [ RunTime:0.0108s ]
SQL: SELECT COUNT(*) AS tp_count FROM `onethink_auth_group` WHERE `module` = 'admin' LIMIT 1   [ RunTime:0.0007s ]
SQL: SELECT `id`,`module`,`type`,`title`,`description`,`status`,`rules` FROM `onethink_auth_group` WHERE `module` = 'admin' ORDER BY `id` asc LIMIT 0,10   [ RunTime:0.0010s ]
INFO: [ view_parse ] --START--
INFO: [ template_filter ] --START--
INFO: Run Behavior\ContentReplaceBehavior [ RunTime:0.000357s ]
INFO: [ template_filter ] --END-- [ RunTime:0.000455s ]
INFO: Run Behavior\ParseTemplateBehavior [ RunTime:0.039464s ]
INFO: [ view_parse ] --END-- [ RunTime:0.039547s ]
INFO: [ view_filter ] --START--
INFO: Run Behavior\WriteHtmlCacheBehavior [ RunTime:0.000751s ]
INFO: [ view_filter ] --END-- [ RunTime:0.000805s ]
INFO: [ app_end ] --START--
INFO: Run Behavior\ShowPageTraceBehavior [ RunTime:0.001320s ]
INFO: [ app_end ] --END-- [ RunTime:0.001389s ]

[ 2016-11-21T03:57:54+08:00 ] ::1 /ot/admin.php?s=/AuthManager/changeStatus/method/deleteGroup/id/4.html
INFO: [ app_init ] --START--
INFO: Run Behavior\BuildLiteBehavior [ RunTime:0.000019s ]
INFO: Run Common\Behavior\InitHookBehavior [ RunTime:0.003693s ]
INFO: [ app_init ] --END-- [ RunTime:0.004569s ]
INFO: [ app_begin ] --START--
INFO: Run Behavior\ReadHtmlCacheBehavior [ RunTime:0.003254s ]
INFO: [ app_begin ] --END-- [ RunTime:0.003358s ]
SQL: SHOW COLUMNS FROM `onethink_auth_group` [ RunTime:0.0068s ]
SQL: UPDATE `onethink_auth_group` SET `status`='-1' WHERE `id` IN ('4') [ RunTime:0.0004s ]

[ 2016-11-21T03:57:55+08:00 ] ::1 /ot/admin.php?s=/AuthManager/index.html
INFO: [ app_init ] --START--
INFO: Run Behavior\BuildLiteBehavior [ RunTime:0.000029s ]
INFO: Run Common\Behavior\InitHookBehavior [ RunTime:0.004304s ]
INFO: [ app_init ] --END-- [ RunTime:0.005347s ]
INFO: [ app_begin ] --START--
INFO: Run Behavior\ReadHtmlCacheBehavior [ RunTime:0.001711s ]
INFO: [ app_begin ] --END-- [ RunTime:0.001836s ]
SQL: SHOW COLUMNS FROM `onethink_auth_group` [ RunTime:0.0090s ]
SQL: SELECT COUNT(*) AS tp_count FROM `onethink_auth_group` WHERE `module` = 'admin' LIMIT 1   [ RunTime:0.0007s ]
SQL: SELECT `id`,`module`,`type`,`title`,`description`,`status`,`rules` FROM `onethink_auth_group` WHERE `module` = 'admin' ORDER BY `id` asc LIMIT 0,10   [ RunTime:0.0008s ]
INFO: [ view_parse ] --START--
INFO: [ template_filter ] --START--
INFO: Run Behavior\ContentReplaceBehavior [ RunTime:0.000238s ]
INFO: [ template_filter ] --END-- [ RunTime:0.000304s ]
INFO: Run Behavior\ParseTemplateBehavior [ RunTime:0.028095s ]
INFO: [ view_parse ] --END-- [ RunTime:0.028170s ]
INFO: [ view_filter ] --START--
INFO: Run Behavior\WriteHtmlCacheBehavior [ RunTime:0.000955s ]
INFO: [ view_filter ] --END-- [ RunTime:0.001011s ]
INFO: [ app_end ] --START--
INFO: Run Behavior\ShowPageTraceBehavior [ RunTime:0.001639s ]
INFO: [ app_end ] --END-- [ RunTime:0.001709s ]

[ 2016-11-21T03:58:05+08:00 ] ::1 /ot/admin.php?s=/AuthManager/createGroup.html
INFO: [ app_init ] --START--
INFO: Run Behavior\BuildLiteBehavior [ RunTime:0.000022s ]
INFO: Run Common\Behavior\InitHookBehavior [ RunTime:0.003379s ]
INFO: [ app_init ] --END-- [ RunTime:0.004292s ]
INFO: [ app_begin ] --START--
INFO: Run Behavior\ReadHtmlCacheBehavior [ RunTime:0.000888s ]
INFO: [ app_begin ] --END-- [ RunTime:0.000948s ]
INFO: [ view_parse ] --START--
INFO: [ template_filter ] --START--
INFO: Run Behavior\ContentReplaceBehavior [ RunTime:0.000155s ]
INFO: [ template_filter ] --END-- [ RunTime:0.000206s ]
INFO: Run Behavior\ParseTemplateBehavior [ RunTime:0.014597s ]
INFO: [ view_parse ] --END-- [ RunTime:0.014652s ]
INFO: [ view_filter ] --START--
INFO: Run Behavior\WriteHtmlCacheBehavior [ RunTime:0.000699s ]
INFO: [ view_filter ] --END-- [ RunTime:0.000740s ]
INFO: [ app_end ] --START--
INFO: Run Behavior\ShowPageTraceBehavior [ RunTime:0.000943s ]
INFO: [ app_end ] --END-- [ RunTime:0.001010s ]

[ 2016-11-21T03:58:19+08:00 ] ::1 /ot/admin.php?s=/AuthManager/writeGroup.html
INFO: [ app_init ] --START--
INFO: Run Behavior\BuildLiteBehavior [ RunTime:0.000025s ]
INFO: Run Common\Behavior\InitHookBehavior [ RunTime:0.005826s ]
INFO: [ app_init ] --END-- [ RunTime:0.006784s ]
INFO: [ app_begin ] --START--
INFO: Run Behavior\ReadHtmlCacheBehavior [ RunTime:0.000828s ]
INFO: [ app_begin ] --END-- [ RunTime:0.000887s ]
SQL: SHOW COLUMNS FROM `onethink_auth_group` [ RunTime:0.0050s ]
SQL: INSERT INTO `onethink_auth_group` (`title`,`description`,`id`,`module`,`type`) VALUES ('Lilab','Lilab','0','admin','1') [ RunTime:0.0004s ]

[ 2016-11-21T03:58:20+08:00 ] ::1 /ot/admin.php?s=/AuthManager/index.html
INFO: [ app_init ] --START--
INFO: Run Behavior\BuildLiteBehavior [ RunTime:0.000038s ]
INFO: Run Common\Behavior\InitHookBehavior [ RunTime:0.007439s ]
INFO: [ app_init ] --END-- [ RunTime:0.009093s ]
INFO: [ app_begin ] --START--
INFO: Run Behavior\ReadHtmlCacheBehavior [ RunTime:0.001604s ]
INFO: [ app_begin ] --END-- [ RunTime:0.001714s ]
SQL: SHOW COLUMNS FROM `onethink_auth_group` [ RunTime:0.0107s ]
SQL: SELECT COUNT(*) AS tp_count FROM `onethink_auth_group` WHERE `module` = 'admin' LIMIT 1   [ RunTime:0.0007s ]
SQL: SELECT `id`,`module`,`type`,`title`,`description`,`status`,`rules` FROM `onethink_auth_group` WHERE `module` = 'admin' ORDER BY `id` asc LIMIT 0,10   [ RunTime:0.0010s ]
INFO: [ view_parse ] --START--
INFO: [ template_filter ] --START--
INFO: Run Behavior\ContentReplaceBehavior [ RunTime:0.000337s ]
INFO: [ template_filter ] --END-- [ RunTime:0.000432s ]
INFO: Run Behavior\ParseTemplateBehavior [ RunTime:0.037221s ]
INFO: [ view_parse ] --END-- [ RunTime:0.037409s ]
INFO: [ view_filter ] --START--
INFO: Run Behavior\WriteHtmlCacheBehavior [ RunTime:0.001391s ]
INFO: [ view_filter ] --END-- [ RunTime:0.001493s ]
INFO: [ app_end ] --START--
INFO: Run Behavior\ShowPageTraceBehavior [ RunTime:0.003041s ]
INFO: [ app_end ] --END-- [ RunTime:0.003166s ]

[ 2016-11-21T03:58:24+08:00 ] ::1 /ot/admin.php?s=/AuthManager/user/group_name/Lilab/group_id/5.html
INFO: [ app_init ] --START--
INFO: Run Behavior\BuildLiteBehavior [ RunTime:0.000010s ]
INFO: Run Common\Behavior\InitHookBehavior [ RunTime:0.002845s ]
INFO: [ app_init ] --END-- [ RunTime:0.003333s ]
INFO: [ app_begin ] --START--
INFO: Run Behavior\ReadHtmlCacheBehavior [ RunTime:0.000700s ]
INFO: [ app_begin ] --END-- [ RunTime:0.000752s ]
SQL: SHOW COLUMNS FROM `onethink_auth_group` [ RunTime:0.0049s ]
SQL: SELECT `id`,`id`,`title`,`rules` FROM `onethink_auth_group` WHERE `status` >= '0' AND `module` = 'admin' AND `type` = 1  [ RunTime:0.0004s ]
SQL: SHOW COLUMNS FROM `onethink_member` [ RunTime:0.0061s ]
SQL: SELECT COUNT(*) AS tp_count FROM onethink_member m INNER JOIN onethink_auth_group_access a ON m.uid=a.uid  WHERE a.group_id = '5' AND m.status >= 0 LIMIT 1   [ RunTime:0.0003s ]
SQL: SHOW COLUMNS FROM `onethink_member` [ RunTime:0.0056s ]
SQL: SELECT m.uid,m.nickname,m.last_login_time,m.last_login_ip,m.status FROM onethink_member m INNER JOIN onethink_auth_group_access a ON m.uid=a.uid  WHERE a.group_id = '5' AND m.status >= 0 ORDER BY m.uid asc LIMIT 0,10   [ RunTime:0.0005s ]
INFO: [ view_parse ] --START--
INFO: [ template_filter ] --START--
INFO: Run Behavior\ContentReplaceBehavior [ RunTime:0.000155s ]
INFO: [ template_filter ] --END-- [ RunTime:0.000200s ]
INFO: Run Behavior\ParseTemplateBehavior [ RunTime:0.015360s ]
INFO: [ view_parse ] --END-- [ RunTime:0.015408s ]
INFO: [ view_filter ] --START--
INFO: Run Behavior\WriteHtmlCacheBehavior [ RunTime:0.000601s ]
INFO: [ view_filter ] --END-- [ RunTime:0.000634s ]
INFO: [ app_end ] --START--
INFO: Run Behavior\ShowPageTraceBehavior [ RunTime:0.000858s ]
INFO: [ app_end ] --END-- [ RunTime:0.000915s ]

[ 2016-11-21T03:58:32+08:00 ] ::1 /ot/admin.php?s=/AuthManager/addToGroup.html
INFO: [ app_init ] --START--
INFO: Run Behavior\BuildLiteBehavior [ RunTime:0.000015s ]
INFO: Run Common\Behavior\InitHookBehavior [ RunTime:0.003338s ]
INFO: [ app_init ] --END-- [ RunTime:0.004279s ]
INFO: [ app_begin ] --START--
INFO: Run Behavior\ReadHtmlCacheBehavior [ RunTime:0.000853s ]
INFO: [ app_begin ] --END-- [ RunTime:0.000908s ]
SQL: SHOW COLUMNS FROM `onethink_auth_group` [ RunTime:0.0060s ]
SQL: SHOW COLUMNS FROM `onethink_member` [ RunTime:0.0058s ]
SQL: SELECT * FROM `onethink_member` WHERE `uid` = 4 LIMIT 1   [ RunTime:0.0006s ]
SQL: SHOW COLUMNS FROM `onethink_auth_group` [ RunTime:0.0052s ]
SQL: SELECT `id` FROM `onethink_auth_group` WHERE `id` IN ('5')  [ RunTime:0.0006s ]
SQL: SHOW COLUMNS FROM `onethink_auth_group_access` [ RunTime:0.0080s ]
NOTIC: [8] Undefined variable: del D:\phpStudy\WWW\ot\Application\Admin\Model\AuthGroupModel.class.php 第 67 行.
SQL: SELECT `uid` FROM `onethink_member` WHERE `uid` = 4 LIMIT 1   [ RunTime:0.0004s ]
SQL: INSERT INTO `onethink_auth_group_access` (`group_id`,`uid`) VALUES ('5','4') [ RunTime:0.0004s ]

[ 2016-11-21T03:58:34+08:00 ] ::1 /ot/admin.php?s=/AuthManager/user/group_name/Lilab/group_id/5.html
INFO: [ app_init ] --START--
INFO: Run Behavior\BuildLiteBehavior [ RunTime:0.000020s ]
INFO: Run Common\Behavior\InitHookBehavior [ RunTime:0.005327s ]
INFO: [ app_init ] --END-- [ RunTime:0.006432s ]
INFO: [ app_begin ] --START--
INFO: Run Behavior\ReadHtmlCacheBehavior [ RunTime:0.001388s ]
INFO: [ app_begin ] --END-- [ RunTime:0.001480s ]
SQL: SHOW COLUMNS FROM `onethink_auth_group` [ RunTime:0.0098s ]
SQL: SELECT `id`,`id`,`title`,`rules` FROM `onethink_auth_group` WHERE `status` >= '0' AND `module` = 'admin' AND `type` = 1  [ RunTime:0.0008s ]
SQL: SHOW COLUMNS FROM `onethink_member` [ RunTime:0.0088s ]
SQL: SELECT COUNT(*) AS tp_count FROM onethink_member m INNER JOIN onethink_auth_group_access a ON m.uid=a.uid  WHERE a.group_id = '5' AND m.status >= 0 LIMIT 1   [ RunTime:0.0007s ]
SQL: SHOW COLUMNS FROM `onethink_member` [ RunTime:0.0089s ]
SQL: SELECT m.uid,m.nickname,m.last_login_time,m.last_login_ip,m.status FROM onethink_member m INNER JOIN onethink_auth_group_access a ON m.uid=a.uid  WHERE a.group_id = '5' AND m.status >= 0 ORDER BY m.uid asc LIMIT 0,10   [ RunTime:0.0009s ]
INFO: [ view_parse ] --START--
INFO: [ template_filter ] --START--
INFO: Run Behavior\ContentReplaceBehavior [ RunTime:0.000378s ]
INFO: [ template_filter ] --END-- [ RunTime:0.000476s ]
INFO: Run Behavior\ParseTemplateBehavior [ RunTime:0.031814s ]
INFO: [ view_parse ] --END-- [ RunTime:0.031893s ]
INFO: [ view_filter ] --START--
INFO: Run Behavior\WriteHtmlCacheBehavior [ RunTime:0.001085s ]
INFO: [ view_filter ] --END-- [ RunTime:0.001286s ]
INFO: [ app_end ] --START--
INFO: Run Behavior\ShowPageTraceBehavior [ RunTime:0.001566s ]
INFO: [ app_end ] --END-- [ RunTime:0.001713s ]

[ 2016-11-21T03:58:40+08:00 ] ::1 /ot/admin.php?s=/AuthManager/category/group_name/Lilab/group_id/5.html
INFO: [ app_init ] --START--
INFO: Run Behavior\BuildLiteBehavior [ RunTime:0.000013s ]
INFO: Run Common\Behavior\InitHookBehavior [ RunTime:0.002987s ]
INFO: [ app_init ] --END-- [ RunTime:0.003583s ]
INFO: [ app_begin ] --START--
INFO: Run Behavior\ReadHtmlCacheBehavior [ RunTime:0.001404s ]
INFO: [ app_begin ] --END-- [ RunTime:0.001716s ]
SQL: SHOW COLUMNS FROM `onethink_auth_group` [ RunTime:0.0055s ]
SQL: SELECT `id`,`id`,`title`,`rules` FROM `onethink_auth_group` WHERE `status` >= '0' AND `module` = 'admin' AND `type` = 1  [ RunTime:0.0005s ]
SQL: SHOW COLUMNS FROM `onethink_category` [ RunTime:0.0057s ]
SQL: SELECT `id`,`name`,`title`,`pid`,`sort`,`list_row`,`meta_title`,`keywords`,`description`,`template_index`,`template_lists`,`template_detail`,`template_edit`,`model`,`model_sub`,`type`,`link_id`,`allow_publish`,`display`,`reply`,`check`,`reply_model`,`extend`,`create_time`,`update_time`,`status`,`icon`,`groups` FROM `onethink_category` WHERE `status` > -1 ORDER BY `sort`  [ RunTime:0.0006s ]
SQL: SHOW COLUMNS FROM `onethink_auth_extend` [ RunTime:0.0050s ]
SQL: SELECT `extend_id` FROM `onethink_auth_extend` WHERE `group_id` = 5 AND `type` = 1  [ RunTime:0.0005s ]
INFO: [ view_parse ] --START--
INFO: [ template_filter ] --START--
INFO: Run Behavior\ContentReplaceBehavior [ RunTime:0.000179s ]
INFO: [ template_filter ] --END-- [ RunTime:0.000234s ]
INFO: [ view_parse ] --START--
INFO: [ template_filter ] --START--
INFO: Run Behavior\ContentReplaceBehavior [ RunTime:0.000041s ]
INFO: [ template_filter ] --END-- [ RunTime:-0.006034s ]
INFO: [ view_parse ] --START--
INFO: [ template_filter ] --START--
INFO: Run Behavior\ContentReplaceBehavior [ RunTime:0.000042s ]
INFO: [ template_filter ] --END-- [ RunTime:-0.009945s ]
INFO: Run Behavior\ParseTemplateBehavior [ RunTime:0.003765s ]
INFO: [ view_parse ] --END-- [ RunTime:0.003856s ]
INFO: [ view_filter ] --START--
INFO: Run Behavior\WriteHtmlCacheBehavior [ RunTime:0.000682s ]
INFO: [ view_filter ] --END-- [ RunTime:0.000723s ]
INFO: Run Behavior\ParseTemplateBehavior [ RunTime:0.004600s ]
INFO: [ view_parse ] --END-- [ RunTime:0.003856s ]
INFO: [ view_filter ] --START--
INFO: Run Behavior\WriteHtmlCacheBehavior [ RunTime:0.000008s ]
INFO: [ view_filter ] --END-- [ RunTime:-0.000086s ]
INFO: Run Behavior\ParseTemplateBehavior [ RunTime:0.004783s ]
INFO: [ view_parse ] --END-- [ RunTime:0.003856s ]
INFO: [ view_filter ] --START--
INFO: Run Behavior\WriteHtmlCacheBehavior [ RunTime:0.000007s ]
INFO: [ view_filter ] --END-- [ RunTime:-0.000269s ]
INFO: [ app_end ] --START--
INFO: Run Behavior\ShowPageTraceBehavior [ RunTime:0.001017s ]
INFO: [ app_end ] --END-- [ RunTime:0.001082s ]

[ 2016-11-21T03:58:41+08:00 ] ::1 /ot/admin.php?s=/AuthManager/access/group_name/Lilab/group_id/5.html
INFO: [ app_init ] --START--
INFO: Run Behavior\BuildLiteBehavior [ RunTime:0.000019s ]
INFO: Run Common\Behavior\InitHookBehavior [ RunTime:0.002616s ]
INFO: [ app_init ] --END-- [ RunTime:0.003442s ]
INFO: [ app_begin ] --START--
INFO: Run Behavior\ReadHtmlCacheBehavior [ RunTime:0.001309s ]
INFO: [ app_begin ] --END-- [ RunTime:0.001391s ]
SQL: SHOW COLUMNS FROM `onethink_menu` [ RunTime:0.0063s ]
SQL: SELECT `title`,`url`,`tip`,`pid` FROM `onethink_menu` ORDER BY `sort` asc  [ RunTime:0.0020s ]
SQL: SHOW COLUMNS FROM `onethink_auth_rule` [ RunTime:0.0059s ]
SQL: SELECT * FROM `onethink_auth_rule` WHERE `module` = 'admin' AND `type` IN ('1','2') ORDER BY `name`  [ RunTime:0.0639s ]
SQL: SHOW COLUMNS FROM `onethink_auth_group` [ RunTime:0.0064s ]
SQL: SELECT `id`,`id`,`title`,`rules` FROM `onethink_auth_group` WHERE `status` >= '0' AND `module` = 'admin' AND `type` = 1  [ RunTime:0.0006s ]
SQL: SELECT `id`,`pid`,`title`,`url`,`tip`,`hide` FROM `onethink_menu` ORDER BY `sort` asc  [ RunTime:0.0020s ]
SQL: SELECT `name`,`id` FROM `onethink_auth_rule` WHERE `module` = 'admin' AND `type` = 2 AND `status` = 1  [ RunTime:0.0006s ]
SQL: SELECT `name`,`id` FROM `onethink_auth_rule` WHERE `module` = 'admin' AND `type` = 1 AND `status` = 1  [ RunTime:0.0018s ]
INFO: [ view_parse ] --START--
INFO: [ template_filter ] --START--
INFO: Run Behavior\ContentReplaceBehavior [ RunTime:0.000271s ]
INFO: [ template_filter ] --END-- [ RunTime:0.000344s ]
INFO: Run Behavior\ParseTemplateBehavior [ RunTime:0.033039s ]
INFO: [ view_parse ] --END-- [ RunTime:0.033103s ]
INFO: [ view_filter ] --START--
INFO: Run Behavior\WriteHtmlCacheBehavior [ RunTime:0.000642s ]
INFO: [ view_filter ] --END-- [ RunTime:0.000682s ]
INFO: [ app_end ] --START--
INFO: Run Behavior\ShowPageTraceBehavior [ RunTime:0.001480s ]
INFO: [ app_end ] --END-- [ RunTime:0.001556s ]

[ 2016-11-21T03:58:49+08:00 ] ::1 /ot/admin.php?s=/AuthManager/index.html
INFO: [ app_init ] --START--
INFO: Run Behavior\BuildLiteBehavior [ RunTime:0.000013s ]
INFO: Run Common\Behavior\InitHookBehavior [ RunTime:0.002973s ]
INFO: [ app_init ] --END-- [ RunTime:0.003566s ]
INFO: [ app_begin ] --START--
INFO: Run Behavior\ReadHtmlCacheBehavior [ RunTime:0.001502s ]
INFO: [ app_begin ] --END-- [ RunTime:0.001630s ]
SQL: SHOW COLUMNS FROM `onethink_auth_group` [ RunTime:0.0055s ]
SQL: SELECT COUNT(*) AS tp_count FROM `onethink_auth_group` WHERE `module` = 'admin' LIMIT 1   [ RunTime:0.0004s ]
SQL: SELECT `id`,`module`,`type`,`title`,`description`,`status`,`rules` FROM `onethink_auth_group` WHERE `module` = 'admin' ORDER BY `id` asc LIMIT 0,10   [ RunTime:0.0006s ]
INFO: [ view_parse ] --START--
INFO: [ template_filter ] --START--
INFO: Run Behavior\ContentReplaceBehavior [ RunTime:0.000172s ]
INFO: [ template_filter ] --END-- [ RunTime:0.000230s ]
INFO: Run Behavior\ParseTemplateBehavior [ RunTime:0.017132s ]
INFO: [ view_parse ] --END-- [ RunTime:0.017190s ]
INFO: [ view_filter ] --START--
INFO: Run Behavior\WriteHtmlCacheBehavior [ RunTime:0.000760s ]
INFO: [ view_filter ] --END-- [ RunTime:0.000805s ]
INFO: [ app_end ] --START--
INFO: Run Behavior\ShowPageTraceBehavior [ RunTime:0.001281s ]
INFO: [ app_end ] --END-- [ RunTime:0.001357s ]

[ 2016-11-21T03:58:55+08:00 ] ::1 /ot/admin.php?s=/AuthManager/access/group_name/Lilab/group_id/5.html
INFO: [ app_init ] --START--
INFO: Run Behavior\BuildLiteBehavior [ RunTime:0.000013s ]
INFO: Run Common\Behavior\InitHookBehavior [ RunTime:0.002663s ]
INFO: [ app_init ] --END-- [ RunTime:0.003243s ]
INFO: [ app_begin ] --START--
INFO: Run Behavior\ReadHtmlCacheBehavior [ RunTime:0.001280s ]
INFO: [ app_begin ] --END-- [ RunTime:0.001363s ]
SQL: SHOW COLUMNS FROM `onethink_menu` [ RunTime:0.0060s ]
SQL: SELECT `title`,`url`,`tip`,`pid` FROM `onethink_menu` ORDER BY `sort` asc  [ RunTime:0.0015s ]
SQL: SHOW COLUMNS FROM `onethink_auth_rule` [ RunTime:0.0054s ]
SQL: SELECT * FROM `onethink_auth_rule` WHERE `module` = 'admin' AND `type` IN ('1','2') ORDER BY `name`  [ RunTime:0.0040s ]
SQL: SHOW COLUMNS FROM `onethink_auth_group` [ RunTime:0.0055s ]
SQL: SELECT `id`,`id`,`title`,`rules` FROM `onethink_auth_group` WHERE `status` >= '0' AND `module` = 'admin' AND `type` = 1  [ RunTime:0.0005s ]
SQL: SELECT `id`,`pid`,`title`,`url`,`tip`,`hide` FROM `onethink_menu` ORDER BY `sort` asc  [ RunTime:0.0018s ]
SQL: SELECT `name`,`id` FROM `onethink_auth_rule` WHERE `module` = 'admin' AND `type` = 2 AND `status` = 1  [ RunTime:0.0006s ]
SQL: SELECT `name`,`id` FROM `onethink_auth_rule` WHERE `module` = 'admin' AND `type` = 1 AND `status` = 1  [ RunTime:0.0012s ]
INFO: [ view_parse ] --START--
INFO: [ template_filter ] --START--
INFO: Run Behavior\ContentReplaceBehavior [ RunTime:0.000214s ]
INFO: [ template_filter ] --END-- [ RunTime:0.000262s ]
INFO: Run Behavior\ParseTemplateBehavior [ RunTime:0.019233s ]
INFO: [ view_parse ] --END-- [ RunTime:0.019290s ]
INFO: [ view_filter ] --START--
INFO: Run Behavior\WriteHtmlCacheBehavior [ RunTime:0.000771s ]
INFO: [ view_filter ] --END-- [ RunTime:0.000812s ]
INFO: [ app_end ] --START--
INFO: Run Behavior\ShowPageTraceBehavior [ RunTime:0.000993s ]
INFO: [ app_end ] --END-- [ RunTime:0.001047s ]

[ 2016-11-21T03:59:02+08:00 ] ::1 /ot/admin.php?s=/AuthManager/user/group_name/Lilab/group_id/5.html
INFO: [ app_init ] --START--
INFO: Run Behavior\BuildLiteBehavior [ RunTime:0.000014s ]
INFO: Run Common\Behavior\InitHookBehavior [ RunTime:0.003602s ]
INFO: [ app_init ] --END-- [ RunTime:0.004174s ]
INFO: [ app_begin ] --START--
INFO: Run Behavior\ReadHtmlCacheBehavior [ RunTime:0.000859s ]
INFO: [ app_begin ] --END-- [ RunTime:0.000917s ]
SQL: SHOW COLUMNS FROM `onethink_auth_group` [ RunTime:0.0052s ]
SQL: SELECT `id`,`id`,`title`,`rules` FROM `onethink_auth_group` WHERE `status` >= '0' AND `module` = 'admin' AND `type` = 1  [ RunTime:0.0009s ]
SQL: SHOW COLUMNS FROM `onethink_member` [ RunTime:0.0071s ]
SQL: SELECT COUNT(*) AS tp_count FROM onethink_member m INNER JOIN onethink_auth_group_access a ON m.uid=a.uid  WHERE a.group_id = '5' AND m.status >= 0 LIMIT 1   [ RunTime:0.0004s ]
SQL: SHOW COLUMNS FROM `onethink_member` [ RunTime:0.0051s ]
SQL: SELECT m.uid,m.nickname,m.last_login_time,m.last_login_ip,m.status FROM onethink_member m INNER JOIN onethink_auth_group_access a ON m.uid=a.uid  WHERE a.group_id = '5' AND m.status >= 0 ORDER BY m.uid asc LIMIT 0,10   [ RunTime:0.0006s ]
INFO: [ view_parse ] --START--
INFO: [ template_filter ] --START--
INFO: Run Behavior\ContentReplaceBehavior [ RunTime:0.000277s ]
INFO: [ template_filter ] --END-- [ RunTime:0.000388s ]
INFO: Run Behavior\ParseTemplateBehavior [ RunTime:0.020397s ]
INFO: [ view_parse ] --END-- [ RunTime:0.020452s ]
INFO: [ view_filter ] --START--
INFO: Run Behavior\WriteHtmlCacheBehavior [ RunTime:0.000670s ]
INFO: [ view_filter ] --END-- [ RunTime:0.000711s ]
INFO: [ app_end ] --START--
INFO: Run Behavior\ShowPageTraceBehavior [ RunTime:0.002242s ]
INFO: [ app_end ] --END-- [ RunTime:0.002314s ]

[ 2016-11-21T03:59:03+08:00 ] ::1 /ot/admin.php?s=/AuthManager/category/group_name/Lilab/group_id/5.html
INFO: [ app_init ] --START--
INFO: Run Behavior\BuildLiteBehavior [ RunTime:0.000013s ]
INFO: Run Common\Behavior\InitHookBehavior [ RunTime:0.002992s ]
INFO: [ app_init ] --END-- [ RunTime:0.003517s ]
INFO: [ app_begin ] --START--
INFO: Run Behavior\ReadHtmlCacheBehavior [ RunTime:0.000835s ]
INFO: [ app_begin ] --END-- [ RunTime:0.000957s ]
SQL: SHOW COLUMNS FROM `onethink_auth_group` [ RunTime:0.0073s ]
SQL: SELECT `id`,`id`,`title`,`rules` FROM `onethink_auth_group` WHERE `status` >= '0' AND `module` = 'admin' AND `type` = 1  [ RunTime:0.0005s ]
SQL: SHOW COLUMNS FROM `onethink_category` [ RunTime:0.0056s ]
SQL: SELECT `id`,`name`,`title`,`pid`,`sort`,`list_row`,`meta_title`,`keywords`,`description`,`template_index`,`template_lists`,`template_detail`,`template_edit`,`model`,`model_sub`,`type`,`link_id`,`allow_publish`,`display`,`reply`,`check`,`reply_model`,`extend`,`create_time`,`update_time`,`status`,`icon`,`groups` FROM `onethink_category` WHERE `status` > -1 ORDER BY `sort`  [ RunTime:0.0008s ]
SQL: SHOW COLUMNS FROM `onethink_auth_extend` [ RunTime:0.0063s ]
SQL: SELECT `extend_id` FROM `onethink_auth_extend` WHERE `group_id` = 5 AND `type` = 1  [ RunTime:0.0004s ]
INFO: [ view_parse ] --START--
INFO: [ template_filter ] --START--
INFO: Run Behavior\ContentReplaceBehavior [ RunTime:0.000241s ]
INFO: [ template_filter ] --END-- [ RunTime:0.000322s ]
INFO: [ view_parse ] --START--
INFO: [ template_filter ] --START--
INFO: Run Behavior\ContentReplaceBehavior [ RunTime:0.000038s ]
INFO: [ template_filter ] --END-- [ RunTime:-0.006614s ]
INFO: [ view_parse ] --START--
INFO: [ template_filter ] --START--
INFO: Run Behavior\ContentReplaceBehavior [ RunTime:0.000115s ]
INFO: [ template_filter ] --END-- [ RunTime:-0.010438s ]
INFO: Run Behavior\ParseTemplateBehavior [ RunTime:0.003579s ]
INFO: [ view_parse ] --END-- [ RunTime:0.003640s ]
INFO: [ view_filter ] --START--
INFO: Run Behavior\WriteHtmlCacheBehavior [ RunTime:0.000483s ]
INFO: [ view_filter ] --END-- [ RunTime:0.000515s ]
INFO: Run Behavior\ParseTemplateBehavior [ RunTime:0.004200s ]
INFO: [ view_parse ] --END-- [ RunTime:0.003640s ]
INFO: [ view_filter ] --START--
INFO: Run Behavior\WriteHtmlCacheBehavior [ RunTime:0.000010s ]
INFO: [ view_filter ] --END-- [ RunTime:-0.000095s ]
INFO: Run Behavior\ParseTemplateBehavior [ RunTime:0.004451s ]
INFO: [ view_parse ] --END-- [ RunTime:0.003640s ]
INFO: [ view_filter ] --START--
INFO: Run Behavior\WriteHtmlCacheBehavior [ RunTime:0.000010s ]
INFO: [ view_filter ] --END-- [ RunTime:-0.000346s ]
INFO: [ app_end ] --START--
INFO: Run Behavior\ShowPageTraceBehavior [ RunTime:0.001071s ]
INFO: [ app_end ] --END-- [ RunTime:0.001139s ]

[ 2016-11-21T03:59:04+08:00 ] ::1 /ot/admin.php?s=/AuthManager/access/group_name/Lilab/group_id/5.html
INFO: [ app_init ] --START--
INFO: Run Behavior\BuildLiteBehavior [ RunTime:0.000021s ]
INFO: Run Common\Behavior\InitHookBehavior [ RunTime:0.004549s ]
INFO: [ app_init ] --END-- [ RunTime:0.005453s ]
INFO: [ app_begin ] --START--
INFO: Run Behavior\ReadHtmlCacheBehavior [ RunTime:0.001513s ]
INFO: [ app_begin ] --END-- [ RunTime:0.001599s ]
SQL: SHOW COLUMNS FROM `onethink_menu` [ RunTime:0.0055s ]
SQL: SELECT `title`,`url`,`tip`,`pid` FROM `onethink_menu` ORDER BY `sort` asc  [ RunTime:0.0015s ]
SQL: SHOW COLUMNS FROM `onethink_auth_rule` [ RunTime:0.0050s ]
SQL: SELECT * FROM `onethink_auth_rule` WHERE `module` = 'admin' AND `type` IN ('1','2') ORDER BY `name`  [ RunTime:0.0048s ]
SQL: SHOW COLUMNS FROM `onethink_auth_group` [ RunTime:0.0054s ]
SQL: SELECT `id`,`id`,`title`,`rules` FROM `onethink_auth_group` WHERE `status` >= '0' AND `module` = 'admin' AND `type` = 1  [ RunTime:0.0005s ]
SQL: SELECT `id`,`pid`,`title`,`url`,`tip`,`hide` FROM `onethink_menu` ORDER BY `sort` asc  [ RunTime:0.0015s ]
SQL: SELECT `name`,`id` FROM `onethink_auth_rule` WHERE `module` = 'admin' AND `type` = 2 AND `status` = 1  [ RunTime:0.0008s ]
SQL: SELECT `name`,`id` FROM `onethink_auth_rule` WHERE `module` = 'admin' AND `type` = 1 AND `status` = 1  [ RunTime:0.0012s ]
INFO: [ view_parse ] --START--
INFO: [ template_filter ] --START--
INFO: Run Behavior\ContentReplaceBehavior [ RunTime:0.000212s ]
INFO: [ template_filter ] --END-- [ RunTime:0.000261s ]
INFO: Run Behavior\ParseTemplateBehavior [ RunTime:0.020031s ]
INFO: [ view_parse ] --END-- [ RunTime:0.020088s ]
INFO: [ view_filter ] --START--
INFO: Run Behavior\WriteHtmlCacheBehavior [ RunTime:0.000652s ]
INFO: [ view_filter ] --END-- [ RunTime:0.000691s ]
INFO: [ app_end ] --START--
INFO: Run Behavior\ShowPageTraceBehavior [ RunTime:0.000869s ]
INFO: [ app_end ] --END-- [ RunTime:0.000927s ]

