[ 2016-11-03T09:08:59+08:00 ] ::1 /ot/seqdb.php?s=/AuthManager/test
INFO: [ app_init ] --START--
INFO: Run Behavior\BuildLiteBehavior [ RunTime:0.000013s ]
INFO: Run Common\Behavior\InitHookBehavior [ RunTime:0.040065s ]
INFO: [ app_init ] --END-- [ RunTime:0.048478s ]
INFO: [ app_begin ] --START--
INFO: Run Behavior\ReadHtmlCacheBehavior [ RunTime:0.001120s ]
INFO: [ app_begin ] --END-- [ RunTime:0.001189s ]
SQL: SHOW COLUMNS FROM `onethink_menu` [ RunTime:0.0194s ]
SQL: SELECT `title`,`url`,`tip`,`pid` FROM `onethink_menu` ORDER BY `sort` asc  [ RunTime:0.0021s ]
SQL: SHOW COLUMNS FROM `onethink_auth_rule` [ RunTime:0.0078s ]
SQL: SELECT * FROM `onethink_auth_rule` WHERE `module` = 'admin' AND `type` IN ('1','2') ORDER BY `name`  [ RunTime:0.0036s ]
SQL: UPDATE `onethink_auth_rule` SET `name`='Seqdb/sample/add',`title`='添加样品',`module`='admin',`type`='1',`status`='1',`id`='221' WHERE `id` = 221 [ RunTime:0.0118s ]
SQL: UPDATE `onethink_auth_rule` SET `name`='Seqdb/Sample/index',`title`='样品',`module`='admin',`type`='2',`status`='1',`id`='219' WHERE `id` = 219 [ RunTime:0.0005s ]
SQL: UPDATE `onethink_auth_rule` SET `status`='-1' WHERE `id` IN ('107','110','209','52','45','43','46','42','47','210','48','53','55','4','54','49','44','51','50','7','11','79','16','13','8','17','2','217','12','14','15','18','9','211','10','90','91','89','92','93','35','40','38','95','39','28','29','30','31','32','34','41','94','37','36','33','72','71','74','216','215','73','67','69','68','70','214','63','62','61','5','65','66','64','212','87','82','86','80','81','83','84','1','102','103','207','100','213','56','57','208','60','58','59','195','222','220','205','206','218','27','88','19','25','23','24','20','3','26','21','22','109','108') [ RunTime:0.0056s ]
SQL: INSERT INTO `onethink_auth_rule` (`name`,`title`,`module`,`type`,`status`) VALUES ('Seqdb/article/index','文档列表','admin','1','1'),('Seqdb/article/add','新增','admin','1','1'),('Seqdb/article/edit','编辑','admin','1','1'),('Seqdb/article/setStatus','改变状态','admin','1','1'),('Seqdb/article/update','保存','admin','1','1'),('Seqdb/article/autoSave','保存草稿','admin','1','1'),('Seqdb/article/move','移动','admin','1','1'),('Seqdb/article/copy','复制','admin','1','1'),('Seqdb/article/paste','粘贴','admin','1','1'),('Seqdb/article/batchOperate','导入','admin','1','1'),('Seqdb/article/recycle','回收站','admin','1','1'),('Seqdb/article/permit','还原','admin','1','1'),('Seqdb/article/clear','清空','admin','1','1'),('Seqdb/User/index','用户信息','admin','1','1'),('Seqdb/User/add','新增用户','admin','1','1'),('Seqdb/User/action','用户行为','admin','1','1'),('Seqdb/User/addaction','新增用户行为','admin','1','1'),('Seqdb/User/editaction','编辑用户行为','admin','1','1'),('Seqdb/User/saveAction','保存用户行为','admin','1','1'),('Seqdb/User/setStatus','变更行为状态','admin','1','1'),('Seqdb/User/changeStatus?method=forbidUser','禁用会员','admin','1','1'),('Seqdb/User/changeStatus?method=resumeUser','启用会员','admin','1','1'),('Seqdb/User/changeStatus?method=deleteUser','删除会员','admin','1','1'),('Seqdb/AuthManager/index','权限管理','admin','1','1'),('Seqdb/AuthManager/changeStatus?method=deleteGroup','删除','admin','1','1'),('Seqdb/AuthManager/changeStatus?method=forbidGroup','禁用','admin','1','1'),('Seqdb/AuthManager/changeStatus?method=resumeGroup','恢复','admin','1','1'),('Seqdb/AuthManager/createGroup','新增','admin','1','1'),('Seqdb/AuthManager/editGroup','编辑','admin','1','1'),('Seqdb/AuthManager/writeGroup','保存用户组','admin','1','1'),('Seqdb/AuthManager/group','授权','admin','1','1'),('Seqdb/AuthManager/access','访问授权','admin','1','1'),('Seqdb/AuthManager/user','成员授权','admin','1','1'),('Seqdb/AuthManager/removeFromGroup','解除授权','admin','1','1'),('Seqdb/AuthManager/addToGroup','保存成员授权','admin','1','1'),('Seqdb/AuthManager/category','分类授权','admin','1','1'),('Seqdb/AuthManager/addToCategory','保存分类授权','admin','1','1'),('Seqdb/AuthManager/modelauth','模型授权','admin','1','1'),('Seqdb/AuthManager/addToModel','保存模型授权','admin','1','1'),('Seqdb/Addons/create','创建','admin','1','1'),('Seqdb/Addons/checkForm','检测创建','admin','1','1'),('Seqdb/Addons/preview','预览','admin','1','1'),('Seqdb/Addons/build','快速生成插件','admin','1','1'),('Seqdb/Addons/config','设置','admin','1','1'),('Seqdb/Addons/disable','禁用','admin','1','1'),('Seqdb/Addons/enable','启用','admin','1','1'),('Seqdb/Addons/install','安装','admin','1','1'),('Seqdb/Addons/uninstall','卸载','admin','1','1'),('Seqdb/Addons/saveconfig','更新配置','admin','1','1'),('Seqdb/Addons/adminList','插件后台列表','admin','1','1'),('Seqdb/Addons/execute','URL方式访问插件','admin','1','1'),('Seqdb/model/add','新增','admin','1','1'),('Seqdb/model/edit','编辑','admin','1','1'),('Seqdb/model/setStatus','改变状态','admin','1','1'),('Seqdb/model/update','保存数据','admin','1','1'),('Seqdb/Attribute/index','属性管理','admin','1','1'),('Seqdb/Attribute/add','新增','admin','1','1'),('Seqdb/Attribute/edit','编辑','admin','1','1'),('Seqdb/Attribute/setStatus','改变状态','admin','1','1'),('Seqdb/Attribute/update','保存数据','admin','1','1'),('Seqdb/Config/edit','编辑','admin','1','1'),('Seqdb/Config/del','删除','admin','1','1'),('Seqdb/Config/add','新增','admin','1','1'),('Seqdb/Config/save','保存','admin','1','1'),('Seqdb/Channel/add','新增','admin','1','1'),('Seqdb/Channel/edit','编辑','admin','1','1'),('Seqdb/Channel/del','删除','admin','1','1'),('Seqdb/Category/edit','编辑','admin','1','1'),('Seqdb/Category/add','新增','admin','1','1'),('Seqdb/Category/remove','删除','admin','1','1'),('Seqdb/Category/operate/type/move','移动','admin','1','1'),('Seqdb/Category/operate/type/merge','合并','admin','1','1'),('Seqdb/Database/index?type=export','备份数据库','admin','1','1'),('Seqdb/Database/export','备份','admin','1','1'),('Seqdb/Database/optimize','优化表','admin','1','1'),('Seqdb/Database/repair','修复表','admin','1','1'),('Seqdb/Database/index?type=import','还原数据库','admin','1','1'),('Seqdb/Database/import','恢复','admin','1','1'),('Seqdb/Database/del','删除','admin','1','1'),('Seqdb/Menu/add','新增','admin','1','1'),('Seqdb/Menu/edit','编辑','admin','1','1'),('Seqdb/Action/actionlog','行为日志','admin','1','1'),('Seqdb/User/updatePassword','修改密码','admin','1','1'),('Seqdb/User/updateNickname','修改昵称','admin','1','1'),('Seqdb/action/edit','查看行为日志','admin','1','1'),('Seqdb/think/add','新增数据','admin','1','1'),('Seqdb/think/edit','编辑数据','admin','1','1'),('Seqdb/Menu/import','导入','admin','1','1'),('Seqdb/Model/generate','生成','admin','1','1'),('Seqdb/Addons/addHook','新增钩子','admin','1','1'),('Seqdb/Addons/edithook','编辑钩子','admin','1','1'),('Seqdb/Article/sort','文档排序','admin','1','1'),('Seqdb/Config/sort','排序','admin','1','1'),('Seqdb/Menu/sort','排序','admin','1','1'),('Seqdb/Channel/sort','排序','admin','1','1'),('Seqdb/think/lists','数据列表','admin','1','1'),('Seqdb/Article/examine','审核列表','admin','1','1'),('Seqdb/Index/index','首页','admin','2','1'),('Seqdb/Addons/index','插件管理','admin','1','1'),('Seqdb/Config/group','网站设置','admin','1','1'),('Seqdb/Article/index','内容','admin','2','1'),('Seqdb/Addons/hooks','钩子管理','admin','1','1'),('Seqdb/Category/index','分类管理','admin','1','1'),('Seqdb/User/index','用户','admin','2','1'),('Seqdb/Model/index','模型管理','admin','1','1'),('Seqdb/Config/group','系统','admin','2','1'),('Seqdb/Config/index','配置管理','admin','1','1'),('Seqdb/Menu/index','菜单管理','admin','1','1'),('Seqdb/other','其他','admin','2','1'),('Seqdb/Channel/index','导航管理','admin','1','1'),('Seqdb/Addons/index','扩展','admin','2','1') [ RunTime:0.0146s ]
SQL: SHOW COLUMNS FROM `onethink_auth_group` [ RunTime:0.0190s ]
SQL: SELECT `id`,`id`,`title`,`rules` FROM `onethink_auth_group` WHERE `status` >= '0' AND `module` = 'admin' AND `type` = 1  [ RunTime:0.0123s ]
SQL: SELECT `id`,`pid`,`title`,`url`,`tip`,`hide` FROM `onethink_menu` ORDER BY `sort` asc  [ RunTime:0.0013s ]
SQL: SELECT `name`,`id` FROM `onethink_auth_rule` WHERE `module` = 'admin' AND `type` = 2 AND `status` = 1  [ RunTime:0.0008s ]
SQL: SELECT `name`,`id` FROM `onethink_auth_rule` WHERE `module` = 'admin' AND `type` = 1 AND `status` = 1  [ RunTime:0.0011s ]
NOTIC: [8] Undefined index: group_id D:\phpStudy\WWW\ot\Application\Seqdb\Controller\AuthManagerController.class.php 第 144 行.
NOTIC: [8] Undefined offset: 0 D:\phpStudy\WWW\ot\Application\Seqdb\Controller\AuthManagerController.class.php 第 144 行.
INFO: [ app_end ] --START--
INFO: Run Behavior\ShowPageTraceBehavior [ RunTime:0.001427s ]
INFO: [ app_end ] --END-- [ RunTime:0.001516s ]

[ 2016-11-03T09:12:20+08:00 ] ::1 /ot/seqdb.php?s=/AuthManager/test
INFO: [ app_init ] --START--
INFO: Run Behavior\BuildLiteBehavior [ RunTime:0.000011s ]
INFO: Run Common\Behavior\InitHookBehavior [ RunTime:0.002508s ]
INFO: [ app_init ] --END-- [ RunTime:0.003011s ]
INFO: [ app_begin ] --START--
INFO: Run Behavior\ReadHtmlCacheBehavior [ RunTime:0.000729s ]
INFO: [ app_begin ] --END-- [ RunTime:0.000779s ]
SQL: SHOW COLUMNS FROM `onethink_menu` [ RunTime:0.0054s ]
SQL: SELECT `title`,`url`,`tip`,`pid` FROM `onethink_menu` ORDER BY `sort` asc  [ RunTime:0.0017s ]
SQL: SHOW COLUMNS FROM `onethink_auth_rule` [ RunTime:0.0048s ]
SQL: SELECT * FROM `onethink_auth_rule` WHERE `module` = 'admin' AND `type` IN ('1','2') ORDER BY `name`  [ RunTime:0.0042s ]
SQL: SHOW COLUMNS FROM `onethink_auth_group` [ RunTime:0.0065s ]
SQL: SELECT `id`,`id`,`title`,`rules` FROM `onethink_auth_group` WHERE `status` >= '0' AND `module` = 'admin' AND `type` = 1  [ RunTime:0.0004s ]
SQL: SELECT `id`,`pid`,`title`,`url`,`tip`,`hide` FROM `onethink_menu` ORDER BY `sort` asc  [ RunTime:0.0012s ]
SQL: SELECT `name`,`id` FROM `onethink_auth_rule` WHERE `module` = 'admin' AND `type` = 2 AND `status` = 1  [ RunTime:0.0005s ]
SQL: SELECT `name`,`id` FROM `onethink_auth_rule` WHERE `module` = 'admin' AND `type` = 1 AND `status` = 1  [ RunTime:0.0010s ]
NOTIC: [8] Undefined index: group_id D:\phpStudy\WWW\ot\Application\Seqdb\Controller\AuthManagerController.class.php 第 144 行.
NOTIC: [8] Undefined offset: 0 D:\phpStudy\WWW\ot\Application\Seqdb\Controller\AuthManagerController.class.php 第 144 行.
INFO: [ app_end ] --START--
INFO: Run Behavior\ShowPageTraceBehavior [ RunTime:0.000990s ]
INFO: [ app_end ] --END-- [ RunTime:0.001039s ]

[ 2016-11-03T09:13:12+08:00 ] ::1 /ot/seqdb.php?s=/AuthManager/test
INFO: [ app_init ] --START--
INFO: Run Behavior\BuildLiteBehavior [ RunTime:0.000012s ]
INFO: Run Common\Behavior\InitHookBehavior [ RunTime:0.003210s ]
INFO: [ app_init ] --END-- [ RunTime:0.003680s ]
INFO: [ app_begin ] --START--
INFO: Run Behavior\ReadHtmlCacheBehavior [ RunTime:0.000760s ]
INFO: [ app_begin ] --END-- [ RunTime:0.000831s ]
SQL: SHOW COLUMNS FROM `onethink_menu` [ RunTime:0.0064s ]
SQL: SELECT `title`,`url`,`tip`,`pid` FROM `onethink_menu` ORDER BY `sort` asc  [ RunTime:0.0014s ]
SQL: SHOW COLUMNS FROM `onethink_auth_rule` [ RunTime:0.0044s ]
SQL: SELECT * FROM `onethink_auth_rule` WHERE `module` = 'admin' AND `type` IN ('1','2') ORDER BY `name`  [ RunTime:0.0049s ]
SQL: SHOW COLUMNS FROM `onethink_auth_group` [ RunTime:0.0053s ]
SQL: SELECT `id`,`id`,`title`,`rules` FROM `onethink_auth_group` WHERE `status` >= '0' AND `module` = 'admin' AND `type` = 1  [ RunTime:0.0005s ]
SQL: SELECT `id`,`pid`,`title`,`url`,`tip`,`hide` FROM `onethink_menu` ORDER BY `sort` asc  [ RunTime:0.0014s ]
SQL: SELECT `name`,`id` FROM `onethink_auth_rule` WHERE `module` = 'admin' AND `type` = 2 AND `status` = 1  [ RunTime:0.0008s ]
SQL: SELECT `name`,`id` FROM `onethink_auth_rule` WHERE `module` = 'admin' AND `type` = 1 AND `status` = 1  [ RunTime:0.0014s ]
NOTIC: [8] Undefined index: group_id D:\phpStudy\WWW\ot\Application\Seqdb\Controller\AuthManagerController.class.php 第 144 行.
NOTIC: [8] Undefined offset: 0 D:\phpStudy\WWW\ot\Application\Seqdb\Controller\AuthManagerController.class.php 第 144 行.
INFO: [ app_end ] --START--
INFO: Run Behavior\ShowPageTraceBehavior [ RunTime:0.001018s ]
INFO: [ app_end ] --END-- [ RunTime:0.001075s ]

[ 2016-11-03T09:13:26+08:00 ] ::1 /ot/seqdb.php?s=/AuthManager/test
INFO: [ app_init ] --START--
INFO: Run Behavior\BuildLiteBehavior [ RunTime:0.000012s ]
INFO: Run Common\Behavior\InitHookBehavior [ RunTime:0.002206s ]
INFO: [ app_init ] --END-- [ RunTime:0.002628s ]
INFO: [ app_begin ] --START--
INFO: Run Behavior\ReadHtmlCacheBehavior [ RunTime:0.000697s ]
INFO: [ app_begin ] --END-- [ RunTime:0.000742s ]
SQL: SHOW COLUMNS FROM `onethink_menu` [ RunTime:0.0046s ]
SQL: SELECT `title`,`url`,`tip`,`pid` FROM `onethink_menu` ORDER BY `sort` asc  [ RunTime:0.0013s ]
SQL: SHOW COLUMNS FROM `onethink_auth_rule` [ RunTime:0.0042s ]
SQL: SELECT * FROM `onethink_auth_rule` WHERE `module` = 'admin' AND `type` IN ('1','2') ORDER BY `name`  [ RunTime:0.0041s ]
SQL: SHOW COLUMNS FROM `onethink_auth_group` [ RunTime:0.0079s ]
SQL: SELECT `id`,`id`,`title`,`rules` FROM `onethink_auth_group` WHERE `status` >= '0' AND `module` = 'admin' AND `type` = 1  [ RunTime:0.0005s ]
SQL: SELECT `id`,`pid`,`title`,`url`,`tip`,`hide` FROM `onethink_menu` ORDER BY `sort` asc  [ RunTime:0.0012s ]
SQL: SELECT `name`,`id` FROM `onethink_auth_rule` WHERE `module` = 'admin' AND `type` = 2 AND `status` = 1  [ RunTime:0.0005s ]
SQL: SELECT `name`,`id` FROM `onethink_auth_rule` WHERE `module` = 'admin' AND `type` = 1 AND `status` = 1  [ RunTime:0.0014s ]
NOTIC: [8] Undefined index: group_id D:\phpStudy\WWW\ot\Application\Seqdb\Controller\AuthManagerController.class.php 第 144 行.
NOTIC: [8] Undefined offset: 0 D:\phpStudy\WWW\ot\Application\Seqdb\Controller\AuthManagerController.class.php 第 144 行.
INFO: [ app_end ] --START--
INFO: Run Behavior\ShowPageTraceBehavior [ RunTime:0.000760s ]
INFO: [ app_end ] --END-- [ RunTime:0.000799s ]

[ 2016-11-03T09:14:05+08:00 ] ::1 /ot/seqdb.php?s=/AuthManager/test
INFO: [ app_init ] --START--
INFO: Run Behavior\BuildLiteBehavior [ RunTime:0.000012s ]
INFO: Run Common\Behavior\InitHookBehavior [ RunTime:0.002242s ]
INFO: [ app_init ] --END-- [ RunTime:0.002686s ]
INFO: [ app_begin ] --START--
INFO: Run Behavior\ReadHtmlCacheBehavior [ RunTime:0.000925s ]
INFO: [ app_begin ] --END-- [ RunTime:0.001006s ]
SQL: SHOW COLUMNS FROM `onethink_menu` [ RunTime:0.0051s ]
SQL: SELECT `title`,`url`,`tip`,`pid` FROM `onethink_menu` ORDER BY `sort` asc  [ RunTime:0.0013s ]
SQL: SHOW COLUMNS FROM `onethink_auth_rule` [ RunTime:0.0056s ]
SQL: SELECT * FROM `onethink_auth_rule` WHERE `module` = 'admin' AND `type` IN ('1','2') ORDER BY `name`  [ RunTime:0.0041s ]
SQL: SHOW COLUMNS FROM `onethink_auth_group` [ RunTime:0.0058s ]
SQL: SELECT `id`,`id`,`title`,`rules` FROM `onethink_auth_group` WHERE `status` >= '0' AND `module` = 'admin' AND `type` = 1  [ RunTime:0.0004s ]
SQL: SELECT `id`,`pid`,`title`,`url`,`tip`,`hide` FROM `onethink_menu` ORDER BY `sort` asc  [ RunTime:0.0012s ]
SQL: SELECT `name`,`id` FROM `onethink_auth_rule` WHERE `module` = 'admin' AND `type` = 2 AND `status` = 1  [ RunTime:0.0006s ]
SQL: SELECT `name`,`id` FROM `onethink_auth_rule` WHERE `module` = 'admin' AND `type` = 1 AND `status` = 1  [ RunTime:0.0017s ]
NOTIC: [8] Undefined index: group_id D:\phpStudy\WWW\ot\Application\Seqdb\Controller\AuthManagerController.class.php 第 144 行.
NOTIC: [8] Undefined offset: 0 D:\phpStudy\WWW\ot\Application\Seqdb\Controller\AuthManagerController.class.php 第 144 行.
NOTIC: [8] Undefined index: group_id D:\phpStudy\WWW\ot\Application\Seqdb\Controller\AuthManagerController.class.php 第 148 行.
NOTIC: [8] Undefined offset: 0 D:\phpStudy\WWW\ot\Application\Seqdb\Controller\AuthManagerController.class.php 第 148 行.
INFO: [ app_end ] --START--
INFO: Run Behavior\ShowPageTraceBehavior [ RunTime:0.001083s ]
INFO: [ app_end ] --END-- [ RunTime:0.001149s ]

[ 2016-11-03T09:14:19+08:00 ] ::1 /ot/seqdb.php?s=/AuthManager/test
INFO: [ app_init ] --START--
INFO: Run Behavior\BuildLiteBehavior [ RunTime:0.000053s ]
INFO: Run Common\Behavior\InitHookBehavior [ RunTime:0.004319s ]
INFO: [ app_init ] --END-- [ RunTime:0.005675s ]
INFO: [ app_begin ] --START--
INFO: Run Behavior\ReadHtmlCacheBehavior [ RunTime:0.000638s ]
INFO: [ app_begin ] --END-- [ RunTime:0.000685s ]
SQL: SHOW COLUMNS FROM `onethink_menu` [ RunTime:0.0060s ]
SQL: SELECT `title`,`url`,`tip`,`pid` FROM `onethink_menu` ORDER BY `sort` asc  [ RunTime:0.0021s ]
SQL: SHOW COLUMNS FROM `onethink_auth_rule` [ RunTime:0.0063s ]
SQL: SELECT * FROM `onethink_auth_rule` WHERE `module` = 'admin' AND `type` IN ('1','2') ORDER BY `name`  [ RunTime:0.0054s ]
SQL: SHOW COLUMNS FROM `onethink_auth_group` [ RunTime:0.0061s ]
SQL: SELECT `id`,`id`,`title`,`rules` FROM `onethink_auth_group` WHERE `status` >= '0' AND `module` = 'admin' AND `type` = 1  [ RunTime:0.0004s ]
SQL: SELECT `id`,`pid`,`title`,`url`,`tip`,`hide` FROM `onethink_menu` ORDER BY `sort` asc  [ RunTime:0.0012s ]
SQL: SELECT `name`,`id` FROM `onethink_auth_rule` WHERE `module` = 'admin' AND `type` = 2 AND `status` = 1  [ RunTime:0.0006s ]
SQL: SELECT `name`,`id` FROM `onethink_auth_rule` WHERE `module` = 'admin' AND `type` = 1 AND `status` = 1  [ RunTime:0.0010s ]
NOTIC: [8] Undefined index: group_id D:\phpStudy\WWW\ot\Application\Seqdb\Controller\AuthManagerController.class.php 第 144 行.
NOTIC: [8] Undefined offset: 0 D:\phpStudy\WWW\ot\Application\Seqdb\Controller\AuthManagerController.class.php 第 144 行.
NOTIC: [8] Undefined offset: 2 D:\phpStudy\WWW\ot\Application\Seqdb\Controller\AuthManagerController.class.php 第 148 行.
NOTIC: [8] Undefined offset: 0 D:\phpStudy\WWW\ot\Application\Seqdb\Controller\AuthManagerController.class.php 第 148 行.
INFO: [ app_end ] --START--
INFO: Run Behavior\ShowPageTraceBehavior [ RunTime:0.000926s ]
INFO: [ app_end ] --END-- [ RunTime:0.000979s ]

[ 2016-11-03T09:14:20+08:00 ] ::1 /ot/seqdb.php?s=/AuthManager/test
INFO: [ app_init ] --START--
INFO: Run Behavior\BuildLiteBehavior [ RunTime:0.000010s ]
INFO: Run Common\Behavior\InitHookBehavior [ RunTime:0.002414s ]
INFO: [ app_init ] --END-- [ RunTime:0.002843s ]
INFO: [ app_begin ] --START--
INFO: Run Behavior\ReadHtmlCacheBehavior [ RunTime:0.000994s ]
INFO: [ app_begin ] --END-- [ RunTime:0.001079s ]
SQL: SHOW COLUMNS FROM `onethink_menu` [ RunTime:0.0047s ]
SQL: SELECT `title`,`url`,`tip`,`pid` FROM `onethink_menu` ORDER BY `sort` asc  [ RunTime:0.0017s ]
SQL: SHOW COLUMNS FROM `onethink_auth_rule` [ RunTime:0.0050s ]
SQL: SELECT * FROM `onethink_auth_rule` WHERE `module` = 'admin' AND `type` IN ('1','2') ORDER BY `name`  [ RunTime:0.0045s ]
SQL: SHOW COLUMNS FROM `onethink_auth_group` [ RunTime:0.0054s ]
SQL: SELECT `id`,`id`,`title`,`rules` FROM `onethink_auth_group` WHERE `status` >= '0' AND `module` = 'admin' AND `type` = 1  [ RunTime:0.0005s ]
SQL: SELECT `id`,`pid`,`title`,`url`,`tip`,`hide` FROM `onethink_menu` ORDER BY `sort` asc  [ RunTime:0.0017s ]
SQL: SELECT `name`,`id` FROM `onethink_auth_rule` WHERE `module` = 'admin' AND `type` = 2 AND `status` = 1  [ RunTime:0.0005s ]
SQL: SELECT `name`,`id` FROM `onethink_auth_rule` WHERE `module` = 'admin' AND `type` = 1 AND `status` = 1  [ RunTime:0.0010s ]
NOTIC: [8] Undefined index: group_id D:\phpStudy\WWW\ot\Application\Seqdb\Controller\AuthManagerController.class.php 第 144 行.
NOTIC: [8] Undefined offset: 0 D:\phpStudy\WWW\ot\Application\Seqdb\Controller\AuthManagerController.class.php 第 144 行.
NOTIC: [8] Undefined offset: 2 D:\phpStudy\WWW\ot\Application\Seqdb\Controller\AuthManagerController.class.php 第 148 行.
NOTIC: [8] Undefined offset: 0 D:\phpStudy\WWW\ot\Application\Seqdb\Controller\AuthManagerController.class.php 第 148 行.
INFO: [ app_end ] --START--
INFO: Run Behavior\ShowPageTraceBehavior [ RunTime:0.000815s ]
INFO: [ app_end ] --END-- [ RunTime:0.000857s ]

[ 2016-11-03T09:17:41+08:00 ] ::1 /ot/seqdb.php?s=/AuthManager/test
INFO: [ app_init ] --START--
INFO: Run Behavior\BuildLiteBehavior [ RunTime:0.000013s ]
INFO: Run Common\Behavior\InitHookBehavior [ RunTime:0.002462s ]
INFO: [ app_init ] --END-- [ RunTime:0.002930s ]
INFO: [ app_begin ] --START--
INFO: Run Behavior\ReadHtmlCacheBehavior [ RunTime:0.000643s ]
INFO: [ app_begin ] --END-- [ RunTime:0.000688s ]
SQL: SHOW COLUMNS FROM `onethink_menu` [ RunTime:0.0062s ]
SQL: SELECT `title`,`url`,`tip`,`pid` FROM `onethink_menu` ORDER BY `sort` asc  [ RunTime:0.0013s ]
SQL: SHOW COLUMNS FROM `onethink_auth_rule` [ RunTime:0.0060s ]
SQL: SELECT * FROM `onethink_auth_rule` WHERE `module` = 'admin' AND `type` IN ('1','2') ORDER BY `name`  [ RunTime:0.0048s ]
SQL: SHOW COLUMNS FROM `onethink_auth_group` [ RunTime:0.0058s ]
SQL: SELECT `id`,`id`,`title`,`rules` FROM `onethink_auth_group` WHERE `status` >= '0' AND `module` = 'admin' AND `type` = 1  [ RunTime:0.0006s ]
SQL: SELECT `id`,`pid`,`title`,`url`,`tip`,`hide` FROM `onethink_menu` ORDER BY `sort` asc  [ RunTime:0.0017s ]
SQL: SELECT `name`,`id` FROM `onethink_auth_rule` WHERE `module` = 'admin' AND `type` = 2 AND `status` = 1  [ RunTime:0.0007s ]
SQL: SELECT `name`,`id` FROM `onethink_auth_rule` WHERE `module` = 'admin' AND `type` = 1 AND `status` = 1  [ RunTime:0.0014s ]
NOTIC: [8] Undefined index: group_id D:\phpStudy\WWW\ot\Application\Seqdb\Controller\AuthManagerController.class.php 第 144 行.
NOTIC: [8] Undefined offset: 0 D:\phpStudy\WWW\ot\Application\Seqdb\Controller\AuthManagerController.class.php 第 144 行.
INFO: [ app_end ] --START--
INFO: Run Behavior\ShowPageTraceBehavior [ RunTime:0.001077s ]
INFO: [ app_end ] --END-- [ RunTime:0.001155s ]

[ 2016-11-03T10:15:11+08:00 ] ::1 /ot/seqdb.php?s=/AuthManager/test
INFO: [ app_init ] --START--
INFO: Run Behavior\BuildLiteBehavior [ RunTime:0.000011s ]
INFO: Run Common\Behavior\InitHookBehavior [ RunTime:0.003075s ]
INFO: [ app_init ] --END-- [ RunTime:0.003561s ]
INFO: [ app_begin ] --START--
INFO: Run Behavior\ReadHtmlCacheBehavior [ RunTime:0.001075s ]
INFO: [ app_begin ] --END-- [ RunTime:0.001162s ]
SQL: SHOW COLUMNS FROM `onethink_menu` [ RunTime:0.0057s ]
SQL: SELECT `title`,`url`,`tip`,`pid` FROM `onethink_menu` ORDER BY `sort` asc  [ RunTime:0.0016s ]
SQL: SHOW COLUMNS FROM `onethink_auth_rule` [ RunTime:0.0050s ]
SQL: SELECT * FROM `onethink_auth_rule` WHERE `module` = 'admin' AND `type` IN ('1','2') ORDER BY `name`  [ RunTime:0.0048s ]
SQL: UPDATE `onethink_auth_rule` SET `name`='Seqdb/Action/actionlog',`title`='行为日志',`module`='admin',`type`='1',`status`='1',`id`='304' WHERE `id` = 304 [ RunTime:0.0006s ]
SQL: UPDATE `onethink_auth_rule` SET `name`='Seqdb/action/edit',`title`='查看行为日志',`module`='admin',`type`='1',`status`='1',`id`='307' WHERE `id` = 307 [ RunTime:0.0004s ]
SQL: UPDATE `onethink_auth_rule` SET `name`='Seqdb/Addons/addHook',`title`='新增钩子',`module`='admin',`type`='1',`status`='1',`id`='312' WHERE `id` = 312 [ RunTime:0.0004s ]
SQL: UPDATE `onethink_auth_rule` SET `name`='Seqdb/Addons/adminList',`title`='插件后台列表',`module`='admin',`type`='1',`status`='1',`id`='272' WHERE `id` = 272 [ RunTime:0.0004s ]
SQL: UPDATE `onethink_auth_rule` SET `name`='Seqdb/Addons/build',`title`='快速生成插件',`module`='admin',`type`='1',`status`='1',`id`='265' WHERE `id` = 265 [ RunTime:0.0010s ]
SQL: UPDATE `onethink_auth_rule` SET `name`='Seqdb/Addons/checkForm',`title`='检测创建',`module`='admin',`type`='1',`status`='1',`id`='263' WHERE `id` = 263 [ RunTime:0.0006s ]
SQL: UPDATE `onethink_auth_rule` SET `name`='Seqdb/Addons/config',`title`='设置',`module`='admin',`type`='1',`status`='1',`id`='266' WHERE `id` = 266 [ RunTime:0.0006s ]
SQL: UPDATE `onethink_auth_rule` SET `name`='Seqdb/Addons/create',`title`='创建',`module`='admin',`type`='1',`status`='1',`id`='262' WHERE `id` = 262 [ RunTime:0.0006s ]
SQL: UPDATE `onethink_auth_rule` SET `name`='Seqdb/Addons/disable',`title`='禁用',`module`='admin',`type`='1',`status`='1',`id`='267' WHERE `id` = 267 [ RunTime:0.0005s ]
SQL: UPDATE `onethink_auth_rule` SET `name`='Seqdb/Addons/edithook',`title`='编辑钩子',`module`='admin',`type`='1',`status`='1',`id`='313' WHERE `id` = 313 [ RunTime:0.0004s ]
SQL: UPDATE `onethink_auth_rule` SET `name`='Seqdb/Addons/enable',`title`='启用',`module`='admin',`type`='1',`status`='1',`id`='268' WHERE `id` = 268 [ RunTime:0.0004s ]
SQL: UPDATE `onethink_auth_rule` SET `name`='Seqdb/Addons/execute',`title`='URL方式访问插件',`module`='admin',`type`='1',`status`='1',`id`='273' WHERE `id` = 273 [ RunTime:0.0004s ]
SQL: UPDATE `onethink_auth_rule` SET `name`='Seqdb/Addons/hooks',`title`='钩子管理',`module`='admin',`type`='1',`status`='1',`id`='324' WHERE `id` = 324 [ RunTime:0.0004s ]
SQL: UPDATE `onethink_auth_rule` SET `name`='Seqdb/Addons/index',`title`='插件管理',`module`='admin',`type`='1',`status`='1',`id`='321' WHERE `id` = 321 [ RunTime:0.0003s ]
SQL: UPDATE `onethink_auth_rule` SET `name`='Seqdb/Addons/index',`title`='扩展',`module`='admin',`type`='2',`status`='1',`id`='333' WHERE `id` = 333 [ RunTime:0.0004s ]
SQL: UPDATE `onethink_auth_rule` SET `name`='Seqdb/Addons/install',`title`='安装',`module`='admin',`type`='1',`status`='1',`id`='269' WHERE `id` = 269 [ RunTime:0.0004s ]
SQL: UPDATE `onethink_auth_rule` SET `name`='Seqdb/Addons/preview',`title`='预览',`module`='admin',`type`='1',`status`='1',`id`='264' WHERE `id` = 264 [ RunTime:0.0004s ]
SQL: UPDATE `onethink_auth_rule` SET `name`='Seqdb/Addons/saveconfig',`title`='更新配置',`module`='admin',`type`='1',`status`='1',`id`='271' WHERE `id` = 271 [ RunTime:0.0003s ]
SQL: UPDATE `onethink_auth_rule` SET `name`='Seqdb/Addons/uninstall',`title`='卸载',`module`='admin',`type`='1',`status`='1',`id`='270' WHERE `id` = 270 [ RunTime:0.0003s ]
SQL: UPDATE `onethink_auth_rule` SET `name`='Seqdb/article/add',`title`='新增',`module`='admin',`type`='1',`status`='1',`id`='224' WHERE `id` = 224 [ RunTime:0.0003s ]
SQL: UPDATE `onethink_auth_rule` SET `name`='Seqdb/article/autoSave',`title`='保存草稿',`module`='admin',`type`='1',`status`='1',`id`='228' WHERE `id` = 228 [ RunTime:0.0004s ]
SQL: UPDATE `onethink_auth_rule` SET `name`='Seqdb/article/batchOperate',`title`='导入',`module`='admin',`type`='1',`status`='1',`id`='232' WHERE `id` = 232 [ RunTime:0.0003s ]
SQL: UPDATE `onethink_auth_rule` SET `name`='Seqdb/article/clear',`title`='清空',`module`='admin',`type`='1',`status`='1',`id`='235' WHERE `id` = 235 [ RunTime:0.0003s ]
SQL: UPDATE `onethink_auth_rule` SET `name`='Seqdb/article/copy',`title`='复制',`module`='admin',`type`='1',`status`='1',`id`='230' WHERE `id` = 230 [ RunTime:0.0003s ]
SQL: UPDATE `onethink_auth_rule` SET `name`='Seqdb/article/edit',`title`='编辑',`module`='admin',`type`='1',`status`='1',`id`='225' WHERE `id` = 225 [ RunTime:0.0003s ]
SQL: UPDATE `onethink_auth_rule` SET `name`='Seqdb/Article/examine',`title`='审核列表',`module`='admin',`type`='1',`status`='1',`id`='319' WHERE `id` = 319 [ RunTime:0.0003s ]
SQL: UPDATE `onethink_auth_rule` SET `name`='Seqdb/article/index',`title`='文档列表',`module`='admin',`type`='1',`status`='1',`id`='223' WHERE `id` = 223 [ RunTime:0.0003s ]
SQL: UPDATE `onethink_auth_rule` SET `name`='Seqdb/Article/index',`title`='内容',`module`='admin',`type`='2',`status`='1',`id`='323' WHERE `id` = 323 [ RunTime:0.0003s ]
SQL: UPDATE `onethink_auth_rule` SET `name`='Seqdb/article/move',`title`='移动',`module`='admin',`type`='1',`status`='1',`id`='229' WHERE `id` = 229 [ RunTime:0.0003s ]
SQL: UPDATE `onethink_auth_rule` SET `name`='Seqdb/article/paste',`title`='粘贴',`module`='admin',`type`='1',`status`='1',`id`='231' WHERE `id` = 231 [ RunTime:0.0003s ]
SQL: UPDATE `onethink_auth_rule` SET `name`='Seqdb/article/permit',`title`='还原',`module`='admin',`type`='1',`status`='1',`id`='234' WHERE `id` = 234 [ RunTime:0.0004s ]
SQL: UPDATE `onethink_auth_rule` SET `name`='Seqdb/article/recycle',`title`='回收站',`module`='admin',`type`='1',`status`='1',`id`='233' WHERE `id` = 233 [ RunTime:0.0004s ]
SQL: UPDATE `onethink_auth_rule` SET `name`='Seqdb/article/setStatus',`title`='改变状态',`module`='admin',`type`='1',`status`='1',`id`='226' WHERE `id` = 226 [ RunTime:0.0003s ]
SQL: UPDATE `onethink_auth_rule` SET `name`='Seqdb/Article/sort',`title`='文档排序',`module`='admin',`type`='1',`status`='1',`id`='314' WHERE `id` = 314 [ RunTime:0.0004s ]
SQL: UPDATE `onethink_auth_rule` SET `name`='Seqdb/article/update',`title`='保存',`module`='admin',`type`='1',`status`='1',`id`='227' WHERE `id` = 227 [ RunTime:0.0003s ]
SQL: UPDATE `onethink_auth_rule` SET `name`='Seqdb/Attribute/add',`title`='新增',`module`='admin',`type`='1',`status`='1',`id`='279' WHERE `id` = 279 [ RunTime:0.0003s ]
SQL: UPDATE `onethink_auth_rule` SET `name`='Seqdb/Attribute/edit',`title`='编辑',`module`='admin',`type`='1',`status`='1',`id`='280' WHERE `id` = 280 [ RunTime:0.0006s ]
SQL: UPDATE `onethink_auth_rule` SET `name`='Seqdb/Attribute/index',`title`='属性管理',`module`='admin',`type`='1',`status`='1',`id`='278' WHERE `id` = 278 [ RunTime:0.0004s ]
SQL: UPDATE `onethink_auth_rule` SET `name`='Seqdb/Attribute/setStatus',`title`='改变状态',`module`='admin',`type`='1',`status`='1',`id`='281' WHERE `id` = 281 [ RunTime:0.0004s ]
SQL: UPDATE `onethink_auth_rule` SET `name`='Seqdb/Attribute/update',`title`='保存数据',`module`='admin',`type`='1',`status`='1',`id`='282' WHERE `id` = 282 [ RunTime:0.0003s ]
SQL: UPDATE `onethink_auth_rule` SET `name`='Seqdb/AuthManager/access',`title`='访问授权',`module`='admin',`type`='1',`status`='1',`id`='254' WHERE `id` = 254 [ RunTime:0.0003s ]
SQL: UPDATE `onethink_auth_rule` SET `name`='Seqdb/AuthManager/addToCategory',`title`='保存分类授权',`module`='admin',`type`='1',`status`='1',`id`='259' WHERE `id` = 259 [ RunTime:0.0003s ]
SQL: UPDATE `onethink_auth_rule` SET `name`='Seqdb/AuthManager/addToGroup',`title`='保存成员授权',`module`='admin',`type`='1',`status`='1',`id`='257' WHERE `id` = 257 [ RunTime:0.0003s ]
SQL: UPDATE `onethink_auth_rule` SET `name`='Seqdb/AuthManager/addToModel',`title`='保存模型授权',`module`='admin',`type`='1',`status`='1',`id`='261' WHERE `id` = 261 [ RunTime:0.0005s ]
SQL: UPDATE `onethink_auth_rule` SET `name`='Seqdb/AuthManager/category',`title`='分类授权',`module`='admin',`type`='1',`status`='1',`id`='258' WHERE `id` = 258 [ RunTime:0.0006s ]
SQL: UPDATE `onethink_auth_rule` SET `name`='Seqdb/AuthManager/changeStatus?method=deleteGroup',`title`='删除',`module`='admin',`type`='1',`status`='1',`id`='247' WHERE `id` = 247 [ RunTime:0.0004s ]
SQL: UPDATE `onethink_auth_rule` SET `name`='Seqdb/AuthManager/changeStatus?method=forbidGroup',`title`='禁用',`module`='admin',`type`='1',`status`='1',`id`='248' WHERE `id` = 248 [ RunTime:0.0004s ]
SQL: UPDATE `onethink_auth_rule` SET `name`='Seqdb/AuthManager/changeStatus?method=resumeGroup',`title`='恢复',`module`='admin',`type`='1',`status`='1',`id`='249' WHERE `id` = 249 [ RunTime:0.0004s ]
SQL: UPDATE `onethink_auth_rule` SET `name`='Seqdb/AuthManager/createGroup',`title`='新增',`module`='admin',`type`='1',`status`='1',`id`='250' WHERE `id` = 250 [ RunTime:0.0003s ]
SQL: UPDATE `onethink_auth_rule` SET `name`='Seqdb/AuthManager/editGroup',`title`='编辑',`module`='admin',`type`='1',`status`='1',`id`='251' WHERE `id` = 251 [ RunTime:0.0005s ]
SQL: UPDATE `onethink_auth_rule` SET `name`='Seqdb/AuthManager/group',`title`='授权',`module`='admin',`type`='1',`status`='1',`id`='253' WHERE `id` = 253 [ RunTime:0.0004s ]
SQL: UPDATE `onethink_auth_rule` SET `name`='Seqdb/AuthManager/index',`title`='权限管理',`module`='admin',`type`='1',`status`='1',`id`='246' WHERE `id` = 246 [ RunTime:0.0004s ]
SQL: UPDATE `onethink_auth_rule` SET `name`='Seqdb/AuthManager/modelauth',`title`='模型授权',`module`='admin',`type`='1',`status`='1',`id`='260' WHERE `id` = 260 [ RunTime:0.0004s ]
SQL: UPDATE `onethink_auth_rule` SET `name`='Seqdb/AuthManager/removeFromGroup',`title`='解除授权',`module`='admin',`type`='1',`status`='1',`id`='256' WHERE `id` = 256 [ RunTime:0.0004s ]
SQL: UPDATE `onethink_auth_rule` SET `name`='Seqdb/AuthManager/user',`title`='成员授权',`module`='admin',`type`='1',`status`='1',`id`='255' WHERE `id` = 255 [ RunTime:0.0004s ]
SQL: UPDATE `onethink_auth_rule` SET `name`='Seqdb/AuthManager/writeGroup',`title`='保存用户组',`module`='admin',`type`='1',`status`='1',`id`='252' WHERE `id` = 252 [ RunTime:0.0005s ]
SQL: UPDATE `onethink_auth_rule` SET `name`='Seqdb/Category/add',`title`='新增',`module`='admin',`type`='1',`status`='1',`id`='291' WHERE `id` = 291 [ RunTime:0.0004s ]
SQL: UPDATE `onethink_auth_rule` SET `name`='Seqdb/Category/edit',`title`='编辑',`module`='admin',`type`='1',`status`='1',`id`='290' WHERE `id` = 290 [ RunTime:0.0005s ]
SQL: UPDATE `onethink_auth_rule` SET `name`='Seqdb/Category/index',`title`='分类管理',`module`='admin',`type`='1',`status`='1',`id`='325' WHERE `id` = 325 [ RunTime:0.0005s ]
SQL: UPDATE `onethink_auth_rule` SET `name`='Seqdb/Category/operate/type/merge',`title`='合并',`module`='admin',`type`='1',`status`='1',`id`='294' WHERE `id` = 294 [ RunTime:0.0007s ]
SQL: UPDATE `onethink_auth_rule` SET `name`='Seqdb/Category/operate/type/move',`title`='移动',`module`='admin',`type`='1',`status`='1',`id`='293' WHERE `id` = 293 [ RunTime:0.0004s ]
SQL: UPDATE `onethink_auth_rule` SET `name`='Seqdb/Category/remove',`title`='删除',`module`='admin',`type`='1',`status`='1',`id`='292' WHERE `id` = 292 [ RunTime:0.0004s ]
SQL: UPDATE `onethink_auth_rule` SET `name`='Seqdb/Channel/add',`title`='新增',`module`='admin',`type`='1',`status`='1',`id`='287' WHERE `id` = 287 [ RunTime:0.0003s ]
SQL: UPDATE `onethink_auth_rule` SET `name`='Seqdb/Channel/del',`title`='删除',`module`='admin',`type`='1',`status`='1',`id`='289' WHERE `id` = 289 [ RunTime:0.0004s ]
SQL: UPDATE `onethink_auth_rule` SET `name`='Seqdb/Channel/edit',`title`='编辑',`module`='admin',`type`='1',`status`='1',`id`='288' WHERE `id` = 288 [ RunTime:0.0004s ]
SQL: UPDATE `onethink_auth_rule` SET `name`='Seqdb/Channel/index',`title`='导航管理',`module`='admin',`type`='1',`status`='1',`id`='332' WHERE `id` = 332 [ RunTime:0.0004s ]
SQL: UPDATE `onethink_auth_rule` SET `name`='Seqdb/Channel/sort',`title`='排序',`module`='admin',`type`='1',`status`='1',`id`='317' WHERE `id` = 317 [ RunTime:0.0005s ]
SQL: UPDATE `onethink_auth_rule` SET `name`='Seqdb/Config/add',`title`='新增',`module`='admin',`type`='1',`status`='1',`id`='285' WHERE `id` = 285 [ RunTime:0.0004s ]
SQL: UPDATE `onethink_auth_rule` SET `name`='Seqdb/Config/del',`title`='删除',`module`='admin',`type`='1',`status`='1',`id`='284' WHERE `id` = 284 [ RunTime:0.0004s ]
SQL: UPDATE `onethink_auth_rule` SET `name`='Seqdb/Config/edit',`title`='编辑',`module`='admin',`type`='1',`status`='1',`id`='283' WHERE `id` = 283 [ RunTime:0.0004s ]
SQL: UPDATE `onethink_auth_rule` SET `name`='Seqdb/Config/group',`title`='网站设置',`module`='admin',`type`='1',`status`='1',`id`='322' WHERE `id` = 322 [ RunTime:0.0003s ]
SQL: UPDATE `onethink_auth_rule` SET `name`='Seqdb/Config/group',`title`='系统',`module`='admin',`type`='2',`status`='1',`id`='328' WHERE `id` = 328 [ RunTime:0.0003s ]
SQL: UPDATE `onethink_auth_rule` SET `name`='Seqdb/Config/index',`title`='配置管理',`module`='admin',`type`='1',`status`='1',`id`='329' WHERE `id` = 329 [ RunTime:0.0003s ]
SQL: UPDATE `onethink_auth_rule` SET `name`='Seqdb/Config/save',`title`='保存',`module`='admin',`type`='1',`status`='1',`id`='286' WHERE `id` = 286 [ RunTime:0.0003s ]
SQL: UPDATE `onethink_auth_rule` SET `name`='Seqdb/Config/sort',`title`='排序',`module`='admin',`type`='1',`status`='1',`id`='315' WHERE `id` = 315 [ RunTime:0.0003s ]
SQL: UPDATE `onethink_auth_rule` SET `name`='Seqdb/Database/del',`title`='删除',`module`='admin',`type`='1',`status`='1',`id`='301' WHERE `id` = 301 [ RunTime:0.0003s ]
SQL: UPDATE `onethink_auth_rule` SET `name`='Seqdb/Database/export',`title`='备份',`module`='admin',`type`='1',`status`='1',`id`='296' WHERE `id` = 296 [ RunTime:0.0003s ]
SQL: UPDATE `onethink_auth_rule` SET `name`='Seqdb/Database/import',`title`='恢复',`module`='admin',`type`='1',`status`='1',`id`='300' WHERE `id` = 300 [ RunTime:0.0003s ]
SQL: UPDATE `onethink_auth_rule` SET `name`='Seqdb/Database/index?type=export',`title`='备份数据库',`module`='admin',`type`='1',`status`='1',`id`='295' WHERE `id` = 295 [ RunTime:0.0004s ]
SQL: UPDATE `onethink_auth_rule` SET `name`='Seqdb/Database/index?type=import',`title`='还原数据库',`module`='admin',`type`='1',`status`='1',`id`='299' WHERE `id` = 299 [ RunTime:0.0004s ]
SQL: UPDATE `onethink_auth_rule` SET `name`='Seqdb/Database/optimize',`title`='优化表',`module`='admin',`type`='1',`status`='1',`id`='297' WHERE `id` = 297 [ RunTime:0.0004s ]
SQL: UPDATE `onethink_auth_rule` SET `name`='Seqdb/Database/repair',`title`='修复表',`module`='admin',`type`='1',`status`='1',`id`='298' WHERE `id` = 298 [ RunTime:0.0003s ]
SQL: UPDATE `onethink_auth_rule` SET `name`='Seqdb/Index/index',`title`='首页',`module`='admin',`type`='2',`status`='1',`id`='320' WHERE `id` = 320 [ RunTime:0.0003s ]
SQL: UPDATE `onethink_auth_rule` SET `name`='Seqdb/Menu/add',`title`='新增',`module`='admin',`type`='1',`status`='1',`id`='302' WHERE `id` = 302 [ RunTime:0.0004s ]
SQL: UPDATE `onethink_auth_rule` SET `name`='Seqdb/Menu/edit',`title`='编辑',`module`='admin',`type`='1',`status`='1',`id`='303' WHERE `id` = 303 [ RunTime:0.0003s ]
SQL: UPDATE `onethink_auth_rule` SET `name`='Seqdb/Menu/import',`title`='导入',`module`='admin',`type`='1',`status`='1',`id`='310' WHERE `id` = 310 [ RunTime:0.0003s ]
SQL: UPDATE `onethink_auth_rule` SET `name`='Seqdb/Menu/index',`title`='菜单管理',`module`='admin',`type`='1',`status`='1',`id`='330' WHERE `id` = 330 [ RunTime:0.0003s ]
SQL: UPDATE `onethink_auth_rule` SET `name`='Seqdb/Menu/sort',`title`='排序',`module`='admin',`type`='1',`status`='1',`id`='316' WHERE `id` = 316 [ RunTime:0.0003s ]
SQL: UPDATE `onethink_auth_rule` SET `name`='Seqdb/model/add',`title`='新增',`module`='admin',`type`='1',`status`='1',`id`='274' WHERE `id` = 274 [ RunTime:0.0003s ]
SQL: UPDATE `onethink_auth_rule` SET `name`='Seqdb/model/edit',`title`='编辑',`module`='admin',`type`='1',`status`='1',`id`='275' WHERE `id` = 275 [ RunTime:0.0003s ]
SQL: UPDATE `onethink_auth_rule` SET `name`='Seqdb/Model/generate',`title`='生成',`module`='admin',`type`='1',`status`='1',`id`='311' WHERE `id` = 311 [ RunTime:0.0003s ]
SQL: UPDATE `onethink_auth_rule` SET `name`='Seqdb/Model/index',`title`='模型管理',`module`='admin',`type`='1',`status`='1',`id`='327' WHERE `id` = 327 [ RunTime:0.0003s ]
SQL: UPDATE `onethink_auth_rule` SET `name`='Seqdb/model/setStatus',`title`='改变状态',`module`='admin',`type`='1',`status`='1',`id`='276' WHERE `id` = 276 [ RunTime:0.0005s ]
SQL: UPDATE `onethink_auth_rule` SET `name`='Seqdb/model/update',`title`='保存数据',`module`='admin',`type`='1',`status`='1',`id`='277' WHERE `id` = 277 [ RunTime:0.0006s ]
SQL: UPDATE `onethink_auth_rule` SET `name`='Seqdb/other',`title`='其他',`module`='admin',`type`='2',`status`='1',`id`='331' WHERE `id` = 331 [ RunTime:0.0004s ]
SQL: UPDATE `onethink_auth_rule` SET `name`='Seqdb/sample/add',`title`='添加样品',`module`='admin',`type`='1',`status`='1',`id`='221' WHERE `id` = 221 [ RunTime:0.0004s ]
SQL: UPDATE `onethink_auth_rule` SET `name`='Seqdb/Sample/index',`title`='样品',`module`='admin',`type`='2',`status`='1',`id`='219' WHERE `id` = 219 [ RunTime:0.0004s ]
SQL: UPDATE `onethink_auth_rule` SET `name`='Seqdb/think/add',`title`='新增数据',`module`='admin',`type`='1',`status`='1',`id`='308' WHERE `id` = 308 [ RunTime:0.0003s ]
SQL: UPDATE `onethink_auth_rule` SET `name`='Seqdb/think/edit',`title`='编辑数据',`module`='admin',`type`='1',`status`='1',`id`='309' WHERE `id` = 309 [ RunTime:0.0004s ]
SQL: UPDATE `onethink_auth_rule` SET `name`='Seqdb/think/lists',`title`='数据列表',`module`='admin',`type`='1',`status`='1',`id`='318' WHERE `id` = 318 [ RunTime:0.0004s ]
SQL: UPDATE `onethink_auth_rule` SET `name`='Seqdb/User/action',`title`='用户行为',`module`='admin',`type`='1',`status`='1',`id`='238' WHERE `id` = 238 [ RunTime:0.0004s ]
SQL: UPDATE `onethink_auth_rule` SET `name`='Seqdb/User/add',`title`='新增用户',`module`='admin',`type`='1',`status`='1',`id`='237' WHERE `id` = 237 [ RunTime:0.0004s ]
SQL: UPDATE `onethink_auth_rule` SET `name`='Seqdb/User/addaction',`title`='新增用户行为',`module`='admin',`type`='1',`status`='1',`id`='239' WHERE `id` = 239 [ RunTime:0.0003s ]
SQL: UPDATE `onethink_auth_rule` SET `name`='Seqdb/User/changeStatus?method=deleteUser',`title`='删除会员',`module`='admin',`type`='1',`status`='1',`id`='245' WHERE `id` = 245 [ RunTime:0.0003s ]
SQL: UPDATE `onethink_auth_rule` SET `name`='Seqdb/User/changeStatus?method=forbidUser',`title`='禁用会员',`module`='admin',`type`='1',`status`='1',`id`='243' WHERE `id` = 243 [ RunTime:0.0003s ]
SQL: UPDATE `onethink_auth_rule` SET `name`='Seqdb/User/changeStatus?method=resumeUser',`title`='启用会员',`module`='admin',`type`='1',`status`='1',`id`='244' WHERE `id` = 244 [ RunTime:0.0004s ]
SQL: UPDATE `onethink_auth_rule` SET `name`='Seqdb/User/editaction',`title`='编辑用户行为',`module`='admin',`type`='1',`status`='1',`id`='240' WHERE `id` = 240 [ RunTime:0.0003s ]
SQL: UPDATE `onethink_auth_rule` SET `name`='Seqdb/User/index',`title`='用户信息',`module`='admin',`type`='1',`status`='1',`id`='236' WHERE `id` = 236 [ RunTime:0.0004s ]
SQL: UPDATE `onethink_auth_rule` SET `name`='Seqdb/User/index',`title`='用户',`module`='admin',`type`='2',`status`='1',`id`='326' WHERE `id` = 326 [ RunTime:0.0003s ]
SQL: UPDATE `onethink_auth_rule` SET `name`='Seqdb/User/saveAction',`title`='保存用户行为',`module`='admin',`type`='1',`status`='1',`id`='241' WHERE `id` = 241 [ RunTime:0.0003s ]
SQL: UPDATE `onethink_auth_rule` SET `name`='Seqdb/User/setStatus',`title`='变更行为状态',`module`='admin',`type`='1',`status`='1',`id`='242' WHERE `id` = 242 [ RunTime:0.0003s ]
SQL: UPDATE `onethink_auth_rule` SET `name`='Seqdb/User/updateNickname',`title`='修改昵称',`module`='admin',`type`='1',`status`='1',`id`='306' WHERE `id` = 306 [ RunTime:0.0004s ]
SQL: UPDATE `onethink_auth_rule` SET `name`='Seqdb/User/updatePassword',`title`='修改密码',`module`='admin',`type`='1',`status`='1',`id`='305' WHERE `id` = 305 [ RunTime:0.0005s ]
SQL: UPDATE `onethink_auth_rule` SET `status`='-1' WHERE `id` IN ('107','110','209','52','45','43','46','42','47','210','48','53','55','4','54','49','44','51','50','7','11','79','16','13','8','17','2','217','12','14','15','18','9','211','10','90','91','89','92','93','35','40','38','95','39','28','29','30','31','32','34','41','94','37','36','33','72','71','74','216','215','73','67','69','68','70','214','63','62','61','5','65','66','64','212','87','82','86','80','81','83','84','1','102','103','207','100','213','56','57','208','60','58','59','195','222','220','205','206','218','27','88','19','25','23','24','20','3','26','21','22','109','108') [ RunTime:0.0054s ]
SQL: SHOW COLUMNS FROM `onethink_auth_group` [ RunTime:0.0049s ]
SQL: SELECT `id`,`id`,`title`,`rules` FROM `onethink_auth_group` WHERE `status` >= '0' AND `module` = 'admin' AND `type` = 1  [ RunTime:0.0005s ]
SQL: SELECT `id`,`pid`,`title`,`url`,`tip`,`hide` FROM `onethink_menu` ORDER BY `sort` asc  [ RunTime:0.0011s ]
SQL: SELECT `name`,`id` FROM `onethink_auth_rule` WHERE `module` = 'admin' AND `type` = 2 AND `status` = 1  [ RunTime:0.0006s ]
SQL: SELECT `name`,`id` FROM `onethink_auth_rule` WHERE `module` = 'admin' AND `type` = 1 AND `status` = 1  [ RunTime:0.0016s ]
NOTIC: [8] Undefined index: group_id D:\phpStudy\WWW\ot\Application\Seqdb\Controller\AuthManagerController.class.php 第 144 行.
NOTIC: [8] Undefined offset: 0 D:\phpStudy\WWW\ot\Application\Seqdb\Controller\AuthManagerController.class.php 第 144 行.
INFO: [ app_end ] --START--
INFO: Run Behavior\ShowPageTraceBehavior [ RunTime:0.000960s ]
INFO: [ app_end ] --END-- [ RunTime:0.001024s ]

[ 2016-11-03T10:17:28+08:00 ] ::1 /ot/seqdb.php?s=/AuthManager/test
INFO: [ app_init ] --START--
INFO: Run Behavior\BuildLiteBehavior [ RunTime:0.000012s ]
INFO: Run Common\Behavior\InitHookBehavior [ RunTime:0.002852s ]
INFO: [ app_init ] --END-- [ RunTime:0.003436s ]
INFO: [ app_begin ] --START--
INFO: Run Behavior\ReadHtmlCacheBehavior [ RunTime:0.000806s ]
INFO: [ app_begin ] --END-- [ RunTime:0.000868s ]
SQL: SHOW COLUMNS FROM `onethink_menu` [ RunTime:0.0071s ]
SQL: SELECT `title`,`url`,`tip`,`pid` FROM `onethink_menu` ORDER BY `sort` asc  [ RunTime:0.0015s ]
SQL: SHOW COLUMNS FROM `onethink_auth_rule` [ RunTime:0.0060s ]
SQL: SELECT * FROM `onethink_auth_rule` WHERE `module` = 'admin' AND `type` IN ('1','2') ORDER BY `name`  [ RunTime:0.0047s ]
SQL: SHOW COLUMNS FROM `onethink_auth_group` [ RunTime:0.0054s ]
SQL: SELECT `id`,`id`,`title`,`rules` FROM `onethink_auth_group` WHERE `status` >= '0' AND `module` = 'admin' AND `type` = 1  [ RunTime:0.0006s ]
SQL: SELECT `id`,`pid`,`title`,`url`,`tip`,`hide` FROM `onethink_menu` ORDER BY `sort` asc  [ RunTime:0.0017s ]
SQL: SELECT `name`,`id` FROM `onethink_auth_rule` WHERE `module` = 'admin' AND `type` = 2 AND `status` = 1  [ RunTime:0.0006s ]
SQL: SELECT `name`,`id` FROM `onethink_auth_rule` WHERE `module` = 'admin' AND `type` = 1 AND `status` = 1  [ RunTime:0.0012s ]
NOTIC: [8] Undefined index: group_id D:\phpStudy\WWW\ot\Application\Seqdb\Controller\AuthManagerController.class.php 第 144 行.
NOTIC: [8] Undefined offset: 0 D:\phpStudy\WWW\ot\Application\Seqdb\Controller\AuthManagerController.class.php 第 144 行.
INFO: [ app_end ] --START--
INFO: Run Behavior\ShowPageTraceBehavior [ RunTime:0.000739s ]
INFO: [ app_end ] --END-- [ RunTime:0.000775s ]

[ 2016-11-03T10:17:41+08:00 ] ::1 /ot/seqdb.php?s=/AuthManager/test
INFO: [ app_init ] --START--
INFO: Run Behavior\BuildLiteBehavior [ RunTime:0.000011s ]
INFO: Run Common\Behavior\InitHookBehavior [ RunTime:0.002302s ]
INFO: [ app_init ] --END-- [ RunTime:0.002716s ]
INFO: [ app_begin ] --START--
INFO: Run Behavior\ReadHtmlCacheBehavior [ RunTime:0.000590s ]
INFO: [ app_begin ] --END-- [ RunTime:0.000651s ]
SQL: SHOW COLUMNS FROM `onethink_menu` [ RunTime:0.0046s ]
SQL: SELECT `title`,`url`,`tip`,`pid` FROM `onethink_menu` ORDER BY `sort` asc  [ RunTime:0.0019s ]
SQL: SHOW COLUMNS FROM `onethink_auth_rule` [ RunTime:0.0046s ]
SQL: SELECT * FROM `onethink_auth_rule` WHERE `module` = 'admin' AND `type` IN ('1','2') ORDER BY `name`  [ RunTime:0.0051s ]
SQL: SHOW COLUMNS FROM `onethink_auth_group` [ RunTime:0.0050s ]
SQL: SELECT `id`,`id`,`title`,`rules` FROM `onethink_auth_group` WHERE `status` >= '0' AND `module` = 'admin' AND `type` = 1  [ RunTime:0.0006s ]
SQL: SELECT `id`,`pid`,`title`,`url`,`tip`,`hide` FROM `onethink_menu` ORDER BY `sort` asc  [ RunTime:0.0012s ]
SQL: SELECT `name`,`id` FROM `onethink_auth_rule` WHERE `module` = 'admin' AND `type` = 2 AND `status` = 1  [ RunTime:0.0005s ]
SQL: SELECT `name`,`id` FROM `onethink_auth_rule` WHERE `module` = 'admin' AND `type` = 1 AND `status` = 1  [ RunTime:0.0011s ]
NOTIC: [8] Undefined index: group_id D:\phpStudy\WWW\ot\Application\Seqdb\Controller\AuthManagerController.class.php 第 144 行.
NOTIC: [8] Undefined offset: 0 D:\phpStudy\WWW\ot\Application\Seqdb\Controller\AuthManagerController.class.php 第 144 行.
INFO: [ view_parse ] --START--
INFO: [ template_filter ] --START--
INFO: Run Behavior\ContentReplaceBehavior [ RunTime:0.000275s ]
INFO: [ template_filter ] --END-- [ RunTime:0.000332s ]
INFO: Run Behavior\ParseTemplateBehavior [ RunTime:0.020663s ]
INFO: [ view_parse ] --END-- [ RunTime:0.020760s ]
INFO: [ view_filter ] --START--
INFO: Run Behavior\WriteHtmlCacheBehavior [ RunTime:0.000518s ]
INFO: [ view_filter ] --END-- [ RunTime:0.000564s ]
INFO: [ app_end ] --START--
INFO: Run Behavior\ShowPageTraceBehavior [ RunTime:0.002187s ]
INFO: [ app_end ] --END-- [ RunTime:0.002734s ]

[ 2016-11-03T10:39:41+08:00 ] ::1 /ot/seqdb.php?s=/library/index.html
INFO: [ app_init ] --START--
INFO: Run Behavior\BuildLiteBehavior [ RunTime:0.000011s ]
INFO: Run Common\Behavior\InitHookBehavior [ RunTime:0.002365s ]
INFO: [ app_init ] --END-- [ RunTime:0.002796s ]
INFO: [ app_begin ] --START--
INFO: Run Behavior\ReadHtmlCacheBehavior [ RunTime:0.000856s ]
INFO: [ app_begin ] --END-- [ RunTime:0.000914s ]

[ 2016-11-03T10:39:47+08:00 ] ::1 /ot/seqdb.php?s=/library/test
INFO: [ app_init ] --START--
INFO: Run Behavior\BuildLiteBehavior [ RunTime:0.000013s ]
INFO: Run Common\Behavior\InitHookBehavior [ RunTime:0.002698s ]
INFO: [ app_init ] --END-- [ RunTime:0.003197s ]
INFO: [ app_begin ] --START--
INFO: Run Behavior\ReadHtmlCacheBehavior [ RunTime:0.000698s ]
INFO: [ app_begin ] --END-- [ RunTime:0.000776s ]

[ 2016-11-03T10:40:22+08:00 ] ::1 /ot/seqdb.php?s=/library/test
INFO: [ app_init ] --START--
INFO: Run Behavior\BuildLiteBehavior [ RunTime:0.000017s ]
INFO: Run Common\Behavior\InitHookBehavior [ RunTime:0.002554s ]
INFO: [ app_init ] --END-- [ RunTime:0.003022s ]
INFO: [ app_begin ] --START--
INFO: Run Behavior\ReadHtmlCacheBehavior [ RunTime:0.000726s ]
INFO: [ app_begin ] --END-- [ RunTime:0.000799s ]
SQL: SHOW COLUMNS FROM `onethink_menu` [ RunTime:0.0063s ]
SQL: SELECT `id`,`title`,`url` FROM `onethink_menu` WHERE `pid` = 0 AND `hide` = 0 ORDER BY `sort` asc  [ RunTime:0.0005s ]
SQL: SELECT `pid` FROM `onethink_menu` WHERE ( pid !=0 AND url like '%Library/test%' ) LIMIT 1   [ RunTime:0.0009s ]
NOTIC: [8] Use of undefined constant test - assumed 'test' D:\phpStudy\WWW\ot\Application\Seqdb\Controller\LibraryController.class.php 第 24 行.
INFO: [ view_parse ] --START--
INFO: [ template_filter ] --START--
INFO: Run Behavior\ContentReplaceBehavior [ RunTime:0.000038s ]
INFO: [ template_filter ] --END-- [ RunTime:0.000086s ]
INFO: Run Behavior\ParseTemplateBehavior [ RunTime:0.006099s ]
INFO: [ view_parse ] --END-- [ RunTime:0.006172s ]
INFO: [ view_filter ] --START--
INFO: Run Behavior\WriteHtmlCacheBehavior [ RunTime:0.000604s ]
INFO: [ view_filter ] --END-- [ RunTime:0.000650s ]
INFO: [ app_end ] --START--
INFO: Run Behavior\ShowPageTraceBehavior [ RunTime:0.000670s ]
INFO: [ app_end ] --END-- [ RunTime:0.000707s ]

[ 2016-11-03T10:40:59+08:00 ] ::1 /ot/seqdb.php?s=/library/test
INFO: [ app_init ] --START--
INFO: Run Behavior\BuildLiteBehavior [ RunTime:0.000012s ]
INFO: Run Common\Behavior\InitHookBehavior [ RunTime:0.002421s ]
INFO: [ app_init ] --END-- [ RunTime:0.002846s ]
INFO: [ app_begin ] --START--
INFO: Run Behavior\ReadHtmlCacheBehavior [ RunTime:0.000826s ]
INFO: [ app_begin ] --END-- [ RunTime:0.000889s ]
NOTIC: [8] Use of undefined constant test - assumed 'test' D:\phpStudy\WWW\ot\Application\Seqdb\Controller\LibraryController.class.php 第 24 行.
INFO: [ view_parse ] --START--
INFO: [ template_filter ] --START--
INFO: Run Behavior\ContentReplaceBehavior [ RunTime:0.000040s ]
INFO: [ template_filter ] --END-- [ RunTime:0.000090s ]
INFO: Run Behavior\ParseTemplateBehavior [ RunTime:0.006740s ]
INFO: [ view_parse ] --END-- [ RunTime:0.006862s ]
INFO: [ view_filter ] --START--
INFO: Run Behavior\WriteHtmlCacheBehavior [ RunTime:0.000963s ]
INFO: [ view_filter ] --END-- [ RunTime:0.001052s ]
INFO: [ app_end ] --START--
INFO: Run Behavior\ShowPageTraceBehavior [ RunTime:0.001415s ]
INFO: [ app_end ] --END-- [ RunTime:0.002269s ]

[ 2016-11-03T10:41:59+08:00 ] ::1 /ot/seqdb.php?s=/library/test
INFO: [ app_init ] --START--
INFO: Run Behavior\BuildLiteBehavior [ RunTime:0.000020s ]
INFO: Run Common\Behavior\InitHookBehavior [ RunTime:0.003621s ]
INFO: [ app_init ] --END-- [ RunTime:0.004200s ]
INFO: [ app_begin ] --START--
INFO: Run Behavior\ReadHtmlCacheBehavior [ RunTime:0.001139s ]
INFO: [ app_begin ] --END-- [ RunTime:0.001236s ]
NOTIC: [8] Use of undefined constant test - assumed 'test' D:\phpStudy\WWW\ot\Application\Seqdb\Controller\LibraryController.class.php 第 24 行.
INFO: [ view_parse ] --START--
INFO: [ template_filter ] --START--
INFO: Run Behavior\ContentReplaceBehavior [ RunTime:0.000042s ]
INFO: [ template_filter ] --END-- [ RunTime:0.000091s ]
INFO: Run Behavior\ParseTemplateBehavior [ RunTime:0.007970s ]
INFO: [ view_parse ] --END-- [ RunTime:0.008055s ]
INFO: [ view_filter ] --START--
INFO: Run Behavior\WriteHtmlCacheBehavior [ RunTime:0.000757s ]
INFO: [ view_filter ] --END-- [ RunTime:0.000801s ]
INFO: [ app_end ] --START--
INFO: Run Behavior\ShowPageTraceBehavior [ RunTime:0.000687s ]
INFO: [ app_end ] --END-- [ RunTime:0.000723s ]

[ 2016-11-03T10:42:07+08:00 ] ::1 /ot/seqdb.php?s=/Library/test
INFO: [ app_init ] --START--
INFO: Run Behavior\BuildLiteBehavior [ RunTime:0.000014s ]
INFO: Run Common\Behavior\InitHookBehavior [ RunTime:0.002508s ]
INFO: [ app_init ] --END-- [ RunTime:0.003213s ]
INFO: [ app_begin ] --START--
INFO: Run Behavior\ReadHtmlCacheBehavior [ RunTime:0.001177s ]
INFO: [ app_begin ] --END-- [ RunTime:0.001246s ]
NOTIC: [8] Use of undefined constant test - assumed 'test' D:\phpStudy\WWW\ot\Application\Seqdb\Controller\LibraryController.class.php 第 24 行.
INFO: [ view_parse ] --START--
INFO: [ template_filter ] --START--
INFO: Run Behavior\ContentReplaceBehavior [ RunTime:0.000090s ]
INFO: [ template_filter ] --END-- [ RunTime:0.000173s ]
INFO: Run Behavior\ParseTemplateBehavior [ RunTime:0.007815s ]
INFO: [ view_parse ] --END-- [ RunTime:0.007884s ]
INFO: [ view_filter ] --START--
INFO: Run Behavior\WriteHtmlCacheBehavior [ RunTime:0.000482s ]
INFO: [ view_filter ] --END-- [ RunTime:0.000514s ]
INFO: [ app_end ] --START--
INFO: Run Behavior\ShowPageTraceBehavior [ RunTime:0.000786s ]
INFO: [ app_end ] --END-- [ RunTime:0.000837s ]

[ 2016-11-03T10:43:12+08:00 ] ::1 /ot/seqdb.php?s=/Library/test
INFO: [ app_init ] --START--
INFO: Run Behavior\BuildLiteBehavior [ RunTime:0.000013s ]
INFO: Run Common\Behavior\InitHookBehavior [ RunTime:0.002278s ]
INFO: [ app_init ] --END-- [ RunTime:0.002725s ]
INFO: [ app_begin ] --START--
INFO: Run Behavior\ReadHtmlCacheBehavior [ RunTime:0.000848s ]
INFO: [ app_begin ] --END-- [ RunTime:0.000922s ]
NOTIC: [8] Use of undefined constant test - assumed 'test' D:\phpStudy\WWW\ot\Application\Seqdb\Controller\LibraryController.class.php 第 24 行.
INFO: [ view_parse ] --START--
INFO: [ template_filter ] --START--
INFO: Run Behavior\ContentReplaceBehavior [ RunTime:0.000041s ]
INFO: [ template_filter ] --END-- [ RunTime:0.000088s ]
INFO: Run Behavior\ParseTemplateBehavior [ RunTime:0.005826s ]
INFO: [ view_parse ] --END-- [ RunTime:0.005918s ]
INFO: [ view_filter ] --START--
INFO: Run Behavior\WriteHtmlCacheBehavior [ RunTime:0.001103s ]
INFO: [ view_filter ] --END-- [ RunTime:0.001280s ]
INFO: [ app_end ] --START--
INFO: Run Behavior\ShowPageTraceBehavior [ RunTime:0.000898s ]
INFO: [ app_end ] --END-- [ RunTime:0.000954s ]

[ 2016-11-03T10:43:14+08:00 ] ::1 /ot/seqdb.php?s=/Library/test
INFO: [ app_init ] --START--
INFO: Run Behavior\BuildLiteBehavior [ RunTime:0.000012s ]
INFO: Run Common\Behavior\InitHookBehavior [ RunTime:0.003214s ]
INFO: [ app_init ] --END-- [ RunTime:0.003819s ]
INFO: [ app_begin ] --START--
INFO: Run Behavior\ReadHtmlCacheBehavior [ RunTime:0.001502s ]
INFO: [ app_begin ] --END-- [ RunTime:0.001621s ]
NOTIC: [8] Use of undefined constant test - assumed 'test' D:\phpStudy\WWW\ot\Application\Seqdb\Controller\LibraryController.class.php 第 24 行.
INFO: [ view_parse ] --START--
INFO: [ template_filter ] --START--
INFO: Run Behavior\ContentReplaceBehavior [ RunTime:0.000055s ]
INFO: [ template_filter ] --END-- [ RunTime:0.000140s ]
INFO: Run Behavior\ParseTemplateBehavior [ RunTime:0.006377s ]
INFO: [ view_parse ] --END-- [ RunTime:0.006436s ]
INFO: [ view_filter ] --START--
INFO: Run Behavior\WriteHtmlCacheBehavior [ RunTime:0.000653s ]
INFO: [ view_filter ] --END-- [ RunTime:0.000688s ]
INFO: [ app_end ] --START--
INFO: Run Behavior\ShowPageTraceBehavior [ RunTime:0.001228s ]
INFO: [ app_end ] --END-- [ RunTime:0.001355s ]

[ 2016-11-03T10:43:17+08:00 ] ::1 /ot/seqdb.php?s=/Library/test
INFO: [ app_init ] --START--
INFO: Run Behavior\BuildLiteBehavior [ RunTime:0.000015s ]
INFO: Run Common\Behavior\InitHookBehavior [ RunTime:0.002331s ]
INFO: [ app_init ] --END-- [ RunTime:0.002913s ]
INFO: [ app_begin ] --START--
INFO: Run Behavior\ReadHtmlCacheBehavior [ RunTime:0.000697s ]
INFO: [ app_begin ] --END-- [ RunTime:0.000753s ]
NOTIC: [8] Use of undefined constant test - assumed 'test' D:\phpStudy\WWW\ot\Application\Seqdb\Controller\LibraryController.class.php 第 24 行.
INFO: [ view_parse ] --START--
INFO: [ template_filter ] --START--
INFO: Run Behavior\ContentReplaceBehavior [ RunTime:0.000057s ]
INFO: [ template_filter ] --END-- [ RunTime:0.000123s ]
INFO: Run Behavior\ParseTemplateBehavior [ RunTime:0.007771s ]
INFO: [ view_parse ] --END-- [ RunTime:0.007861s ]
INFO: [ view_filter ] --START--
INFO: Run Behavior\WriteHtmlCacheBehavior [ RunTime:0.000643s ]
INFO: [ view_filter ] --END-- [ RunTime:0.000678s ]
INFO: [ app_end ] --START--
INFO: Run Behavior\ShowPageTraceBehavior [ RunTime:0.000669s ]
INFO: [ app_end ] --END-- [ RunTime:0.000705s ]

[ 2016-11-03T10:44:57+08:00 ] ::1 /ot/seqdb.php?s=/Library/test
INFO: [ app_init ] --START--
INFO: Run Behavior\BuildLiteBehavior [ RunTime:0.000013s ]
INFO: Run Common\Behavior\InitHookBehavior [ RunTime:0.002664s ]
INFO: [ app_init ] --END-- [ RunTime:0.003228s ]
INFO: [ app_begin ] --START--
INFO: Run Behavior\ReadHtmlCacheBehavior [ RunTime:0.001422s ]
INFO: [ app_begin ] --END-- [ RunTime:0.001505s ]
NOTIC: [8] Use of undefined constant test - assumed 'test' D:\phpStudy\WWW\ot\Application\Seqdb\Controller\LibraryController.class.php 第 24 行.
INFO: [ view_parse ] --START--
INFO: [ template_filter ] --START--
INFO: Run Behavior\ContentReplaceBehavior [ RunTime:0.000039s ]
INFO: [ template_filter ] --END-- [ RunTime:0.000082s ]
INFO: Run Behavior\ParseTemplateBehavior [ RunTime:0.005023s ]
INFO: [ view_parse ] --END-- [ RunTime:0.005075s ]
INFO: [ view_filter ] --START--
INFO: Run Behavior\WriteHtmlCacheBehavior [ RunTime:0.000484s ]
INFO: [ view_filter ] --END-- [ RunTime:0.000518s ]
INFO: [ app_end ] --START--
INFO: Run Behavior\ShowPageTraceBehavior [ RunTime:0.000895s ]
INFO: [ app_end ] --END-- [ RunTime:0.000944s ]

[ 2016-11-03T10:45:00+08:00 ] ::1 /ot/seqdb.php?s=/Library/test
INFO: [ app_init ] --START--
INFO: Run Behavior\BuildLiteBehavior [ RunTime:0.000015s ]
INFO: Run Common\Behavior\InitHookBehavior [ RunTime:0.002271s ]
INFO: [ app_init ] --END-- [ RunTime:0.002753s ]
INFO: [ app_begin ] --START--
INFO: Run Behavior\ReadHtmlCacheBehavior [ RunTime:0.000846s ]
INFO: [ app_begin ] --END-- [ RunTime:0.000910s ]
NOTIC: [8] Array to string conversion D:\phpStudy\WWW\ot\Application\Seqdb\Controller\LibraryController.class.php 第 22 行.
INFO: [ app_end ] --START--
INFO: Run Behavior\ShowPageTraceBehavior [ RunTime:0.000750s ]
INFO: [ app_end ] --END-- [ RunTime:0.000798s ]

[ 2016-11-03T10:45:18+08:00 ] ::1 /ot/seqdb.php?s=/Library/test
INFO: [ app_init ] --START--
INFO: Run Behavior\BuildLiteBehavior [ RunTime:0.000015s ]
INFO: Run Common\Behavior\InitHookBehavior [ RunTime:0.002244s ]
INFO: [ app_init ] --END-- [ RunTime:0.002787s ]
INFO: [ app_begin ] --START--
INFO: Run Behavior\ReadHtmlCacheBehavior [ RunTime:0.001345s ]
INFO: [ app_begin ] --END-- [ RunTime:0.001498s ]
NOTIC: [8] Undefined offset: 0 D:\phpStudy\WWW\ot\Application\Seqdb\Controller\LibraryController.class.php 第 22 行.
INFO: [ app_end ] --START--
INFO: Run Behavior\ShowPageTraceBehavior [ RunTime:0.000948s ]
INFO: [ app_end ] --END-- [ RunTime:0.001004s ]

[ 2016-11-03T10:45:22+08:00 ] ::1 /ot/seqdb.php?s=/Library/test
INFO: [ app_init ] --START--
INFO: Run Behavior\BuildLiteBehavior [ RunTime:0.000044s ]
INFO: Run Common\Behavior\InitHookBehavior [ RunTime:0.004050s ]
INFO: [ app_init ] --END-- [ RunTime:0.004796s ]
INFO: [ app_begin ] --START--
INFO: Run Behavior\ReadHtmlCacheBehavior [ RunTime:0.000640s ]
INFO: [ app_begin ] --END-- [ RunTime:0.000691s ]
NOTIC: [8] Use of undefined constant test - assumed 'test' D:\phpStudy\WWW\ot\Application\Seqdb\Controller\LibraryController.class.php 第 24 行.
INFO: [ view_parse ] --START--
INFO: [ template_filter ] --START--
INFO: Run Behavior\ContentReplaceBehavior [ RunTime:0.000044s ]
INFO: [ template_filter ] --END-- [ RunTime:0.000097s ]
INFO: Run Behavior\ParseTemplateBehavior [ RunTime:0.006817s ]
INFO: [ view_parse ] --END-- [ RunTime:0.006906s ]
INFO: [ view_filter ] --START--
INFO: Run Behavior\WriteHtmlCacheBehavior [ RunTime:0.001065s ]
INFO: [ view_filter ] --END-- [ RunTime:0.001136s ]
INFO: [ app_end ] --START--
INFO: Run Behavior\ShowPageTraceBehavior [ RunTime:0.001486s ]
INFO: [ app_end ] --END-- [ RunTime:0.001594s ]

[ 2016-11-03T10:45:25+08:00 ] ::1 /ot/seqdb.php?s=/Library/test
INFO: [ app_init ] --START--
INFO: Run Behavior\BuildLiteBehavior [ RunTime:0.000013s ]
INFO: Run Common\Behavior\InitHookBehavior [ RunTime:0.003232s ]
INFO: [ app_init ] --END-- [ RunTime:0.003830s ]
INFO: [ app_begin ] --START--
INFO: Run Behavior\ReadHtmlCacheBehavior [ RunTime:0.000702s ]
INFO: [ app_begin ] --END-- [ RunTime:0.000752s ]
NOTIC: [8] Undefined offset: 0 D:\phpStudy\WWW\ot\Application\Seqdb\Controller\LibraryController.class.php 第 22 行.
INFO: [ app_end ] --START--
INFO: Run Behavior\ShowPageTraceBehavior [ RunTime:0.000842s ]
INFO: [ app_end ] --END-- [ RunTime:0.000888s ]

[ 2016-11-03T10:46:21+08:00 ] ::1 /ot/seqdb.php?s=/Library/test%E3%80%81
INFO: [ app_init ] --START--
INFO: Run Behavior\BuildLiteBehavior [ RunTime:0.000016s ]
INFO: Run Common\Behavior\InitHookBehavior [ RunTime:0.002570s ]
INFO: [ app_init ] --END-- [ RunTime:0.003074s ]
INFO: [ app_begin ] --START--
INFO: Run Behavior\ReadHtmlCacheBehavior [ RunTime:0.000646s ]
INFO: [ app_begin ] --END-- [ RunTime:0.000696s ]
ERR: 非法操作:test、

[ 2016-11-03T10:46:25+08:00 ] ::1 /ot/seqdb.php?s=/Library/test
INFO: [ app_init ] --START--
INFO: Run Behavior\BuildLiteBehavior [ RunTime:0.000021s ]
INFO: Run Common\Behavior\InitHookBehavior [ RunTime:0.002924s ]
INFO: [ app_init ] --END-- [ RunTime:0.003706s ]
INFO: [ app_begin ] --START--
INFO: Run Behavior\ReadHtmlCacheBehavior [ RunTime:0.001184s ]
INFO: [ app_begin ] --END-- [ RunTime:0.001292s ]
NOTIC: [8] Use of undefined constant test - assumed 'test' D:\phpStudy\WWW\ot\Application\Seqdb\Controller\LibraryController.class.php 第 27 行.
INFO: [ view_parse ] --START--
INFO: [ template_filter ] --START--
INFO: Run Behavior\ContentReplaceBehavior [ RunTime:0.000040s ]
INFO: [ template_filter ] --END-- [ RunTime:0.000086s ]
INFO: Run Behavior\ParseTemplateBehavior [ RunTime:0.006043s ]
INFO: [ view_parse ] --END-- [ RunTime:0.006121s ]
INFO: [ view_filter ] --START--
INFO: Run Behavior\WriteHtmlCacheBehavior [ RunTime:0.000582s ]
INFO: [ view_filter ] --END-- [ RunTime:0.000631s ]
INFO: [ app_end ] --START--
INFO: Run Behavior\ShowPageTraceBehavior [ RunTime:0.000693s ]
INFO: [ app_end ] --END-- [ RunTime:0.000730s ]

[ 2016-11-03T10:46:29+08:00 ] ::1 /ot/seqdb.php?s=/Library/test
INFO: [ app_init ] --START--
INFO: Run Behavior\BuildLiteBehavior [ RunTime:0.000018s ]
INFO: Run Common\Behavior\InitHookBehavior [ RunTime:0.003937s ]
INFO: [ app_init ] --END-- [ RunTime:0.004650s ]
INFO: [ app_begin ] --START--
INFO: Run Behavior\ReadHtmlCacheBehavior [ RunTime:0.001846s ]
INFO: [ app_begin ] --END-- [ RunTime:0.001949s ]
INFO: [ app_end ] --START--
INFO: Run Behavior\ShowPageTraceBehavior [ RunTime:0.000874s ]
INFO: [ app_end ] --END-- [ RunTime:0.001123s ]

[ 2016-11-03T10:46:33+08:00 ] ::1 /ot/seqdb.php?s=/Library/test
INFO: [ app_init ] --START--
INFO: Run Behavior\BuildLiteBehavior [ RunTime:0.000011s ]
INFO: Run Common\Behavior\InitHookBehavior [ RunTime:0.002394s ]
INFO: [ app_init ] --END-- [ RunTime:0.002820s ]
INFO: [ app_begin ] --START--
INFO: Run Behavior\ReadHtmlCacheBehavior [ RunTime:0.000996s ]
INFO: [ app_begin ] --END-- [ RunTime:0.001075s ]
NOTIC: [8] Use of undefined constant test - assumed 'test' D:\phpStudy\WWW\ot\Application\Seqdb\Controller\LibraryController.class.php 第 27 行.
INFO: [ view_parse ] --START--
INFO: [ template_filter ] --START--
INFO: Run Behavior\ContentReplaceBehavior [ RunTime:0.000044s ]
INFO: [ template_filter ] --END-- [ RunTime:0.000097s ]
INFO: Run Behavior\ParseTemplateBehavior [ RunTime:0.005769s ]
INFO: [ view_parse ] --END-- [ RunTime:0.005832s ]
INFO: [ view_filter ] --START--
INFO: Run Behavior\WriteHtmlCacheBehavior [ RunTime:0.000532s ]
INFO: [ view_filter ] --END-- [ RunTime:0.000570s ]
INFO: [ app_end ] --START--
INFO: Run Behavior\ShowPageTraceBehavior [ RunTime:0.000742s ]
INFO: [ app_end ] --END-- [ RunTime:0.000777s ]

[ 2016-11-03T10:46:38+08:00 ] ::1 /ot/seqdb.php?s=/Library/test
INFO: [ app_init ] --START--
INFO: Run Behavior\BuildLiteBehavior [ RunTime:0.000018s ]
INFO: Run Common\Behavior\InitHookBehavior [ RunTime:0.004973s ]
INFO: [ app_init ] --END-- [ RunTime:0.005974s ]
INFO: [ app_begin ] --START--
INFO: Run Behavior\ReadHtmlCacheBehavior [ RunTime:0.000981s ]
INFO: [ app_begin ] --END-- [ RunTime:0.001061s ]
INFO: [ app_end ] --START--
INFO: Run Behavior\ShowPageTraceBehavior [ RunTime:0.001107s ]
INFO: [ app_end ] --END-- [ RunTime:0.001196s ]

[ 2016-11-03T10:46:46+08:00 ] ::1 /ot/seqdb.php?s=/Library/test/
INFO: [ app_init ] --START--
INFO: Run Behavior\BuildLiteBehavior [ RunTime:0.000012s ]
INFO: Run Common\Behavior\InitHookBehavior [ RunTime:0.002231s ]
INFO: [ app_init ] --END-- [ RunTime:0.002673s ]
INFO: [ app_begin ] --START--
INFO: Run Behavior\ReadHtmlCacheBehavior [ RunTime:0.001072s ]
INFO: [ app_begin ] --END-- [ RunTime:0.001209s ]
NOTIC: [8] Use of undefined constant test - assumed 'test' D:\phpStudy\WWW\ot\Application\Seqdb\Controller\LibraryController.class.php 第 27 行.
INFO: [ view_parse ] --START--
INFO: [ template_filter ] --START--
INFO: Run Behavior\ContentReplaceBehavior [ RunTime:0.000044s ]
INFO: [ template_filter ] --END-- [ RunTime:0.000091s ]
INFO: Run Behavior\ParseTemplateBehavior [ RunTime:0.006361s ]
INFO: [ view_parse ] --END-- [ RunTime:0.006417s ]
INFO: [ view_filter ] --START--
INFO: Run Behavior\WriteHtmlCacheBehavior [ RunTime:0.000501s ]
INFO: [ view_filter ] --END-- [ RunTime:0.000542s ]
INFO: [ app_end ] --START--
INFO: Run Behavior\ShowPageTraceBehavior [ RunTime:0.000644s ]
INFO: [ app_end ] --END-- [ RunTime:0.000680s ]

[ 2016-11-03T10:46:50+08:00 ] ::1 /ot/seqdb.php?s=/Library/test
INFO: [ app_init ] --START--
INFO: Run Behavior\BuildLiteBehavior [ RunTime:0.000011s ]
INFO: Run Common\Behavior\InitHookBehavior [ RunTime:0.003655s ]
INFO: [ app_init ] --END-- [ RunTime:0.004106s ]
INFO: [ app_begin ] --START--
INFO: Run Behavior\ReadHtmlCacheBehavior [ RunTime:0.000707s ]
INFO: [ app_begin ] --END-- [ RunTime:0.000766s ]
INFO: [ app_end ] --START--
INFO: Run Behavior\ShowPageTraceBehavior [ RunTime:0.000741s ]
INFO: [ app_end ] --END-- [ RunTime:0.000800s ]

[ 2016-11-03T10:47:43+08:00 ] ::1 /ot/seqdb.php?s=/Library/test
INFO: [ app_init ] --START--
INFO: Run Behavior\BuildLiteBehavior [ RunTime:0.000012s ]
INFO: Run Common\Behavior\InitHookBehavior [ RunTime:0.002765s ]
INFO: [ app_init ] --END-- [ RunTime:0.003332s ]
INFO: [ app_begin ] --START--
INFO: Run Behavior\ReadHtmlCacheBehavior [ RunTime:0.000726s ]
INFO: [ app_begin ] --END-- [ RunTime:0.000780s ]
NOTIC: [8] Use of undefined constant test - assumed 'test' D:\phpStudy\WWW\ot\Application\Seqdb\Controller\LibraryController.class.php 第 27 行.
INFO: [ view_parse ] --START--
INFO: [ template_filter ] --START--
INFO: Run Behavior\ContentReplaceBehavior [ RunTime:0.000040s ]
INFO: [ template_filter ] --END-- [ RunTime:0.000090s ]
INFO: Run Behavior\ParseTemplateBehavior [ RunTime:0.007232s ]
INFO: [ view_parse ] --END-- [ RunTime:0.007320s ]
INFO: [ view_filter ] --START--
INFO: Run Behavior\WriteHtmlCacheBehavior [ RunTime:0.000762s ]
INFO: [ view_filter ] --END-- [ RunTime:0.000814s ]
INFO: [ app_end ] --START--
INFO: Run Behavior\ShowPageTraceBehavior [ RunTime:0.000804s ]
INFO: [ app_end ] --END-- [ RunTime:0.000855s ]

[ 2016-11-03T10:47:48+08:00 ] ::1 /ot/seqdb.php?s=/Library/test
INFO: [ app_init ] --START--
INFO: Run Behavior\BuildLiteBehavior [ RunTime:0.000017s ]
INFO: Run Common\Behavior\InitHookBehavior [ RunTime:0.003011s ]
INFO: [ app_init ] --END-- [ RunTime:0.003485s ]
INFO: [ app_begin ] --START--
INFO: Run Behavior\ReadHtmlCacheBehavior [ RunTime:0.001257s ]
INFO: [ app_begin ] --END-- [ RunTime:0.001356s ]
INFO: [ app_end ] --START--
INFO: Run Behavior\ShowPageTraceBehavior [ RunTime:0.000657s ]
INFO: [ app_end ] --END-- [ RunTime:0.000718s ]

[ 2016-11-03T10:47:53+08:00 ] ::1 /ot/seqdb.php?s=/Library/test
INFO: [ app_init ] --START--
INFO: Run Behavior\BuildLiteBehavior [ RunTime:0.000011s ]
INFO: Run Common\Behavior\InitHookBehavior [ RunTime:0.002520s ]
INFO: [ app_init ] --END-- [ RunTime:0.002951s ]
INFO: [ app_begin ] --START--
INFO: Run Behavior\ReadHtmlCacheBehavior [ RunTime:0.000959s ]
INFO: [ app_begin ] --END-- [ RunTime:0.001014s ]
NOTIC: [8] Use of undefined constant test - assumed 'test' D:\phpStudy\WWW\ot\Application\Seqdb\Controller\LibraryController.class.php 第 27 行.
INFO: [ view_parse ] --START--
INFO: [ template_filter ] --START--
INFO: Run Behavior\ContentReplaceBehavior [ RunTime:0.000038s ]
INFO: [ template_filter ] --END-- [ RunTime:0.000083s ]
INFO: Run Behavior\ParseTemplateBehavior [ RunTime:0.005407s ]
INFO: [ view_parse ] --END-- [ RunTime:0.005481s ]
INFO: [ view_filter ] --START--
INFO: Run Behavior\WriteHtmlCacheBehavior [ RunTime:0.000750s ]
INFO: [ view_filter ] --END-- [ RunTime:0.000807s ]
INFO: [ app_end ] --START--
INFO: Run Behavior\ShowPageTraceBehavior [ RunTime:0.001369s ]
INFO: [ app_end ] --END-- [ RunTime:0.001493s ]

[ 2016-11-03T10:47:59+08:00 ] ::1 /ot/seqdb.php?s=/Library/test
INFO: [ app_init ] --START--
INFO: Run Behavior\BuildLiteBehavior [ RunTime:0.000012s ]
INFO: Run Common\Behavior\InitHookBehavior [ RunTime:0.002149s ]
INFO: [ app_init ] --END-- [ RunTime:0.002567s ]
INFO: [ app_begin ] --START--
INFO: Run Behavior\ReadHtmlCacheBehavior [ RunTime:0.000641s ]
INFO: [ app_begin ] --END-- [ RunTime:0.000734s ]
INFO: [ app_end ] --START--
INFO: Run Behavior\ShowPageTraceBehavior [ RunTime:0.000663s ]
INFO: [ app_end ] --END-- [ RunTime:0.000722s ]

[ 2016-11-03T14:13:55+08:00 ] ::1 /ot/seqdb.php?s=/Library/test
INFO: [ app_init ] --START--
INFO: Run Behavior\BuildLiteBehavior [ RunTime:0.000022s ]
INFO: Run Common\Behavior\InitHookBehavior [ RunTime:0.003846s ]
INFO: [ app_init ] --END-- [ RunTime:0.004732s ]
INFO: [ app_begin ] --START--
INFO: Run Behavior\ReadHtmlCacheBehavior [ RunTime:0.000768s ]
INFO: [ app_begin ] --END-- [ RunTime:0.000833s ]
NOTIC: [8] Use of undefined constant test - assumed 'test' D:\phpStudy\WWW\ot\Application\Seqdb\Controller\LibraryController.class.php 第 27 行.
INFO: [ view_parse ] --START--
INFO: [ template_filter ] --START--
INFO: Run Behavior\ContentReplaceBehavior [ RunTime:0.000049s ]
INFO: [ template_filter ] --END-- [ RunTime:0.000095s ]
INFO: Run Behavior\ParseTemplateBehavior [ RunTime:0.006355s ]
INFO: [ view_parse ] --END-- [ RunTime:0.006410s ]
INFO: [ view_filter ] --START--
INFO: Run Behavior\WriteHtmlCacheBehavior [ RunTime:0.000571s ]
INFO: [ view_filter ] --END-- [ RunTime:0.000635s ]
INFO: [ app_end ] --START--
INFO: Run Behavior\ShowPageTraceBehavior [ RunTime:0.000762s ]
INFO: [ app_end ] --END-- [ RunTime:0.000812s ]

[ 2016-11-03T14:13:57+08:00 ] ::1 /ot/seqdb.php?s=/Library/test
INFO: [ app_init ] --START--
INFO: Run Behavior\BuildLiteBehavior [ RunTime:0.000015s ]
INFO: Run Common\Behavior\InitHookBehavior [ RunTime:0.003079s ]
INFO: [ app_init ] --END-- [ RunTime:0.003839s ]
INFO: [ app_begin ] --START--
INFO: Run Behavior\ReadHtmlCacheBehavior [ RunTime:0.000763s ]
INFO: [ app_begin ] --END-- [ RunTime:0.000819s ]
NOTIC: [8] Use of undefined constant test - assumed 'test' D:\phpStudy\WWW\ot\Application\Seqdb\Controller\LibraryController.class.php 第 27 行.
INFO: [ view_parse ] --START--
INFO: [ template_filter ] --START--
INFO: Run Behavior\ContentReplaceBehavior [ RunTime:0.000073s ]
INFO: [ template_filter ] --END-- [ RunTime:0.000170s ]
INFO: Run Behavior\ParseTemplateBehavior [ RunTime:0.007911s ]
INFO: [ view_parse ] --END-- [ RunTime:0.008021s ]
INFO: [ view_filter ] --START--
INFO: Run Behavior\WriteHtmlCacheBehavior [ RunTime:0.001034s ]
INFO: [ view_filter ] --END-- [ RunTime:0.001106s ]
INFO: [ app_end ] --START--
INFO: Run Behavior\ShowPageTraceBehavior [ RunTime:0.000793s ]
INFO: [ app_end ] --END-- [ RunTime:0.000846s ]

[ 2016-11-03T14:14:00+08:00 ] ::1 /ot/seqdb.php?s=/Library/test
INFO: [ app_init ] --START--
INFO: Run Behavior\BuildLiteBehavior [ RunTime:0.000012s ]
INFO: Run Common\Behavior\InitHookBehavior [ RunTime:0.002644s ]
INFO: [ app_init ] --END-- [ RunTime:0.003236s ]
INFO: [ app_begin ] --START--
INFO: Run Behavior\ReadHtmlCacheBehavior [ RunTime:0.000672s ]
INFO: [ app_begin ] --END-- [ RunTime:0.000720s ]
NOTIC: [8] Use of undefined constant test - assumed 'test' D:\phpStudy\WWW\ot\Application\Seqdb\Controller\LibraryController.class.php 第 27 行.
INFO: [ view_parse ] --START--
INFO: [ template_filter ] --START--
INFO: Run Behavior\ContentReplaceBehavior [ RunTime:0.000038s ]
INFO: [ template_filter ] --END-- [ RunTime:0.000083s ]
INFO: Run Behavior\ParseTemplateBehavior [ RunTime:0.005873s ]
INFO: [ view_parse ] --END-- [ RunTime:0.005955s ]
INFO: [ view_filter ] --START--
INFO: Run Behavior\WriteHtmlCacheBehavior [ RunTime:0.000555s ]
INFO: [ view_filter ] --END-- [ RunTime:0.000590s ]
INFO: [ app_end ] --START--
INFO: Run Behavior\ShowPageTraceBehavior [ RunTime:0.000701s ]
INFO: [ app_end ] --END-- [ RunTime:0.000737s ]

[ 2016-11-03T14:14:58+08:00 ] ::1 /ot/seqdb.php?s=/Library/test
INFO: [ app_init ] --START--
INFO: Run Behavior\BuildLiteBehavior [ RunTime:0.000011s ]
INFO: Run Common\Behavior\InitHookBehavior [ RunTime:0.006171s ]
INFO: [ app_init ] --END-- [ RunTime:0.006665s ]
INFO: [ app_begin ] --START--
INFO: Run Behavior\ReadHtmlCacheBehavior [ RunTime:0.000730s ]
INFO: [ app_begin ] --END-- [ RunTime:0.000798s ]
NOTIC: [8] Use of undefined constant test - assumed 'test' D:\phpStudy\WWW\ot\Application\Seqdb\Controller\LibraryController.class.php 第 27 行.
INFO: [ view_parse ] --START--
INFO: [ template_filter ] --START--
INFO: Run Behavior\ContentReplaceBehavior [ RunTime:0.000042s ]
INFO: [ template_filter ] --END-- [ RunTime:0.000108s ]
INFO: Run Behavior\ParseTemplateBehavior [ RunTime:0.006225s ]
INFO: [ view_parse ] --END-- [ RunTime:0.006279s ]
INFO: [ view_filter ] --START--
INFO: Run Behavior\WriteHtmlCacheBehavior [ RunTime:0.000602s ]
INFO: [ view_filter ] --END-- [ RunTime:0.000644s ]
INFO: [ app_end ] --START--
INFO: Run Behavior\ShowPageTraceBehavior [ RunTime:0.000696s ]
INFO: [ app_end ] --END-- [ RunTime:0.000742s ]

[ 2016-11-03T14:16:20+08:00 ] ::1 /ot/seqdb.php?s=/Library/test
INFO: [ app_init ] --START--
INFO: Run Behavior\BuildLiteBehavior [ RunTime:0.000022s ]
INFO: Run Common\Behavior\InitHookBehavior [ RunTime:0.003115s ]
INFO: [ app_init ] --END-- [ RunTime:0.003791s ]
INFO: [ app_begin ] --START--
INFO: Run Behavior\ReadHtmlCacheBehavior [ RunTime:0.000639s ]
INFO: [ app_begin ] --END-- [ RunTime:0.000689s ]
NOTIC: [8] Use of undefined constant test - assumed 'test' D:\phpStudy\WWW\ot\Application\Seqdb\Controller\LibraryController.class.php 第 27 行.
INFO: [ view_parse ] --START--
INFO: [ template_filter ] --START--
INFO: Run Behavior\ContentReplaceBehavior [ RunTime:0.000040s ]
INFO: [ template_filter ] --END-- [ RunTime:0.000091s ]
INFO: Run Behavior\ParseTemplateBehavior [ RunTime:0.008346s ]
INFO: [ view_parse ] --END-- [ RunTime:0.008421s ]
INFO: [ view_filter ] --START--
INFO: Run Behavior\WriteHtmlCacheBehavior [ RunTime:0.000598s ]
INFO: [ view_filter ] --END-- [ RunTime:0.000648s ]
INFO: [ app_end ] --START--
INFO: Run Behavior\ShowPageTraceBehavior [ RunTime:0.000822s ]
INFO: [ app_end ] --END-- [ RunTime:0.000875s ]

[ 2016-11-03T14:16:38+08:00 ] ::1 /ot/seqdb.php?s=/Library/test
INFO: [ app_init ] --START--
INFO: Run Behavior\BuildLiteBehavior [ RunTime:0.000015s ]
INFO: Run Common\Behavior\InitHookBehavior [ RunTime:0.002708s ]
INFO: [ app_init ] --END-- [ RunTime:0.003283s ]
INFO: [ app_begin ] --START--
INFO: Run Behavior\ReadHtmlCacheBehavior [ RunTime:0.000671s ]
INFO: [ app_begin ] --END-- [ RunTime:0.000719s ]
NOTIC: [8] Use of undefined constant test - assumed 'test' D:\phpStudy\WWW\ot\Application\Seqdb\Controller\LibraryController.class.php 第 27 行.
INFO: [ view_parse ] --START--
INFO: [ template_filter ] --START--
INFO: Run Behavior\ContentReplaceBehavior [ RunTime:0.000040s ]
INFO: [ template_filter ] --END-- [ RunTime:0.000093s ]
INFO: Run Behavior\ParseTemplateBehavior [ RunTime:0.005781s ]
INFO: [ view_parse ] --END-- [ RunTime:0.005850s ]
INFO: [ view_filter ] --START--
INFO: Run Behavior\WriteHtmlCacheBehavior [ RunTime:0.000592s ]
INFO: [ view_filter ] --END-- [ RunTime:0.000632s ]
INFO: [ app_end ] --START--
INFO: Run Behavior\ShowPageTraceBehavior [ RunTime:0.000795s ]
INFO: [ app_end ] --END-- [ RunTime:0.000837s ]

[ 2016-11-03T14:16:41+08:00 ] ::1 /ot/seqdb.php?s=/Library/test
INFO: [ app_init ] --START--
INFO: Run Behavior\BuildLiteBehavior [ RunTime:0.000012s ]
INFO: Run Common\Behavior\InitHookBehavior [ RunTime:0.002952s ]
INFO: [ app_init ] --END-- [ RunTime:0.003508s ]
INFO: [ app_begin ] --START--
INFO: Run Behavior\ReadHtmlCacheBehavior [ RunTime:0.000701s ]
INFO: [ app_begin ] --END-- [ RunTime:0.000755s ]
INFO: [ app_end ] --START--
INFO: Run Behavior\ShowPageTraceBehavior [ RunTime:0.000654s ]
INFO: [ app_end ] --END-- [ RunTime:0.000711s ]

[ 2016-11-03T14:16:42+08:00 ] ::1 /ot/seqdb.php?s=/Library/test
INFO: [ app_init ] --START--
INFO: Run Behavior\BuildLiteBehavior [ RunTime:0.000034s ]
INFO: Run Common\Behavior\InitHookBehavior [ RunTime:0.002900s ]
INFO: [ app_init ] --END-- [ RunTime:0.003797s ]
INFO: [ app_begin ] --START--
INFO: Run Behavior\ReadHtmlCacheBehavior [ RunTime:0.000831s ]
INFO: [ app_begin ] --END-- [ RunTime:0.000897s ]
NOTIC: [8] Use of undefined constant test - assumed 'test' D:\phpStudy\WWW\ot\Application\Seqdb\Controller\LibraryController.class.php 第 27 行.
INFO: [ view_parse ] --START--
INFO: [ template_filter ] --START--
INFO: Run Behavior\ContentReplaceBehavior [ RunTime:0.000045s ]
INFO: [ template_filter ] --END-- [ RunTime:0.000107s ]
INFO: Run Behavior\ParseTemplateBehavior [ RunTime:0.006248s ]
INFO: [ view_parse ] --END-- [ RunTime:0.006307s ]
INFO: [ view_filter ] --START--
INFO: Run Behavior\WriteHtmlCacheBehavior [ RunTime:0.000666s ]
INFO: [ view_filter ] --END-- [ RunTime:0.000709s ]
INFO: [ app_end ] --START--
INFO: Run Behavior\ShowPageTraceBehavior [ RunTime:0.000862s ]
INFO: [ app_end ] --END-- [ RunTime:0.000924s ]

[ 2016-11-03T14:16:44+08:00 ] ::1 /ot/seqdb.php?s=/Library/test
INFO: [ app_init ] --START--
INFO: Run Behavior\BuildLiteBehavior [ RunTime:0.000013s ]
INFO: Run Common\Behavior\InitHookBehavior [ RunTime:0.002754s ]
INFO: [ app_init ] --END-- [ RunTime:0.003356s ]
INFO: [ app_begin ] --START--
INFO: Run Behavior\ReadHtmlCacheBehavior [ RunTime:0.001085s ]
INFO: [ app_begin ] --END-- [ RunTime:0.001220s ]
INFO: [ app_end ] --START--
INFO: Run Behavior\ShowPageTraceBehavior [ RunTime:0.000706s ]
INFO: [ app_end ] --END-- [ RunTime:0.000775s ]

[ 2016-11-03T14:22:18+08:00 ] ::1 /ot/seqdb.php?s=/Library/test
INFO: [ app_init ] --START--
INFO: Run Behavior\BuildLiteBehavior [ RunTime:0.000012s ]
INFO: Run Common\Behavior\InitHookBehavior [ RunTime:0.002802s ]
INFO: [ app_init ] --END-- [ RunTime:0.003374s ]
INFO: [ app_begin ] --START--
INFO: Run Behavior\ReadHtmlCacheBehavior [ RunTime:0.000694s ]
INFO: [ app_begin ] --END-- [ RunTime:0.000744s ]
NOTIC: [8] Use of undefined constant test - assumed 'test' D:\phpStudy\WWW\ot\Application\Seqdb\Controller\LibraryController.class.php 第 31 行.
INFO: [ view_parse ] --START--
INFO: [ template_filter ] --START--
INFO: Run Behavior\ContentReplaceBehavior [ RunTime:0.000040s ]
INFO: [ template_filter ] --END-- [ RunTime:0.000082s ]
INFO: Run Behavior\ParseTemplateBehavior [ RunTime:0.005651s ]
INFO: [ view_parse ] --END-- [ RunTime:0.005715s ]
INFO: [ view_filter ] --START--
INFO: Run Behavior\WriteHtmlCacheBehavior [ RunTime:0.000839s ]
INFO: [ view_filter ] --END-- [ RunTime:0.000956s ]
INFO: [ app_end ] --START--
INFO: Run Behavior\ShowPageTraceBehavior [ RunTime:0.000774s ]
INFO: [ app_end ] --END-- [ RunTime:0.000825s ]

[ 2016-11-03T14:22:22+08:00 ] ::1 /ot/seqdb.php?s=/Library/test
INFO: [ app_init ] --START--
INFO: Run Behavior\BuildLiteBehavior [ RunTime:0.000013s ]
INFO: Run Common\Behavior\InitHookBehavior [ RunTime:0.002530s ]
INFO: [ app_init ] --END-- [ RunTime:0.003052s ]
INFO: [ app_begin ] --START--
INFO: Run Behavior\ReadHtmlCacheBehavior [ RunTime:0.000657s ]
INFO: [ app_begin ] --END-- [ RunTime:0.000704s ]
NOTIC: [8] Undefined index: seslct D:\phpStudy\WWW\ot\Application\Seqdb\Controller\LibraryController.class.php 第 22 行.
NOTIC: [2] Invalid argument supplied for foreach() D:\phpStudy\WWW\ot\Application\Seqdb\Controller\LibraryController.class.php 第 22 行.
INFO: [ app_end ] --START--
INFO: Run Behavior\ShowPageTraceBehavior [ RunTime:0.000765s ]
INFO: [ app_end ] --END-- [ RunTime:0.000813s ]

[ 2016-11-03T14:22:46+08:00 ] ::1 /ot/seqdb.php?s=/Library/test
INFO: [ app_init ] --START--
INFO: Run Behavior\BuildLiteBehavior [ RunTime:0.000013s ]
INFO: Run Common\Behavior\InitHookBehavior [ RunTime:0.002662s ]
INFO: [ app_init ] --END-- [ RunTime:0.003131s ]
INFO: [ app_begin ] --START--
INFO: Run Behavior\ReadHtmlCacheBehavior [ RunTime:0.000676s ]
INFO: [ app_begin ] --END-- [ RunTime:0.000725s ]
NOTIC: [8] Use of undefined constant test - assumed 'test' D:\phpStudy\WWW\ot\Application\Seqdb\Controller\LibraryController.class.php 第 31 行.
INFO: [ view_parse ] --START--
INFO: [ template_filter ] --START--
INFO: Run Behavior\ContentReplaceBehavior [ RunTime:0.000053s ]
INFO: [ template_filter ] --END-- [ RunTime:0.000119s ]
INFO: Run Behavior\ParseTemplateBehavior [ RunTime:0.006234s ]
INFO: [ view_parse ] --END-- [ RunTime:0.006311s ]
INFO: [ view_filter ] --START--
INFO: Run Behavior\WriteHtmlCacheBehavior [ RunTime:0.000544s ]
INFO: [ view_filter ] --END-- [ RunTime:0.000578s ]
INFO: [ app_end ] --START--
INFO: Run Behavior\ShowPageTraceBehavior [ RunTime:0.000670s ]
INFO: [ app_end ] --END-- [ RunTime:0.000705s ]

[ 2016-11-03T14:22:49+08:00 ] ::1 /ot/seqdb.php?s=/Library/test
INFO: [ app_init ] --START--
INFO: Run Behavior\BuildLiteBehavior [ RunTime:0.000013s ]
INFO: Run Common\Behavior\InitHookBehavior [ RunTime:0.002878s ]
INFO: [ app_init ] --END-- [ RunTime:0.003468s ]
INFO: [ app_begin ] --START--
INFO: Run Behavior\ReadHtmlCacheBehavior [ RunTime:0.000779s ]
INFO: [ app_begin ] --END-- [ RunTime:0.000837s ]
INFO: [ app_end ] --START--
INFO: Run Behavior\ShowPageTraceBehavior [ RunTime:0.000778s ]
INFO: [ app_end ] --END-- [ RunTime:0.000839s ]

[ 2016-11-03T14:27:22+08:00 ] ::1 /ot/seqdb.php?s=/Library/test
INFO: [ app_init ] --START--
INFO: Run Behavior\BuildLiteBehavior [ RunTime:0.000011s ]
INFO: Run Common\Behavior\InitHookBehavior [ RunTime:0.003602s ]
INFO: [ app_init ] --END-- [ RunTime:0.004127s ]
INFO: [ app_begin ] --START--
INFO: Run Behavior\ReadHtmlCacheBehavior [ RunTime:0.000740s ]
INFO: [ app_begin ] --END-- [ RunTime:0.000794s ]
NOTIC: [8] Use of undefined constant test - assumed 'test' D:\phpStudy\WWW\ot\Application\Seqdb\Controller\LibraryController.class.php 第 31 行.
INFO: [ view_parse ] --START--
INFO: [ template_filter ] --START--
INFO: Run Behavior\ContentReplaceBehavior [ RunTime:0.000038s ]
INFO: [ template_filter ] --END-- [ RunTime:0.000077s ]
INFO: Run Behavior\ParseTemplateBehavior [ RunTime:0.005720s ]
INFO: [ view_parse ] --END-- [ RunTime:0.005785s ]
INFO: [ view_filter ] --START--
INFO: Run Behavior\WriteHtmlCacheBehavior [ RunTime:0.000552s ]
INFO: [ view_filter ] --END-- [ RunTime:0.000585s ]
INFO: [ app_end ] --START--
INFO: Run Behavior\ShowPageTraceBehavior [ RunTime:0.000670s ]
INFO: [ app_end ] --END-- [ RunTime:0.000706s ]

[ 2016-11-03T14:27:26+08:00 ] ::1 /ot/seqdb.php?s=/Library/test
INFO: [ app_init ] --START--
INFO: Run Behavior\BuildLiteBehavior [ RunTime:0.000015s ]
INFO: Run Common\Behavior\InitHookBehavior [ RunTime:0.002903s ]
INFO: [ app_init ] --END-- [ RunTime:0.003601s ]
INFO: [ app_begin ] --START--
INFO: Run Behavior\ReadHtmlCacheBehavior [ RunTime:0.000905s ]
INFO: [ app_begin ] --END-- [ RunTime:0.000978s ]
INFO: [ app_end ] --START--
INFO: Run Behavior\ShowPageTraceBehavior [ RunTime:0.000974s ]
INFO: [ app_end ] --END-- [ RunTime:0.001059s ]

[ 2016-11-03T14:27:44+08:00 ] ::1 /ot/seqdb.php?s=/Library/test
INFO: [ app_init ] --START--
INFO: Run Behavior\BuildLiteBehavior [ RunTime:0.000017s ]
INFO: Run Common\Behavior\InitHookBehavior [ RunTime:0.004390s ]
INFO: [ app_init ] --END-- [ RunTime:0.004979s ]
INFO: [ app_begin ] --START--
INFO: Run Behavior\ReadHtmlCacheBehavior [ RunTime:0.000711s ]
INFO: [ app_begin ] --END-- [ RunTime:0.000767s ]
NOTIC: [8] Use of undefined constant test - assumed 'test' D:\phpStudy\WWW\ot\Application\Seqdb\Controller\LibraryController.class.php 第 31 行.
INFO: [ view_parse ] --START--
INFO: [ template_filter ] --START--
INFO: Run Behavior\ContentReplaceBehavior [ RunTime:0.000038s ]
INFO: [ template_filter ] --END-- [ RunTime:0.000081s ]
INFO: Run Behavior\ParseTemplateBehavior [ RunTime:0.005486s ]
INFO: [ view_parse ] --END-- [ RunTime:0.005555s ]
INFO: [ view_filter ] --START--
INFO: Run Behavior\WriteHtmlCacheBehavior [ RunTime:0.000606s ]
INFO: [ view_filter ] --END-- [ RunTime:0.000650s ]
INFO: [ app_end ] --START--
INFO: Run Behavior\ShowPageTraceBehavior [ RunTime:0.000782s ]
INFO: [ app_end ] --END-- [ RunTime:0.000825s ]

[ 2016-11-03T14:27:49+08:00 ] ::1 /ot/seqdb.php?s=/Library/test
INFO: [ app_init ] --START--
INFO: Run Behavior\BuildLiteBehavior [ RunTime:0.000013s ]
INFO: Run Common\Behavior\InitHookBehavior [ RunTime:0.002434s ]
INFO: [ app_init ] --END-- [ RunTime:0.002974s ]
INFO: [ app_begin ] --START--
INFO: Run Behavior\ReadHtmlCacheBehavior [ RunTime:0.000779s ]
INFO: [ app_begin ] --END-- [ RunTime:0.000846s ]
INFO: [ app_end ] --START--
INFO: Run Behavior\ShowPageTraceBehavior [ RunTime:0.000693s ]
INFO: [ app_end ] --END-- [ RunTime:0.000749s ]

[ 2016-11-03T15:08:18+08:00 ] ::1 /ot/seqdb.php?s=/Library/test
INFO: [ app_init ] --START--
INFO: Run Behavior\BuildLiteBehavior [ RunTime:0.000012s ]
INFO: Run Common\Behavior\InitHookBehavior [ RunTime:0.002850s ]
INFO: [ app_init ] --END-- [ RunTime:0.003385s ]
INFO: [ app_begin ] --START--
INFO: Run Behavior\ReadHtmlCacheBehavior [ RunTime:0.000700s ]
INFO: [ app_begin ] --END-- [ RunTime:0.000750s ]
NOTIC: [8] Use of undefined constant test - assumed 'test' D:\phpStudy\WWW\ot\Application\Seqdb\Controller\LibraryController.class.php 第 33 行.
INFO: [ view_parse ] --START--
INFO: [ template_filter ] --START--
INFO: Run Behavior\ContentReplaceBehavior [ RunTime:0.000041s ]
INFO: [ template_filter ] --END-- [ RunTime:0.000087s ]
INFO: Run Behavior\ParseTemplateBehavior [ RunTime:0.006312s ]
INFO: [ view_parse ] --END-- [ RunTime:0.006373s ]
INFO: [ view_filter ] --START--
INFO: Run Behavior\WriteHtmlCacheBehavior [ RunTime:0.000569s ]
INFO: [ view_filter ] --END-- [ RunTime:0.000606s ]
INFO: [ app_end ] --START--
INFO: Run Behavior\ShowPageTraceBehavior [ RunTime:0.000690s ]
INFO: [ app_end ] --END-- [ RunTime:0.000724s ]

[ 2016-11-03T15:08:21+08:00 ] ::1 /ot/seqdb.php?s=/Library/test
INFO: [ app_init ] --START--
INFO: Run Behavior\BuildLiteBehavior [ RunTime:0.000013s ]
INFO: Run Common\Behavior\InitHookBehavior [ RunTime:0.002908s ]
INFO: [ app_init ] --END-- [ RunTime:0.003467s ]
INFO: [ app_begin ] --START--
INFO: Run Behavior\ReadHtmlCacheBehavior [ RunTime:0.000905s ]
INFO: [ app_begin ] --END-- [ RunTime:0.000975s ]
INFO: [ app_end ] --START--
INFO: Run Behavior\ShowPageTraceBehavior [ RunTime:0.000708s ]
INFO: [ app_end ] --END-- [ RunTime:0.000775s ]

[ 2016-11-03T15:09:10+08:00 ] ::1 /ot/seqdb.php?s=/Library/test
INFO: [ app_init ] --START--
INFO: Run Behavior\BuildLiteBehavior [ RunTime:0.000020s ]
INFO: Run Common\Behavior\InitHookBehavior [ RunTime:0.003719s ]
INFO: [ app_init ] --END-- [ RunTime:0.004431s ]
INFO: [ app_begin ] --START--
INFO: Run Behavior\ReadHtmlCacheBehavior [ RunTime:0.000761s ]
INFO: [ app_begin ] --END-- [ RunTime:0.000824s ]
NOTIC: [8] Use of undefined constant test - assumed 'test' D:\phpStudy\WWW\ot\Application\Seqdb\Controller\LibraryController.class.php 第 33 行.
INFO: [ view_parse ] --START--
INFO: [ template_filter ] --START--
INFO: Run Behavior\ContentReplaceBehavior [ RunTime:0.000041s ]
INFO: [ template_filter ] --END-- [ RunTime:0.000089s ]
INFO: Run Behavior\ParseTemplateBehavior [ RunTime:0.006123s ]
INFO: [ view_parse ] --END-- [ RunTime:0.006173s ]
INFO: [ view_filter ] --START--
INFO: Run Behavior\WriteHtmlCacheBehavior [ RunTime:0.000539s ]
INFO: [ view_filter ] --END-- [ RunTime:0.000575s ]
INFO: [ app_end ] --START--
INFO: Run Behavior\ShowPageTraceBehavior [ RunTime:0.000668s ]
INFO: [ app_end ] --END-- [ RunTime:0.000704s ]

[ 2016-11-03T15:09:11+08:00 ] ::1 /ot/seqdb.php?s=/Library/test
INFO: [ app_init ] --START--
INFO: Run Behavior\BuildLiteBehavior [ RunTime:0.000014s ]
INFO: Run Common\Behavior\InitHookBehavior [ RunTime:0.004343s ]
INFO: [ app_init ] --END-- [ RunTime:0.004875s ]
INFO: [ app_begin ] --START--
INFO: Run Behavior\ReadHtmlCacheBehavior [ RunTime:0.001786s ]
INFO: [ app_begin ] --END-- [ RunTime:0.001893s ]
INFO: [ app_end ] --START--
INFO: Run Behavior\ShowPageTraceBehavior [ RunTime:0.000916s ]
INFO: [ app_end ] --END-- [ RunTime:0.000991s ]

[ 2016-11-03T15:09:56+08:00 ] ::1 /ot/seqdb.php?s=/Library/test
INFO: [ app_init ] --START--
INFO: Run Behavior\BuildLiteBehavior [ RunTime:0.000012s ]
INFO: Run Common\Behavior\InitHookBehavior [ RunTime:0.002832s ]
INFO: [ app_init ] --END-- [ RunTime:0.003357s ]
INFO: [ app_begin ] --START--
INFO: Run Behavior\ReadHtmlCacheBehavior [ RunTime:0.000688s ]
INFO: [ app_begin ] --END-- [ RunTime:0.000733s ]
NOTIC: [8] Use of undefined constant test - assumed 'test' D:\phpStudy\WWW\ot\Application\Seqdb\Controller\LibraryController.class.php 第 28 行.
INFO: [ view_parse ] --START--
INFO: [ template_filter ] --START--
INFO: Run Behavior\ContentReplaceBehavior [ RunTime:0.000040s ]
INFO: [ template_filter ] --END-- [ RunTime:0.000086s ]
INFO: Run Behavior\ParseTemplateBehavior [ RunTime:0.005653s ]
INFO: [ view_parse ] --END-- [ RunTime:0.005782s ]
INFO: [ view_filter ] --START--
INFO: Run Behavior\WriteHtmlCacheBehavior [ RunTime:0.000579s ]
INFO: [ view_filter ] --END-- [ RunTime:0.000613s ]
INFO: [ app_end ] --START--
INFO: Run Behavior\ShowPageTraceBehavior [ RunTime:0.000728s ]
INFO: [ app_end ] --END-- [ RunTime:0.000763s ]

[ 2016-11-03T15:09:58+08:00 ] ::1 /ot/seqdb.php?s=/Library/test
INFO: [ app_init ] --START--
INFO: Run Behavior\BuildLiteBehavior [ RunTime:0.000014s ]
INFO: Run Common\Behavior\InitHookBehavior [ RunTime:0.002995s ]
INFO: [ app_init ] --END-- [ RunTime:0.003635s ]
INFO: [ app_begin ] --START--
INFO: Run Behavior\ReadHtmlCacheBehavior [ RunTime:0.000918s ]
INFO: [ app_begin ] --END-- [ RunTime:0.000985s ]
INFO: [ app_end ] --START--
INFO: Run Behavior\ShowPageTraceBehavior [ RunTime:0.000819s ]
INFO: [ app_end ] --END-- [ RunTime:0.000878s ]

[ 2016-11-03T15:12:43+08:00 ] ::1 /ot/seqdb.php?s=/Library/test
INFO: [ app_init ] --START--
INFO: Run Behavior\BuildLiteBehavior [ RunTime:0.000013s ]
INFO: Run Common\Behavior\InitHookBehavior [ RunTime:0.003751s ]
INFO: [ app_init ] --END-- [ RunTime:0.004387s ]
INFO: [ app_begin ] --START--
INFO: Run Behavior\ReadHtmlCacheBehavior [ RunTime:0.000800s ]
INFO: [ app_begin ] --END-- [ RunTime:0.000866s ]
INFO: [ app_end ] --START--
INFO: Run Behavior\ShowPageTraceBehavior [ RunTime:0.000800s ]
INFO: [ app_end ] --END-- [ RunTime:0.000858s ]

[ 2016-11-03T15:18:32+08:00 ] ::1 /ot/seqdb.php?s=/Library/test
INFO: [ app_init ] --START--
INFO: Run Behavior\BuildLiteBehavior [ RunTime:0.000012s ]
INFO: Run Common\Behavior\InitHookBehavior [ RunTime:0.002604s ]
INFO: [ app_init ] --END-- [ RunTime:0.003138s ]
INFO: [ app_begin ] --START--
INFO: Run Behavior\ReadHtmlCacheBehavior [ RunTime:0.000744s ]
INFO: [ app_begin ] --END-- [ RunTime:0.000788s ]
NOTIC: [8] Use of undefined constant test - assumed 'test' D:\phpStudy\WWW\ot\Application\Seqdb\Controller\LibraryController.class.php 第 35 行.
INFO: [ view_parse ] --START--
INFO: [ template_filter ] --START--
INFO: Run Behavior\ContentReplaceBehavior [ RunTime:0.000040s ]
INFO: [ template_filter ] --END-- [ RunTime:0.000084s ]
INFO: Run Behavior\ParseTemplateBehavior [ RunTime:0.005924s ]
INFO: [ view_parse ] --END-- [ RunTime:0.005972s ]
INFO: [ view_filter ] --START--
INFO: Run Behavior\WriteHtmlCacheBehavior [ RunTime:0.000702s ]
INFO: [ view_filter ] --END-- [ RunTime:0.000746s ]
INFO: [ app_end ] --START--
INFO: Run Behavior\ShowPageTraceBehavior [ RunTime:0.001086s ]
INFO: [ app_end ] --END-- [ RunTime:0.001160s ]

[ 2016-11-03T15:18:34+08:00 ] ::1 /ot/seqdb.php?s=/Library/test
INFO: [ app_init ] --START--
INFO: Run Behavior\BuildLiteBehavior [ RunTime:0.000013s ]
INFO: Run Common\Behavior\InitHookBehavior [ RunTime:0.002903s ]
INFO: [ app_init ] --END-- [ RunTime:0.003505s ]
INFO: [ app_begin ] --START--
INFO: Run Behavior\ReadHtmlCacheBehavior [ RunTime:0.001205s ]
INFO: [ app_begin ] --END-- [ RunTime:0.001286s ]
INFO: [ app_end ] --START--
INFO: Run Behavior\ShowPageTraceBehavior [ RunTime:0.000893s ]
INFO: [ app_end ] --END-- [ RunTime:0.000953s ]

[ 2016-11-03T16:32:48+08:00 ] ::1 /ot/seqdb.php?s=/Sample/index.html
INFO: [ app_init ] --START--
INFO: Run Behavior\BuildLiteBehavior [ RunTime:0.000011s ]
INFO: Run Common\Behavior\InitHookBehavior [ RunTime:0.002362s ]
INFO: [ app_init ] --END-- [ RunTime:0.002967s ]
INFO: [ app_begin ] --START--
INFO: Run Behavior\ReadHtmlCacheBehavior [ RunTime:0.000643s ]
INFO: [ app_begin ] --END-- [ RunTime:0.000696s ]
SQL: SHOW COLUMNS FROM `onethink_menu` [ RunTime:0.0621s ]
SQL: SELECT `id`,`title`,`url` FROM `onethink_menu` WHERE `pid` = 0 AND `hide` = 0 ORDER BY `sort` asc  [ RunTime:0.0194s ]
SQL: SELECT `pid` FROM `onethink_menu` WHERE ( pid !=0 AND url like '%Sample/index%' ) LIMIT 1   [ RunTime:0.0014s ]
SQL: SHOW COLUMNS FROM `onethink_sample` [ RunTime:0.0195s ]
SQL: SELECT COUNT(*) AS tp_count FROM `onethink_sample` LIMIT 1   [ RunTime:0.0019s ]
SQL: SELECT * FROM `onethink_sample` ORDER BY `id` desc LIMIT 0,5   [ RunTime:0.0014s ]
INFO: [ view_parse ] --START--
INFO: [ template_filter ] --START--
INFO: Run Behavior\ContentReplaceBehavior [ RunTime:0.000084s ]
INFO: [ template_filter ] --END-- [ RunTime:0.000162s ]
INFO: Run Behavior\ParseTemplateBehavior [ RunTime:0.076182s ]
INFO: [ view_parse ] --END-- [ RunTime:0.076264s ]
INFO: [ view_filter ] --START--
INFO: Run Behavior\WriteHtmlCacheBehavior [ RunTime:0.001161s ]
INFO: [ view_filter ] --END-- [ RunTime:0.001227s ]
INFO: [ app_end ] --START--
INFO: Run Behavior\ShowPageTraceBehavior [ RunTime:0.001181s ]
INFO: [ app_end ] --END-- [ RunTime:0.001251s ]

[ 2016-11-03T21:40:23+08:00 ] ::1 /ot/seqdb.php?s=/Sample/index.html
INFO: [ app_init ] --START--
INFO: Run Behavior\BuildLiteBehavior [ RunTime:0.000015s ]
INFO: Run Common\Behavior\InitHookBehavior [ RunTime:0.030892s ]
INFO: [ app_init ] --END-- [ RunTime:0.031862s ]
INFO: [ app_begin ] --START--
INFO: Run Behavior\ReadHtmlCacheBehavior [ RunTime:0.002068s ]
INFO: [ app_begin ] --END-- [ RunTime:0.002177s ]
SQL: SHOW COLUMNS FROM `onethink_sample` [ RunTime:0.0249s ]
SQL: SELECT COUNT(*) AS tp_count FROM `onethink_sample` LIMIT 1   [ RunTime:0.0005s ]
SQL: SELECT * FROM `onethink_sample` ORDER BY `id` desc LIMIT 0,5   [ RunTime:0.0138s ]
INFO: [ view_parse ] --START--
INFO: [ template_filter ] --START--
INFO: Run Behavior\ContentReplaceBehavior [ RunTime:0.000057s ]
INFO: [ template_filter ] --END-- [ RunTime:0.000116s ]
INFO: Run Behavior\ParseTemplateBehavior [ RunTime:0.050827s ]
INFO: [ view_parse ] --END-- [ RunTime:0.050895s ]
INFO: [ view_filter ] --START--
INFO: Run Behavior\WriteHtmlCacheBehavior [ RunTime:0.001838s ]
INFO: [ view_filter ] --END-- [ RunTime:0.001908s ]
INFO: [ app_end ] --START--
INFO: Run Behavior\ShowPageTraceBehavior [ RunTime:0.001423s ]
INFO: [ app_end ] --END-- [ RunTime:0.001487s ]

