[ 2016-11-02T15:01:38+08:00 ] ::1 /ot/seqdb.php
INFO: [ app_init ] --START--
INFO: Run Behavior\BuildLiteBehavior [ RunTime:0.000013s ]
INFO: Run Common\Behavior\InitHookBehavior [ RunTime:0.028698s ]
INFO: [ app_init ] --END-- [ RunTime:0.029805s ]
INFO: [ app_begin ] --START--
INFO: Run Behavior\ReadHtmlCacheBehavior [ RunTime:0.001242s ]
INFO: [ app_begin ] --END-- [ RunTime:0.001303s ]
INFO: [ view_parse ] --START--
INFO: [ template_filter ] --START--
INFO: Run Behavior\ContentReplaceBehavior [ RunTime:0.000039s ]
INFO: [ template_filter ] --END-- [ RunTime:0.000085s ]
INFO: Run Behavior\ParseTemplateBehavior [ RunTime:0.055158s ]
INFO: [ view_parse ] --END-- [ RunTime:0.055208s ]
INFO: [ view_filter ] --START--
INFO: Run Behavior\WriteHtmlCacheBehavior [ RunTime:0.000831s ]
INFO: [ view_filter ] --END-- [ RunTime:0.000869s ]
INFO: [ app_end ] --START--
INFO: Run Behavior\ShowPageTraceBehavior [ RunTime:0.000970s ]
INFO: [ app_end ] --END-- [ RunTime:0.001008s ]

[ 2016-11-02T15:01:57+08:00 ] ::1 /ot/seqdb.php?s=/seq/update/
INFO: [ app_init ] --START--
INFO: Run Behavior\BuildLiteBehavior [ RunTime:0.000012s ]
INFO: Run Common\Behavior\InitHookBehavior [ RunTime:0.001904s ]
INFO: [ app_init ] --END-- [ RunTime:0.002322s ]
INFO: [ app_begin ] --START--
INFO: Run Behavior\ReadHtmlCacheBehavior [ RunTime:0.000561s ]
INFO: [ app_begin ] --END-- [ RunTime:0.000615s ]
SQL: SHOW COLUMNS FROM `onethink_sample` [ RunTime:0.0179s ]
SQL: SELECT * FROM `onethink_sample` WHERE `id` = 0  [ RunTime:0.0005s ]
NOTIC: [8] Undefined offset: 0 D:\phpStudy\WWW\ot\Application\Seqdb\Controller\SeqController.class.php 第 66 行.
NOTIC: [8] Use of undefined constant update - assumed 'update' D:\phpStudy\WWW\ot\Application\Seqdb\Controller\SeqController.class.php 第 67 行.
ERR: 模板不存在:./Application/Seqdb/View/Seq/update.html

[ 2016-11-02T15:02:04+08:00 ] ::1 /ot/seqdb.php?s=/seq/index.html
INFO: [ app_init ] --START--
INFO: Run Behavior\BuildLiteBehavior [ RunTime:0.000011s ]
INFO: Run Common\Behavior\InitHookBehavior [ RunTime:0.003346s ]
INFO: [ app_init ] --END-- [ RunTime:0.003800s ]
INFO: [ app_begin ] --START--
INFO: Run Behavior\ReadHtmlCacheBehavior [ RunTime:0.000728s ]
INFO: [ app_begin ] --END-- [ RunTime:0.000799s ]
INFO: [ app_end ] --START--
INFO: Run Behavior\ShowPageTraceBehavior [ RunTime:0.000691s ]
INFO: [ app_end ] --END-- [ RunTime:0.000745s ]

[ 2016-11-02T15:06:18+08:00 ] ::1 /ot/seqdb.php?s=/AuthManager/test
INFO: [ app_init ] --START--
INFO: Run Behavior\BuildLiteBehavior [ RunTime:0.000019s ]
INFO: Run Common\Behavior\InitHookBehavior [ RunTime:0.003670s ]
INFO: [ app_init ] --END-- [ RunTime:0.004280s ]
INFO: [ app_begin ] --START--
INFO: Run Behavior\ReadHtmlCacheBehavior [ RunTime:0.000911s ]
INFO: [ app_begin ] --END-- [ RunTime:0.000990s ]
SQL: SHOW COLUMNS FROM `onethink_menu` [ RunTime:0.0210s ]
SQL: SELECT `id`,`title`,`url` FROM `onethink_menu` WHERE `pid` = 0 AND `hide` = 0 ORDER BY `sort` asc  [ RunTime:0.0167s ]
SQL: SELECT `pid` FROM `onethink_menu` WHERE ( pid !=0 AND url like '%AuthManager/test%' ) LIMIT 1   [ RunTime:0.0013s ]
INFO: [ app_end ] --START--
INFO: Run Behavior\ShowPageTraceBehavior [ RunTime:0.000898s ]
INFO: [ app_end ] --END-- [ RunTime:0.000979s ]

[ 2016-11-02T15:23:58+08:00 ] ::1 /ot/seqdb.php?s=/AuthManager/test
INFO: [ app_init ] --START--
INFO: Run Behavior\BuildLiteBehavior [ RunTime:0.000011s ]
INFO: Run Common\Behavior\InitHookBehavior [ RunTime:0.003357s ]
INFO: [ app_init ] --END-- [ RunTime:0.003809s ]
INFO: [ app_begin ] --START--
INFO: Run Behavior\ReadHtmlCacheBehavior [ RunTime:0.000684s ]
INFO: [ app_begin ] --END-- [ RunTime:0.000735s ]
INFO: [ app_end ] --START--
INFO: Run Behavior\ShowPageTraceBehavior [ RunTime:0.000661s ]
INFO: [ app_end ] --END-- [ RunTime:0.000713s ]

[ 2016-11-02T15:27:02+08:00 ] ::1 /ot/seqdb.php
INFO: [ app_init ] --START--
INFO: Run Behavior\BuildLiteBehavior [ RunTime:0.000018s ]
INFO: Run Common\Behavior\InitHookBehavior [ RunTime:0.003181s ]
INFO: [ app_init ] --END-- [ RunTime:0.003808s ]
INFO: [ app_begin ] --START--
INFO: Run Behavior\ReadHtmlCacheBehavior [ RunTime:0.001043s ]
INFO: [ app_begin ] --END-- [ RunTime:0.001116s ]
INFO: [ view_parse ] --START--
INFO: [ template_filter ] --START--
INFO: Run Behavior\ContentReplaceBehavior [ RunTime:0.000058s ]
INFO: [ template_filter ] --END-- [ RunTime:0.000127s ]
INFO: Run Behavior\ParseTemplateBehavior [ RunTime:0.009157s ]
INFO: [ view_parse ] --END-- [ RunTime:0.009227s ]
INFO: [ view_filter ] --START--
INFO: Run Behavior\WriteHtmlCacheBehavior [ RunTime:0.000706s ]
INFO: [ view_filter ] --END-- [ RunTime:0.000756s ]
INFO: [ app_end ] --START--
INFO: Run Behavior\ShowPageTraceBehavior [ RunTime:0.000942s ]
INFO: [ app_end ] --END-- [ RunTime:0.000998s ]

